# JRE version: Java(TM) SE Runtime Environment (8.0_65-b17) (build 1.8.0_65-b17)
# Java VM: Java HotSpot(TM) 64-Bit Server VM (25.65-b01 mixed mode windows-amd64 compressed oops)
Heap:
 PSYoungGen      total 289280K, used 46152K [0x00000000d6580000, 0x00000000fd280000, 0x0000000100000000)
  eden space 288256K, 15% used [0x00000000d6580000,0x00000000d928a3b0,0x00000000e7f00000)
  from space 1024K, 3% used [0x00000000fd080000,0x00000000fd088000,0x00000000fd180000)
  to   space 1024K, 0% used [0x00000000fd180000,0x00000000fd180000,0x00000000fd280000)
 ParOldGen       total 86016K, used 5242K [0x0000000083000000, 0x0000000088400000, 0x00000000d6580000)
  object space 86016K, 6% used [0x0000000083000000,0x000000008351e9c8,0x0000000088400000)
 Metaspace       used 10435K, capacity 10999K, committed 11264K, reserved 1058816K
  class space    used 1092K, capacity 1230K, committed 1280K, reserved 1048576K
GC Heap History (10 events):
Event: 8.405 GC heap before
{Heap before GC invocations=41 (full 0):
 PSYoungGen      total 220672K, used 220192K [0x00000000d6580000, 0x00000000fd480000, 0x0000000100000000)
  eden space 220160K, 100% used [0x00000000d6580000,0x00000000e3c80000,0x00000000e3c80000)
  from space 512K, 6% used [0x00000000fd400000,0x00000000fd408000,0x00000000fd480000)
  to   space 1536K, 0% used [0x00000000fd180000,0x00000000fd180000,0x00000000fd300000)
 ParOldGen       total 86016K, used 5242K [0x0000000083000000, 0x0000000088400000, 0x00000000d6580000)
  object space 86016K, 6% used [0x0000000083000000,0x000000008351e9c8,0x0000000088400000)
 Metaspace       used 10428K, capacity 10991K, committed 11264K, reserved 1058816K
  class space    used 1091K, capacity 1228K, committed 1280K, reserved 1048576K
Event: 8.406 GC heap after
Heap after GC invocations=41 (full 0):
 PSYoungGen      total 212480K, used 64K [0x00000000d6580000, 0x00000000fd480000, 0x0000000100000000)
  eden space 210944K, 0% used [0x00000000d6580000,0x00000000d6580000,0x00000000e3380000)
  from space 1536K, 4% used [0x00000000fd180000,0x00000000fd190000,0x00000000fd300000)
  to   space 1536K, 0% used [0x00000000fd300000,0x00000000fd300000,0x00000000fd480000)
 ParOldGen       total 86016K, used 5242K [0x0000000083000000, 0x0000000088400000, 0x00000000d6580000)
  object space 86016K, 6% used [0x0000000083000000,0x000000008351e9c8,0x0000000088400000)
 Metaspace       used 10428K, capacity 10991K, committed 11264K, reserved 1058816K
  class space    used 1091K, capacity 1228K, committed 1280K, reserved 1048576K
}
Event: 8.444 GC heap before
{Heap before GC invocations=42 (full 0):
 PSYoungGen      total 212480K, used 211008K [0x00000000d6580000, 0x00000000fd480000, 0x0000000100000000)
  eden space 210944K, 100% used [0x00000000d6580000,0x00000000e3380000,0x00000000e3380000)
  from space 1536K, 4% used [0x00000000fd180000,0x00000000fd190000,0x00000000fd300000)
  to   space 1536K, 0% used [0x00000000fd300000,0x00000000fd300000,0x00000000fd480000)
 ParOldGen       total 86016K, used 5242K [0x0000000083000000, 0x0000000088400000, 0x00000000d6580000)
  object space 86016K, 6% used [0x0000000083000000,0x000000008351e9c8,0x0000000088400000)
 Metaspace       used 10428K, capacity 10991K, committed 11264K, reserved 1058816K
  class space    used 1091K, capacity 1228K, committed 1280K, reserved 1048576K
Event: 8.445 GC heap after
Heap after GC invocations=42 (full 0):
 PSYoungGen      total 202752K, used 32K [0x00000000d6580000, 0x00000000fd380000, 0x0000000100000000)
  eden space 202240K, 0% used [0x00000000d6580000,0x00000000d6580000,0x00000000e2b00000)
  from space 512K, 6% used [0x00000000fd300000,0x00000000fd308000,0x00000000fd380000)
  to   space 1536K, 0% used [0x00000000fd080000,0x00000000fd080000,0x00000000fd200000)
 ParOldGen       total 86016K, used 5242K [0x0000000083000000, 0x0000000088400000, 0x00000000d6580000)
  object space 86016K, 6% used [0x0000000083000000,0x000000008351e9c8,0x0000000088400000)
 Metaspace       used 10428K, capacity 10991K, committed 11264K, reserved 1058816K
  class space    used 1091K, capacity 1228K, committed 1280K, reserved 1048576K
}
Event: 8.485 GC heap before
{Heap before GC invocations=43 (full 0):
 PSYoungGen      total 202752K, used 202272K [0x00000000d6580000, 0x00000000fd380000, 0x0000000100000000)
  eden space 202240K, 100% used [0x00000000d6580000,0x00000000e2b00000,0x00000000e2b00000)
  from space 512K, 6% used [0x00000000fd300000,0x00000000fd308000,0x00000000fd380000)
  to   space 1536K, 0% used [0x00000000fd080000,0x00000000fd080000,0x00000000fd200000)
 ParOldGen       total 86016K, used 5242K [0x0000000083000000, 0x0000000088400000, 0x00000000d6580000)
  object space 86016K, 6% used [0x0000000083000000,0x000000008351e9c8,0x0000000088400000)
 Metaspace       used 10428K, capacity 10991K, committed 11264K, reserved 1058816K
  class space    used 1091K, capacity 1228K, committed 1280K, reserved 1048576K
Event: 8.485 GC heap after
Heap after GC invocations=43 (full 0):
 PSYoungGen      total 248320K, used 32K [0x00000000d6580000, 0x00000000fd380000, 0x0000000100000000)
  eden space 246784K, 0% used [0x00000000d6580000,0x00000000d6580000,0x00000000e5680000)
  from space 1536K, 2% used [0x00000000fd080000,0x00000000fd088000,0x00000000fd200000)
  to   space 1536K, 0% used [0x00000000fd200000,0x00000000fd200000,0x00000000fd380000)
 ParOldGen       total 86016K, used 5242K [0x0000000083000000, 0x0000000088400000, 0x00000000d6580000)
  object space 86016K, 6% used [0x0000000083000000,0x000000008351e9c8,0x0000000088400000)
 Metaspace       used 10428K, capacity 10991K, committed 11264K, reserved 1058816K
  class space    used 1091K, capacity 1228K, committed 1280K, reserved 1048576K
}
Event: 8.530 GC heap before
{Heap before GC invocations=44 (full 0):
 PSYoungGen      total 248320K, used 246816K [0x00000000d6580000, 0x00000000fd380000, 0x0000000100000000)
  eden space 246784K, 100% used [0x00000000d6580000,0x00000000e5680000,0x00000000e5680000)
  from space 1536K, 2% used [0x00000000fd080000,0x00000000fd088000,0x00000000fd200000)
  to   space 1536K, 0% used [0x00000000fd200000,0x00000000fd200000,0x00000000fd380000)
 ParOldGen       total 86016K, used 5242K [0x0000000083000000, 0x0000000088400000, 0x00000000d6580000)
  object space 86016K, 6% used [0x0000000083000000,0x000000008351e9c8,0x0000000088400000)
 Metaspace       used 10428K, capacity 10991K, committed 11264K, reserved 1058816K
  class space    used 1091K, capacity 1228K, committed 1280K, reserved 1048576K
Event: 8.530 GC heap after
Heap after GC invocations=44 (full 0):
 PSYoungGen      total 236544K, used 32K [0x00000000d6580000, 0x00000000fd280000, 0x0000000100000000)
  eden space 236032K, 0% used [0x00000000d6580000,0x00000000d6580000,0x00000000e4c00000)
  from space 512K, 6% used [0x00000000fd200000,0x00000000fd208000,0x00000000fd280000)
  to   space 1024K, 0% used [0x00000000fd080000,0x00000000fd080000,0x00000000fd180000)
 ParOldGen       total 86016K, used 5242K [0x0000000083000000, 0x0000000088400000, 0x00000000d6580000)
  object space 86016K, 6% used [0x0000000083000000,0x000000008351e9c8,0x0000000088400000)
 Metaspace       used 10428K, capacity 10991K, committed 11264K, reserved 1058816K
  class space    used 1091K, capacity 1228K, committed 1280K, reserved 1048576K
}
Event: 8.573 GC heap before
{Heap before GC invocations=45 (full 0):
 PSYoungGen      total 236544K, used 236064K [0x00000000d6580000, 0x00000000fd280000, 0x0000000100000000)
  eden space 236032K, 100% used [0x00000000d6580000,0x00000000e4c00000,0x00000000e4c00000)
  from space 512K, 6% used [0x00000000fd200000,0x00000000fd208000,0x00000000fd280000)
  to   space 1024K, 0% used [0x00000000fd080000,0x00000000fd080000,0x00000000fd180000)
 ParOldGen       total 86016K, used 5242K [0x0000000083000000, 0x0000000088400000, 0x00000000d6580000)
  object space 86016K, 6% used [0x0000000083000000,0x000000008351e9c8,0x0000000088400000)
 Metaspace       used 10428K, capacity 10991K, committed 11264K, reserved 1058816K
  class space    used 1091K, capacity 1228K, committed 1280K, reserved 1048576K
Event: 8.574 GC heap after
Heap after GC invocations=45 (full 0):
 PSYoungGen      total 289280K, used 32K [0x00000000d6580000, 0x00000000fd280000, 0x0000000100000000)
  eden space 288256K, 0% used [0x00000000d6580000,0x00000000d6580000,0x00000000e7f00000)
  from space 1024K, 3% used [0x00000000fd080000,0x00000000fd088000,0x00000000fd180000)
  to   space 1024K, 0% used [0x00000000fd180000,0x00000000fd180000,0x00000000fd280000)
 ParOldGen       total 86016K, used 5242K [0x0000000083000000, 0x0000000088400000, 0x00000000d6580000)
  object space 86016K, 6% used [0x0000000083000000,0x000000008351e9c8,0x0000000088400000)
 Metaspace       used 10428K, capacity 10991K, committed 11264K, reserved 1058816K
  class space    used 1091K, capacity 1228K, committed 1280K, reserved 1048576K
}

