# JRE version: Java(TM) SE Runtime Environment (8.0_65-b17) (build 1.8.0_65-b17)
# Java VM: Java HotSpot(TM) 64-Bit Server VM (25.65-b01 mixed mode windows-amd64 compressed oops)
Heap:
 PSYoungGen      total 245248K, used 97687K [0x00000000d6580000, 0x00000000fc080000, 0x0000000100000000)
  eden space 244736K, 39% used [0x00000000d6580000,0x00000000dc4cdc88,0x00000000e5480000)
  from space 512K, 18% used [0x00000000fc000000,0x00000000fc018000,0x00000000fc080000)
  to   space 4096K, 0% used [0x00000000fb880000,0x00000000fb880000,0x00000000fbc80000)
 ParOldGen       total 86016K, used 14547K [0x0000000083000000, 0x0000000088400000, 0x00000000d6580000)
  object space 86016K, 16% used [0x0000000083000000,0x0000000083e34c00,0x0000000088400000)
 Metaspace       used 10669K, capacity 11295K, committed 11520K, reserved 1058816K
  class space    used 1116K, capacity 1248K, committed 1280K, reserved 1048576K
GC Heap History (10 events):
Event: 7.050 GC heap before
{Heap before GC invocations=28 (full 0):
 PSYoungGen      total 312832K, used 306720K [0x00000000d6580000, 0x00000000fce00000, 0x0000000100000000)
  eden space 306688K, 100% used [0x00000000d6580000,0x00000000e9100000,0x00000000e9100000)
  from space 6144K, 0% used [0x00000000fc200000,0x00000000fc208000,0x00000000fc800000)
  to   space 5632K, 0% used [0x00000000fc880000,0x00000000fc880000,0x00000000fce00000)
 ParOldGen       total 86016K, used 14531K [0x0000000083000000, 0x0000000088400000, 0x00000000d6580000)
  object space 86016K, 16% used [0x0000000083000000,0x0000000083e30c00,0x0000000088400000)
 Metaspace       used 10439K, capacity 10995K, committed 11264K, reserved 1058816K
  class space    used 1093K, capacity 1232K, committed 1280K, reserved 1048576K
Event: 7.051 GC heap after
Heap after GC invocations=28 (full 0):
 PSYoungGen      total 293376K, used 32K [0x00000000d6580000, 0x00000000fc900000, 0x0000000100000000)
  eden space 292864K, 0% used [0x00000000d6580000,0x00000000d6580000,0x00000000e8380000)
  from space 512K, 6% used [0x00000000fc880000,0x00000000fc888000,0x00000000fc900000)
  to   space 5632K, 0% used [0x00000000fbe00000,0x00000000fbe00000,0x00000000fc380000)
 ParOldGen       total 86016K, used 14531K [0x0000000083000000, 0x0000000088400000, 0x00000000d6580000)
  object space 86016K, 16% used [0x0000000083000000,0x0000000083e30c00,0x0000000088400000)
 Metaspace       used 10439K, capacity 10995K, committed 11264K, reserved 1058816K
  class space    used 1093K, capacity 1232K, committed 1280K, reserved 1048576K
}
Event: 7.182 GC heap before
{Heap before GC invocations=29 (full 0):
 PSYoungGen      total 293376K, used 292896K [0x00000000d6580000, 0x00000000fc900000, 0x0000000100000000)
  eden space 292864K, 100% used [0x00000000d6580000,0x00000000e8380000,0x00000000e8380000)
  from space 512K, 6% used [0x00000000fc880000,0x00000000fc888000,0x00000000fc900000)
  to   space 5632K, 0% used [0x00000000fbe00000,0x00000000fbe00000,0x00000000fc380000)
 ParOldGen       total 86016K, used 14531K [0x0000000083000000, 0x0000000088400000, 0x00000000d6580000)
  object space 86016K, 16% used [0x0000000083000000,0x0000000083e30c00,0x0000000088400000)
 Metaspace       used 10439K, capacity 10995K, committed 11264K, reserved 1058816K
  class space    used 1093K, capacity 1232K, committed 1280K, reserved 1048576K
Event: 7.183 GC heap after
Heap after GC invocations=29 (full 0):
 PSYoungGen      total 285696K, used 64K [0x00000000d6580000, 0x00000000fc900000, 0x0000000100000000)
  eden space 280064K, 0% used [0x00000000d6580000,0x00000000d6580000,0x00000000e7700000)
  from space 5632K, 1% used [0x00000000fbe00000,0x00000000fbe10000,0x00000000fc380000)
  to   space 5120K, 0% used [0x00000000fc400000,0x00000000fc400000,0x00000000fc900000)
 ParOldGen       total 86016K, used 14531K [0x0000000083000000, 0x0000000088400000, 0x00000000d6580000)
  object space 86016K, 16% used [0x0000000083000000,0x0000000083e30c00,0x0000000088400000)
 Metaspace       used 10439K, capacity 10995K, committed 11264K, reserved 1058816K
  class space    used 1093K, capacity 1232K, committed 1280K, reserved 1048576K
}
Event: 7.309 GC heap before
{Heap before GC invocations=30 (full 0):
 PSYoungGen      total 285696K, used 280128K [0x00000000d6580000, 0x00000000fc900000, 0x0000000100000000)
  eden space 280064K, 100% used [0x00000000d6580000,0x00000000e7700000,0x00000000e7700000)
  from space 5632K, 1% used [0x00000000fbe00000,0x00000000fbe10000,0x00000000fc380000)
  to   space 5120K, 0% used [0x00000000fc400000,0x00000000fc400000,0x00000000fc900000)
 ParOldGen       total 86016K, used 14531K [0x0000000083000000, 0x0000000088400000, 0x00000000d6580000)
  object space 86016K, 16% used [0x0000000083000000,0x0000000083e30c00,0x0000000088400000)
 Metaspace       used 10439K, capacity 10995K, committed 11264K, reserved 1058816K
  class space    used 1093K, capacity 1232K, committed 1280K, reserved 1048576K
Event: 7.310 GC heap after
Heap after GC invocations=30 (full 0):
 PSYoungGen      total 268288K, used 32K [0x00000000d6580000, 0x00000000fc480000, 0x0000000100000000)
  eden space 267776K, 0% used [0x00000000d6580000,0x00000000d6580000,0x00000000e6b00000)
  from space 512K, 6% used [0x00000000fc400000,0x00000000fc408000,0x00000000fc480000)
  to   space 4608K, 0% used [0x00000000fbb80000,0x00000000fbb80000,0x00000000fc000000)
 ParOldGen       total 86016K, used 14531K [0x0000000083000000, 0x0000000088400000, 0x00000000d6580000)
  object space 86016K, 16% used [0x0000000083000000,0x0000000083e30c00,0x0000000088400000)
 Metaspace       used 10439K, capacity 10995K, committed 11264K, reserved 1058816K
  class space    used 1093K, capacity 1232K, committed 1280K, reserved 1048576K
}
Event: 7.433 GC heap before
{Heap before GC invocations=31 (full 0):
 PSYoungGen      total 268288K, used 267808K [0x00000000d6580000, 0x00000000fc480000, 0x0000000100000000)
  eden space 267776K, 100% used [0x00000000d6580000,0x00000000e6b00000,0x00000000e6b00000)
  from space 512K, 6% used [0x00000000fc400000,0x00000000fc408000,0x00000000fc480000)
  to   space 4608K, 0% used [0x00000000fbb80000,0x00000000fbb80000,0x00000000fc000000)
 ParOldGen       total 86016K, used 14531K [0x0000000083000000, 0x0000000088400000, 0x00000000d6580000)
  object space 86016K, 16% used [0x0000000083000000,0x0000000083e30c00,0x0000000088400000)
 Metaspace       used 10443K, capacity 10995K, committed 11264K, reserved 1058816K
  class space    used 1094K, capacity 1232K, committed 1280K, reserved 1048576K
Event: 7.433 GC heap after
Heap after GC invocations=31 (full 0):
 PSYoungGen      total 260608K, used 64K [0x00000000d6580000, 0x00000000fc480000, 0x0000000100000000)
  eden space 256000K, 0% used [0x00000000d6580000,0x00000000d6580000,0x00000000e5f80000)
  from space 4608K, 1% used [0x00000000fbb80000,0x00000000fbb90000,0x00000000fc000000)
  to   space 4608K, 0% used [0x00000000fc000000,0x00000000fc000000,0x00000000fc480000)
 ParOldGen       total 86016K, used 14531K [0x0000000083000000, 0x0000000088400000, 0x00000000d6580000)
  object space 86016K, 16% used [0x0000000083000000,0x0000000083e30c00,0x0000000088400000)
 Metaspace       used 10443K, capacity 10995K, committed 11264K, reserved 1058816K
  class space    used 1094K, capacity 1232K, committed 1280K, reserved 1048576K
}
Event: 9.977 GC heap before
{Heap before GC invocations=32 (full 0):
 PSYoungGen      total 260608K, used 256064K [0x00000000d6580000, 0x00000000fc480000, 0x0000000100000000)
  eden space 256000K, 100% used [0x00000000d6580000,0x00000000e5f80000,0x00000000e5f80000)
  from space 4608K, 1% used [0x00000000fbb80000,0x00000000fbb90000,0x00000000fc000000)
  to   space 4608K, 0% used [0x00000000fc000000,0x00000000fc000000,0x00000000fc480000)
 ParOldGen       total 86016K, used 14531K [0x0000000083000000, 0x0000000088400000, 0x00000000d6580000)
  object space 86016K, 16% used [0x0000000083000000,0x0000000083e30c00,0x0000000088400000)
 Metaspace       used 10654K, capacity 11287K, committed 11520K, reserved 1058816K
  class space    used 1116K, capacity 1248K, committed 1280K, reserved 1048576K
Event: 9.978 GC heap after
Heap after GC invocations=32 (full 0):
 PSYoungGen      total 245248K, used 96K [0x00000000d6580000, 0x00000000fc080000, 0x0000000100000000)
  eden space 244736K, 0% used [0x00000000d6580000,0x00000000d6580000,0x00000000e5480000)
  from space 512K, 18% used [0x00000000fc000000,0x00000000fc018000,0x00000000fc080000)
  to   space 4096K, 0% used [0x00000000fb880000,0x00000000fb880000,0x00000000fbc80000)
 ParOldGen       total 86016K, used 14547K [0x0000000083000000, 0x0000000088400000, 0x00000000d6580000)
  object space 86016K, 16% used [0x0000000083000000,0x0000000083e34c00,0x0000000088400000)
 Metaspace       used 10654K, capacity 11287K, committed 11520K, reserved 1058816K
  class space    used 1116K, capacity 1248K, committed 1280K, reserved 1048576K
}

