# JRE version: Java(TM) SE Runtime Environment (8.0_65-b17) (build 1.8.0_65-b17)
# Java VM: Java HotSpot(TM) 64-Bit Server VM (25.65-b01 mixed mode windows-amd64 compressed oops)
Heap:
 PSYoungGen      total 538112K, used 298263K [0x00000000d6580000, 0x00000000ff080000, 0x0000000100000000)
  eden space 531456K, 56% used [0x00000000d6580000,0x00000000e88bdec8,0x00000000f6c80000)
  from space 6656K, 0% used [0x00000000fe380000,0x00000000fe388000,0x00000000fea00000)
  to   space 6144K, 0% used [0x00000000fea80000,0x00000000fea80000,0x00000000ff080000)
 ParOldGen       total 86016K, used 13575K [0x0000000083000000, 0x0000000088400000, 0x00000000d6580000)
  object space 86016K, 15% used [0x0000000083000000,0x0000000083d41d98,0x0000000088400000)
 Metaspace       used 10647K, capacity 11259K, committed 11520K, reserved 1058816K
  class space    used 1115K, capacity 1246K, committed 1280K, reserved 1048576K
GC Heap History (10 events):
Event: 5.812 GC heap before
{Heap before GC invocations=21 (full 0):
 PSYoungGen      total 653312K, used 644128K [0x00000000d6580000, 0x00000000fff00000, 0x0000000100000000)
  eden space 644096K, 100% used [0x00000000d6580000,0x00000000fda80000,0x00000000fda80000)
  from space 9216K, 0% used [0x00000000fe300000,0x00000000fe308000,0x00000000fec00000)
  to   space 8704K, 0% used [0x00000000fda80000,0x00000000fda80000,0x00000000fe300000)
 ParOldGen       total 86016K, used 13567K [0x0000000083000000, 0x0000000088400000, 0x00000000d6580000)
  object space 86016K, 15% used [0x0000000083000000,0x0000000083d3fd98,0x0000000088400000)
 Metaspace       used 10429K, capacity 10987K, committed 11264K, reserved 1058816K
  class space    used 1094K, capacity 1232K, committed 1280K, reserved 1048576K
Event: 5.813 GC heap after
Heap after GC invocations=21 (full 0):
 PSYoungGen      total 652800K, used 32K [0x00000000d6580000, 0x00000000ffe80000, 0x0000000100000000)
  eden space 644096K, 0% used [0x00000000d6580000,0x00000000d6580000,0x00000000fda80000)
  from space 8704K, 0% used [0x00000000fda80000,0x00000000fda88000,0x00000000fe300000)
  to   space 8192K, 0% used [0x00000000ff680000,0x00000000ff680000,0x00000000ffe80000)
 ParOldGen       total 86016K, used 13567K [0x0000000083000000, 0x0000000088400000, 0x00000000d6580000)
  object space 86016K, 15% used [0x0000000083000000,0x0000000083d3fd98,0x0000000088400000)
 Metaspace       used 10429K, capacity 10987K, committed 11264K, reserved 1058816K
  class space    used 1094K, capacity 1232K, committed 1280K, reserved 1048576K
}
Event: 5.982 GC heap before
{Heap before GC invocations=22 (full 0):
 PSYoungGen      total 652800K, used 644128K [0x00000000d6580000, 0x00000000ffe80000, 0x0000000100000000)
  eden space 644096K, 100% used [0x00000000d6580000,0x00000000fda80000,0x00000000fda80000)
  from space 8704K, 0% used [0x00000000fda80000,0x00000000fda88000,0x00000000fe300000)
  to   space 8192K, 0% used [0x00000000ff680000,0x00000000ff680000,0x00000000ffe80000)
 ParOldGen       total 86016K, used 13567K [0x0000000083000000, 0x0000000088400000, 0x00000000d6580000)
  object space 86016K, 15% used [0x0000000083000000,0x0000000083d3fd98,0x0000000088400000)
 Metaspace       used 10432K, capacity 10987K, committed 11264K, reserved 1058816K
  class space    used 1094K, capacity 1232K, committed 1280K, reserved 1048576K
Event: 5.982 GC heap after
Heap after GC invocations=22 (full 0):
 PSYoungGen      total 614400K, used 64K [0x00000000d6580000, 0x00000000ff700000, 0x0000000100000000)
  eden space 613888K, 0% used [0x00000000d6580000,0x00000000d6580000,0x00000000fbd00000)
  from space 512K, 12% used [0x00000000ff680000,0x00000000ff690000,0x00000000ff700000)
  to   space 7680K, 0% used [0x00000000fe800000,0x00000000fe800000,0x00000000fef80000)
 ParOldGen       total 86016K, used 13567K [0x0000000083000000, 0x0000000088400000, 0x00000000d6580000)
  object space 86016K, 15% used [0x0000000083000000,0x0000000083d3fd98,0x0000000088400000)
 Metaspace       used 10432K, capacity 10987K, committed 11264K, reserved 1058816K
  class space    used 1094K, capacity 1232K, committed 1280K, reserved 1048576K
}
Event: 6.156 GC heap before
{Heap before GC invocations=23 (full 0):
 PSYoungGen      total 614400K, used 613952K [0x00000000d6580000, 0x00000000ff700000, 0x0000000100000000)
  eden space 613888K, 100% used [0x00000000d6580000,0x00000000fbd00000,0x00000000fbd00000)
  from space 512K, 12% used [0x00000000ff680000,0x00000000ff690000,0x00000000ff700000)
  to   space 7680K, 0% used [0x00000000fe800000,0x00000000fe800000,0x00000000fef80000)
 ParOldGen       total 86016K, used 13567K [0x0000000083000000, 0x0000000088400000, 0x00000000d6580000)
  object space 86016K, 15% used [0x0000000083000000,0x0000000083d3fd98,0x0000000088400000)
 Metaspace       used 10432K, capacity 10987K, committed 11264K, reserved 1058816K
  class space    used 1094K, capacity 1232K, committed 1280K, reserved 1048576K
Event: 6.157 GC heap after
Heap after GC invocations=23 (full 0):
 PSYoungGen      total 592896K, used 64K [0x00000000d6580000, 0x00000000ff700000, 0x0000000100000000)
  eden space 585216K, 0% used [0x00000000d6580000,0x00000000d6580000,0x00000000fa100000)
  from space 7680K, 0% used [0x00000000fe800000,0x00000000fe810000,0x00000000fef80000)
  to   space 7168K, 0% used [0x00000000ff000000,0x00000000ff000000,0x00000000ff700000)
 ParOldGen       total 86016K, used 13567K [0x0000000083000000, 0x0000000088400000, 0x00000000d6580000)
  object space 86016K, 15% used [0x0000000083000000,0x0000000083d3fd98,0x0000000088400000)
 Metaspace       used 10432K, capacity 10987K, committed 11264K, reserved 1058816K
  class space    used 1094K, capacity 1232K, committed 1280K, reserved 1048576K
}
Event: 6.396 GC heap before
{Heap before GC invocations=24 (full 0):
 PSYoungGen      total 592896K, used 585280K [0x00000000d6580000, 0x00000000ff700000, 0x0000000100000000)
  eden space 585216K, 100% used [0x00000000d6580000,0x00000000fa100000,0x00000000fa100000)
  from space 7680K, 0% used [0x00000000fe800000,0x00000000fe810000,0x00000000fef80000)
  to   space 7168K, 0% used [0x00000000ff000000,0x00000000ff000000,0x00000000ff700000)
 ParOldGen       total 86016K, used 13567K [0x0000000083000000, 0x0000000088400000, 0x00000000d6580000)
  object space 86016K, 15% used [0x0000000083000000,0x0000000083d3fd98,0x0000000088400000)
 Metaspace       used 10432K, capacity 10987K, committed 11264K, reserved 1058816K
  class space    used 1094K, capacity 1232K, committed 1280K, reserved 1048576K
Event: 6.397 GC heap after
Heap after GC invocations=24 (full 0):
 PSYoungGen      total 558080K, used 32K [0x00000000d6580000, 0x00000000ff080000, 0x0000000100000000)
  eden space 557568K, 0% used [0x00000000d6580000,0x00000000d6580000,0x00000000f8600000)
  from space 512K, 6% used [0x00000000ff000000,0x00000000ff008000,0x00000000ff080000)
  to   space 6656K, 0% used [0x00000000fe380000,0x00000000fe380000,0x00000000fea00000)
 ParOldGen       total 86016K, used 13575K [0x0000000083000000, 0x0000000088400000, 0x00000000d6580000)
  object space 86016K, 15% used [0x0000000083000000,0x0000000083d41d98,0x0000000088400000)
 Metaspace       used 10432K, capacity 10987K, committed 11264K, reserved 1058816K
  class space    used 1094K, capacity 1232K, committed 1280K, reserved 1048576K
}
Event: 6.578 GC heap before
{Heap before GC invocations=25 (full 0):
 PSYoungGen      total 558080K, used 557600K [0x00000000d6580000, 0x00000000ff080000, 0x0000000100000000)
  eden space 557568K, 100% used [0x00000000d6580000,0x00000000f8600000,0x00000000f8600000)
  from space 512K, 6% used [0x00000000ff000000,0x00000000ff008000,0x00000000ff080000)
  to   space 6656K, 0% used [0x00000000fe380000,0x00000000fe380000,0x00000000fea00000)
 ParOldGen       total 86016K, used 13575K [0x0000000083000000, 0x0000000088400000, 0x00000000d6580000)
  object space 86016K, 15% used [0x0000000083000000,0x0000000083d41d98,0x0000000088400000)
 Metaspace       used 10432K, capacity 10987K, committed 11264K, reserved 1058816K
  class space    used 1094K, capacity 1232K, committed 1280K, reserved 1048576K
Event: 6.579 GC heap after
Heap after GC invocations=25 (full 0):
 PSYoungGen      total 538112K, used 32K [0x00000000d6580000, 0x00000000ff080000, 0x0000000100000000)
  eden space 531456K, 0% used [0x00000000d6580000,0x00000000d6580000,0x00000000f6c80000)
  from space 6656K, 0% used [0x00000000fe380000,0x00000000fe388000,0x00000000fea00000)
  to   space 6144K, 0% used [0x00000000fea80000,0x00000000fea80000,0x00000000ff080000)
 ParOldGen       total 86016K, used 13575K [0x0000000083000000, 0x0000000088400000, 0x00000000d6580000)
  object space 86016K, 15% used [0x0000000083000000,0x0000000083d41d98,0x0000000088400000)
 Metaspace       used 10432K, capacity 10987K, committed 11264K, reserved 1058816K
  class space    used 1094K, capacity 1232K, committed 1280K, reserved 1048576K
}

