# JRE version: Java(TM) SE Runtime Environment (8.0_65-b17) (build 1.8.0_65-b17)
# Java VM: Java HotSpot(TM) 64-Bit Server VM (25.65-b01 mixed mode windows-amd64 compressed oops)
Heap:
 PSYoungGen      total 240640K, used 235357K [0x00000000d6580000, 0x00000000fd600000, 0x0000000100000000)
  eden space 240128K, 98% used [0x00000000d6580000,0x00000000e4b4f758,0x00000000e5000000)
  from space 512K, 6% used [0x00000000fd580000,0x00000000fd588000,0x00000000fd600000)
  to   space 1536K, 0% used [0x00000000fd300000,0x00000000fd300000,0x00000000fd480000)
 ParOldGen       total 86016K, used 5032K [0x0000000083000000, 0x0000000088400000, 0x00000000d6580000)
  object space 86016K, 5% used [0x0000000083000000,0x00000000834ea0e0,0x0000000088400000)
 Metaspace       used 10448K, capacity 11067K, committed 11264K, reserved 1058816K
  class space    used 1092K, capacity 1230K, committed 1280K, reserved 1048576K
GC Heap History (10 events):
Event: 8.497 GC heap before
{Heap before GC invocations=36 (full 0):
 PSYoungGen      total 302592K, used 300096K [0x00000000d6580000, 0x00000000fdb00000, 0x0000000100000000)
  eden space 300032K, 100% used [0x00000000d6580000,0x00000000e8a80000,0x00000000e8a80000)
  from space 2560K, 2% used [0x00000000fd600000,0x00000000fd610000,0x00000000fd880000)
  to   space 2560K, 0% used [0x00000000fd880000,0x00000000fd880000,0x00000000fdb00000)
 ParOldGen       total 86016K, used 5032K [0x0000000083000000, 0x0000000088400000, 0x00000000d6580000)
  object space 86016K, 5% used [0x0000000083000000,0x00000000834ea0e0,0x0000000088400000)
 Metaspace       used 10441K, capacity 11059K, committed 11264K, reserved 1058816K
  class space    used 1091K, capacity 1228K, committed 1280K, reserved 1048576K
Event: 8.497 GC heap after
Heap after GC invocations=36 (full 0):
 PSYoungGen      total 287232K, used 64K [0x00000000d6580000, 0x00000000fd900000, 0x0000000100000000)
  eden space 286720K, 0% used [0x00000000d6580000,0x00000000d6580000,0x00000000e7d80000)
  from space 512K, 12% used [0x00000000fd880000,0x00000000fd890000,0x00000000fd900000)
  to   space 2048K, 0% used [0x00000000fd500000,0x00000000fd500000,0x00000000fd700000)
 ParOldGen       total 86016K, used 5032K [0x0000000083000000, 0x0000000088400000, 0x00000000d6580000)
  object space 86016K, 5% used [0x0000000083000000,0x00000000834ea0e0,0x0000000088400000)
 Metaspace       used 10441K, capacity 11059K, committed 11264K, reserved 1058816K
  class space    used 1091K, capacity 1228K, committed 1280K, reserved 1048576K
}
Event: 8.551 GC heap before
{Heap before GC invocations=37 (full 0):
 PSYoungGen      total 287232K, used 286784K [0x00000000d6580000, 0x00000000fd900000, 0x0000000100000000)
  eden space 286720K, 100% used [0x00000000d6580000,0x00000000e7d80000,0x00000000e7d80000)
  from space 512K, 12% used [0x00000000fd880000,0x00000000fd890000,0x00000000fd900000)
  to   space 2048K, 0% used [0x00000000fd500000,0x00000000fd500000,0x00000000fd700000)
 ParOldGen       total 86016K, used 5032K [0x0000000083000000, 0x0000000088400000, 0x00000000d6580000)
  object space 86016K, 5% used [0x0000000083000000,0x00000000834ea0e0,0x0000000088400000)
 Metaspace       used 10441K, capacity 11059K, committed 11264K, reserved 1058816K
  class space    used 1091K, capacity 1228K, committed 1280K, reserved 1048576K
Event: 8.551 GC heap after
Heap after GC invocations=37 (full 0):
 PSYoungGen      total 275968K, used 64K [0x00000000d6580000, 0x00000000fd900000, 0x0000000100000000)
  eden space 273920K, 0% used [0x00000000d6580000,0x00000000d6580000,0x00000000e7100000)
  from space 2048K, 3% used [0x00000000fd500000,0x00000000fd510000,0x00000000fd700000)
  to   space 2048K, 0% used [0x00000000fd700000,0x00000000fd700000,0x00000000fd900000)
 ParOldGen       total 86016K, used 5032K [0x0000000083000000, 0x0000000088400000, 0x00000000d6580000)
  object space 86016K, 5% used [0x0000000083000000,0x00000000834ea0e0,0x0000000088400000)
 Metaspace       used 10441K, capacity 11059K, committed 11264K, reserved 1058816K
  class space    used 1091K, capacity 1228K, committed 1280K, reserved 1048576K
}
Event: 8.599 GC heap before
{Heap before GC invocations=38 (full 0):
 PSYoungGen      total 275968K, used 273984K [0x00000000d6580000, 0x00000000fd900000, 0x0000000100000000)
  eden space 273920K, 100% used [0x00000000d6580000,0x00000000e7100000,0x00000000e7100000)
  from space 2048K, 3% used [0x00000000fd500000,0x00000000fd510000,0x00000000fd700000)
  to   space 2048K, 0% used [0x00000000fd700000,0x00000000fd700000,0x00000000fd900000)
 ParOldGen       total 86016K, used 5032K [0x0000000083000000, 0x0000000088400000, 0x00000000d6580000)
  object space 86016K, 5% used [0x0000000083000000,0x00000000834ea0e0,0x0000000088400000)
 Metaspace       used 10441K, capacity 11059K, committed 11264K, reserved 1058816K
  class space    used 1091K, capacity 1228K, committed 1280K, reserved 1048576K
Event: 8.599 GC heap after
Heap after GC invocations=38 (full 0):
 PSYoungGen      total 262656K, used 32K [0x00000000d6580000, 0x00000000fd780000, 0x0000000100000000)
  eden space 262144K, 0% used [0x00000000d6580000,0x00000000d6580000,0x00000000e6580000)
  from space 512K, 6% used [0x00000000fd700000,0x00000000fd708000,0x00000000fd780000)
  to   space 2048K, 0% used [0x00000000fd380000,0x00000000fd380000,0x00000000fd580000)
 ParOldGen       total 86016K, used 5032K [0x0000000083000000, 0x0000000088400000, 0x00000000d6580000)
  object space 86016K, 5% used [0x0000000083000000,0x00000000834ea0e0,0x0000000088400000)
 Metaspace       used 10441K, capacity 11059K, committed 11264K, reserved 1058816K
  class space    used 1091K, capacity 1228K, committed 1280K, reserved 1048576K
}
Event: 8.647 GC heap before
{Heap before GC invocations=39 (full 0):
 PSYoungGen      total 262656K, used 262176K [0x00000000d6580000, 0x00000000fd780000, 0x0000000100000000)
  eden space 262144K, 100% used [0x00000000d6580000,0x00000000e6580000,0x00000000e6580000)
  from space 512K, 6% used [0x00000000fd700000,0x00000000fd708000,0x00000000fd780000)
  to   space 2048K, 0% used [0x00000000fd380000,0x00000000fd380000,0x00000000fd580000)
 ParOldGen       total 86016K, used 5032K [0x0000000083000000, 0x0000000088400000, 0x00000000d6580000)
  object space 86016K, 5% used [0x0000000083000000,0x00000000834ea0e0,0x0000000088400000)
 Metaspace       used 10441K, capacity 11059K, committed 11264K, reserved 1058816K
  class space    used 1091K, capacity 1228K, committed 1280K, reserved 1048576K
Event: 8.647 GC heap after
Heap after GC invocations=39 (full 0):
 PSYoungGen      total 252928K, used 32K [0x00000000d6580000, 0x00000000fd780000, 0x0000000100000000)
  eden space 250880K, 0% used [0x00000000d6580000,0x00000000d6580000,0x00000000e5a80000)
  from space 2048K, 1% used [0x00000000fd380000,0x00000000fd388000,0x00000000fd580000)
  to   space 2048K, 0% used [0x00000000fd580000,0x00000000fd580000,0x00000000fd780000)
 ParOldGen       total 86016K, used 5032K [0x0000000083000000, 0x0000000088400000, 0x00000000d6580000)
  object space 86016K, 5% used [0x0000000083000000,0x00000000834ea0e0,0x0000000088400000)
 Metaspace       used 10441K, capacity 11059K, committed 11264K, reserved 1058816K
  class space    used 1091K, capacity 1228K, committed 1280K, reserved 1048576K
}
Event: 8.692 GC heap before
{Heap before GC invocations=40 (full 0):
 PSYoungGen      total 252928K, used 250912K [0x00000000d6580000, 0x00000000fd780000, 0x0000000100000000)
  eden space 250880K, 100% used [0x00000000d6580000,0x00000000e5a80000,0x00000000e5a80000)
  from space 2048K, 1% used [0x00000000fd380000,0x00000000fd388000,0x00000000fd580000)
  to   space 2048K, 0% used [0x00000000fd580000,0x00000000fd580000,0x00000000fd780000)
 ParOldGen       total 86016K, used 5032K [0x0000000083000000, 0x0000000088400000, 0x00000000d6580000)
  object space 86016K, 5% used [0x0000000083000000,0x00000000834ea0e0,0x0000000088400000)
 Metaspace       used 10441K, capacity 11059K, committed 11264K, reserved 1058816K
  class space    used 1091K, capacity 1228K, committed 1280K, reserved 1048576K
Event: 8.692 GC heap after
Heap after GC invocations=40 (full 0):
 PSYoungGen      total 240640K, used 32K [0x00000000d6580000, 0x00000000fd600000, 0x0000000100000000)
  eden space 240128K, 0% used [0x00000000d6580000,0x00000000d6580000,0x00000000e5000000)
  from space 512K, 6% used [0x00000000fd580000,0x00000000fd588000,0x00000000fd600000)
  to   space 1536K, 0% used [0x00000000fd300000,0x00000000fd300000,0x00000000fd480000)
 ParOldGen       total 86016K, used 5032K [0x0000000083000000, 0x0000000088400000, 0x00000000d6580000)
  object space 86016K, 5% used [0x0000000083000000,0x00000000834ea0e0,0x0000000088400000)
 Metaspace       used 10441K, capacity 11059K, committed 11264K, reserved 1058816K
  class space    used 1091K, capacity 1228K, committed 1280K, reserved 1048576K
}

