# JRE version: Java(TM) SE Runtime Environment (8.0_51-b16) (build 1.8.0_51-b16)
# Java VM: Java HotSpot(TM) 64-Bit Server VM (25.51-b03 mixed mode windows-amd64 compressed oops)
Heap:
 PSYoungGen      total 310784K, used 164454K [0x00000000d6000000, 0x00000000fa500000, 0x0000000100000000)
  eden space 309248K, 53% used [0x00000000d6000000,0x00000000e0049b78,0x00000000e8e00000)
  from space 1536K, 20% used [0x00000000fa200000,0x00000000fa250000,0x00000000fa380000)
  to   space 1024K, 0% used [0x00000000fa400000,0x00000000fa400000,0x00000000fa500000)
 ParOldGen       total 86016K, used 11899K [0x0000000082000000, 0x0000000087400000, 0x00000000d6000000)
  object space 86016K, 13% used [0x0000000082000000,0x0000000082b9ec48,0x0000000087400000)
 Metaspace       used 11005K, capacity 11719K, committed 11904K, reserved 1060864K
  class space    used 1146K, capacity 1306K, committed 1408K, reserved 1048576K
GC Heap History (10 events):
Event: 4.980 GC heap before
{Heap before GC invocations=45 (full 0):
 PSYoungGen      total 237568K, used 237152K [0x00000000d6000000, 0x00000000fa700000, 0x0000000100000000)
  eden space 237056K, 100% used [0x00000000d6000000,0x00000000e4780000,0x00000000e4780000)
  from space 512K, 18% used [0x00000000fa680000,0x00000000fa698000,0x00000000fa700000)
  to   space 1536K, 0% used [0x00000000fa400000,0x00000000fa400000,0x00000000fa580000)
 ParOldGen       total 86016K, used 11883K [0x0000000082000000, 0x0000000087400000, 0x00000000d6000000)
  object space 86016K, 13% used [0x0000000082000000,0x0000000082b9ac48,0x0000000087400000)
 Metaspace       used 10402K, capacity 10951K, committed 11008K, reserved 1058816K
  class space    used 1081K, capacity 1238K, committed 1280K, reserved 1048576K
Event: 4.980 GC heap after
Heap after GC invocations=45 (full 0):
 PSYoungGen      total 228352K, used 128K [0x00000000d6000000, 0x00000000fa700000, 0x0000000100000000)
  eden space 226816K, 0% used [0x00000000d6000000,0x00000000d6000000,0x00000000e3d80000)
  from space 1536K, 8% used [0x00000000fa400000,0x00000000fa420000,0x00000000fa580000)
  to   space 1536K, 0% used [0x00000000fa580000,0x00000000fa580000,0x00000000fa700000)
 ParOldGen       total 86016K, used 11883K [0x0000000082000000, 0x0000000087400000, 0x00000000d6000000)
  object space 86016K, 13% used [0x0000000082000000,0x0000000082b9ac48,0x0000000087400000)
 Metaspace       used 10402K, capacity 10951K, committed 11008K, reserved 1058816K
  class space    used 1081K, capacity 1238K, committed 1280K, reserved 1048576K
}
Event: 5.031 GC heap before
{Heap before GC invocations=46 (full 0):
 PSYoungGen      total 228352K, used 226944K [0x00000000d6000000, 0x00000000fa700000, 0x0000000100000000)
  eden space 226816K, 100% used [0x00000000d6000000,0x00000000e3d80000,0x00000000e3d80000)
  from space 1536K, 8% used [0x00000000fa400000,0x00000000fa420000,0x00000000fa580000)
  to   space 1536K, 0% used [0x00000000fa580000,0x00000000fa580000,0x00000000fa700000)
 ParOldGen       total 86016K, used 11883K [0x0000000082000000, 0x0000000087400000, 0x00000000d6000000)
  object space 86016K, 13% used [0x0000000082000000,0x0000000082b9ac48,0x0000000087400000)
 Metaspace       used 10402K, capacity 10951K, committed 11008K, reserved 1058816K
  class space    used 1081K, capacity 1238K, committed 1280K, reserved 1048576K
Event: 5.032 GC heap after
Heap after GC invocations=46 (full 0):
 PSYoungGen      total 217600K, used 32K [0x00000000d6000000, 0x00000000fa600000, 0x0000000100000000)
  eden space 217088K, 0% used [0x00000000d6000000,0x00000000d6000000,0x00000000e3400000)
  from space 512K, 6% used [0x00000000fa580000,0x00000000fa588000,0x00000000fa600000)
  to   space 1536K, 0% used [0x00000000fa300000,0x00000000fa300000,0x00000000fa480000)
 ParOldGen       total 86016K, used 11883K [0x0000000082000000, 0x0000000087400000, 0x00000000d6000000)
  object space 86016K, 13% used [0x0000000082000000,0x0000000082b9ac48,0x0000000087400000)
 Metaspace       used 10402K, capacity 10951K, committed 11008K, reserved 1058816K
  class space    used 1081K, capacity 1238K, committed 1280K, reserved 1048576K
}
Event: 5.078 GC heap before
{Heap before GC invocations=47 (full 0):
 PSYoungGen      total 217600K, used 217120K [0x00000000d6000000, 0x00000000fa600000, 0x0000000100000000)
  eden space 217088K, 100% used [0x00000000d6000000,0x00000000e3400000,0x00000000e3400000)
  from space 512K, 6% used [0x00000000fa580000,0x00000000fa588000,0x00000000fa600000)
  to   space 1536K, 0% used [0x00000000fa300000,0x00000000fa300000,0x00000000fa480000)
 ParOldGen       total 86016K, used 11883K [0x0000000082000000, 0x0000000087400000, 0x00000000d6000000)
  object space 86016K, 13% used [0x0000000082000000,0x0000000082b9ac48,0x0000000087400000)
 Metaspace       used 10402K, capacity 10951K, committed 11008K, reserved 1058816K
  class space    used 1081K, capacity 1238K, committed 1280K, reserved 1048576K
Event: 5.079 GC heap after
Heap after GC invocations=47 (full 0):
 PSYoungGen      total 266752K, used 128K [0x00000000d6000000, 0x00000000fa600000, 0x0000000100000000)
  eden space 265216K, 0% used [0x00000000d6000000,0x00000000d6000000,0x00000000e6300000)
  from space 1536K, 8% used [0x00000000fa300000,0x00000000fa320000,0x00000000fa480000)
  to   space 1536K, 0% used [0x00000000fa480000,0x00000000fa480000,0x00000000fa600000)
 ParOldGen       total 86016K, used 11891K [0x0000000082000000, 0x0000000087400000, 0x00000000d6000000)
  object space 86016K, 13% used [0x0000000082000000,0x0000000082b9cc48,0x0000000087400000)
 Metaspace       used 10402K, capacity 10951K, committed 11008K, reserved 1058816K
  class space    used 1081K, capacity 1238K, committed 1280K, reserved 1048576K
}
Event: 5.139 GC heap before
{Heap before GC invocations=48 (full 0):
 PSYoungGen      total 266752K, used 265344K [0x00000000d6000000, 0x00000000fa600000, 0x0000000100000000)
  eden space 265216K, 100% used [0x00000000d6000000,0x00000000e6300000,0x00000000e6300000)
  from space 1536K, 8% used [0x00000000fa300000,0x00000000fa320000,0x00000000fa480000)
  to   space 1536K, 0% used [0x00000000fa480000,0x00000000fa480000,0x00000000fa600000)
 ParOldGen       total 86016K, used 11891K [0x0000000082000000, 0x0000000087400000, 0x00000000d6000000)
  object space 86016K, 13% used [0x0000000082000000,0x0000000082b9cc48,0x0000000087400000)
 Metaspace       used 10402K, capacity 10951K, committed 11008K, reserved 1058816K
  class space    used 1081K, capacity 1238K, committed 1280K, reserved 1048576K
Event: 5.140 GC heap after
Heap after GC invocations=48 (full 0):
 PSYoungGen      total 324096K, used 160K [0x00000000d6000000, 0x00000000fa500000, 0x0000000100000000)
  eden space 323584K, 0% used [0x00000000d6000000,0x00000000d6000000,0x00000000e9c00000)
  from space 512K, 31% used [0x00000000fa480000,0x00000000fa4a8000,0x00000000fa500000)
  to   space 1536K, 0% used [0x00000000fa200000,0x00000000fa200000,0x00000000fa380000)
 ParOldGen       total 86016K, used 11891K [0x0000000082000000, 0x0000000087400000, 0x00000000d6000000)
  object space 86016K, 13% used [0x0000000082000000,0x0000000082b9cc48,0x0000000087400000)
 Metaspace       used 10402K, capacity 10951K, committed 11008K, reserved 1058816K
  class space    used 1081K, capacity 1238K, committed 1280K, reserved 1048576K
}
Event: 18.010 GC heap before
{Heap before GC invocations=49 (full 0):
 PSYoungGen      total 324096K, used 323744K [0x00000000d6000000, 0x00000000fa500000, 0x0000000100000000)
  eden space 323584K, 100% used [0x00000000d6000000,0x00000000e9c00000,0x00000000e9c00000)
  from space 512K, 31% used [0x00000000fa480000,0x00000000fa4a8000,0x00000000fa500000)
  to   space 1536K, 0% used [0x00000000fa200000,0x00000000fa200000,0x00000000fa380000)
 ParOldGen       total 86016K, used 11891K [0x0000000082000000, 0x0000000087400000, 0x00000000d6000000)
  object space 86016K, 13% used [0x0000000082000000,0x0000000082b9cc48,0x0000000087400000)
 Metaspace       used 10875K, capacity 11527K, committed 11904K, reserved 1060864K
  class space    used 1125K, capacity 1284K, committed 1408K, reserved 1048576K
Event: 18.011 GC heap after
Heap after GC invocations=49 (full 0):
 PSYoungGen      total 310784K, used 320K [0x00000000d6000000, 0x00000000fa500000, 0x0000000100000000)
  eden space 309248K, 0% used [0x00000000d6000000,0x00000000d6000000,0x00000000e8e00000)
  from space 1536K, 20% used [0x00000000fa200000,0x00000000fa250000,0x00000000fa380000)
  to   space 1024K, 0% used [0x00000000fa400000,0x00000000fa400000,0x00000000fa500000)
 ParOldGen       total 86016K, used 11899K [0x0000000082000000, 0x0000000087400000, 0x00000000d6000000)
  object space 86016K, 13% used [0x0000000082000000,0x0000000082b9ec48,0x0000000087400000)
 Metaspace       used 10875K, capacity 11527K, committed 11904K, reserved 1060864K
  class space    used 1125K, capacity 1284K, committed 1408K, reserved 1048576K
}

