# JRE version: Java(TM) SE Runtime Environment (8.0_51-b16) (build 1.8.0_51-b16)
# Java VM: Java HotSpot(TM) 64-Bit Server VM (25.51-b03 mixed mode windows-amd64 compressed oops)
Heap:
 PSYoungGen      total 232448K, used 232048K [0x00000000d6000000, 0x00000000f2800000, 0x0000000100000000)
  eden space 231936K, 99% used [0x00000000d6000000,0x00000000e426c128,0x00000000e4280000)
  from space 512K, 37% used [0x00000000f2700000,0x00000000f2730000,0x00000000f2780000)
  to   space 512K, 0% used [0x00000000f2780000,0x00000000f2780000,0x00000000f2800000)
 ParOldGen       total 86016K, used 13726K [0x0000000082000000, 0x0000000087400000, 0x00000000d6000000)
  object space 86016K, 15% used [0x0000000082000000,0x0000000082d67a20,0x0000000087400000)
 Metaspace       used 11574K, capacity 12301K, committed 12416K, reserved 1060864K
  class space    used 1237K, capacity 1395K, committed 1408K, reserved 1048576K
GC Heap History (10 events):
Event: 11.447 GC heap before
{Heap before GC invocations=87 (full 0):
 PSYoungGen      total 230912K, used 230496K [0x00000000d6000000, 0x00000000f2800000, 0x0000000100000000)
  eden space 230400K, 100% used [0x00000000d6000000,0x00000000e4100000,0x00000000e4100000)
  from space 512K, 18% used [0x00000000f2780000,0x00000000f2798000,0x00000000f2800000)
  to   space 512K, 0% used [0x00000000f2700000,0x00000000f2700000,0x00000000f2780000)
 ParOldGen       total 86016K, used 13646K [0x0000000082000000, 0x0000000087400000, 0x00000000d6000000)
  object space 86016K, 15% used [0x0000000082000000,0x0000000082d53a20,0x0000000087400000)
 Metaspace       used 11366K, capacity 12007K, committed 12160K, reserved 1060864K
  class space    used 1216K, capacity 1380K, committed 1408K, reserved 1048576K
Event: 11.448 GC heap after
Heap after GC invocations=87 (full 0):
 PSYoungGen      total 276992K, used 160K [0x00000000d6000000, 0x00000000f2800000, 0x0000000100000000)
  eden space 276480K, 0% used [0x00000000d6000000,0x00000000d6000000,0x00000000e6e00000)
  from space 512K, 31% used [0x00000000f2700000,0x00000000f2728000,0x00000000f2780000)
  to   space 512K, 0% used [0x00000000f2780000,0x00000000f2780000,0x00000000f2800000)
 ParOldGen       total 86016K, used 13646K [0x0000000082000000, 0x0000000087400000, 0x00000000d6000000)
  object space 86016K, 15% used [0x0000000082000000,0x0000000082d53a20,0x0000000087400000)
 Metaspace       used 11366K, capacity 12007K, committed 12160K, reserved 1060864K
  class space    used 1216K, capacity 1380K, committed 1408K, reserved 1048576K
}
Event: 11.512 GC heap before
{Heap before GC invocations=88 (full 0):
 PSYoungGen      total 276992K, used 276640K [0x00000000d6000000, 0x00000000f2800000, 0x0000000100000000)
  eden space 276480K, 100% used [0x00000000d6000000,0x00000000e6e00000,0x00000000e6e00000)
  from space 512K, 31% used [0x00000000f2700000,0x00000000f2728000,0x00000000f2780000)
  to   space 512K, 0% used [0x00000000f2780000,0x00000000f2780000,0x00000000f2800000)
 ParOldGen       total 86016K, used 13646K [0x0000000082000000, 0x0000000087400000, 0x00000000d6000000)
  object space 86016K, 15% used [0x0000000082000000,0x0000000082d53a20,0x0000000087400000)
 Metaspace       used 11366K, capacity 12007K, committed 12160K, reserved 1060864K
  class space    used 1216K, capacity 1380K, committed 1408K, reserved 1048576K
Event: 11.513 GC heap after
Heap after GC invocations=88 (full 0):
 PSYoungGen      total 264704K, used 128K [0x00000000d6000000, 0x00000000f2800000, 0x0000000100000000)
  eden space 264192K, 0% used [0x00000000d6000000,0x00000000d6000000,0x00000000e6200000)
  from space 512K, 25% used [0x00000000f2780000,0x00000000f27a0000,0x00000000f2800000)
  to   space 512K, 0% used [0x00000000f2700000,0x00000000f2700000,0x00000000f2780000)
 ParOldGen       total 86016K, used 13654K [0x0000000082000000, 0x0000000087400000, 0x00000000d6000000)
  object space 86016K, 15% used [0x0000000082000000,0x0000000082d55a20,0x0000000087400000)
 Metaspace       used 11366K, capacity 12007K, committed 12160K, reserved 1060864K
  class space    used 1216K, capacity 1380K, committed 1408K, reserved 1048576K
}
Event: 11.582 GC heap before
{Heap before GC invocations=89 (full 0):
 PSYoungGen      total 264704K, used 264320K [0x00000000d6000000, 0x00000000f2800000, 0x0000000100000000)
  eden space 264192K, 100% used [0x00000000d6000000,0x00000000e6200000,0x00000000e6200000)
  from space 512K, 25% used [0x00000000f2780000,0x00000000f27a0000,0x00000000f2800000)
  to   space 512K, 0% used [0x00000000f2700000,0x00000000f2700000,0x00000000f2780000)
 ParOldGen       total 86016K, used 13654K [0x0000000082000000, 0x0000000087400000, 0x00000000d6000000)
  object space 86016K, 15% used [0x0000000082000000,0x0000000082d55a20,0x0000000087400000)
 Metaspace       used 11366K, capacity 12007K, committed 12160K, reserved 1060864K
  class space    used 1216K, capacity 1380K, committed 1408K, reserved 1048576K
Event: 11.582 GC heap after
Heap after GC invocations=89 (full 0):
 PSYoungGen      total 253440K, used 32K [0x00000000d6000000, 0x00000000f2800000, 0x0000000100000000)
  eden space 252928K, 0% used [0x00000000d6000000,0x00000000d6000000,0x00000000e5700000)
  from space 512K, 6% used [0x00000000f2700000,0x00000000f2708000,0x00000000f2780000)
  to   space 512K, 0% used [0x00000000f2780000,0x00000000f2780000,0x00000000f2800000)
 ParOldGen       total 86016K, used 13654K [0x0000000082000000, 0x0000000087400000, 0x00000000d6000000)
  object space 86016K, 15% used [0x0000000082000000,0x0000000082d55a20,0x0000000087400000)
 Metaspace       used 11366K, capacity 12007K, committed 12160K, reserved 1060864K
  class space    used 1216K, capacity 1380K, committed 1408K, reserved 1048576K
}
Event: 13.074 GC heap before
{Heap before GC invocations=90 (full 0):
 PSYoungGen      total 253440K, used 252960K [0x00000000d6000000, 0x00000000f2800000, 0x0000000100000000)
  eden space 252928K, 100% used [0x00000000d6000000,0x00000000e5700000,0x00000000e5700000)
  from space 512K, 6% used [0x00000000f2700000,0x00000000f2708000,0x00000000f2780000)
  to   space 512K, 0% used [0x00000000f2780000,0x00000000f2780000,0x00000000f2800000)
 ParOldGen       total 86016K, used 13654K [0x0000000082000000, 0x0000000087400000, 0x00000000d6000000)
  object space 86016K, 15% used [0x0000000082000000,0x0000000082d55a20,0x0000000087400000)
 Metaspace       used 11522K, capacity 12209K, committed 12416K, reserved 1060864K
  class space    used 1236K, capacity 1393K, committed 1408K, reserved 1048576K
Event: 13.075 GC heap after
Heap after GC invocations=90 (full 0):
 PSYoungGen      total 242688K, used 224K [0x00000000d6000000, 0x00000000f2800000, 0x0000000100000000)
  eden space 242176K, 0% used [0x00000000d6000000,0x00000000d6000000,0x00000000e4c80000)
  from space 512K, 43% used [0x00000000f2780000,0x00000000f27b8000,0x00000000f2800000)
  to   space 512K, 0% used [0x00000000f2700000,0x00000000f2700000,0x00000000f2780000)
 ParOldGen       total 86016K, used 13662K [0x0000000082000000, 0x0000000087400000, 0x00000000d6000000)
  object space 86016K, 15% used [0x0000000082000000,0x0000000082d57a20,0x0000000087400000)
 Metaspace       used 11522K, capacity 12209K, committed 12416K, reserved 1060864K
  class space    used 1236K, capacity 1393K, committed 1408K, reserved 1048576K
}
Event: 14.081 GC heap before
{Heap before GC invocations=91 (full 0):
 PSYoungGen      total 242688K, used 242400K [0x00000000d6000000, 0x00000000f2800000, 0x0000000100000000)
  eden space 242176K, 100% used [0x00000000d6000000,0x00000000e4c80000,0x00000000e4c80000)
  from space 512K, 43% used [0x00000000f2780000,0x00000000f27b8000,0x00000000f2800000)
  to   space 512K, 0% used [0x00000000f2700000,0x00000000f2700000,0x00000000f2780000)
 ParOldGen       total 86016K, used 13662K [0x0000000082000000, 0x0000000087400000, 0x00000000d6000000)
  object space 86016K, 15% used [0x0000000082000000,0x0000000082d57a20,0x0000000087400000)
 Metaspace       used 11562K, capacity 12285K, committed 12416K, reserved 1060864K
  class space    used 1236K, capacity 1393K, committed 1408K, reserved 1048576K
Event: 14.082 GC heap after
Heap after GC invocations=91 (full 0):
 PSYoungGen      total 232448K, used 192K [0x00000000d6000000, 0x00000000f2800000, 0x0000000100000000)
  eden space 231936K, 0% used [0x00000000d6000000,0x00000000d6000000,0x00000000e4280000)
  from space 512K, 37% used [0x00000000f2700000,0x00000000f2730000,0x00000000f2780000)
  to   space 512K, 0% used [0x00000000f2780000,0x00000000f2780000,0x00000000f2800000)
 ParOldGen       total 86016K, used 13726K [0x0000000082000000, 0x0000000087400000, 0x00000000d6000000)
  object space 86016K, 15% used [0x0000000082000000,0x0000000082d67a20,0x0000000087400000)
 Metaspace       used 11562K, capacity 12285K, committed 12416K, reserved 1060864K
  class space    used 1236K, capacity 1393K, committed 1408K, reserved 1048576K
}

