# JRE version: Java(TM) SE Runtime Environment (8.0_65-b17) (build 1.8.0_65-b17)
# Java VM: Java HotSpot(TM) 64-Bit Server VM (25.65-b01 mixed mode windows-amd64 compressed oops)
Heap:
 PSYoungGen      total 132608K, used 58154K [0x00000000d6580000, 0x00000000f3600000, 0x0000000100000000)
  eden space 132096K, 44% used [0x00000000d6580000,0x00000000d9e42998,0x00000000de680000)
  from space 512K, 6% used [0x00000000f3500000,0x00000000f3508000,0x00000000f3580000)
  to   space 512K, 0% used [0x00000000f3580000,0x00000000f3580000,0x00000000f3600000)
 ParOldGen       total 86016K, used 12917K [0x0000000083000000, 0x0000000088400000, 0x00000000d6580000)
  object space 86016K, 15% used [0x0000000083000000,0x0000000083c9d5a0,0x0000000088400000)
 Metaspace       used 10883K, capacity 11561K, committed 11904K, reserved 1060864K
  class space    used 1132K, capacity 1293K, committed 1408K, reserved 1048576K
GC Heap History (10 events):
Event: 448.805 GC heap before
{Heap before GC invocations=233 (full 0):
 PSYoungGen      total 129024K, used 128544K [0x00000000d6580000, 0x00000000f3600000, 0x0000000100000000)
  eden space 128512K, 100% used [0x00000000d6580000,0x00000000de300000,0x00000000de300000)
  from space 512K, 6% used [0x00000000f3580000,0x00000000f3588000,0x00000000f3600000)
  to   space 512K, 0% used [0x00000000f3500000,0x00000000f3500000,0x00000000f3580000)
 ParOldGen       total 86016K, used 12917K [0x0000000083000000, 0x0000000088400000, 0x00000000d6580000)
  object space 86016K, 15% used [0x0000000083000000,0x0000000083c9d5a0,0x0000000088400000)
 Metaspace       used 10883K, capacity 11561K, committed 11904K, reserved 1060864K
  class space    used 1132K, capacity 1293K, committed 1408K, reserved 1048576K
Event: 448.806 GC heap after
Heap after GC invocations=233 (full 0):
 PSYoungGen      total 123904K, used 32K [0x00000000d6580000, 0x00000000f3600000, 0x0000000100000000)
  eden space 123392K, 0% used [0x00000000d6580000,0x00000000d6580000,0x00000000dde00000)
  from space 512K, 6% used [0x00000000f3500000,0x00000000f3508000,0x00000000f3580000)
  to   space 512K, 0% used [0x00000000f3580000,0x00000000f3580000,0x00000000f3600000)
 ParOldGen       total 86016K, used 12917K [0x0000000083000000, 0x0000000088400000, 0x00000000d6580000)
  object space 86016K, 15% used [0x0000000083000000,0x0000000083c9d5a0,0x0000000088400000)
 Metaspace       used 10883K, capacity 11561K, committed 11904K, reserved 1060864K
  class space    used 1132K, capacity 1293K, committed 1408K, reserved 1048576K
}
Event: 448.850 GC heap before
{Heap before GC invocations=234 (full 0):
 PSYoungGen      total 123904K, used 123424K [0x00000000d6580000, 0x00000000f3600000, 0x0000000100000000)
  eden space 123392K, 100% used [0x00000000d6580000,0x00000000dde00000,0x00000000dde00000)
  from space 512K, 6% used [0x00000000f3500000,0x00000000f3508000,0x00000000f3580000)
  to   space 512K, 0% used [0x00000000f3580000,0x00000000f3580000,0x00000000f3600000)
 ParOldGen       total 86016K, used 12917K [0x0000000083000000, 0x0000000088400000, 0x00000000d6580000)
  object space 86016K, 15% used [0x0000000083000000,0x0000000083c9d5a0,0x0000000088400000)
 Metaspace       used 10883K, capacity 11561K, committed 11904K, reserved 1060864K
  class space    used 1132K, capacity 1293K, committed 1408K, reserved 1048576K
Event: 448.851 GC heap after
Heap after GC invocations=234 (full 0):
 PSYoungGen      total 148992K, used 32K [0x00000000d6580000, 0x00000000f3600000, 0x0000000100000000)
  eden space 148480K, 0% used [0x00000000d6580000,0x00000000d6580000,0x00000000df680000)
  from space 512K, 6% used [0x00000000f3580000,0x00000000f3588000,0x00000000f3600000)
  to   space 512K, 0% used [0x00000000f3500000,0x00000000f3500000,0x00000000f3580000)
 ParOldGen       total 86016K, used 12917K [0x0000000083000000, 0x0000000088400000, 0x00000000d6580000)
  object space 86016K, 15% used [0x0000000083000000,0x0000000083c9d5a0,0x0000000088400000)
 Metaspace       used 10883K, capacity 11561K, committed 11904K, reserved 1060864K
  class space    used 1132K, capacity 1293K, committed 1408K, reserved 1048576K
}
Event: 448.905 GC heap before
{Heap before GC invocations=235 (full 0):
 PSYoungGen      total 148992K, used 148512K [0x00000000d6580000, 0x00000000f3600000, 0x0000000100000000)
  eden space 148480K, 100% used [0x00000000d6580000,0x00000000df680000,0x00000000df680000)
  from space 512K, 6% used [0x00000000f3580000,0x00000000f3588000,0x00000000f3600000)
  to   space 512K, 0% used [0x00000000f3500000,0x00000000f3500000,0x00000000f3580000)
 ParOldGen       total 86016K, used 12917K [0x0000000083000000, 0x0000000088400000, 0x00000000d6580000)
  object space 86016K, 15% used [0x0000000083000000,0x0000000083c9d5a0,0x0000000088400000)
 Metaspace       used 10883K, capacity 11561K, committed 11904K, reserved 1060864K
  class space    used 1132K, capacity 1293K, committed 1408K, reserved 1048576K
Event: 448.906 GC heap after
Heap after GC invocations=235 (full 0):
 PSYoungGen      total 143360K, used 32K [0x00000000d6580000, 0x00000000f3600000, 0x0000000100000000)
  eden space 142848K, 0% used [0x00000000d6580000,0x00000000d6580000,0x00000000df100000)
  from space 512K, 6% used [0x00000000f3500000,0x00000000f3508000,0x00000000f3580000)
  to   space 512K, 0% used [0x00000000f3580000,0x00000000f3580000,0x00000000f3600000)
 ParOldGen       total 86016K, used 12917K [0x0000000083000000, 0x0000000088400000, 0x00000000d6580000)
  object space 86016K, 15% used [0x0000000083000000,0x0000000083c9d5a0,0x0000000088400000)
 Metaspace       used 10883K, capacity 11561K, committed 11904K, reserved 1060864K
  class space    used 1132K, capacity 1293K, committed 1408K, reserved 1048576K
}
Event: 448.957 GC heap before
{Heap before GC invocations=236 (full 0):
 PSYoungGen      total 143360K, used 142880K [0x00000000d6580000, 0x00000000f3600000, 0x0000000100000000)
  eden space 142848K, 100% used [0x00000000d6580000,0x00000000df100000,0x00000000df100000)
  from space 512K, 6% used [0x00000000f3500000,0x00000000f3508000,0x00000000f3580000)
  to   space 512K, 0% used [0x00000000f3580000,0x00000000f3580000,0x00000000f3600000)
 ParOldGen       total 86016K, used 12917K [0x0000000083000000, 0x0000000088400000, 0x00000000d6580000)
  object space 86016K, 15% used [0x0000000083000000,0x0000000083c9d5a0,0x0000000088400000)
 Metaspace       used 10883K, capacity 11561K, committed 11904K, reserved 1060864K
  class space    used 1132K, capacity 1293K, committed 1408K, reserved 1048576K
Event: 448.957 GC heap after
Heap after GC invocations=236 (full 0):
 PSYoungGen      total 137728K, used 32K [0x00000000d6580000, 0x00000000f3600000, 0x0000000100000000)
  eden space 137216K, 0% used [0x00000000d6580000,0x00000000d6580000,0x00000000deb80000)
  from space 512K, 6% used [0x00000000f3580000,0x00000000f3588000,0x00000000f3600000)
  to   space 512K, 0% used [0x00000000f3500000,0x00000000f3500000,0x00000000f3580000)
 ParOldGen       total 86016K, used 12917K [0x0000000083000000, 0x0000000088400000, 0x00000000d6580000)
  object space 86016K, 15% used [0x0000000083000000,0x0000000083c9d5a0,0x0000000088400000)
 Metaspace       used 10883K, capacity 11561K, committed 11904K, reserved 1060864K
  class space    used 1132K, capacity 1293K, committed 1408K, reserved 1048576K
}
Event: 449.006 GC heap before
{Heap before GC invocations=237 (full 0):
 PSYoungGen      total 137728K, used 137248K [0x00000000d6580000, 0x00000000f3600000, 0x0000000100000000)
  eden space 137216K, 100% used [0x00000000d6580000,0x00000000deb80000,0x00000000deb80000)
  from space 512K, 6% used [0x00000000f3580000,0x00000000f3588000,0x00000000f3600000)
  to   space 512K, 0% used [0x00000000f3500000,0x00000000f3500000,0x00000000f3580000)
 ParOldGen       total 86016K, used 12917K [0x0000000083000000, 0x0000000088400000, 0x00000000d6580000)
  object space 86016K, 15% used [0x0000000083000000,0x0000000083c9d5a0,0x0000000088400000)
 Metaspace       used 10883K, capacity 11561K, committed 11904K, reserved 1060864K
  class space    used 1132K, capacity 1293K, committed 1408K, reserved 1048576K
Event: 449.007 GC heap after
Heap after GC invocations=237 (full 0):
 PSYoungGen      total 132608K, used 32K [0x00000000d6580000, 0x00000000f3600000, 0x0000000100000000)
  eden space 132096K, 0% used [0x00000000d6580000,0x00000000d6580000,0x00000000de680000)
  from space 512K, 6% used [0x00000000f3500000,0x00000000f3508000,0x00000000f3580000)
  to   space 512K, 0% used [0x00000000f3580000,0x00000000f3580000,0x00000000f3600000)
 ParOldGen       total 86016K, used 12917K [0x0000000083000000, 0x0000000088400000, 0x00000000d6580000)
  object space 86016K, 15% used [0x0000000083000000,0x0000000083c9d5a0,0x0000000088400000)
 Metaspace       used 10883K, capacity 11561K, committed 11904K, reserved 1060864K
  class space    used 1132K, capacity 1293K, committed 1408K, reserved 1048576K
}

