# JRE version: Java(TM) SE Runtime Environment (8.0_65-b17) (build 1.8.0_65-b17)
# Java VM: Java HotSpot(TM) 64-Bit Server VM (25.65-b01 mixed mode windows-amd64 compressed oops)
Heap:
 PSYoungGen      total 459264K, used 128482K [0x00000000d6580000, 0x00000000ff100000, 0x0000000100000000)
  eden space 458752K, 28% used [0x00000000d6580000,0x00000000de2f0b18,0x00000000f2580000)
  from space 512K, 6% used [0x00000000ff080000,0x00000000ff088000,0x00000000ff100000)
  to   space 2560K, 0% used [0x00000000fec00000,0x00000000fec00000,0x00000000fee80000)
 ParOldGen       total 86016K, used 5061K [0x0000000083000000, 0x0000000088400000, 0x00000000d6580000)
  object space 86016K, 5% used [0x0000000083000000,0x00000000834f16d0,0x0000000088400000)
 Metaspace       used 10494K, capacity 11087K, committed 11264K, reserved 1058816K
  class space    used 1093K, capacity 1230K, committed 1280K, reserved 1048576K
GC Heap History (10 events):
Event: 23.750 GC heap before
{Heap before GC invocations=30 (full 0):
 PSYoungGen      total 586240K, used 582688K [0x00000000d6580000, 0x00000000ff880000, 0x0000000100000000)
  eden space 582656K, 100% used [0x00000000d6580000,0x00000000f9e80000,0x00000000f9e80000)
  from space 3584K, 0% used [0x00000000ff180000,0x00000000ff188000,0x00000000ff500000)
  to   space 3584K, 0% used [0x00000000ff500000,0x00000000ff500000,0x00000000ff880000)
 ParOldGen       total 86016K, used 5061K [0x0000000083000000, 0x0000000088400000, 0x00000000d6580000)
  object space 86016K, 5% used [0x0000000083000000,0x00000000834f16d0,0x0000000088400000)
 Metaspace       used 10489K, capacity 11079K, committed 11264K, reserved 1058816K
  class space    used 1092K, capacity 1228K, committed 1280K, reserved 1048576K
Event: 23.751 GC heap after
Heap after GC invocations=30 (full 0):
 PSYoungGen      total 556032K, used 32K [0x00000000d6580000, 0x00000000ff580000, 0x0000000100000000)
  eden space 555520K, 0% used [0x00000000d6580000,0x00000000d6580000,0x00000000f8400000)
  from space 512K, 6% used [0x00000000ff500000,0x00000000ff508000,0x00000000ff580000)
  to   space 3072K, 0% used [0x00000000fef80000,0x00000000fef80000,0x00000000ff280000)
 ParOldGen       total 86016K, used 5061K [0x0000000083000000, 0x0000000088400000, 0x00000000d6580000)
  object space 86016K, 5% used [0x0000000083000000,0x00000000834f16d0,0x0000000088400000)
 Metaspace       used 10489K, capacity 11079K, committed 11264K, reserved 1058816K
  class space    used 1092K, capacity 1228K, committed 1280K, reserved 1048576K
}
Event: 23.850 GC heap before
{Heap before GC invocations=31 (full 0):
 PSYoungGen      total 556032K, used 555552K [0x00000000d6580000, 0x00000000ff580000, 0x0000000100000000)
  eden space 555520K, 100% used [0x00000000d6580000,0x00000000f8400000,0x00000000f8400000)
  from space 512K, 6% used [0x00000000ff500000,0x00000000ff508000,0x00000000ff580000)
  to   space 3072K, 0% used [0x00000000fef80000,0x00000000fef80000,0x00000000ff280000)
 ParOldGen       total 86016K, used 5061K [0x0000000083000000, 0x0000000088400000, 0x00000000d6580000)
  object space 86016K, 5% used [0x0000000083000000,0x00000000834f16d0,0x0000000088400000)
 Metaspace       used 10489K, capacity 11079K, committed 11264K, reserved 1058816K
  class space    used 1092K, capacity 1228K, committed 1280K, reserved 1048576K
Event: 23.850 GC heap after
Heap after GC invocations=31 (full 0):
 PSYoungGen      total 532480K, used 32K [0x00000000d6580000, 0x00000000ff580000, 0x0000000100000000)
  eden space 529408K, 0% used [0x00000000d6580000,0x00000000d6580000,0x00000000f6a80000)
  from space 3072K, 1% used [0x00000000fef80000,0x00000000fef88000,0x00000000ff280000)
  to   space 3072K, 0% used [0x00000000ff280000,0x00000000ff280000,0x00000000ff580000)
 ParOldGen       total 86016K, used 5061K [0x0000000083000000, 0x0000000088400000, 0x00000000d6580000)
  object space 86016K, 5% used [0x0000000083000000,0x00000000834f16d0,0x0000000088400000)
 Metaspace       used 10489K, capacity 11079K, committed 11264K, reserved 1058816K
  class space    used 1092K, capacity 1228K, committed 1280K, reserved 1048576K
}
Event: 23.946 GC heap before
{Heap before GC invocations=32 (full 0):
 PSYoungGen      total 532480K, used 529440K [0x00000000d6580000, 0x00000000ff580000, 0x0000000100000000)
  eden space 529408K, 100% used [0x00000000d6580000,0x00000000f6a80000,0x00000000f6a80000)
  from space 3072K, 1% used [0x00000000fef80000,0x00000000fef88000,0x00000000ff280000)
  to   space 3072K, 0% used [0x00000000ff280000,0x00000000ff280000,0x00000000ff580000)
 ParOldGen       total 86016K, used 5061K [0x0000000083000000, 0x0000000088400000, 0x00000000d6580000)
  object space 86016K, 5% used [0x0000000083000000,0x00000000834f16d0,0x0000000088400000)
 Metaspace       used 10489K, capacity 11079K, committed 11264K, reserved 1058816K
  class space    used 1092K, capacity 1228K, committed 1280K, reserved 1048576K
Event: 23.947 GC heap after
Heap after GC invocations=32 (full 0):
 PSYoungGen      total 505344K, used 32K [0x00000000d6580000, 0x00000000ff300000, 0x0000000100000000)
  eden space 504832K, 0% used [0x00000000d6580000,0x00000000d6580000,0x00000000f5280000)
  from space 512K, 6% used [0x00000000ff280000,0x00000000ff288000,0x00000000ff300000)
  to   space 3072K, 0% used [0x00000000fed00000,0x00000000fed00000,0x00000000ff000000)
 ParOldGen       total 86016K, used 5061K [0x0000000083000000, 0x0000000088400000, 0x00000000d6580000)
  object space 86016K, 5% used [0x0000000083000000,0x00000000834f16d0,0x0000000088400000)
 Metaspace       used 10489K, capacity 11079K, committed 11264K, reserved 1058816K
  class space    used 1092K, capacity 1228K, committed 1280K, reserved 1048576K
}
Event: 24.038 GC heap before
{Heap before GC invocations=33 (full 0):
 PSYoungGen      total 505344K, used 504864K [0x00000000d6580000, 0x00000000ff300000, 0x0000000100000000)
  eden space 504832K, 100% used [0x00000000d6580000,0x00000000f5280000,0x00000000f5280000)
  from space 512K, 6% used [0x00000000ff280000,0x00000000ff288000,0x00000000ff300000)
  to   space 3072K, 0% used [0x00000000fed00000,0x00000000fed00000,0x00000000ff000000)
 ParOldGen       total 86016K, used 5061K [0x0000000083000000, 0x0000000088400000, 0x00000000d6580000)
  object space 86016K, 5% used [0x0000000083000000,0x00000000834f16d0,0x0000000088400000)
 Metaspace       used 10489K, capacity 11079K, committed 11264K, reserved 1058816K
  class space    used 1092K, capacity 1228K, committed 1280K, reserved 1048576K
Event: 24.038 GC heap after
Heap after GC invocations=33 (full 0):
 PSYoungGen      total 484352K, used 32K [0x00000000d6580000, 0x00000000ff300000, 0x0000000100000000)
  eden space 481280K, 0% used [0x00000000d6580000,0x00000000d6580000,0x00000000f3b80000)
  from space 3072K, 1% used [0x00000000fed00000,0x00000000fed08000,0x00000000ff000000)
  to   space 2560K, 0% used [0x00000000ff080000,0x00000000ff080000,0x00000000ff300000)
 ParOldGen       total 86016K, used 5061K [0x0000000083000000, 0x0000000088400000, 0x00000000d6580000)
  object space 86016K, 5% used [0x0000000083000000,0x00000000834f16d0,0x0000000088400000)
 Metaspace       used 10489K, capacity 11079K, committed 11264K, reserved 1058816K
  class space    used 1092K, capacity 1228K, committed 1280K, reserved 1048576K
}
Event: 24.125 GC heap before
{Heap before GC invocations=34 (full 0):
 PSYoungGen      total 484352K, used 481312K [0x00000000d6580000, 0x00000000ff300000, 0x0000000100000000)
  eden space 481280K, 100% used [0x00000000d6580000,0x00000000f3b80000,0x00000000f3b80000)
  from space 3072K, 1% used [0x00000000fed00000,0x00000000fed08000,0x00000000ff000000)
  to   space 2560K, 0% used [0x00000000ff080000,0x00000000ff080000,0x00000000ff300000)
 ParOldGen       total 86016K, used 5061K [0x0000000083000000, 0x0000000088400000, 0x00000000d6580000)
  object space 86016K, 5% used [0x0000000083000000,0x00000000834f16d0,0x0000000088400000)
 Metaspace       used 10489K, capacity 11079K, committed 11264K, reserved 1058816K
  class space    used 1092K, capacity 1228K, committed 1280K, reserved 1048576K
Event: 24.126 GC heap after
Heap after GC invocations=34 (full 0):
 PSYoungGen      total 459264K, used 32K [0x00000000d6580000, 0x00000000ff100000, 0x0000000100000000)
  eden space 458752K, 0% used [0x00000000d6580000,0x00000000d6580000,0x00000000f2580000)
  from space 512K, 6% used [0x00000000ff080000,0x00000000ff088000,0x00000000ff100000)
  to   space 2560K, 0% used [0x00000000fec00000,0x00000000fec00000,0x00000000fee80000)
 ParOldGen       total 86016K, used 5061K [0x0000000083000000, 0x0000000088400000, 0x00000000d6580000)
  object space 86016K, 5% used [0x0000000083000000,0x00000000834f16d0,0x0000000088400000)
 Metaspace       used 10489K, capacity 11079K, committed 11264K, reserved 1058816K
  class space    used 1092K, capacity 1228K, committed 1280K, reserved 1048576K
}

