# JRE version: Java(TM) SE Runtime Environment (8.0_51-b16) (build 1.8.0_51-b16)
# Java VM: Java HotSpot(TM) 64-Bit Server VM (25.51-b03 mixed mode windows-amd64 compressed oops)
Heap:
 PSYoungGen      total 219648K, used 95696K [0x00000000d6000000, 0x00000000fac80000, 0x0000000100000000)
  eden space 219136K, 43% used [0x00000000d6000000,0x00000000dbd4c3f8,0x00000000e3600000)
  from space 512K, 31% used [0x00000000fac00000,0x00000000fac28000,0x00000000fac80000)
  to   space 3072K, 0% used [0x00000000fa680000,0x00000000fa680000,0x00000000fa980000)
 ParOldGen       total 86016K, used 12613K [0x0000000082000000, 0x0000000087400000, 0x00000000d6000000)
  object space 86016K, 14% used [0x0000000082000000,0x0000000082c51530,0x0000000087400000)
 Metaspace       used 10908K, capacity 11571K, committed 11904K, reserved 1060864K
  class space    used 1145K, capacity 1304K, committed 1408K, reserved 1048576K
GC Heap History (10 events):
Event: 3.983 GC heap before
{Heap before GC invocations=32 (full 0):
 PSYoungGen      total 276992K, used 272992K [0x00000000d6000000, 0x00000000fb580000, 0x0000000100000000)
  eden space 272896K, 100% used [0x00000000d6000000,0x00000000e6a80000,0x00000000e6a80000)
  from space 4096K, 2% used [0x00000000fad80000,0x00000000fad98000,0x00000000fb180000)
  to   space 4096K, 0% used [0x00000000fb180000,0x00000000fb180000,0x00000000fb580000)
 ParOldGen       total 86016K, used 12477K [0x0000000082000000, 0x0000000087400000, 0x00000000d6000000)
  object space 86016K, 14% used [0x0000000082000000,0x0000000082c2f530,0x0000000087400000)
 Metaspace       used 10418K, capacity 10951K, committed 11008K, reserved 1058816K
  class space    used 1082K, capacity 1238K, committed 1280K, reserved 1048576K
Event: 3.984 GC heap after
Heap after GC invocations=32 (full 0):
 PSYoungGen      total 261632K, used 160K [0x00000000d6000000, 0x00000000fb200000, 0x0000000100000000)
  eden space 261120K, 0% used [0x00000000d6000000,0x00000000d6000000,0x00000000e5f00000)
  from space 512K, 31% used [0x00000000fb180000,0x00000000fb1a8000,0x00000000fb200000)
  to   space 3584K, 0% used [0x00000000fab00000,0x00000000fab00000,0x00000000fae80000)
 ParOldGen       total 86016K, used 12485K [0x0000000082000000, 0x0000000087400000, 0x00000000d6000000)
  object space 86016K, 14% used [0x0000000082000000,0x0000000082c31530,0x0000000087400000)
 Metaspace       used 10418K, capacity 10951K, committed 11008K, reserved 1058816K
  class space    used 1082K, capacity 1238K, committed 1280K, reserved 1048576K
}
Event: 4.041 GC heap before
{Heap before GC invocations=33 (full 0):
 PSYoungGen      total 261632K, used 261280K [0x00000000d6000000, 0x00000000fb200000, 0x0000000100000000)
  eden space 261120K, 100% used [0x00000000d6000000,0x00000000e5f00000,0x00000000e5f00000)
  from space 512K, 31% used [0x00000000fb180000,0x00000000fb1a8000,0x00000000fb200000)
  to   space 3584K, 0% used [0x00000000fab00000,0x00000000fab00000,0x00000000fae80000)
 ParOldGen       total 86016K, used 12485K [0x0000000082000000, 0x0000000087400000, 0x00000000d6000000)
  object space 86016K, 14% used [0x0000000082000000,0x0000000082c31530,0x0000000087400000)
 Metaspace       used 10418K, capacity 10951K, committed 11008K, reserved 1058816K
  class space    used 1082K, capacity 1238K, committed 1280K, reserved 1048576K
Event: 4.042 GC heap after
Heap after GC invocations=33 (full 0):
 PSYoungGen      total 253440K, used 96K [0x00000000d6000000, 0x00000000fb200000, 0x0000000100000000)
  eden space 249856K, 0% used [0x00000000d6000000,0x00000000d6000000,0x00000000e5400000)
  from space 3584K, 2% used [0x00000000fab00000,0x00000000fab18000,0x00000000fae80000)
  to   space 3584K, 0% used [0x00000000fae80000,0x00000000fae80000,0x00000000fb200000)
 ParOldGen       total 86016K, used 12485K [0x0000000082000000, 0x0000000087400000, 0x00000000d6000000)
  object space 86016K, 14% used [0x0000000082000000,0x0000000082c31530,0x0000000087400000)
 Metaspace       used 10418K, capacity 10951K, committed 11008K, reserved 1058816K
  class space    used 1082K, capacity 1238K, committed 1280K, reserved 1048576K
}
Event: 18.832 GC heap before
{Heap before GC invocations=34 (full 0):
 PSYoungGen      total 253440K, used 249952K [0x00000000d6000000, 0x00000000fb200000, 0x0000000100000000)
  eden space 249856K, 100% used [0x00000000d6000000,0x00000000e5400000,0x00000000e5400000)
  from space 3584K, 2% used [0x00000000fab00000,0x00000000fab18000,0x00000000fae80000)
  to   space 3584K, 0% used [0x00000000fae80000,0x00000000fae80000,0x00000000fb200000)
 ParOldGen       total 86016K, used 12485K [0x0000000082000000, 0x0000000087400000, 0x00000000d6000000)
  object space 86016K, 14% used [0x0000000082000000,0x0000000082c31530,0x0000000087400000)
 Metaspace       used 10908K, capacity 11571K, committed 11904K, reserved 1060864K
  class space    used 1145K, capacity 1304K, committed 1408K, reserved 1048576K
Event: 18.833 GC heap after
Heap after GC invocations=34 (full 0):
 PSYoungGen      total 239616K, used 224K [0x00000000d6000000, 0x00000000faf00000, 0x0000000100000000)
  eden space 239104K, 0% used [0x00000000d6000000,0x00000000d6000000,0x00000000e4980000)
  from space 512K, 43% used [0x00000000fae80000,0x00000000faeb8000,0x00000000faf00000)
  to   space 3072K, 0% used [0x00000000fa900000,0x00000000fa900000,0x00000000fac00000)
 ParOldGen       total 86016K, used 12493K [0x0000000082000000, 0x0000000087400000, 0x00000000d6000000)
  object space 86016K, 14% used [0x0000000082000000,0x0000000082c33530,0x0000000087400000)
 Metaspace       used 10908K, capacity 11571K, committed 11904K, reserved 1060864K
  class space    used 1145K, capacity 1304K, committed 1408K, reserved 1048576K
}
Event: 19.894 GC heap before
{Heap before GC invocations=35 (full 0):
 PSYoungGen      total 239616K, used 239328K [0x00000000d6000000, 0x00000000faf00000, 0x0000000100000000)
  eden space 239104K, 100% used [0x00000000d6000000,0x00000000e4980000,0x00000000e4980000)
  from space 512K, 43% used [0x00000000fae80000,0x00000000faeb8000,0x00000000faf00000)
  to   space 3072K, 0% used [0x00000000fa900000,0x00000000fa900000,0x00000000fac00000)
 ParOldGen       total 86016K, used 12493K [0x0000000082000000, 0x0000000087400000, 0x00000000d6000000)
  object space 86016K, 14% used [0x0000000082000000,0x0000000082c33530,0x0000000087400000)
 Metaspace       used 10908K, capacity 11571K, committed 11904K, reserved 1060864K
  class space    used 1145K, capacity 1304K, committed 1408K, reserved 1048576K
Event: 19.895 GC heap after
Heap after GC invocations=35 (full 0):
 PSYoungGen      total 231936K, used 128K [0x00000000d6000000, 0x00000000faf00000, 0x0000000100000000)
  eden space 228864K, 0% used [0x00000000d6000000,0x00000000d6000000,0x00000000e3f80000)
  from space 3072K, 4% used [0x00000000fa900000,0x00000000fa920000,0x00000000fac00000)
  to   space 3072K, 0% used [0x00000000fac00000,0x00000000fac00000,0x00000000faf00000)
 ParOldGen       total 86016K, used 12605K [0x0000000082000000, 0x0000000087400000, 0x00000000d6000000)
  object space 86016K, 14% used [0x0000000082000000,0x0000000082c4f530,0x0000000087400000)
 Metaspace       used 10908K, capacity 11571K, committed 11904K, reserved 1060864K
  class space    used 1145K, capacity 1304K, committed 1408K, reserved 1048576K
}
Event: 21.121 GC heap before
{Heap before GC invocations=36 (full 0):
 PSYoungGen      total 231936K, used 228992K [0x00000000d6000000, 0x00000000faf00000, 0x0000000100000000)
  eden space 228864K, 100% used [0x00000000d6000000,0x00000000e3f80000,0x00000000e3f80000)
  from space 3072K, 4% used [0x00000000fa900000,0x00000000fa920000,0x00000000fac00000)
  to   space 3072K, 0% used [0x00000000fac00000,0x00000000fac00000,0x00000000faf00000)
 ParOldGen       total 86016K, used 12605K [0x0000000082000000, 0x0000000087400000, 0x00000000d6000000)
  object space 86016K, 14% used [0x0000000082000000,0x0000000082c4f530,0x0000000087400000)
 Metaspace       used 10908K, capacity 11571K, committed 11904K, reserved 1060864K
  class space    used 1145K, capacity 1304K, committed 1408K, reserved 1048576K
Event: 21.122 GC heap after
Heap after GC invocations=36 (full 0):
 PSYoungGen      total 219648K, used 160K [0x00000000d6000000, 0x00000000fac80000, 0x0000000100000000)
  eden space 219136K, 0% used [0x00000000d6000000,0x00000000d6000000,0x00000000e3600000)
  from space 512K, 31% used [0x00000000fac00000,0x00000000fac28000,0x00000000fac80000)
  to   space 3072K, 0% used [0x00000000fa680000,0x00000000fa680000,0x00000000fa980000)
 ParOldGen       total 86016K, used 12613K [0x0000000082000000, 0x0000000087400000, 0x00000000d6000000)
  object space 86016K, 14% used [0x0000000082000000,0x0000000082c51530,0x0000000087400000)
 Metaspace       used 10908K, capacity 11571K, committed 11904K, reserved 1060864K
  class space    used 1145K, capacity 1304K, committed 1408K, reserved 1048576K
}

