# JRE version: Java(TM) SE Runtime Environment (8.0_51-b16) (build 1.8.0_51-b16)
# Java VM: Java HotSpot(TM) 64-Bit Server VM (25.51-b03 mixed mode windows-amd64 compressed oops)
Heap:
 PSYoungGen      total 297984K, used 46829K [0x00000000d6000000, 0x00000000f4580000, 0x0000000100000000)
  eden space 291840K, 15% used [0x00000000d6000000,0x00000000d8d93718,0x00000000e7d00000)
  from space 6144K, 2% used [0x00000000f3980000,0x00000000f39a8000,0x00000000f3f80000)
  to   space 5632K, 0% used [0x00000000f4000000,0x00000000f4000000,0x00000000f4580000)
 ParOldGen       total 86016K, used 14093K [0x0000000082000000, 0x0000000087400000, 0x00000000d6000000)
  object space 86016K, 16% used [0x0000000082000000,0x0000000082dc3590,0x0000000087400000)
 Metaspace       used 10712K, capacity 11359K, committed 11520K, reserved 1058816K
  class space    used 1115K, capacity 1246K, committed 1280K, reserved 1048576K
GC Heap History (10 events):
Event: 6.183 GC heap before
{Heap before GC invocations=23 (full 0):
 PSYoungGen      total 367104K, used 366752K [0x00000000d6000000, 0x00000000f5280000, 0x0000000100000000)
  eden space 366592K, 100% used [0x00000000d6000000,0x00000000ec600000,0x00000000ec600000)
  from space 512K, 31% used [0x00000000f5200000,0x00000000f5228000,0x00000000f5280000)
  to   space 8192K, 0% used [0x00000000f4280000,0x00000000f4280000,0x00000000f4a80000)
 ParOldGen       total 86016K, used 14021K [0x0000000082000000, 0x0000000087400000, 0x00000000d6000000)
  object space 86016K, 16% used [0x0000000082000000,0x0000000082db1590,0x0000000087400000)
 Metaspace       used 10473K, capacity 11053K, committed 11264K, reserved 1058816K
  class space    used 1093K, capacity 1231K, committed 1280K, reserved 1048576K
Event: 6.183 GC heap after
Heap after GC invocations=23 (full 0):
 PSYoungGen      total 358400K, used 96K [0x00000000d6000000, 0x00000000f5280000, 0x0000000100000000)
  eden space 350208K, 0% used [0x00000000d6000000,0x00000000d6000000,0x00000000eb600000)
  from space 8192K, 1% used [0x00000000f4280000,0x00000000f4298000,0x00000000f4a80000)
  to   space 7680K, 0% used [0x00000000f4b00000,0x00000000f4b00000,0x00000000f5280000)
 ParOldGen       total 86016K, used 14021K [0x0000000082000000, 0x0000000087400000, 0x00000000d6000000)
  object space 86016K, 16% used [0x0000000082000000,0x0000000082db1590,0x0000000087400000)
 Metaspace       used 10473K, capacity 11053K, committed 11264K, reserved 1058816K
  class space    used 1093K, capacity 1231K, committed 1280K, reserved 1048576K
}
Event: 6.300 GC heap before
{Heap before GC invocations=24 (full 0):
 PSYoungGen      total 358400K, used 350304K [0x00000000d6000000, 0x00000000f5280000, 0x0000000100000000)
  eden space 350208K, 100% used [0x00000000d6000000,0x00000000eb600000,0x00000000eb600000)
  from space 8192K, 1% used [0x00000000f4280000,0x00000000f4298000,0x00000000f4a80000)
  to   space 7680K, 0% used [0x00000000f4b00000,0x00000000f4b00000,0x00000000f5280000)
 ParOldGen       total 86016K, used 14021K [0x0000000082000000, 0x0000000087400000, 0x00000000d6000000)
  object space 86016K, 16% used [0x0000000082000000,0x0000000082db1590,0x0000000087400000)
 Metaspace       used 10473K, capacity 11053K, committed 11264K, reserved 1058816K
  class space    used 1093K, capacity 1231K, committed 1280K, reserved 1048576K
Event: 6.301 GC heap after
Heap after GC invocations=24 (full 0):
 PSYoungGen      total 334848K, used 96K [0x00000000d6000000, 0x00000000f4b80000, 0x0000000100000000)
  eden space 334336K, 0% used [0x00000000d6000000,0x00000000d6000000,0x00000000ea680000)
  from space 512K, 18% used [0x00000000f4b00000,0x00000000f4b18000,0x00000000f4b80000)
  to   space 7168K, 0% used [0x00000000f3d80000,0x00000000f3d80000,0x00000000f4480000)
 ParOldGen       total 86016K, used 14021K [0x0000000082000000, 0x0000000087400000, 0x00000000d6000000)
  object space 86016K, 16% used [0x0000000082000000,0x0000000082db1590,0x0000000087400000)
 Metaspace       used 10473K, capacity 11053K, committed 11264K, reserved 1058816K
  class space    used 1093K, capacity 1231K, committed 1280K, reserved 1048576K
}
Event: 6.411 GC heap before
{Heap before GC invocations=25 (full 0):
 PSYoungGen      total 334848K, used 334432K [0x00000000d6000000, 0x00000000f4b80000, 0x0000000100000000)
  eden space 334336K, 100% used [0x00000000d6000000,0x00000000ea680000,0x00000000ea680000)
  from space 512K, 18% used [0x00000000f4b00000,0x00000000f4b18000,0x00000000f4b80000)
  to   space 7168K, 0% used [0x00000000f3d80000,0x00000000f3d80000,0x00000000f4480000)
 ParOldGen       total 86016K, used 14021K [0x0000000082000000, 0x0000000087400000, 0x00000000d6000000)
  object space 86016K, 16% used [0x0000000082000000,0x0000000082db1590,0x0000000087400000)
 Metaspace       used 10473K, capacity 11053K, committed 11264K, reserved 1058816K
  class space    used 1093K, capacity 1231K, committed 1280K, reserved 1048576K
Event: 6.411 GC heap after
Heap after GC invocations=25 (full 0):
 PSYoungGen      total 326656K, used 96K [0x00000000d6000000, 0x00000000f4b80000, 0x0000000100000000)
  eden space 319488K, 0% used [0x00000000d6000000,0x00000000d6000000,0x00000000e9800000)
  from space 7168K, 1% used [0x00000000f3d80000,0x00000000f3d98000,0x00000000f4480000)
  to   space 6656K, 0% used [0x00000000f4500000,0x00000000f4500000,0x00000000f4b80000)
 ParOldGen       total 86016K, used 14021K [0x0000000082000000, 0x0000000087400000, 0x00000000d6000000)
  object space 86016K, 16% used [0x0000000082000000,0x0000000082db1590,0x0000000087400000)
 Metaspace       used 10473K, capacity 11053K, committed 11264K, reserved 1058816K
  class space    used 1093K, capacity 1231K, committed 1280K, reserved 1048576K
}
Event: 13.033 GC heap before
{Heap before GC invocations=26 (full 0):
 PSYoungGen      total 326656K, used 319584K [0x00000000d6000000, 0x00000000f4b80000, 0x0000000100000000)
  eden space 319488K, 100% used [0x00000000d6000000,0x00000000e9800000,0x00000000e9800000)
  from space 7168K, 1% used [0x00000000f3d80000,0x00000000f3d98000,0x00000000f4480000)
  to   space 6656K, 0% used [0x00000000f4500000,0x00000000f4500000,0x00000000f4b80000)
 ParOldGen       total 86016K, used 14021K [0x0000000082000000, 0x0000000087400000, 0x00000000d6000000)
  object space 86016K, 16% used [0x0000000082000000,0x0000000082db1590,0x0000000087400000)
 Metaspace       used 10710K, capacity 11359K, committed 11520K, reserved 1058816K
  class space    used 1115K, capacity 1246K, committed 1280K, reserved 1048576K
Event: 13.034 GC heap after
Heap after GC invocations=26 (full 0):
 PSYoungGen      total 305664K, used 256K [0x00000000d6000000, 0x00000000f4580000, 0x0000000100000000)
  eden space 305152K, 0% used [0x00000000d6000000,0x00000000d6000000,0x00000000e8a00000)
  from space 512K, 50% used [0x00000000f4500000,0x00000000f4540000,0x00000000f4580000)
  to   space 6144K, 0% used [0x00000000f3980000,0x00000000f3980000,0x00000000f3f80000)
 ParOldGen       total 86016K, used 14029K [0x0000000082000000, 0x0000000087400000, 0x00000000d6000000)
  object space 86016K, 16% used [0x0000000082000000,0x0000000082db3590,0x0000000087400000)
 Metaspace       used 10710K, capacity 11359K, committed 11520K, reserved 1058816K
  class space    used 1115K, capacity 1246K, committed 1280K, reserved 1048576K
}
Event: 18.227 GC heap before
{Heap before GC invocations=27 (full 0):
 PSYoungGen      total 305664K, used 305408K [0x00000000d6000000, 0x00000000f4580000, 0x0000000100000000)
  eden space 305152K, 100% used [0x00000000d6000000,0x00000000e8a00000,0x00000000e8a00000)
  from space 512K, 50% used [0x00000000f4500000,0x00000000f4540000,0x00000000f4580000)
  to   space 6144K, 0% used [0x00000000f3980000,0x00000000f3980000,0x00000000f3f80000)
 ParOldGen       total 86016K, used 14029K [0x0000000082000000, 0x0000000087400000, 0x00000000d6000000)
  object space 86016K, 16% used [0x0000000082000000,0x0000000082db3590,0x0000000087400000)
 Metaspace       used 10712K, capacity 11359K, committed 11520K, reserved 1058816K
  class space    used 1115K, capacity 1246K, committed 1280K, reserved 1048576K
Event: 18.228 GC heap after
Heap after GC invocations=27 (full 0):
 PSYoungGen      total 297984K, used 160K [0x00000000d6000000, 0x00000000f4580000, 0x0000000100000000)
  eden space 291840K, 0% used [0x00000000d6000000,0x00000000d6000000,0x00000000e7d00000)
  from space 6144K, 2% used [0x00000000f3980000,0x00000000f39a8000,0x00000000f3f80000)
  to   space 5632K, 0% used [0x00000000f4000000,0x00000000f4000000,0x00000000f4580000)
 ParOldGen       total 86016K, used 14093K [0x0000000082000000, 0x0000000087400000, 0x00000000d6000000)
  object space 86016K, 16% used [0x0000000082000000,0x0000000082dc3590,0x0000000087400000)
 Metaspace       used 10712K, capacity 11359K, committed 11520K, reserved 1058816K
  class space    used 1115K, capacity 1246K, committed 1280K, reserved 1048576K
}

