# JRE version: Java(TM) SE Runtime Environment (8.0_65-b17) (build 1.8.0_65-b17)
# Java VM: Java HotSpot(TM) 64-Bit Server VM (25.65-b01 mixed mode windows-amd64 compressed oops)
Heap:
 PSYoungGen      total 67072K, used 9031K [0x00000000eb800000, 0x00000000efe00000, 0x0000000100000000)
  eden space 63488K, 10% used [0x00000000eb800000,0x00000000ebe8df10,0x00000000ef600000)
  from space 3584K, 64% used [0x00000000efa80000,0x00000000efcc4010,0x00000000efe00000)
  to   space 4096K, 0% used [0x00000000ef600000,0x00000000ef600000,0x00000000efa00000)
 ParOldGen       total 42496K, used 26287K [0x00000000c2800000, 0x00000000c5180000, 0x00000000eb800000)
  object space 42496K, 61% used [0x00000000c2800000,0x00000000c41abeb0,0x00000000c5180000)
 Metaspace       used 10804K, capacity 11401K, committed 11648K, reserved 1058816K
  class space    used 1163K, capacity 1299K, committed 1408K, reserved 1048576K
GC Heap History (10 events):
Event: 2.182 GC heap before
{Heap before GC invocations=2 (full 0):
 PSYoungGen      total 18432K, used 18416K [0x00000000eb800000, 0x00000000ecc80000, 0x0000000100000000)
  eden space 15872K, 100% used [0x00000000eb800000,0x00000000ec780000,0x00000000ec780000)
  from space 2560K, 99% used [0x00000000ec780000,0x00000000ec9fc020,0x00000000eca00000)
  to   space 2560K, 0% used [0x00000000eca00000,0x00000000eca00000,0x00000000ecc80000)
 ParOldGen       total 42496K, used 1695K [0x00000000c2800000, 0x00000000c5180000, 0x00000000eb800000)
  object space 42496K, 3% used [0x00000000c2800000,0x00000000c29a7e50,0x00000000c5180000)
 Metaspace       used 9441K, capacity 9689K, committed 9856K, reserved 1058816K
  class space    used 997K, capacity 1075K, committed 1152K, reserved 1048576K
Event: 2.196 GC heap after
Heap after GC invocations=2 (full 0):
 PSYoungGen      total 18432K, used 1872K [0x00000000eb800000, 0x00000000edc00000, 0x0000000100000000)
  eden space 15872K, 0% used [0x00000000eb800000,0x00000000eb800000,0x00000000ec780000)
  from space 2560K, 73% used [0x00000000eca00000,0x00000000ecbd4010,0x00000000ecc80000)
  to   space 2560K, 0% used [0x00000000ec780000,0x00000000ec780000,0x00000000eca00000)
 ParOldGen       total 42496K, used 1703K [0x00000000c2800000, 0x00000000c5180000, 0x00000000eb800000)
  object space 42496K, 4% used [0x00000000c2800000,0x00000000c29a9e50,0x00000000c5180000)
 Metaspace       used 9441K, capacity 9689K, committed 9856K, reserved 1058816K
  class space    used 997K, capacity 1075K, committed 1152K, reserved 1048576K
}
Event: 2.650 GC heap before
{Heap before GC invocations=3 (full 0):
 PSYoungGen      total 18432K, used 14761K [0x00000000eb800000, 0x00000000edc00000, 0x0000000100000000)
  eden space 15872K, 81% used [0x00000000eb800000,0x00000000ec4965e0,0x00000000ec780000)
  from space 2560K, 73% used [0x00000000eca00000,0x00000000ecbd4010,0x00000000ecc80000)
  to   space 2560K, 0% used [0x00000000ec780000,0x00000000ec780000,0x00000000eca00000)
 ParOldGen       total 42496K, used 1703K [0x00000000c2800000, 0x00000000c5180000, 0x00000000eb800000)
  object space 42496K, 4% used [0x00000000c2800000,0x00000000c29a9e50,0x00000000c5180000)
 Metaspace       used 10297K, capacity 10635K, committed 10752K, reserved 1058816K
  class space    used 1087K, capacity 1206K, committed 1280K, reserved 1048576K
Event: 2.663 GC heap after
Heap after GC invocations=3 (full 0):
 PSYoungGen      total 18432K, used 1968K [0x00000000eb800000, 0x00000000edc00000, 0x0000000100000000)
  eden space 15872K, 0% used [0x00000000eb800000,0x00000000eb800000,0x00000000ec780000)
  from space 2560K, 76% used [0x00000000ec780000,0x00000000ec96c010,0x00000000eca00000)
  to   space 2560K, 0% used [0x00000000ed980000,0x00000000ed980000,0x00000000edc00000)
 ParOldGen       total 42496K, used 9895K [0x00000000c2800000, 0x00000000c5180000, 0x00000000eb800000)
  object space 42496K, 23% used [0x00000000c2800000,0x00000000c31a9e70,0x00000000c5180000)
 Metaspace       used 10297K, capacity 10635K, committed 10752K, reserved 1058816K
  class space    used 1087K, capacity 1206K, committed 1280K, reserved 1048576K
}
Event: 2.719 GC heap before
{Heap before GC invocations=4 (full 0):
 PSYoungGen      total 18432K, used 17840K [0x00000000eb800000, 0x00000000edc00000, 0x0000000100000000)
  eden space 15872K, 100% used [0x00000000eb800000,0x00000000ec780000,0x00000000ec780000)
  from space 2560K, 76% used [0x00000000ec780000,0x00000000ec96c010,0x00000000eca00000)
  to   space 2560K, 0% used [0x00000000ed980000,0x00000000ed980000,0x00000000edc00000)
 ParOldGen       total 42496K, used 9895K [0x00000000c2800000, 0x00000000c5180000, 0x00000000eb800000)
  object space 42496K, 23% used [0x00000000c2800000,0x00000000c31a9e70,0x00000000c5180000)
 Metaspace       used 10301K, capacity 10635K, committed 10752K, reserved 1058816K
  class space    used 1087K, capacity 1206K, committed 1280K, reserved 1048576K
Event: 2.732 GC heap after
Heap after GC invocations=4 (full 0):
 PSYoungGen      total 34304K, used 1936K [0x00000000eb800000, 0x00000000edc00000, 0x0000000100000000)
  eden space 31744K, 0% used [0x00000000eb800000,0x00000000eb800000,0x00000000ed700000)
  from space 2560K, 75% used [0x00000000ed980000,0x00000000edb64010,0x00000000edc00000)
  to   space 2560K, 0% used [0x00000000ed700000,0x00000000ed700000,0x00000000ed980000)
 ParOldGen       total 42496K, used 18087K [0x00000000c2800000, 0x00000000c5180000, 0x00000000eb800000)
  object space 42496K, 42% used [0x00000000c2800000,0x00000000c39a9e90,0x00000000c5180000)
 Metaspace       used 10301K, capacity 10635K, committed 10752K, reserved 1058816K
  class space    used 1087K, capacity 1206K, committed 1280K, reserved 1048576K
}
Event: 2.871 GC heap before
{Heap before GC invocations=5 (full 0):
 PSYoungGen      total 34304K, used 33680K [0x00000000eb800000, 0x00000000edc00000, 0x0000000100000000)
  eden space 31744K, 100% used [0x00000000eb800000,0x00000000ed700000,0x00000000ed700000)
  from space 2560K, 75% used [0x00000000ed980000,0x00000000edb64010,0x00000000edc00000)
  to   space 2560K, 0% used [0x00000000ed700000,0x00000000ed700000,0x00000000ed980000)
 ParOldGen       total 42496K, used 18087K [0x00000000c2800000, 0x00000000c5180000, 0x00000000eb800000)
  object space 42496K, 42% used [0x00000000c2800000,0x00000000c39a9e90,0x00000000c5180000)
 Metaspace       used 10316K, capacity 10635K, committed 10752K, reserved 1058816K
  class space    used 1090K, capacity 1206K, committed 1280K, reserved 1048576K
Event: 2.885 GC heap after
Heap after GC invocations=5 (full 0):
 PSYoungGen      total 34304K, used 1968K [0x00000000eb800000, 0x00000000eff00000, 0x0000000100000000)
  eden space 31744K, 0% used [0x00000000eb800000,0x00000000eb800000,0x00000000ed700000)
  from space 2560K, 76% used [0x00000000ed700000,0x00000000ed8ec010,0x00000000ed980000)
  to   space 4608K, 0% used [0x00000000efa80000,0x00000000efa80000,0x00000000eff00000)
 ParOldGen       total 42496K, used 26279K [0x00000000c2800000, 0x00000000c5180000, 0x00000000eb800000)
  object space 42496K, 61% used [0x00000000c2800000,0x00000000c41a9eb0,0x00000000c5180000)
 Metaspace       used 10316K, capacity 10635K, committed 10752K, reserved 1058816K
  class space    used 1090K, capacity 1206K, committed 1280K, reserved 1048576K
}
Event: 2.971 GC heap before
{Heap before GC invocations=6 (full 0):
 PSYoungGen      total 34304K, used 33712K [0x00000000eb800000, 0x00000000eff00000, 0x0000000100000000)
  eden space 31744K, 100% used [0x00000000eb800000,0x00000000ed700000,0x00000000ed700000)
  from space 2560K, 76% used [0x00000000ed700000,0x00000000ed8ec010,0x00000000ed980000)
  to   space 4608K, 0% used [0x00000000efa80000,0x00000000efa80000,0x00000000eff00000)
 ParOldGen       total 42496K, used 26279K [0x00000000c2800000, 0x00000000c5180000, 0x00000000eb800000)
  object space 42496K, 61% used [0x00000000c2800000,0x00000000c41a9eb0,0x00000000c5180000)
 Metaspace       used 10366K, capacity 10763K, committed 11008K, reserved 1058816K
  class space    used 1099K, capacity 1218K, committed 1280K, reserved 1048576K
Event: 2.979 GC heap after
Heap after GC invocations=6 (full 0):
 PSYoungGen      total 67072K, used 2320K [0x00000000eb800000, 0x00000000efe00000, 0x0000000100000000)
  eden space 63488K, 0% used [0x00000000eb800000,0x00000000eb800000,0x00000000ef600000)
  from space 3584K, 64% used [0x00000000efa80000,0x00000000efcc4010,0x00000000efe00000)
  to   space 4096K, 0% used [0x00000000ef600000,0x00000000ef600000,0x00000000efa00000)
 ParOldGen       total 42496K, used 26287K [0x00000000c2800000, 0x00000000c5180000, 0x00000000eb800000)
  object space 42496K, 61% used [0x00000000c2800000,0x00000000c41abeb0,0x00000000c5180000)
 Metaspace       used 10366K, capacity 10763K, committed 11008K, reserved 1058816K
  class space    used 1099K, capacity 1218K, committed 1280K, reserved 1048576K
}

