# JRE version: Java(TM) SE Runtime Environment (8.0_65-b17) (build 1.8.0_65-b17)
# Java VM: Java HotSpot(TM) 64-Bit Server VM (25.65-b01 mixed mode windows-amd64 compressed oops)
Heap:
 PSYoungGen      total 464896K, used 407264K [0x00000000d6580000, 0x00000000fa700000, 0x0000000100000000)
  eden space 462336K, 88% used [0x00000000d6580000,0x00000000ef318200,0x00000000f2900000)
  from space 2560K, 5% used [0x00000000fa200000,0x00000000fa220000,0x00000000fa480000)
  to   space 2560K, 0% used [0x00000000fa480000,0x00000000fa480000,0x00000000fa700000)
 ParOldGen       total 86016K, used 12007K [0x0000000083000000, 0x0000000088400000, 0x00000000d6580000)
  object space 86016K, 13% used [0x0000000083000000,0x0000000083bb9c80,0x0000000088400000)
 Metaspace       used 10667K, capacity 11287K, committed 11520K, reserved 1058816K
  class space    used 1115K, capacity 1246K, committed 1280K, reserved 1048576K
GC Heap History (10 events):
Event: 7.206 GC heap before
{Heap before GC invocations=35 (full 0):
 PSYoungGen      total 198656K, used 198176K [0x00000000d6580000, 0x00000000fab80000, 0x0000000100000000)
  eden space 198144K, 100% used [0x00000000d6580000,0x00000000e2700000,0x00000000e2700000)
  from space 512K, 6% used [0x00000000fab00000,0x00000000fab08000,0x00000000fab80000)
  to   space 3584K, 0% used [0x00000000fa480000,0x00000000fa480000,0x00000000fa800000)
 ParOldGen       total 86016K, used 11991K [0x0000000083000000, 0x0000000088400000, 0x00000000d6580000)
  object space 86016K, 13% used [0x0000000083000000,0x0000000083bb5c80,0x0000000088400000)
 Metaspace       used 10412K, capacity 10983K, committed 11264K, reserved 1058816K
  class space    used 1094K, capacity 1232K, committed 1280K, reserved 1048576K
Event: 7.206 GC heap after
Heap after GC invocations=35 (full 0):
 PSYoungGen      total 251392K, used 32K [0x00000000d6580000, 0x00000000fab80000, 0x0000000100000000)
  eden space 247808K, 0% used [0x00000000d6580000,0x00000000d6580000,0x00000000e5780000)
  from space 3584K, 0% used [0x00000000fa480000,0x00000000fa488000,0x00000000fa800000)
  to   space 3072K, 0% used [0x00000000fa880000,0x00000000fa880000,0x00000000fab80000)
 ParOldGen       total 86016K, used 11999K [0x0000000083000000, 0x0000000088400000, 0x00000000d6580000)
  object space 86016K, 13% used [0x0000000083000000,0x0000000083bb7c80,0x0000000088400000)
 Metaspace       used 10412K, capacity 10983K, committed 11264K, reserved 1058816K
  class space    used 1094K, capacity 1232K, committed 1280K, reserved 1048576K
}
Event: 7.287 GC heap before
{Heap before GC invocations=36 (full 0):
 PSYoungGen      total 251392K, used 247840K [0x00000000d6580000, 0x00000000fab80000, 0x0000000100000000)
  eden space 247808K, 100% used [0x00000000d6580000,0x00000000e5780000,0x00000000e5780000)
  from space 3584K, 0% used [0x00000000fa480000,0x00000000fa488000,0x00000000fa800000)
  to   space 3072K, 0% used [0x00000000fa880000,0x00000000fa880000,0x00000000fab80000)
 ParOldGen       total 86016K, used 11999K [0x0000000083000000, 0x0000000088400000, 0x00000000d6580000)
  object space 86016K, 13% used [0x0000000083000000,0x0000000083bb7c80,0x0000000088400000)
 Metaspace       used 10412K, capacity 10983K, committed 11264K, reserved 1058816K
  class space    used 1094K, capacity 1232K, committed 1280K, reserved 1048576K
Event: 7.288 GC heap after
Heap after GC invocations=36 (full 0):
 PSYoungGen      total 310272K, used 32K [0x00000000d6580000, 0x00000000fa900000, 0x0000000100000000)
  eden space 309760K, 0% used [0x00000000d6580000,0x00000000d6580000,0x00000000e9400000)
  from space 512K, 6% used [0x00000000fa880000,0x00000000fa888000,0x00000000fa900000)
  to   space 3072K, 0% used [0x00000000fa300000,0x00000000fa300000,0x00000000fa600000)
 ParOldGen       total 86016K, used 11999K [0x0000000083000000, 0x0000000088400000, 0x00000000d6580000)
  object space 86016K, 13% used [0x0000000083000000,0x0000000083bb7c80,0x0000000088400000)
 Metaspace       used 10412K, capacity 10983K, committed 11264K, reserved 1058816K
  class space    used 1094K, capacity 1232K, committed 1280K, reserved 1048576K
}
Event: 7.421 GC heap before
{Heap before GC invocations=37 (full 0):
 PSYoungGen      total 310272K, used 309792K [0x00000000d6580000, 0x00000000fa900000, 0x0000000100000000)
  eden space 309760K, 100% used [0x00000000d6580000,0x00000000e9400000,0x00000000e9400000)
  from space 512K, 6% used [0x00000000fa880000,0x00000000fa888000,0x00000000fa900000)
  to   space 3072K, 0% used [0x00000000fa300000,0x00000000fa300000,0x00000000fa600000)
 ParOldGen       total 86016K, used 11999K [0x0000000083000000, 0x0000000088400000, 0x00000000d6580000)
  object space 86016K, 13% used [0x0000000083000000,0x0000000083bb7c80,0x0000000088400000)
 Metaspace       used 10412K, capacity 10983K, committed 11264K, reserved 1058816K
  class space    used 1094K, capacity 1232K, committed 1280K, reserved 1048576K
Event: 7.422 GC heap after
Heap after GC invocations=37 (full 0):
 PSYoungGen      total 390656K, used 64K [0x00000000d6580000, 0x00000000fa900000, 0x0000000100000000)
  eden space 387584K, 0% used [0x00000000d6580000,0x00000000d6580000,0x00000000ee000000)
  from space 3072K, 2% used [0x00000000fa300000,0x00000000fa310000,0x00000000fa600000)
  to   space 2560K, 0% used [0x00000000fa680000,0x00000000fa680000,0x00000000fa900000)
 ParOldGen       total 86016K, used 11999K [0x0000000083000000, 0x0000000088400000, 0x00000000d6580000)
  object space 86016K, 13% used [0x0000000083000000,0x0000000083bb7c80,0x0000000088400000)
 Metaspace       used 10412K, capacity 10983K, committed 11264K, reserved 1058816K
  class space    used 1094K, capacity 1232K, committed 1280K, reserved 1048576K
}
Event: 7.595 GC heap before
{Heap before GC invocations=38 (full 0):
 PSYoungGen      total 390656K, used 387648K [0x00000000d6580000, 0x00000000fa900000, 0x0000000100000000)
  eden space 387584K, 100% used [0x00000000d6580000,0x00000000ee000000,0x00000000ee000000)
  from space 3072K, 2% used [0x00000000fa300000,0x00000000fa310000,0x00000000fa600000)
  to   space 2560K, 0% used [0x00000000fa680000,0x00000000fa680000,0x00000000fa900000)
 ParOldGen       total 86016K, used 11999K [0x0000000083000000, 0x0000000088400000, 0x00000000d6580000)
  object space 86016K, 13% used [0x0000000083000000,0x0000000083bb7c80,0x0000000088400000)
 Metaspace       used 10412K, capacity 10983K, committed 11264K, reserved 1058816K
  class space    used 1094K, capacity 1232K, committed 1280K, reserved 1048576K
Event: 7.596 GC heap after
Heap after GC invocations=38 (full 0):
 PSYoungGen      total 485376K, used 32K [0x00000000d6580000, 0x00000000fa700000, 0x0000000100000000)
  eden space 484864K, 0% used [0x00000000d6580000,0x00000000d6580000,0x00000000f3f00000)
  from space 512K, 6% used [0x00000000fa680000,0x00000000fa688000,0x00000000fa700000)
  to   space 2560K, 0% used [0x00000000fa200000,0x00000000fa200000,0x00000000fa480000)
 ParOldGen       total 86016K, used 11999K [0x0000000083000000, 0x0000000088400000, 0x00000000d6580000)
  object space 86016K, 13% used [0x0000000083000000,0x0000000083bb7c80,0x0000000088400000)
 Metaspace       used 10412K, capacity 10983K, committed 11264K, reserved 1058816K
  class space    used 1094K, capacity 1232K, committed 1280K, reserved 1048576K
}
Event: 15.077 GC heap before
{Heap before GC invocations=39 (full 0):
 PSYoungGen      total 485376K, used 484896K [0x00000000d6580000, 0x00000000fa700000, 0x0000000100000000)
  eden space 484864K, 100% used [0x00000000d6580000,0x00000000f3f00000,0x00000000f3f00000)
  from space 512K, 6% used [0x00000000fa680000,0x00000000fa688000,0x00000000fa700000)
  to   space 2560K, 0% used [0x00000000fa200000,0x00000000fa200000,0x00000000fa480000)
 ParOldGen       total 86016K, used 11999K [0x0000000083000000, 0x0000000088400000, 0x00000000d6580000)
  object space 86016K, 13% used [0x0000000083000000,0x0000000083bb7c80,0x0000000088400000)
 Metaspace       used 10667K, capacity 11287K, committed 11520K, reserved 1058816K
  class space    used 1115K, capacity 1246K, committed 1280K, reserved 1048576K
Event: 15.078 GC heap after
Heap after GC invocations=39 (full 0):
 PSYoungGen      total 464896K, used 128K [0x00000000d6580000, 0x00000000fa700000, 0x0000000100000000)
  eden space 462336K, 0% used [0x00000000d6580000,0x00000000d6580000,0x00000000f2900000)
  from space 2560K, 5% used [0x00000000fa200000,0x00000000fa220000,0x00000000fa480000)
  to   space 2560K, 0% used [0x00000000fa480000,0x00000000fa480000,0x00000000fa700000)
 ParOldGen       total 86016K, used 12007K [0x0000000083000000, 0x0000000088400000, 0x00000000d6580000)
  object space 86016K, 13% used [0x0000000083000000,0x0000000083bb9c80,0x0000000088400000)
 Metaspace       used 10667K, capacity 11287K, committed 11520K, reserved 1058816K
  class space    used 1115K, capacity 1246K, committed 1280K, reserved 1048576K
}

