# JRE version: Java(TM) SE Runtime Environment (8.0_51-b16) (build 1.8.0_51-b16)
# Java VM: Java HotSpot(TM) 64-Bit Server VM (25.51-b03 mixed mode windows-amd64 compressed oops)
Heap:
 PSYoungGen      total 196096K, used 137168K [0x00000000d6000000, 0x00000000f2e80000, 0x0000000100000000)
  eden space 195584K, 70% used [0x00000000d6000000,0x00000000de5ec010,0x00000000e1f00000)
  from space 512K, 6% used [0x00000000f2e00000,0x00000000f2e08000,0x00000000f2e80000)
  to   space 3072K, 0% used [0x00000000f2880000,0x00000000f2880000,0x00000000f2b80000)
 ParOldGen       total 86016K, used 14134K [0x0000000082000000, 0x0000000087400000, 0x00000000d6000000)
  object space 86016K, 16% used [0x0000000082000000,0x0000000082dcd818,0x0000000087400000)
 Metaspace       used 10692K, capacity 11251K, committed 11520K, reserved 1058816K
  class space    used 1114K, capacity 1244K, committed 1280K, reserved 1048576K
GC Heap History (10 events):
Event: 6.326 GC heap before
{Heap before GC invocations=34 (full 0):
 PSYoungGen      total 145408K, used 141472K [0x00000000d6000000, 0x00000000f3780000, 0x0000000100000000)
  eden space 141312K, 100% used [0x00000000d6000000,0x00000000dea00000,0x00000000dea00000)
  from space 4096K, 3% used [0x00000000f2f80000,0x00000000f2fa8000,0x00000000f3380000)
  to   space 4096K, 0% used [0x00000000f3380000,0x00000000f3380000,0x00000000f3780000)
 ParOldGen       total 86016K, used 14134K [0x0000000082000000, 0x0000000087400000, 0x00000000d6000000)
  object space 86016K, 16% used [0x0000000082000000,0x0000000082dcd818,0x0000000087400000)
 Metaspace       used 10478K, capacity 11045K, committed 11264K, reserved 1058816K
  class space    used 1093K, capacity 1231K, committed 1280K, reserved 1048576K
Event: 6.327 GC heap after
Heap after GC invocations=34 (full 0):
 PSYoungGen      total 136192K, used 96K [0x00000000d6000000, 0x00000000f3400000, 0x0000000100000000)
  eden space 135680K, 0% used [0x00000000d6000000,0x00000000d6000000,0x00000000de480000)
  from space 512K, 18% used [0x00000000f3380000,0x00000000f3398000,0x00000000f3400000)
  to   space 3584K, 0% used [0x00000000f2d00000,0x00000000f2d00000,0x00000000f3080000)
 ParOldGen       total 86016K, used 14134K [0x0000000082000000, 0x0000000087400000, 0x00000000d6000000)
  object space 86016K, 16% used [0x0000000082000000,0x0000000082dcd818,0x0000000087400000)
 Metaspace       used 10478K, capacity 11045K, committed 11264K, reserved 1058816K
  class space    used 1093K, capacity 1231K, committed 1280K, reserved 1048576K
}
Event: 6.373 GC heap before
{Heap before GC invocations=35 (full 0):
 PSYoungGen      total 136192K, used 135776K [0x00000000d6000000, 0x00000000f3400000, 0x0000000100000000)
  eden space 135680K, 100% used [0x00000000d6000000,0x00000000de480000,0x00000000de480000)
  from space 512K, 18% used [0x00000000f3380000,0x00000000f3398000,0x00000000f3400000)
  to   space 3584K, 0% used [0x00000000f2d00000,0x00000000f2d00000,0x00000000f3080000)
 ParOldGen       total 86016K, used 14134K [0x0000000082000000, 0x0000000087400000, 0x00000000d6000000)
  object space 86016K, 16% used [0x0000000082000000,0x0000000082dcd818,0x0000000087400000)
 Metaspace       used 10478K, capacity 11045K, committed 11264K, reserved 1058816K
  class space    used 1093K, capacity 1231K, committed 1280K, reserved 1048576K
Event: 6.374 GC heap after
Heap after GC invocations=35 (full 0):
 PSYoungGen      total 134144K, used 160K [0x00000000d6000000, 0x00000000f3400000, 0x0000000100000000)
  eden space 130560K, 0% used [0x00000000d6000000,0x00000000d6000000,0x00000000ddf80000)
  from space 3584K, 4% used [0x00000000f2d00000,0x00000000f2d28000,0x00000000f3080000)
  to   space 3584K, 0% used [0x00000000f3080000,0x00000000f3080000,0x00000000f3400000)
 ParOldGen       total 86016K, used 14134K [0x0000000082000000, 0x0000000087400000, 0x00000000d6000000)
  object space 86016K, 16% used [0x0000000082000000,0x0000000082dcd818,0x0000000087400000)
 Metaspace       used 10478K, capacity 11045K, committed 11264K, reserved 1058816K
  class space    used 1093K, capacity 1231K, committed 1280K, reserved 1048576K
}
Event: 6.414 GC heap before
{Heap before GC invocations=36 (full 0):
 PSYoungGen      total 134144K, used 130720K [0x00000000d6000000, 0x00000000f3400000, 0x0000000100000000)
  eden space 130560K, 100% used [0x00000000d6000000,0x00000000ddf80000,0x00000000ddf80000)
  from space 3584K, 4% used [0x00000000f2d00000,0x00000000f2d28000,0x00000000f3080000)
  to   space 3584K, 0% used [0x00000000f3080000,0x00000000f3080000,0x00000000f3400000)
 ParOldGen       total 86016K, used 14134K [0x0000000082000000, 0x0000000087400000, 0x00000000d6000000)
  object space 86016K, 16% used [0x0000000082000000,0x0000000082dcd818,0x0000000087400000)
 Metaspace       used 10478K, capacity 11045K, committed 11264K, reserved 1058816K
  class space    used 1093K, capacity 1231K, committed 1280K, reserved 1048576K
Event: 6.415 GC heap after
Heap after GC invocations=36 (full 0):
 PSYoungGen      total 163840K, used 96K [0x00000000d6000000, 0x00000000f3100000, 0x0000000100000000)
  eden space 163328K, 0% used [0x00000000d6000000,0x00000000d6000000,0x00000000dff80000)
  from space 512K, 18% used [0x00000000f3080000,0x00000000f3098000,0x00000000f3100000)
  to   space 3072K, 0% used [0x00000000f2b00000,0x00000000f2b00000,0x00000000f2e00000)
 ParOldGen       total 86016K, used 14134K [0x0000000082000000, 0x0000000087400000, 0x00000000d6000000)
  object space 86016K, 16% used [0x0000000082000000,0x0000000082dcd818,0x0000000087400000)
 Metaspace       used 10478K, capacity 11045K, committed 11264K, reserved 1058816K
  class space    used 1093K, capacity 1231K, committed 1280K, reserved 1048576K
}
Event: 6.470 GC heap before
{Heap before GC invocations=37 (full 0):
 PSYoungGen      total 163840K, used 163424K [0x00000000d6000000, 0x00000000f3100000, 0x0000000100000000)
  eden space 163328K, 100% used [0x00000000d6000000,0x00000000dff80000,0x00000000dff80000)
  from space 512K, 18% used [0x00000000f3080000,0x00000000f3098000,0x00000000f3100000)
  to   space 3072K, 0% used [0x00000000f2b00000,0x00000000f2b00000,0x00000000f2e00000)
 ParOldGen       total 86016K, used 14134K [0x0000000082000000, 0x0000000087400000, 0x00000000d6000000)
  object space 86016K, 16% used [0x0000000082000000,0x0000000082dcd818,0x0000000087400000)
 Metaspace       used 10478K, capacity 11045K, committed 11264K, reserved 1058816K
  class space    used 1093K, capacity 1231K, committed 1280K, reserved 1048576K
Event: 6.471 GC heap after
Heap after GC invocations=37 (full 0):
 PSYoungGen      total 207360K, used 64K [0x00000000d6000000, 0x00000000f3100000, 0x0000000100000000)
  eden space 204288K, 0% used [0x00000000d6000000,0x00000000d6000000,0x00000000e2780000)
  from space 3072K, 2% used [0x00000000f2b00000,0x00000000f2b10000,0x00000000f2e00000)
  to   space 3072K, 0% used [0x00000000f2e00000,0x00000000f2e00000,0x00000000f3100000)
 ParOldGen       total 86016K, used 14134K [0x0000000082000000, 0x0000000087400000, 0x00000000d6000000)
  object space 86016K, 16% used [0x0000000082000000,0x0000000082dcd818,0x0000000087400000)
 Metaspace       used 10478K, capacity 11045K, committed 11264K, reserved 1058816K
  class space    used 1093K, capacity 1231K, committed 1280K, reserved 1048576K
}
Event: 6.539 GC heap before
{Heap before GC invocations=38 (full 0):
 PSYoungGen      total 207360K, used 204352K [0x00000000d6000000, 0x00000000f3100000, 0x0000000100000000)
  eden space 204288K, 100% used [0x00000000d6000000,0x00000000e2780000,0x00000000e2780000)
  from space 3072K, 2% used [0x00000000f2b00000,0x00000000f2b10000,0x00000000f2e00000)
  to   space 3072K, 0% used [0x00000000f2e00000,0x00000000f2e00000,0x00000000f3100000)
 ParOldGen       total 86016K, used 14134K [0x0000000082000000, 0x0000000087400000, 0x00000000d6000000)
  object space 86016K, 16% used [0x0000000082000000,0x0000000082dcd818,0x0000000087400000)
 Metaspace       used 10478K, capacity 11045K, committed 11264K, reserved 1058816K
  class space    used 1093K, capacity 1231K, committed 1280K, reserved 1048576K
Event: 6.540 GC heap after
Heap after GC invocations=38 (full 0):
 PSYoungGen      total 196096K, used 32K [0x00000000d6000000, 0x00000000f2e80000, 0x0000000100000000)
  eden space 195584K, 0% used [0x00000000d6000000,0x00000000d6000000,0x00000000e1f00000)
  from space 512K, 6% used [0x00000000f2e00000,0x00000000f2e08000,0x00000000f2e80000)
  to   space 3072K, 0% used [0x00000000f2880000,0x00000000f2880000,0x00000000f2b80000)
 ParOldGen       total 86016K, used 14134K [0x0000000082000000, 0x0000000087400000, 0x00000000d6000000)
  object space 86016K, 16% used [0x0000000082000000,0x0000000082dcd818,0x0000000087400000)
 Metaspace       used 10478K, capacity 11045K, committed 11264K, reserved 1058816K
  class space    used 1093K, capacity 1231K, committed 1280K, reserved 1048576K
}

