# JRE version: Java(TM) SE Runtime Environment (8.0_65-b17) (build 1.8.0_65-b17)
# Java VM: Java HotSpot(TM) 64-Bit Server VM (25.65-b01 mixed mode windows-amd64 compressed oops)
Heap:
 PSYoungGen      total 288256K, used 80600K [0x00000000d6580000, 0x00000000fe100000, 0x0000000100000000)
  eden space 287744K, 28% used [0x00000000d6580000,0x00000000db42e240,0x00000000e7e80000)
  from space 512K, 6% used [0x00000000fe080000,0x00000000fe088000,0x00000000fe100000)
  to   space 2048K, 0% used [0x00000000fdd00000,0x00000000fdd00000,0x00000000fdf00000)
 ParOldGen       total 86016K, used 5259K [0x0000000083000000, 0x0000000088400000, 0x00000000d6580000)
  object space 86016K, 6% used [0x0000000083000000,0x0000000083522c98,0x0000000088400000)
 Metaspace       used 10491K, capacity 11083K, committed 11264K, reserved 1058816K
  class space    used 1093K, capacity 1230K, committed 1280K, reserved 1048576K
GC Heap History (10 events):
Event: 28.159 GC heap before
{Heap before GC invocations=34 (full 0):
 PSYoungGen      total 364032K, used 361504K [0x00000000d6580000, 0x00000000fe600000, 0x0000000100000000)
  eden space 361472K, 100% used [0x00000000d6580000,0x00000000ec680000,0x00000000ec680000)
  from space 2560K, 1% used [0x00000000fe100000,0x00000000fe108000,0x00000000fe380000)
  to   space 2560K, 0% used [0x00000000fe380000,0x00000000fe380000,0x00000000fe600000)
 ParOldGen       total 86016K, used 5259K [0x0000000083000000, 0x0000000088400000, 0x00000000d6580000)
  object space 86016K, 6% used [0x0000000083000000,0x0000000083522c98,0x0000000088400000)
 Metaspace       used 10485K, capacity 11075K, committed 11264K, reserved 1058816K
  class space    used 1092K, capacity 1228K, committed 1280K, reserved 1048576K
Event: 28.159 GC heap after
Heap after GC invocations=34 (full 0):
 PSYoungGen      total 345600K, used 32K [0x00000000d6580000, 0x00000000fe400000, 0x0000000100000000)
  eden space 345088K, 0% used [0x00000000d6580000,0x00000000d6580000,0x00000000eb680000)
  from space 512K, 6% used [0x00000000fe380000,0x00000000fe388000,0x00000000fe400000)
  to   space 2560K, 0% used [0x00000000fdf00000,0x00000000fdf00000,0x00000000fe180000)
 ParOldGen       total 86016K, used 5259K [0x0000000083000000, 0x0000000088400000, 0x00000000d6580000)
  object space 86016K, 6% used [0x0000000083000000,0x0000000083522c98,0x0000000088400000)
 Metaspace       used 10485K, capacity 11075K, committed 11264K, reserved 1058816K
  class space    used 1092K, capacity 1228K, committed 1280K, reserved 1048576K
}
Event: 28.224 GC heap before
{Heap before GC invocations=35 (full 0):
 PSYoungGen      total 345600K, used 345120K [0x00000000d6580000, 0x00000000fe400000, 0x0000000100000000)
  eden space 345088K, 100% used [0x00000000d6580000,0x00000000eb680000,0x00000000eb680000)
  from space 512K, 6% used [0x00000000fe380000,0x00000000fe388000,0x00000000fe400000)
  to   space 2560K, 0% used [0x00000000fdf00000,0x00000000fdf00000,0x00000000fe180000)
 ParOldGen       total 86016K, used 5259K [0x0000000083000000, 0x0000000088400000, 0x00000000d6580000)
  object space 86016K, 6% used [0x0000000083000000,0x0000000083522c98,0x0000000088400000)
 Metaspace       used 10485K, capacity 11075K, committed 11264K, reserved 1058816K
  class space    used 1092K, capacity 1228K, committed 1280K, reserved 1048576K
Event: 28.225 GC heap after
Heap after GC invocations=35 (full 0):
 PSYoungGen      total 332288K, used 32K [0x00000000d6580000, 0x00000000fe400000, 0x0000000100000000)
  eden space 329728K, 0% used [0x00000000d6580000,0x00000000d6580000,0x00000000ea780000)
  from space 2560K, 1% used [0x00000000fdf00000,0x00000000fdf08000,0x00000000fe180000)
  to   space 2048K, 0% used [0x00000000fe200000,0x00000000fe200000,0x00000000fe400000)
 ParOldGen       total 86016K, used 5259K [0x0000000083000000, 0x0000000088400000, 0x00000000d6580000)
  object space 86016K, 6% used [0x0000000083000000,0x0000000083522c98,0x0000000088400000)
 Metaspace       used 10485K, capacity 11075K, committed 11264K, reserved 1058816K
  class space    used 1092K, capacity 1228K, committed 1280K, reserved 1048576K
}
Event: 28.286 GC heap before
{Heap before GC invocations=36 (full 0):
 PSYoungGen      total 332288K, used 329760K [0x00000000d6580000, 0x00000000fe400000, 0x0000000100000000)
  eden space 329728K, 100% used [0x00000000d6580000,0x00000000ea780000,0x00000000ea780000)
  from space 2560K, 1% used [0x00000000fdf00000,0x00000000fdf08000,0x00000000fe180000)
  to   space 2048K, 0% used [0x00000000fe200000,0x00000000fe200000,0x00000000fe400000)
 ParOldGen       total 86016K, used 5259K [0x0000000083000000, 0x0000000088400000, 0x00000000d6580000)
  object space 86016K, 6% used [0x0000000083000000,0x0000000083522c98,0x0000000088400000)
 Metaspace       used 10485K, capacity 11075K, committed 11264K, reserved 1058816K
  class space    used 1092K, capacity 1228K, committed 1280K, reserved 1048576K
Event: 28.287 GC heap after
Heap after GC invocations=36 (full 0):
 PSYoungGen      total 315392K, used 32K [0x00000000d6580000, 0x00000000fe280000, 0x0000000100000000)
  eden space 314880K, 0% used [0x00000000d6580000,0x00000000d6580000,0x00000000e9900000)
  from space 512K, 6% used [0x00000000fe200000,0x00000000fe208000,0x00000000fe280000)
  to   space 2048K, 0% used [0x00000000fde80000,0x00000000fde80000,0x00000000fe080000)
 ParOldGen       total 86016K, used 5259K [0x0000000083000000, 0x0000000088400000, 0x00000000d6580000)
  object space 86016K, 6% used [0x0000000083000000,0x0000000083522c98,0x0000000088400000)
 Metaspace       used 10485K, capacity 11075K, committed 11264K, reserved 1058816K
  class space    used 1092K, capacity 1228K, committed 1280K, reserved 1048576K
}
Event: 28.344 GC heap before
{Heap before GC invocations=37 (full 0):
 PSYoungGen      total 315392K, used 314912K [0x00000000d6580000, 0x00000000fe280000, 0x0000000100000000)
  eden space 314880K, 100% used [0x00000000d6580000,0x00000000e9900000,0x00000000e9900000)
  from space 512K, 6% used [0x00000000fe200000,0x00000000fe208000,0x00000000fe280000)
  to   space 2048K, 0% used [0x00000000fde80000,0x00000000fde80000,0x00000000fe080000)
 ParOldGen       total 86016K, used 5259K [0x0000000083000000, 0x0000000088400000, 0x00000000d6580000)
  object space 86016K, 6% used [0x0000000083000000,0x0000000083522c98,0x0000000088400000)
 Metaspace       used 10485K, capacity 11075K, committed 11264K, reserved 1058816K
  class space    used 1092K, capacity 1228K, committed 1280K, reserved 1048576K
Event: 28.344 GC heap after
Heap after GC invocations=37 (full 0):
 PSYoungGen      total 303104K, used 32K [0x00000000d6580000, 0x00000000fe280000, 0x0000000100000000)
  eden space 301056K, 0% used [0x00000000d6580000,0x00000000d6580000,0x00000000e8b80000)
  from space 2048K, 1% used [0x00000000fde80000,0x00000000fde88000,0x00000000fe080000)
  to   space 2048K, 0% used [0x00000000fe080000,0x00000000fe080000,0x00000000fe280000)
 ParOldGen       total 86016K, used 5259K [0x0000000083000000, 0x0000000088400000, 0x00000000d6580000)
  object space 86016K, 6% used [0x0000000083000000,0x0000000083522c98,0x0000000088400000)
 Metaspace       used 10485K, capacity 11075K, committed 11264K, reserved 1058816K
  class space    used 1092K, capacity 1228K, committed 1280K, reserved 1048576K
}
Event: 28.401 GC heap before
{Heap before GC invocations=38 (full 0):
 PSYoungGen      total 303104K, used 301088K [0x00000000d6580000, 0x00000000fe280000, 0x0000000100000000)
  eden space 301056K, 100% used [0x00000000d6580000,0x00000000e8b80000,0x00000000e8b80000)
  from space 2048K, 1% used [0x00000000fde80000,0x00000000fde88000,0x00000000fe080000)
  to   space 2048K, 0% used [0x00000000fe080000,0x00000000fe080000,0x00000000fe280000)
 ParOldGen       total 86016K, used 5259K [0x0000000083000000, 0x0000000088400000, 0x00000000d6580000)
  object space 86016K, 6% used [0x0000000083000000,0x0000000083522c98,0x0000000088400000)
 Metaspace       used 10485K, capacity 11075K, committed 11264K, reserved 1058816K
  class space    used 1092K, capacity 1228K, committed 1280K, reserved 1048576K
Event: 28.401 GC heap after
Heap after GC invocations=38 (full 0):
 PSYoungGen      total 288256K, used 32K [0x00000000d6580000, 0x00000000fe100000, 0x0000000100000000)
  eden space 287744K, 0% used [0x00000000d6580000,0x00000000d6580000,0x00000000e7e80000)
  from space 512K, 6% used [0x00000000fe080000,0x00000000fe088000,0x00000000fe100000)
  to   space 2048K, 0% used [0x00000000fdd00000,0x00000000fdd00000,0x00000000fdf00000)
 ParOldGen       total 86016K, used 5259K [0x0000000083000000, 0x0000000088400000, 0x00000000d6580000)
  object space 86016K, 6% used [0x0000000083000000,0x0000000083522c98,0x0000000088400000)
 Metaspace       used 10485K, capacity 11075K, committed 11264K, reserved 1058816K
  class space    used 1092K, capacity 1228K, committed 1280K, reserved 1048576K
}

