# JRE version: Java(TM) SE Runtime Environment (8.0_65-b17) (build 1.8.0_65-b17)
# Java VM: Java HotSpot(TM) 64-Bit Server VM (25.65-b01 mixed mode windows-amd64 compressed oops)
Heap:
 PSYoungGen      total 314880K, used 49892K [0x00000000d6580000, 0x00000000f6200000, 0x0000000100000000)
  eden space 313344K, 15% used [0x00000000d6580000,0x00000000d9629348,0x00000000e9780000)
  from space 1536K, 4% used [0x00000000f5f00000,0x00000000f5f10000,0x00000000f6080000)
  to   space 1024K, 0% used [0x00000000f6100000,0x00000000f6100000,0x00000000f6200000)
 ParOldGen       total 86016K, used 13323K [0x0000000083000000, 0x0000000088400000, 0x00000000d6580000)
  object space 86016K, 15% used [0x0000000083000000,0x0000000083d02e28,0x0000000088400000)
 Metaspace       used 11164K, capacity 11865K, committed 12160K, reserved 1060864K
  class space    used 1185K, capacity 1339K, committed 1408K, reserved 1048576K
GC Heap History (10 events):
Event: 88.376 GC heap before
{Heap before GC invocations=45 (full 0):
 PSYoungGen      total 395264K, used 394784K [0x00000000d6580000, 0x00000000f6400000, 0x0000000100000000)
  eden space 394752K, 100% used [0x00000000d6580000,0x00000000ee700000,0x00000000ee700000)
  from space 512K, 6% used [0x00000000f6380000,0x00000000f6388000,0x00000000f6400000)
  to   space 1536K, 0% used [0x00000000f6100000,0x00000000f6100000,0x00000000f6280000)
 ParOldGen       total 86016K, used 13299K [0x0000000083000000, 0x0000000088400000, 0x00000000d6580000)
  object space 86016K, 15% used [0x0000000083000000,0x0000000083cfce28,0x0000000088400000)
 Metaspace       used 11149K, capacity 11859K, committed 12160K, reserved 1060864K
  class space    used 1181K, capacity 1338K, committed 1408K, reserved 1048576K
Event: 88.377 GC heap after
Heap after GC invocations=45 (full 0):
 PSYoungGen      total 378368K, used 32K [0x00000000d6580000, 0x00000000f6400000, 0x0000000100000000)
  eden space 376832K, 0% used [0x00000000d6580000,0x00000000d6580000,0x00000000ed580000)
  from space 1536K, 2% used [0x00000000f6100000,0x00000000f6108000,0x00000000f6280000)
  to   space 1536K, 0% used [0x00000000f6280000,0x00000000f6280000,0x00000000f6400000)
 ParOldGen       total 86016K, used 13307K [0x0000000083000000, 0x0000000088400000, 0x00000000d6580000)
  object space 86016K, 15% used [0x0000000083000000,0x0000000083cfee28,0x0000000088400000)
 Metaspace       used 11149K, capacity 11859K, committed 12160K, reserved 1060864K
  class space    used 1181K, capacity 1338K, committed 1408K, reserved 1048576K
}
Event: 96.992 GC heap before
{Heap before GC invocations=46 (full 0):
 PSYoungGen      total 378368K, used 376864K [0x00000000d6580000, 0x00000000f6400000, 0x0000000100000000)
  eden space 376832K, 100% used [0x00000000d6580000,0x00000000ed580000,0x00000000ed580000)
  from space 1536K, 2% used [0x00000000f6100000,0x00000000f6108000,0x00000000f6280000)
  to   space 1536K, 0% used [0x00000000f6280000,0x00000000f6280000,0x00000000f6400000)
 ParOldGen       total 86016K, used 13307K [0x0000000083000000, 0x0000000088400000, 0x00000000d6580000)
  object space 86016K, 15% used [0x0000000083000000,0x0000000083cfee28,0x0000000088400000)
 Metaspace       used 11154K, capacity 11863K, committed 12160K, reserved 1060864K
  class space    used 1182K, capacity 1338K, committed 1408K, reserved 1048576K
Event: 96.992 GC heap after
Heap after GC invocations=46 (full 0):
 PSYoungGen      total 360448K, used 64K [0x00000000d6580000, 0x00000000f6300000, 0x0000000100000000)
  eden space 359936K, 0% used [0x00000000d6580000,0x00000000d6580000,0x00000000ec500000)
  from space 512K, 12% used [0x00000000f6280000,0x00000000f6290000,0x00000000f6300000)
  to   space 1536K, 0% used [0x00000000f6000000,0x00000000f6000000,0x00000000f6180000)
 ParOldGen       total 86016K, used 13307K [0x0000000083000000, 0x0000000088400000, 0x00000000d6580000)
  object space 86016K, 15% used [0x0000000083000000,0x0000000083cfee28,0x0000000088400000)
 Metaspace       used 11154K, capacity 11863K, committed 12160K, reserved 1060864K
  class space    used 1182K, capacity 1338K, committed 1408K, reserved 1048576K
}
Event: 97.129 GC heap before
{Heap before GC invocations=47 (full 0):
 PSYoungGen      total 360448K, used 360000K [0x00000000d6580000, 0x00000000f6300000, 0x0000000100000000)
  eden space 359936K, 100% used [0x00000000d6580000,0x00000000ec500000,0x00000000ec500000)
  from space 512K, 12% used [0x00000000f6280000,0x00000000f6290000,0x00000000f6300000)
  to   space 1536K, 0% used [0x00000000f6000000,0x00000000f6000000,0x00000000f6180000)
 ParOldGen       total 86016K, used 13307K [0x0000000083000000, 0x0000000088400000, 0x00000000d6580000)
  object space 86016K, 15% used [0x0000000083000000,0x0000000083cfee28,0x0000000088400000)
 Metaspace       used 11154K, capacity 11863K, committed 12160K, reserved 1060864K
  class space    used 1182K, capacity 1338K, committed 1408K, reserved 1048576K
Event: 97.129 GC heap after
Heap after GC invocations=47 (full 0):
 PSYoungGen      total 345088K, used 32K [0x00000000d6580000, 0x00000000f6300000, 0x0000000100000000)
  eden space 343552K, 0% used [0x00000000d6580000,0x00000000d6580000,0x00000000eb500000)
  from space 1536K, 2% used [0x00000000f6000000,0x00000000f6008000,0x00000000f6180000)
  to   space 1536K, 0% used [0x00000000f6180000,0x00000000f6180000,0x00000000f6300000)
 ParOldGen       total 86016K, used 13323K [0x0000000083000000, 0x0000000088400000, 0x00000000d6580000)
  object space 86016K, 15% used [0x0000000083000000,0x0000000083d02e28,0x0000000088400000)
 Metaspace       used 11154K, capacity 11863K, committed 12160K, reserved 1060864K
  class space    used 1182K, capacity 1338K, committed 1408K, reserved 1048576K
}
Event: 97.260 GC heap before
{Heap before GC invocations=48 (full 0):
 PSYoungGen      total 345088K, used 343584K [0x00000000d6580000, 0x00000000f6300000, 0x0000000100000000)
  eden space 343552K, 100% used [0x00000000d6580000,0x00000000eb500000,0x00000000eb500000)
  from space 1536K, 2% used [0x00000000f6000000,0x00000000f6008000,0x00000000f6180000)
  to   space 1536K, 0% used [0x00000000f6180000,0x00000000f6180000,0x00000000f6300000)
 ParOldGen       total 86016K, used 13323K [0x0000000083000000, 0x0000000088400000, 0x00000000d6580000)
  object space 86016K, 15% used [0x0000000083000000,0x0000000083d02e28,0x0000000088400000)
 Metaspace       used 11154K, capacity 11863K, committed 12160K, reserved 1060864K
  class space    used 1182K, capacity 1338K, committed 1408K, reserved 1048576K
Event: 97.260 GC heap after
Heap after GC invocations=48 (full 0):
 PSYoungGen      total 328704K, used 32K [0x00000000d6580000, 0x00000000f6200000, 0x0000000100000000)
  eden space 328192K, 0% used [0x00000000d6580000,0x00000000d6580000,0x00000000ea600000)
  from space 512K, 6% used [0x00000000f6180000,0x00000000f6188000,0x00000000f6200000)
  to   space 1536K, 0% used [0x00000000f5f00000,0x00000000f5f00000,0x00000000f6080000)
 ParOldGen       total 86016K, used 13323K [0x0000000083000000, 0x0000000088400000, 0x00000000d6580000)
  object space 86016K, 15% used [0x0000000083000000,0x0000000083d02e28,0x0000000088400000)
 Metaspace       used 11154K, capacity 11863K, committed 12160K, reserved 1060864K
  class space    used 1182K, capacity 1338K, committed 1408K, reserved 1048576K
}
Event: 97.382 GC heap before
{Heap before GC invocations=49 (full 0):
 PSYoungGen      total 328704K, used 328224K [0x00000000d6580000, 0x00000000f6200000, 0x0000000100000000)
  eden space 328192K, 100% used [0x00000000d6580000,0x00000000ea600000,0x00000000ea600000)
  from space 512K, 6% used [0x00000000f6180000,0x00000000f6188000,0x00000000f6200000)
  to   space 1536K, 0% used [0x00000000f5f00000,0x00000000f5f00000,0x00000000f6080000)
 ParOldGen       total 86016K, used 13323K [0x0000000083000000, 0x0000000088400000, 0x00000000d6580000)
  object space 86016K, 15% used [0x0000000083000000,0x0000000083d02e28,0x0000000088400000)
 Metaspace       used 11164K, capacity 11865K, committed 12160K, reserved 1060864K
  class space    used 1185K, capacity 1339K, committed 1408K, reserved 1048576K
Event: 97.382 GC heap after
Heap after GC invocations=49 (full 0):
 PSYoungGen      total 314880K, used 64K [0x00000000d6580000, 0x00000000f6200000, 0x0000000100000000)
  eden space 313344K, 0% used [0x00000000d6580000,0x00000000d6580000,0x00000000e9780000)
  from space 1536K, 4% used [0x00000000f5f00000,0x00000000f5f10000,0x00000000f6080000)
  to   space 1024K, 0% used [0x00000000f6100000,0x00000000f6100000,0x00000000f6200000)
 ParOldGen       total 86016K, used 13323K [0x0000000083000000, 0x0000000088400000, 0x00000000d6580000)
  object space 86016K, 15% used [0x0000000083000000,0x0000000083d02e28,0x0000000088400000)
 Metaspace       used 11164K, capacity 11865K, committed 12160K, reserved 1060864K
  class space    used 1185K, capacity 1339K, committed 1408K, reserved 1048576K
}

