# JRE version: Java(TM) SE Runtime Environment (8.0_65-b17) (build 1.8.0_65-b17)
# Java VM: Java HotSpot(TM) 64-Bit Server VM (25.65-b01 mixed mode windows-amd64 compressed oops)
Heap:
 PSYoungGen      total 309760K, used 6206K [0x00000000d6580000, 0x00000000fd180000, 0x0000000100000000)
  eden space 308736K, 2% used [0x00000000d6580000,0x00000000d6b87b00,0x00000000e9300000)
  from space 1024K, 3% used [0x00000000fcf80000,0x00000000fcf88000,0x00000000fd080000)
  to   space 1024K, 0% used [0x00000000fd080000,0x00000000fd080000,0x00000000fd180000)
 ParOldGen       total 86016K, used 5100K [0x0000000083000000, 0x0000000088400000, 0x00000000d6580000)
  object space 86016K, 5% used [0x0000000083000000,0x00000000834fb110,0x0000000088400000)
 Metaspace       used 10300K, capacity 10881K, committed 11008K, reserved 1058816K
  class space    used 1083K, capacity 1223K, committed 1280K, reserved 1048576K
GC Heap History (10 events):
Event: 6.253 GC heap before
{Heap before GC invocations=45 (full 0):
 PSYoungGen      total 389632K, used 389152K [0x00000000d6580000, 0x00000000fd280000, 0x0000000100000000)
  eden space 389120K, 100% used [0x00000000d6580000,0x00000000ee180000,0x00000000ee180000)
  from space 512K, 6% used [0x00000000fd200000,0x00000000fd208000,0x00000000fd280000)
  to   space 1024K, 0% used [0x00000000fd080000,0x00000000fd080000,0x00000000fd180000)
 ParOldGen       total 86016K, used 5084K [0x0000000083000000, 0x0000000088400000, 0x00000000d6580000)
  object space 86016K, 5% used [0x0000000083000000,0x00000000834f7110,0x0000000088400000)
 Metaspace       used 10268K, capacity 10767K, committed 11008K, reserved 1058816K
  class space    used 1076K, capacity 1210K, committed 1280K, reserved 1048576K
Event: 6.253 GC heap after
Heap after GC invocations=45 (full 0):
 PSYoungGen      total 372224K, used 32K [0x00000000d6580000, 0x00000000fd280000, 0x0000000100000000)
  eden space 371200K, 0% used [0x00000000d6580000,0x00000000d6580000,0x00000000ed000000)
  from space 1024K, 3% used [0x00000000fd080000,0x00000000fd088000,0x00000000fd180000)
  to   space 1024K, 0% used [0x00000000fd180000,0x00000000fd180000,0x00000000fd280000)
 ParOldGen       total 86016K, used 5084K [0x0000000083000000, 0x0000000088400000, 0x00000000d6580000)
  object space 86016K, 5% used [0x0000000083000000,0x00000000834f7110,0x0000000088400000)
 Metaspace       used 10268K, capacity 10767K, committed 11008K, reserved 1058816K
  class space    used 1076K, capacity 1210K, committed 1280K, reserved 1048576K
}
Event: 6.315 GC heap before
{Heap before GC invocations=46 (full 0):
 PSYoungGen      total 372224K, used 371232K [0x00000000d6580000, 0x00000000fd280000, 0x0000000100000000)
  eden space 371200K, 100% used [0x00000000d6580000,0x00000000ed000000,0x00000000ed000000)
  from space 1024K, 3% used [0x00000000fd080000,0x00000000fd088000,0x00000000fd180000)
  to   space 1024K, 0% used [0x00000000fd180000,0x00000000fd180000,0x00000000fd280000)
 ParOldGen       total 86016K, used 5084K [0x0000000083000000, 0x0000000088400000, 0x00000000d6580000)
  object space 86016K, 5% used [0x0000000083000000,0x00000000834f7110,0x0000000088400000)
 Metaspace       used 10268K, capacity 10767K, committed 11008K, reserved 1058816K
  class space    used 1076K, capacity 1210K, committed 1280K, reserved 1048576K
Event: 6.315 GC heap after
Heap after GC invocations=46 (full 0):
 PSYoungGen      total 354816K, used 32K [0x00000000d6580000, 0x00000000fd200000, 0x0000000100000000)
  eden space 354304K, 0% used [0x00000000d6580000,0x00000000d6580000,0x00000000ebf80000)
  from space 512K, 6% used [0x00000000fd180000,0x00000000fd188000,0x00000000fd200000)
  to   space 1024K, 0% used [0x00000000fd000000,0x00000000fd000000,0x00000000fd100000)
 ParOldGen       total 86016K, used 5084K [0x0000000083000000, 0x0000000088400000, 0x00000000d6580000)
  object space 86016K, 5% used [0x0000000083000000,0x00000000834f7110,0x0000000088400000)
 Metaspace       used 10268K, capacity 10767K, committed 11008K, reserved 1058816K
  class space    used 1076K, capacity 1210K, committed 1280K, reserved 1048576K
}
Event: 6.374 GC heap before
{Heap before GC invocations=47 (full 0):
 PSYoungGen      total 354816K, used 354336K [0x00000000d6580000, 0x00000000fd200000, 0x0000000100000000)
  eden space 354304K, 100% used [0x00000000d6580000,0x00000000ebf80000,0x00000000ebf80000)
  from space 512K, 6% used [0x00000000fd180000,0x00000000fd188000,0x00000000fd200000)
  to   space 1024K, 0% used [0x00000000fd000000,0x00000000fd000000,0x00000000fd100000)
 ParOldGen       total 86016K, used 5084K [0x0000000083000000, 0x0000000088400000, 0x00000000d6580000)
  object space 86016K, 5% used [0x0000000083000000,0x00000000834f7110,0x0000000088400000)
 Metaspace       used 10268K, capacity 10767K, committed 11008K, reserved 1058816K
  class space    used 1076K, capacity 1210K, committed 1280K, reserved 1048576K
Event: 6.375 GC heap after
Heap after GC invocations=47 (full 0):
 PSYoungGen      total 339456K, used 32K [0x00000000d6580000, 0x00000000fd200000, 0x0000000100000000)
  eden space 338432K, 0% used [0x00000000d6580000,0x00000000d6580000,0x00000000eb000000)
  from space 1024K, 3% used [0x00000000fd000000,0x00000000fd008000,0x00000000fd100000)
  to   space 1024K, 0% used [0x00000000fd100000,0x00000000fd100000,0x00000000fd200000)
 ParOldGen       total 86016K, used 5092K [0x0000000083000000, 0x0000000088400000, 0x00000000d6580000)
  object space 86016K, 5% used [0x0000000083000000,0x00000000834f9110,0x0000000088400000)
 Metaspace       used 10268K, capacity 10767K, committed 11008K, reserved 1058816K
  class space    used 1076K, capacity 1210K, committed 1280K, reserved 1048576K
}
Event: 6.431 GC heap before
{Heap before GC invocations=48 (full 0):
 PSYoungGen      total 339456K, used 338464K [0x00000000d6580000, 0x00000000fd200000, 0x0000000100000000)
  eden space 338432K, 100% used [0x00000000d6580000,0x00000000eb000000,0x00000000eb000000)
  from space 1024K, 3% used [0x00000000fd000000,0x00000000fd008000,0x00000000fd100000)
  to   space 1024K, 0% used [0x00000000fd100000,0x00000000fd100000,0x00000000fd200000)
 ParOldGen       total 86016K, used 5092K [0x0000000083000000, 0x0000000088400000, 0x00000000d6580000)
  object space 86016K, 5% used [0x0000000083000000,0x00000000834f9110,0x0000000088400000)
 Metaspace       used 10268K, capacity 10767K, committed 11008K, reserved 1058816K
  class space    used 1076K, capacity 1210K, committed 1280K, reserved 1048576K
Event: 6.432 GC heap after
Heap after GC invocations=48 (full 0):
 PSYoungGen      total 323584K, used 32K [0x00000000d6580000, 0x00000000fd180000, 0x0000000100000000)
  eden space 323072K, 0% used [0x00000000d6580000,0x00000000d6580000,0x00000000ea100000)
  from space 512K, 6% used [0x00000000fd100000,0x00000000fd108000,0x00000000fd180000)
  to   space 1024K, 0% used [0x00000000fcf80000,0x00000000fcf80000,0x00000000fd080000)
 ParOldGen       total 86016K, used 5092K [0x0000000083000000, 0x0000000088400000, 0x00000000d6580000)
  object space 86016K, 5% used [0x0000000083000000,0x00000000834f9110,0x0000000088400000)
 Metaspace       used 10268K, capacity 10767K, committed 11008K, reserved 1058816K
  class space    used 1076K, capacity 1210K, committed 1280K, reserved 1048576K
}
Event: 6.485 GC heap before
{Heap before GC invocations=49 (full 0):
 PSYoungGen      total 323584K, used 323103K [0x00000000d6580000, 0x00000000fd180000, 0x0000000100000000)
  eden space 323072K, 99% used [0x00000000d6580000,0x00000000ea0ffff8,0x00000000ea100000)
  from space 512K, 6% used [0x00000000fd100000,0x00000000fd108000,0x00000000fd180000)
  to   space 1024K, 0% used [0x00000000fcf80000,0x00000000fcf80000,0x00000000fd080000)
 ParOldGen       total 86016K, used 5092K [0x0000000083000000, 0x0000000088400000, 0x00000000d6580000)
  object space 86016K, 5% used [0x0000000083000000,0x00000000834f9110,0x0000000088400000)
 Metaspace       used 10268K, capacity 10767K, committed 11008K, reserved 1058816K
  class space    used 1076K, capacity 1210K, committed 1280K, reserved 1048576K
Event: 6.485 GC heap after
Heap after GC invocations=49 (full 0):
 PSYoungGen      total 309760K, used 32K [0x00000000d6580000, 0x00000000fd180000, 0x0000000100000000)
  eden space 308736K, 0% used [0x00000000d6580000,0x00000000d6580000,0x00000000e9300000)
  from space 1024K, 3% used [0x00000000fcf80000,0x00000000fcf88000,0x00000000fd080000)
  to   space 1024K, 0% used [0x00000000fd080000,0x00000000fd080000,0x00000000fd180000)
 ParOldGen       total 86016K, used 5100K [0x0000000083000000, 0x0000000088400000, 0x00000000d6580000)
  object space 86016K, 5% used [0x0000000083000000,0x00000000834fb110,0x0000000088400000)
 Metaspace       used 10268K, capacity 10767K, committed 11008K, reserved 1058816K
  class space    used 1076K, capacity 1210K, committed 1280K, reserved 1048576K
}

