# JRE version: Java(TM) SE Runtime Environment (8.0_65-b17) (build 1.8.0_65-b17)
# Java VM: Java HotSpot(TM) 64-Bit Server VM (25.65-b01 mixed mode windows-amd64 compressed oops)
Heap:
 PSYoungGen      total 120320K, used 9616K [0x00000000d6580000, 0x00000000fa580000, 0x0000000100000000)
  eden space 119808K, 7% used [0x00000000d6580000,0x00000000d6edc090,0x00000000dda80000)
  from space 512K, 6% used [0x00000000fa500000,0x00000000fa508000,0x00000000fa580000)
  to   space 2048K, 0% used [0x00000000fa180000,0x00000000fa180000,0x00000000fa380000)
 ParOldGen       total 86016K, used 11605K [0x0000000083000000, 0x0000000088400000, 0x00000000d6580000)
  object space 86016K, 13% used [0x0000000083000000,0x0000000083b554f8,0x0000000088400000)
 Metaspace       used 10712K, capacity 11401K, committed 11520K, reserved 1058816K
  class space    used 1120K, capacity 1255K, committed 1280K, reserved 1048576K
GC Heap History (10 events):
Event: 33.427 GC heap before
{Heap before GC invocations=36 (full 0):
 PSYoungGen      total 149504K, used 145952K [0x00000000d6580000, 0x00000000fac00000, 0x0000000100000000)
  eden space 145920K, 100% used [0x00000000d6580000,0x00000000df400000,0x00000000df400000)
  from space 3584K, 0% used [0x00000000fa500000,0x00000000fa508000,0x00000000fa880000)
  to   space 3072K, 0% used [0x00000000fa900000,0x00000000fa900000,0x00000000fac00000)
 ParOldGen       total 86016K, used 11573K [0x0000000083000000, 0x0000000088400000, 0x00000000d6580000)
  object space 86016K, 13% used [0x0000000083000000,0x0000000083b4d4f8,0x0000000088400000)
 Metaspace       used 10712K, capacity 11401K, committed 11520K, reserved 1058816K
  class space    used 1120K, capacity 1255K, committed 1280K, reserved 1048576K
Event: 33.428 GC heap after
Heap after GC invocations=36 (full 0):
 PSYoungGen      total 140800K, used 64K [0x00000000d6580000, 0x00000000fa980000, 0x0000000100000000)
  eden space 140288K, 0% used [0x00000000d6580000,0x00000000d6580000,0x00000000dee80000)
  from space 512K, 12% used [0x00000000fa900000,0x00000000fa910000,0x00000000fa980000)
  to   space 3072K, 0% used [0x00000000fa380000,0x00000000fa380000,0x00000000fa680000)
 ParOldGen       total 86016K, used 11581K [0x0000000083000000, 0x0000000088400000, 0x00000000d6580000)
  object space 86016K, 13% used [0x0000000083000000,0x0000000083b4f4f8,0x0000000088400000)
 Metaspace       used 10712K, capacity 11401K, committed 11520K, reserved 1058816K
  class space    used 1120K, capacity 1255K, committed 1280K, reserved 1048576K
}
Event: 33.479 GC heap before
{Heap before GC invocations=37 (full 0):
 PSYoungGen      total 140800K, used 140352K [0x00000000d6580000, 0x00000000fa980000, 0x0000000100000000)
  eden space 140288K, 100% used [0x00000000d6580000,0x00000000dee80000,0x00000000dee80000)
  from space 512K, 12% used [0x00000000fa900000,0x00000000fa910000,0x00000000fa980000)
  to   space 3072K, 0% used [0x00000000fa380000,0x00000000fa380000,0x00000000fa680000)
 ParOldGen       total 86016K, used 11581K [0x0000000083000000, 0x0000000088400000, 0x00000000d6580000)
  object space 86016K, 13% used [0x0000000083000000,0x0000000083b4f4f8,0x0000000088400000)
 Metaspace       used 10712K, capacity 11401K, committed 11520K, reserved 1058816K
  class space    used 1120K, capacity 1255K, committed 1280K, reserved 1048576K
Event: 33.479 GC heap after
Heap after GC invocations=37 (full 0):
 PSYoungGen      total 137728K, used 32K [0x00000000d6580000, 0x00000000fa980000, 0x0000000100000000)
  eden space 134656K, 0% used [0x00000000d6580000,0x00000000d6580000,0x00000000de900000)
  from space 3072K, 1% used [0x00000000fa380000,0x00000000fa388000,0x00000000fa680000)
  to   space 2560K, 0% used [0x00000000fa700000,0x00000000fa700000,0x00000000fa980000)
 ParOldGen       total 86016K, used 11605K [0x0000000083000000, 0x0000000088400000, 0x00000000d6580000)
  object space 86016K, 13% used [0x0000000083000000,0x0000000083b554f8,0x0000000088400000)
 Metaspace       used 10712K, capacity 11401K, committed 11520K, reserved 1058816K
  class space    used 1120K, capacity 1255K, committed 1280K, reserved 1048576K
}
Event: 33.528 GC heap before
{Heap before GC invocations=38 (full 0):
 PSYoungGen      total 137728K, used 134688K [0x00000000d6580000, 0x00000000fa980000, 0x0000000100000000)
  eden space 134656K, 100% used [0x00000000d6580000,0x00000000de900000,0x00000000de900000)
  from space 3072K, 1% used [0x00000000fa380000,0x00000000fa388000,0x00000000fa680000)
  to   space 2560K, 0% used [0x00000000fa700000,0x00000000fa700000,0x00000000fa980000)
 ParOldGen       total 86016K, used 11605K [0x0000000083000000, 0x0000000088400000, 0x00000000d6580000)
  object space 86016K, 13% used [0x0000000083000000,0x0000000083b554f8,0x0000000088400000)
 Metaspace       used 10712K, capacity 11401K, committed 11520K, reserved 1058816K
  class space    used 1120K, capacity 1255K, committed 1280K, reserved 1048576K
Event: 33.529 GC heap after
Heap after GC invocations=38 (full 0):
 PSYoungGen      total 130048K, used 32K [0x00000000d6580000, 0x00000000fa780000, 0x0000000100000000)
  eden space 129536K, 0% used [0x00000000d6580000,0x00000000d6580000,0x00000000de400000)
  from space 512K, 6% used [0x00000000fa700000,0x00000000fa708000,0x00000000fa780000)
  to   space 2560K, 0% used [0x00000000fa280000,0x00000000fa280000,0x00000000fa500000)
 ParOldGen       total 86016K, used 11605K [0x0000000083000000, 0x0000000088400000, 0x00000000d6580000)
  object space 86016K, 13% used [0x0000000083000000,0x0000000083b554f8,0x0000000088400000)
 Metaspace       used 10712K, capacity 11401K, committed 11520K, reserved 1058816K
  class space    used 1120K, capacity 1255K, committed 1280K, reserved 1048576K
}
Event: 33.576 GC heap before
{Heap before GC invocations=39 (full 0):
 PSYoungGen      total 130048K, used 129568K [0x00000000d6580000, 0x00000000fa780000, 0x0000000100000000)
  eden space 129536K, 100% used [0x00000000d6580000,0x00000000de400000,0x00000000de400000)
  from space 512K, 6% used [0x00000000fa700000,0x00000000fa708000,0x00000000fa780000)
  to   space 2560K, 0% used [0x00000000fa280000,0x00000000fa280000,0x00000000fa500000)
 ParOldGen       total 86016K, used 11605K [0x0000000083000000, 0x0000000088400000, 0x00000000d6580000)
  object space 86016K, 13% used [0x0000000083000000,0x0000000083b554f8,0x0000000088400000)
 Metaspace       used 10712K, capacity 11401K, committed 11520K, reserved 1058816K
  class space    used 1120K, capacity 1255K, committed 1280K, reserved 1048576K
Event: 33.576 GC heap after
Heap after GC invocations=39 (full 0):
 PSYoungGen      total 126976K, used 32K [0x00000000d6580000, 0x00000000fa780000, 0x0000000100000000)
  eden space 124416K, 0% used [0x00000000d6580000,0x00000000d6580000,0x00000000ddf00000)
  from space 2560K, 1% used [0x00000000fa280000,0x00000000fa288000,0x00000000fa500000)
  to   space 2560K, 0% used [0x00000000fa500000,0x00000000fa500000,0x00000000fa780000)
 ParOldGen       total 86016K, used 11605K [0x0000000083000000, 0x0000000088400000, 0x00000000d6580000)
  object space 86016K, 13% used [0x0000000083000000,0x0000000083b554f8,0x0000000088400000)
 Metaspace       used 10712K, capacity 11401K, committed 11520K, reserved 1058816K
  class space    used 1120K, capacity 1255K, committed 1280K, reserved 1048576K
}
Event: 33.619 GC heap before
{Heap before GC invocations=40 (full 0):
 PSYoungGen      total 126976K, used 124448K [0x00000000d6580000, 0x00000000fa780000, 0x0000000100000000)
  eden space 124416K, 100% used [0x00000000d6580000,0x00000000ddf00000,0x00000000ddf00000)
  from space 2560K, 1% used [0x00000000fa280000,0x00000000fa288000,0x00000000fa500000)
  to   space 2560K, 0% used [0x00000000fa500000,0x00000000fa500000,0x00000000fa780000)
 ParOldGen       total 86016K, used 11605K [0x0000000083000000, 0x0000000088400000, 0x00000000d6580000)
  object space 86016K, 13% used [0x0000000083000000,0x0000000083b554f8,0x0000000088400000)
 Metaspace       used 10712K, capacity 11401K, committed 11520K, reserved 1058816K
  class space    used 1120K, capacity 1255K, committed 1280K, reserved 1048576K
Event: 33.620 GC heap after
Heap after GC invocations=40 (full 0):
 PSYoungGen      total 120320K, used 32K [0x00000000d6580000, 0x00000000fa580000, 0x0000000100000000)
  eden space 119808K, 0% used [0x00000000d6580000,0x00000000d6580000,0x00000000dda80000)
  from space 512K, 6% used [0x00000000fa500000,0x00000000fa508000,0x00000000fa580000)
  to   space 2048K, 0% used [0x00000000fa180000,0x00000000fa180000,0x00000000fa380000)
 ParOldGen       total 86016K, used 11605K [0x0000000083000000, 0x0000000088400000, 0x00000000d6580000)
  object space 86016K, 13% used [0x0000000083000000,0x0000000083b554f8,0x0000000088400000)
 Metaspace       used 10712K, capacity 11401K, committed 11520K, reserved 1058816K
  class space    used 1120K, capacity 1255K, committed 1280K, reserved 1048576K
}

