# JRE version: Java(TM) SE Runtime Environment (8.0_65-b17) (build 1.8.0_65-b17)
# Java VM: Java HotSpot(TM) 64-Bit Server VM (25.65-b01 mixed mode windows-amd64 compressed oops)
Heap:
 PSYoungGen      total 222720K, used 120084K [0x00000000d6580000, 0x00000000ffa80000, 0x0000000100000000)
  eden space 222208K, 54% used [0x00000000d6580000,0x00000000ddabd108,0x00000000e3e80000)
  from space 512K, 6% used [0x00000000ff980000,0x00000000ff988000,0x00000000ffa00000)
  to   space 512K, 0% used [0x00000000ffa00000,0x00000000ffa00000,0x00000000ffa80000)
 ParOldGen       total 86016K, used 12483K [0x0000000083000000, 0x0000000088400000, 0x00000000d6580000)
  object space 86016K, 14% used [0x0000000083000000,0x0000000083c30e30,0x0000000088400000)
 Metaspace       used 10777K, capacity 11417K, committed 11520K, reserved 1058816K
  class space    used 1117K, capacity 1271K, committed 1280K, reserved 1048576K
GC Heap History (10 events):
Event: 116.112 GC heap before
{Heap before GC invocations=63 (full 0):
 PSYoungGen      total 277504K, used 277024K [0x00000000d6580000, 0x00000000ffa80000, 0x0000000100000000)
  eden space 276992K, 100% used [0x00000000d6580000,0x00000000e7400000,0x00000000e7400000)
  from space 512K, 6% used [0x00000000ffa00000,0x00000000ffa08000,0x00000000ffa80000)
  to   space 512K, 0% used [0x00000000ff980000,0x00000000ff980000,0x00000000ffa00000)
 ParOldGen       total 86016K, used 12467K [0x0000000083000000, 0x0000000088400000, 0x00000000d6580000)
  object space 86016K, 14% used [0x0000000083000000,0x0000000083c2ce30,0x0000000088400000)
 Metaspace       used 10777K, capacity 11417K, committed 11520K, reserved 1058816K
  class space    used 1117K, capacity 1271K, committed 1280K, reserved 1048576K
Event: 116.112 GC heap after
Heap after GC invocations=63 (full 0):
 PSYoungGen      total 265216K, used 32K [0x00000000d6580000, 0x00000000ffa80000, 0x0000000100000000)
  eden space 264704K, 0% used [0x00000000d6580000,0x00000000d6580000,0x00000000e6800000)
  from space 512K, 6% used [0x00000000ff980000,0x00000000ff988000,0x00000000ffa00000)
  to   space 512K, 0% used [0x00000000ffa00000,0x00000000ffa00000,0x00000000ffa80000)
 ParOldGen       total 86016K, used 12467K [0x0000000083000000, 0x0000000088400000, 0x00000000d6580000)
  object space 86016K, 14% used [0x0000000083000000,0x0000000083c2ce30,0x0000000088400000)
 Metaspace       used 10777K, capacity 11417K, committed 11520K, reserved 1058816K
  class space    used 1117K, capacity 1271K, committed 1280K, reserved 1048576K
}
Event: 129.183 GC heap before
{Heap before GC invocations=64 (full 0):
 PSYoungGen      total 265216K, used 264736K [0x00000000d6580000, 0x00000000ffa80000, 0x0000000100000000)
  eden space 264704K, 100% used [0x00000000d6580000,0x00000000e6800000,0x00000000e6800000)
  from space 512K, 6% used [0x00000000ff980000,0x00000000ff988000,0x00000000ffa00000)
  to   space 512K, 0% used [0x00000000ffa00000,0x00000000ffa00000,0x00000000ffa80000)
 ParOldGen       total 86016K, used 12467K [0x0000000083000000, 0x0000000088400000, 0x00000000d6580000)
  object space 86016K, 14% used [0x0000000083000000,0x0000000083c2ce30,0x0000000088400000)
 Metaspace       used 10777K, capacity 11417K, committed 11520K, reserved 1058816K
  class space    used 1117K, capacity 1271K, committed 1280K, reserved 1048576K
Event: 129.183 GC heap after
Heap after GC invocations=64 (full 0):
 PSYoungGen      total 253440K, used 32K [0x00000000d6580000, 0x00000000ffa80000, 0x0000000100000000)
  eden space 252928K, 0% used [0x00000000d6580000,0x00000000d6580000,0x00000000e5c80000)
  from space 512K, 6% used [0x00000000ffa00000,0x00000000ffa08000,0x00000000ffa80000)
  to   space 512K, 0% used [0x00000000ff980000,0x00000000ff980000,0x00000000ffa00000)
 ParOldGen       total 86016K, used 12467K [0x0000000083000000, 0x0000000088400000, 0x00000000d6580000)
  object space 86016K, 14% used [0x0000000083000000,0x0000000083c2ce30,0x0000000088400000)
 Metaspace       used 10777K, capacity 11417K, committed 11520K, reserved 1058816K
  class space    used 1117K, capacity 1271K, committed 1280K, reserved 1048576K
}
Event: 129.231 GC heap before
{Heap before GC invocations=65 (full 0):
 PSYoungGen      total 253440K, used 252960K [0x00000000d6580000, 0x00000000ffa80000, 0x0000000100000000)
  eden space 252928K, 100% used [0x00000000d6580000,0x00000000e5c80000,0x00000000e5c80000)
  from space 512K, 6% used [0x00000000ffa00000,0x00000000ffa08000,0x00000000ffa80000)
  to   space 512K, 0% used [0x00000000ff980000,0x00000000ff980000,0x00000000ffa00000)
 ParOldGen       total 86016K, used 12467K [0x0000000083000000, 0x0000000088400000, 0x00000000d6580000)
  object space 86016K, 14% used [0x0000000083000000,0x0000000083c2ce30,0x0000000088400000)
 Metaspace       used 10777K, capacity 11417K, committed 11520K, reserved 1058816K
  class space    used 1117K, capacity 1271K, committed 1280K, reserved 1048576K
Event: 129.232 GC heap after
Heap after GC invocations=65 (full 0):
 PSYoungGen      total 242688K, used 32K [0x00000000d6580000, 0x00000000ffa80000, 0x0000000100000000)
  eden space 242176K, 0% used [0x00000000d6580000,0x00000000d6580000,0x00000000e5200000)
  from space 512K, 6% used [0x00000000ff980000,0x00000000ff988000,0x00000000ffa00000)
  to   space 512K, 0% used [0x00000000ffa00000,0x00000000ffa00000,0x00000000ffa80000)
 ParOldGen       total 86016K, used 12483K [0x0000000083000000, 0x0000000088400000, 0x00000000d6580000)
  object space 86016K, 14% used [0x0000000083000000,0x0000000083c30e30,0x0000000088400000)
 Metaspace       used 10777K, capacity 11417K, committed 11520K, reserved 1058816K
  class space    used 1117K, capacity 1271K, committed 1280K, reserved 1048576K
}
Event: 129.277 GC heap before
{Heap before GC invocations=66 (full 0):
 PSYoungGen      total 242688K, used 242208K [0x00000000d6580000, 0x00000000ffa80000, 0x0000000100000000)
  eden space 242176K, 100% used [0x00000000d6580000,0x00000000e5200000,0x00000000e5200000)
  from space 512K, 6% used [0x00000000ff980000,0x00000000ff988000,0x00000000ffa00000)
  to   space 512K, 0% used [0x00000000ffa00000,0x00000000ffa00000,0x00000000ffa80000)
 ParOldGen       total 86016K, used 12483K [0x0000000083000000, 0x0000000088400000, 0x00000000d6580000)
  object space 86016K, 14% used [0x0000000083000000,0x0000000083c30e30,0x0000000088400000)
 Metaspace       used 10777K, capacity 11417K, committed 11520K, reserved 1058816K
  class space    used 1117K, capacity 1271K, committed 1280K, reserved 1048576K
Event: 129.278 GC heap after
Heap after GC invocations=66 (full 0):
 PSYoungGen      total 232448K, used 32K [0x00000000d6580000, 0x00000000ffa80000, 0x0000000100000000)
  eden space 231936K, 0% used [0x00000000d6580000,0x00000000d6580000,0x00000000e4800000)
  from space 512K, 6% used [0x00000000ffa00000,0x00000000ffa08000,0x00000000ffa80000)
  to   space 512K, 0% used [0x00000000ff980000,0x00000000ff980000,0x00000000ffa00000)
 ParOldGen       total 86016K, used 12483K [0x0000000083000000, 0x0000000088400000, 0x00000000d6580000)
  object space 86016K, 14% used [0x0000000083000000,0x0000000083c30e30,0x0000000088400000)
 Metaspace       used 10777K, capacity 11417K, committed 11520K, reserved 1058816K
  class space    used 1117K, capacity 1271K, committed 1280K, reserved 1048576K
}
Event: 129.324 GC heap before
{Heap before GC invocations=67 (full 0):
 PSYoungGen      total 232448K, used 231968K [0x00000000d6580000, 0x00000000ffa80000, 0x0000000100000000)
  eden space 231936K, 100% used [0x00000000d6580000,0x00000000e4800000,0x00000000e4800000)
  from space 512K, 6% used [0x00000000ffa00000,0x00000000ffa08000,0x00000000ffa80000)
  to   space 512K, 0% used [0x00000000ff980000,0x00000000ff980000,0x00000000ffa00000)
 ParOldGen       total 86016K, used 12483K [0x0000000083000000, 0x0000000088400000, 0x00000000d6580000)
  object space 86016K, 14% used [0x0000000083000000,0x0000000083c30e30,0x0000000088400000)
 Metaspace       used 10777K, capacity 11417K, committed 11520K, reserved 1058816K
  class space    used 1117K, capacity 1271K, committed 1280K, reserved 1048576K
Event: 129.324 GC heap after
Heap after GC invocations=67 (full 0):
 PSYoungGen      total 222720K, used 32K [0x00000000d6580000, 0x00000000ffa80000, 0x0000000100000000)
  eden space 222208K, 0% used [0x00000000d6580000,0x00000000d6580000,0x00000000e3e80000)
  from space 512K, 6% used [0x00000000ff980000,0x00000000ff988000,0x00000000ffa00000)
  to   space 512K, 0% used [0x00000000ffa00000,0x00000000ffa00000,0x00000000ffa80000)
 ParOldGen       total 86016K, used 12483K [0x0000000083000000, 0x0000000088400000, 0x00000000d6580000)
  object space 86016K, 14% used [0x0000000083000000,0x0000000083c30e30,0x0000000088400000)
 Metaspace       used 10777K, capacity 11417K, committed 11520K, reserved 1058816K
  class space    used 1117K, capacity 1271K, committed 1280K, reserved 1048576K
}

