# JRE version: Java(TM) SE Runtime Environment (8.0_65-b17) (build 1.8.0_65-b17)
# Java VM: Java HotSpot(TM) 64-Bit Server VM (25.65-b01 mixed mode windows-amd64 compressed oops)
Heap:
 PSYoungGen      total 134144K, used 77539K [0x00000000d6580000, 0x00000000f3100000, 0x0000000100000000)
  eden space 133632K, 57% used [0x00000000d6580000,0x00000000db128d50,0x00000000de800000)
  from space 512K, 12% used [0x00000000f3080000,0x00000000f3090000,0x00000000f3100000)
  to   space 1536K, 0% used [0x00000000f2e00000,0x00000000f2e00000,0x00000000f2f80000)
 ParOldGen       total 86016K, used 13696K [0x0000000083000000, 0x0000000088400000, 0x00000000d6580000)
  object space 86016K, 15% used [0x0000000083000000,0x0000000083d603d8,0x0000000088400000)
 Metaspace       used 10675K, capacity 11299K, committed 11520K, reserved 1058816K
  class space    used 1116K, capacity 1248K, committed 1280K, reserved 1048576K
GC Heap History (10 events):
Event: 7.480 GC heap before
{Heap before GC invocations=44 (full 0):
 PSYoungGen      total 165888K, used 163872K [0x00000000d6580000, 0x00000000f3480000, 0x0000000100000000)
  eden space 163840K, 100% used [0x00000000d6580000,0x00000000e0580000,0x00000000e0580000)
  from space 2048K, 1% used [0x00000000f3080000,0x00000000f3088000,0x00000000f3280000)
  to   space 2048K, 0% used [0x00000000f3280000,0x00000000f3280000,0x00000000f3480000)
 ParOldGen       total 86016K, used 13688K [0x0000000083000000, 0x0000000088400000, 0x00000000d6580000)
  object space 86016K, 15% used [0x0000000083000000,0x0000000083d5e3d8,0x0000000088400000)
 Metaspace       used 10441K, capacity 10995K, committed 11264K, reserved 1058816K
  class space    used 1094K, capacity 1232K, committed 1280K, reserved 1048576K
Event: 7.480 GC heap after
Heap after GC invocations=44 (full 0):
 PSYoungGen      total 157696K, used 64K [0x00000000d6580000, 0x00000000f3300000, 0x0000000100000000)
  eden space 157184K, 0% used [0x00000000d6580000,0x00000000d6580000,0x00000000dff00000)
  from space 512K, 12% used [0x00000000f3280000,0x00000000f3290000,0x00000000f3300000)
  to   space 1536K, 0% used [0x00000000f3000000,0x00000000f3000000,0x00000000f3180000)
 ParOldGen       total 86016K, used 13688K [0x0000000083000000, 0x0000000088400000, 0x00000000d6580000)
  object space 86016K, 15% used [0x0000000083000000,0x0000000083d5e3d8,0x0000000088400000)
 Metaspace       used 10441K, capacity 10995K, committed 11264K, reserved 1058816K
  class space    used 1094K, capacity 1232K, committed 1280K, reserved 1048576K
}
Event: 7.524 GC heap before
{Heap before GC invocations=45 (full 0):
 PSYoungGen      total 157696K, used 157248K [0x00000000d6580000, 0x00000000f3300000, 0x0000000100000000)
  eden space 157184K, 100% used [0x00000000d6580000,0x00000000dff00000,0x00000000dff00000)
  from space 512K, 12% used [0x00000000f3280000,0x00000000f3290000,0x00000000f3300000)
  to   space 1536K, 0% used [0x00000000f3000000,0x00000000f3000000,0x00000000f3180000)
 ParOldGen       total 86016K, used 13688K [0x0000000083000000, 0x0000000088400000, 0x00000000d6580000)
  object space 86016K, 15% used [0x0000000083000000,0x0000000083d5e3d8,0x0000000088400000)
 Metaspace       used 10441K, capacity 10995K, committed 11264K, reserved 1058816K
  class space    used 1094K, capacity 1232K, committed 1280K, reserved 1048576K
Event: 7.524 GC heap after
Heap after GC invocations=45 (full 0):
 PSYoungGen      total 152576K, used 64K [0x00000000d6580000, 0x00000000f3300000, 0x0000000100000000)
  eden space 151040K, 0% used [0x00000000d6580000,0x00000000d6580000,0x00000000df900000)
  from space 1536K, 4% used [0x00000000f3000000,0x00000000f3010000,0x00000000f3180000)
  to   space 1536K, 0% used [0x00000000f3180000,0x00000000f3180000,0x00000000f3300000)
 ParOldGen       total 86016K, used 13688K [0x0000000083000000, 0x0000000088400000, 0x00000000d6580000)
  object space 86016K, 15% used [0x0000000083000000,0x0000000083d5e3d8,0x0000000088400000)
 Metaspace       used 10441K, capacity 10995K, committed 11264K, reserved 1058816K
  class space    used 1094K, capacity 1232K, committed 1280K, reserved 1048576K
}
Event: 7.602 GC heap before
{Heap before GC invocations=46 (full 0):
 PSYoungGen      total 152576K, used 151104K [0x00000000d6580000, 0x00000000f3300000, 0x0000000100000000)
  eden space 151040K, 100% used [0x00000000d6580000,0x00000000df900000,0x00000000df900000)
  from space 1536K, 4% used [0x00000000f3000000,0x00000000f3010000,0x00000000f3180000)
  to   space 1536K, 0% used [0x00000000f3180000,0x00000000f3180000,0x00000000f3300000)
 ParOldGen       total 86016K, used 13688K [0x0000000083000000, 0x0000000088400000, 0x00000000d6580000)
  object space 86016K, 15% used [0x0000000083000000,0x0000000083d5e3d8,0x0000000088400000)
 Metaspace       used 10441K, capacity 10995K, committed 11264K, reserved 1058816K
  class space    used 1094K, capacity 1232K, committed 1280K, reserved 1048576K
Event: 7.603 GC heap after
Heap after GC invocations=46 (full 0):
 PSYoungGen      total 145408K, used 32K [0x00000000d6580000, 0x00000000f3200000, 0x0000000100000000)
  eden space 144896K, 0% used [0x00000000d6580000,0x00000000d6580000,0x00000000df300000)
  from space 512K, 6% used [0x00000000f3180000,0x00000000f3188000,0x00000000f3200000)
  to   space 1536K, 0% used [0x00000000f2f00000,0x00000000f2f00000,0x00000000f3080000)
 ParOldGen       total 86016K, used 13688K [0x0000000083000000, 0x0000000088400000, 0x00000000d6580000)
  object space 86016K, 15% used [0x0000000083000000,0x0000000083d5e3d8,0x0000000088400000)
 Metaspace       used 10441K, capacity 10995K, committed 11264K, reserved 1058816K
  class space    used 1094K, capacity 1232K, committed 1280K, reserved 1048576K
}
Event: 7.675 GC heap before
{Heap before GC invocations=47 (full 0):
 PSYoungGen      total 145408K, used 144928K [0x00000000d6580000, 0x00000000f3200000, 0x0000000100000000)
  eden space 144896K, 100% used [0x00000000d6580000,0x00000000df300000,0x00000000df300000)
  from space 512K, 6% used [0x00000000f3180000,0x00000000f3188000,0x00000000f3200000)
  to   space 1536K, 0% used [0x00000000f2f00000,0x00000000f2f00000,0x00000000f3080000)
 ParOldGen       total 86016K, used 13688K [0x0000000083000000, 0x0000000088400000, 0x00000000d6580000)
  object space 86016K, 15% used [0x0000000083000000,0x0000000083d5e3d8,0x0000000088400000)
 Metaspace       used 10441K, capacity 10995K, committed 11264K, reserved 1058816K
  class space    used 1094K, capacity 1232K, committed 1280K, reserved 1048576K
Event: 7.676 GC heap after
Heap after GC invocations=47 (full 0):
 PSYoungGen      total 140800K, used 32K [0x00000000d6580000, 0x00000000f3200000, 0x0000000100000000)
  eden space 139264K, 0% used [0x00000000d6580000,0x00000000d6580000,0x00000000ded80000)
  from space 1536K, 2% used [0x00000000f2f00000,0x00000000f2f08000,0x00000000f3080000)
  to   space 1536K, 0% used [0x00000000f3080000,0x00000000f3080000,0x00000000f3200000)
 ParOldGen       total 86016K, used 13688K [0x0000000083000000, 0x0000000088400000, 0x00000000d6580000)
  object space 86016K, 15% used [0x0000000083000000,0x0000000083d5e3d8,0x0000000088400000)
 Metaspace       used 10441K, capacity 10995K, committed 11264K, reserved 1058816K
  class space    used 1094K, capacity 1232K, committed 1280K, reserved 1048576K
}
Event: 13.538 GC heap before
{Heap before GC invocations=48 (full 0):
 PSYoungGen      total 140800K, used 139296K [0x00000000d6580000, 0x00000000f3200000, 0x0000000100000000)
  eden space 139264K, 100% used [0x00000000d6580000,0x00000000ded80000,0x00000000ded80000)
  from space 1536K, 2% used [0x00000000f2f00000,0x00000000f2f08000,0x00000000f3080000)
  to   space 1536K, 0% used [0x00000000f3080000,0x00000000f3080000,0x00000000f3200000)
 ParOldGen       total 86016K, used 13688K [0x0000000083000000, 0x0000000088400000, 0x00000000d6580000)
  object space 86016K, 15% used [0x0000000083000000,0x0000000083d5e3d8,0x0000000088400000)
 Metaspace       used 10674K, capacity 11295K, committed 11520K, reserved 1058816K
  class space    used 1116K, capacity 1248K, committed 1280K, reserved 1048576K
Event: 13.544 GC heap after
Heap after GC invocations=48 (full 0):
 PSYoungGen      total 134144K, used 64K [0x00000000d6580000, 0x00000000f3100000, 0x0000000100000000)
  eden space 133632K, 0% used [0x00000000d6580000,0x00000000d6580000,0x00000000de800000)
  from space 512K, 12% used [0x00000000f3080000,0x00000000f3090000,0x00000000f3100000)
  to   space 1536K, 0% used [0x00000000f2e00000,0x00000000f2e00000,0x00000000f2f80000)
 ParOldGen       total 86016K, used 13696K [0x0000000083000000, 0x0000000088400000, 0x00000000d6580000)
  object space 86016K, 15% used [0x0000000083000000,0x0000000083d603d8,0x0000000088400000)
 Metaspace       used 10674K, capacity 11295K, committed 11520K, reserved 1058816K
  class space    used 1116K, capacity 1248K, committed 1280K, reserved 1048576K
}

