# JRE version: Java(TM) SE Runtime Environment (8.0_65-b17) (build 1.8.0_65-b17)
# Java VM: Java HotSpot(TM) 64-Bit Server VM (25.65-b01 mixed mode windows-amd64 compressed oops)
Heap:
 PSYoungGen      total 233984K, used 89022K [0x00000000d6580000, 0x00000000f4000000, 0x0000000100000000)
  eden space 233472K, 38% used [0x00000000d6580000,0x00000000dbc67a28,0x00000000e4980000)
  from space 512K, 6% used [0x00000000f3f80000,0x00000000f3f88000,0x00000000f4000000)
  to   space 4096K, 0% used [0x00000000f3800000,0x00000000f3800000,0x00000000f3c00000)
 ParOldGen       total 86016K, used 13490K [0x0000000083000000, 0x0000000088400000, 0x00000000d6580000)
  object space 86016K, 15% used [0x0000000083000000,0x0000000083d2ca20,0x0000000088400000)
 Metaspace       used 10619K, capacity 11203K, committed 11264K, reserved 1058816K
  class space    used 1114K, capacity 1246K, committed 1280K, reserved 1048576K
GC Heap History (10 events):
Event: 7.113 GC heap before
{Heap before GC invocations=28 (full 0):
 PSYoungGen      total 297984K, used 291872K [0x00000000d6580000, 0x00000000f4d00000, 0x0000000100000000)
  eden space 291840K, 100% used [0x00000000d6580000,0x00000000e8280000,0x00000000e8280000)
  from space 6144K, 0% used [0x00000000f4100000,0x00000000f4108000,0x00000000f4700000)
  to   space 5632K, 0% used [0x00000000f4780000,0x00000000f4780000,0x00000000f4d00000)
 ParOldGen       total 86016K, used 13490K [0x0000000083000000, 0x0000000088400000, 0x00000000d6580000)
  object space 86016K, 15% used [0x0000000083000000,0x0000000083d2ca20,0x0000000088400000)
 Metaspace       used 10439K, capacity 10995K, committed 11264K, reserved 1058816K
  class space    used 1093K, capacity 1232K, committed 1280K, reserved 1048576K
Event: 7.114 GC heap after
Heap after GC invocations=28 (full 0):
 PSYoungGen      total 279552K, used 64K [0x00000000d6580000, 0x00000000f4800000, 0x0000000100000000)
  eden space 279040K, 0% used [0x00000000d6580000,0x00000000d6580000,0x00000000e7600000)
  from space 512K, 12% used [0x00000000f4780000,0x00000000f4790000,0x00000000f4800000)
  to   space 5120K, 0% used [0x00000000f3e00000,0x00000000f3e00000,0x00000000f4300000)
 ParOldGen       total 86016K, used 13490K [0x0000000083000000, 0x0000000088400000, 0x00000000d6580000)
  object space 86016K, 15% used [0x0000000083000000,0x0000000083d2ca20,0x0000000088400000)
 Metaspace       used 10439K, capacity 10995K, committed 11264K, reserved 1058816K
  class space    used 1093K, capacity 1232K, committed 1280K, reserved 1048576K
}
Event: 7.205 GC heap before
{Heap before GC invocations=29 (full 0):
 PSYoungGen      total 279552K, used 279104K [0x00000000d6580000, 0x00000000f4800000, 0x0000000100000000)
  eden space 279040K, 100% used [0x00000000d6580000,0x00000000e7600000,0x00000000e7600000)
  from space 512K, 12% used [0x00000000f4780000,0x00000000f4790000,0x00000000f4800000)
  to   space 5120K, 0% used [0x00000000f3e00000,0x00000000f3e00000,0x00000000f4300000)
 ParOldGen       total 86016K, used 13490K [0x0000000083000000, 0x0000000088400000, 0x00000000d6580000)
  object space 86016K, 15% used [0x0000000083000000,0x0000000083d2ca20,0x0000000088400000)
 Metaspace       used 10439K, capacity 10995K, committed 11264K, reserved 1058816K
  class space    used 1093K, capacity 1232K, committed 1280K, reserved 1048576K
Event: 7.206 GC heap after
Heap after GC invocations=29 (full 0):
 PSYoungGen      total 271872K, used 64K [0x00000000d6580000, 0x00000000f4800000, 0x0000000100000000)
  eden space 266752K, 0% used [0x00000000d6580000,0x00000000d6580000,0x00000000e6a00000)
  from space 5120K, 1% used [0x00000000f3e00000,0x00000000f3e10000,0x00000000f4300000)
  to   space 5120K, 0% used [0x00000000f4300000,0x00000000f4300000,0x00000000f4800000)
 ParOldGen       total 86016K, used 13490K [0x0000000083000000, 0x0000000088400000, 0x00000000d6580000)
  object space 86016K, 15% used [0x0000000083000000,0x0000000083d2ca20,0x0000000088400000)
 Metaspace       used 10439K, capacity 10995K, committed 11264K, reserved 1058816K
  class space    used 1093K, capacity 1232K, committed 1280K, reserved 1048576K
}
Event: 7.292 GC heap before
{Heap before GC invocations=30 (full 0):
 PSYoungGen      total 271872K, used 266816K [0x00000000d6580000, 0x00000000f4800000, 0x0000000100000000)
  eden space 266752K, 100% used [0x00000000d6580000,0x00000000e6a00000,0x00000000e6a00000)
  from space 5120K, 1% used [0x00000000f3e00000,0x00000000f3e10000,0x00000000f4300000)
  to   space 5120K, 0% used [0x00000000f4300000,0x00000000f4300000,0x00000000f4800000)
 ParOldGen       total 86016K, used 13490K [0x0000000083000000, 0x0000000088400000, 0x00000000d6580000)
  object space 86016K, 15% used [0x0000000083000000,0x0000000083d2ca20,0x0000000088400000)
 Metaspace       used 10439K, capacity 10995K, committed 11264K, reserved 1058816K
  class space    used 1093K, capacity 1232K, committed 1280K, reserved 1048576K
Event: 7.293 GC heap after
Heap after GC invocations=30 (full 0):
 PSYoungGen      total 255488K, used 32K [0x00000000d6580000, 0x00000000f4380000, 0x0000000100000000)
  eden space 254976K, 0% used [0x00000000d6580000,0x00000000d6580000,0x00000000e5e80000)
  from space 512K, 6% used [0x00000000f4300000,0x00000000f4308000,0x00000000f4380000)
  to   space 4608K, 0% used [0x00000000f3a80000,0x00000000f3a80000,0x00000000f3f00000)
 ParOldGen       total 86016K, used 13490K [0x0000000083000000, 0x0000000088400000, 0x00000000d6580000)
  object space 86016K, 15% used [0x0000000083000000,0x0000000083d2ca20,0x0000000088400000)
 Metaspace       used 10439K, capacity 10995K, committed 11264K, reserved 1058816K
  class space    used 1093K, capacity 1232K, committed 1280K, reserved 1048576K
}
Event: 7.356 GC heap before
{Heap before GC invocations=31 (full 0):
 PSYoungGen      total 255488K, used 255008K [0x00000000d6580000, 0x00000000f4380000, 0x0000000100000000)
  eden space 254976K, 100% used [0x00000000d6580000,0x00000000e5e80000,0x00000000e5e80000)
  from space 512K, 6% used [0x00000000f4300000,0x00000000f4308000,0x00000000f4380000)
  to   space 4608K, 0% used [0x00000000f3a80000,0x00000000f3a80000,0x00000000f3f00000)
 ParOldGen       total 86016K, used 13490K [0x0000000083000000, 0x0000000088400000, 0x00000000d6580000)
  object space 86016K, 15% used [0x0000000083000000,0x0000000083d2ca20,0x0000000088400000)
 Metaspace       used 10439K, capacity 10995K, committed 11264K, reserved 1058816K
  class space    used 1093K, capacity 1232K, committed 1280K, reserved 1048576K
Event: 7.357 GC heap after
Heap after GC invocations=31 (full 0):
 PSYoungGen      total 248320K, used 64K [0x00000000d6580000, 0x00000000f4380000, 0x0000000100000000)
  eden space 243712K, 0% used [0x00000000d6580000,0x00000000d6580000,0x00000000e5380000)
  from space 4608K, 1% used [0x00000000f3a80000,0x00000000f3a90000,0x00000000f3f00000)
  to   space 4096K, 0% used [0x00000000f3f80000,0x00000000f3f80000,0x00000000f4380000)
 ParOldGen       total 86016K, used 13490K [0x0000000083000000, 0x0000000088400000, 0x00000000d6580000)
  object space 86016K, 15% used [0x0000000083000000,0x0000000083d2ca20,0x0000000088400000)
 Metaspace       used 10439K, capacity 10995K, committed 11264K, reserved 1058816K
  class space    used 1093K, capacity 1232K, committed 1280K, reserved 1048576K
}
Event: 7.424 GC heap before
{Heap before GC invocations=32 (full 0):
 PSYoungGen      total 248320K, used 243776K [0x00000000d6580000, 0x00000000f4380000, 0x0000000100000000)
  eden space 243712K, 100% used [0x00000000d6580000,0x00000000e5380000,0x00000000e5380000)
  from space 4608K, 1% used [0x00000000f3a80000,0x00000000f3a90000,0x00000000f3f00000)
  to   space 4096K, 0% used [0x00000000f3f80000,0x00000000f3f80000,0x00000000f4380000)
 ParOldGen       total 86016K, used 13490K [0x0000000083000000, 0x0000000088400000, 0x00000000d6580000)
  object space 86016K, 15% used [0x0000000083000000,0x0000000083d2ca20,0x0000000088400000)
 Metaspace       used 10439K, capacity 10995K, committed 11264K, reserved 1058816K
  class space    used 1093K, capacity 1232K, committed 1280K, reserved 1048576K
Event: 7.425 GC heap after
Heap after GC invocations=32 (full 0):
 PSYoungGen      total 233984K, used 32K [0x00000000d6580000, 0x00000000f4000000, 0x0000000100000000)
  eden space 233472K, 0% used [0x00000000d6580000,0x00000000d6580000,0x00000000e4980000)
  from space 512K, 6% used [0x00000000f3f80000,0x00000000f3f88000,0x00000000f4000000)
  to   space 4096K, 0% used [0x00000000f3800000,0x00000000f3800000,0x00000000f3c00000)
 ParOldGen       total 86016K, used 13490K [0x0000000083000000, 0x0000000088400000, 0x00000000d6580000)
  object space 86016K, 15% used [0x0000000083000000,0x0000000083d2ca20,0x0000000088400000)
 Metaspace       used 10439K, capacity 10995K, committed 11264K, reserved 1058816K
  class space    used 1093K, capacity 1232K, committed 1280K, reserved 1048576K
}

