# JRE version: Java(TM) SE Runtime Environment (8.0_51-b16) (build 1.8.0_51-b16)
# Java VM: Java HotSpot(TM) 64-Bit Server VM (25.51-b03 mixed mode windows-amd64 compressed oops)
Heap:
 PSYoungGen      total 322560K, used 277236K [0x00000000d6000000, 0x00000000f0f80000, 0x0000000100000000)
  eden space 322048K, 86% used [0x00000000d6000000,0x00000000e6eb5080,0x00000000e9a80000)
  from space 512K, 6% used [0x00000000f0e80000,0x00000000f0e88000,0x00000000f0f00000)
  to   space 512K, 0% used [0x00000000f0f00000,0x00000000f0f00000,0x00000000f0f80000)
 ParOldGen       total 86016K, used 20689K [0x0000000082000000, 0x0000000087400000, 0x00000000d6000000)
  object space 86016K, 24% used [0x0000000082000000,0x0000000083434780,0x0000000087400000)
 Metaspace       used 11546K, capacity 12229K, committed 12416K, reserved 1060864K
  class space    used 1236K, capacity 1393K, committed 1408K, reserved 1048576K
GC Heap History (10 events):
Event: 39.889 GC heap before
{Heap before GC invocations=79 (full 0):
 PSYoungGen      total 204800K, used 204384K [0x00000000d6000000, 0x00000000f1000000, 0x0000000100000000)
  eden space 204288K, 100% used [0x00000000d6000000,0x00000000e2780000,0x00000000e2780000)
  from space 512K, 18% used [0x00000000f0f80000,0x00000000f0f98000,0x00000000f1000000)
  to   space 1024K, 0% used [0x00000000f0e00000,0x00000000f0e00000,0x00000000f0f00000)
 ParOldGen       total 86016K, used 20673K [0x0000000082000000, 0x0000000087400000, 0x00000000d6000000)
  object space 86016K, 24% used [0x0000000082000000,0x0000000083430780,0x0000000087400000)
 Metaspace       used 11359K, capacity 12015K, committed 12160K, reserved 1060864K
  class space    used 1216K, capacity 1380K, committed 1408K, reserved 1048576K
Event: 39.890 GC heap after
Heap after GC invocations=79 (full 0):
 PSYoungGen      total 246272K, used 64K [0x00000000d6000000, 0x00000000f1000000, 0x0000000100000000)
  eden space 245248K, 0% used [0x00000000d6000000,0x00000000d6000000,0x00000000e4f80000)
  from space 1024K, 6% used [0x00000000f0e00000,0x00000000f0e10000,0x00000000f0f00000)
  to   space 1024K, 0% used [0x00000000f0f00000,0x00000000f0f00000,0x00000000f1000000)
 ParOldGen       total 86016K, used 20681K [0x0000000082000000, 0x0000000087400000, 0x00000000d6000000)
  object space 86016K, 24% used [0x0000000082000000,0x0000000083432780,0x0000000087400000)
 Metaspace       used 11359K, capacity 12015K, committed 12160K, reserved 1060864K
  class space    used 1216K, capacity 1380K, committed 1408K, reserved 1048576K
}
Event: 39.951 GC heap before
{Heap before GC invocations=80 (full 0):
 PSYoungGen      total 246272K, used 245312K [0x00000000d6000000, 0x00000000f1000000, 0x0000000100000000)
  eden space 245248K, 100% used [0x00000000d6000000,0x00000000e4f80000,0x00000000e4f80000)
  from space 1024K, 6% used [0x00000000f0e00000,0x00000000f0e10000,0x00000000f0f00000)
  to   space 1024K, 0% used [0x00000000f0f00000,0x00000000f0f00000,0x00000000f1000000)
 ParOldGen       total 86016K, used 20681K [0x0000000082000000, 0x0000000087400000, 0x00000000d6000000)
  object space 86016K, 24% used [0x0000000082000000,0x0000000083432780,0x0000000087400000)
 Metaspace       used 11359K, capacity 12015K, committed 12160K, reserved 1060864K
  class space    used 1216K, capacity 1380K, committed 1408K, reserved 1048576K
Event: 39.951 GC heap after
Heap after GC invocations=80 (full 0):
 PSYoungGen      total 294912K, used 128K [0x00000000d6000000, 0x00000000f0f80000, 0x0000000100000000)
  eden space 294400K, 0% used [0x00000000d6000000,0x00000000d6000000,0x00000000e7f80000)
  from space 512K, 25% used [0x00000000f0f00000,0x00000000f0f20000,0x00000000f0f80000)
  to   space 512K, 0% used [0x00000000f0e80000,0x00000000f0e80000,0x00000000f0f00000)
 ParOldGen       total 86016K, used 20681K [0x0000000082000000, 0x0000000087400000, 0x00000000d6000000)
  object space 86016K, 24% used [0x0000000082000000,0x0000000083432780,0x0000000087400000)
 Metaspace       used 11359K, capacity 12015K, committed 12160K, reserved 1060864K
  class space    used 1216K, capacity 1380K, committed 1408K, reserved 1048576K
}
Event: 40.019 GC heap before
{Heap before GC invocations=81 (full 0):
 PSYoungGen      total 294912K, used 294528K [0x00000000d6000000, 0x00000000f0f80000, 0x0000000100000000)
  eden space 294400K, 100% used [0x00000000d6000000,0x00000000e7f80000,0x00000000e7f80000)
  from space 512K, 25% used [0x00000000f0f00000,0x00000000f0f20000,0x00000000f0f80000)
  to   space 512K, 0% used [0x00000000f0e80000,0x00000000f0e80000,0x00000000f0f00000)
 ParOldGen       total 86016K, used 20681K [0x0000000082000000, 0x0000000087400000, 0x00000000d6000000)
  object space 86016K, 24% used [0x0000000082000000,0x0000000083432780,0x0000000087400000)
 Metaspace       used 11359K, capacity 12015K, committed 12160K, reserved 1060864K
  class space    used 1216K, capacity 1380K, committed 1408K, reserved 1048576K
Event: 40.020 GC heap after
Heap after GC invocations=81 (full 0):
 PSYoungGen      total 353792K, used 32K [0x00000000d6000000, 0x00000000f0f80000, 0x0000000100000000)
  eden space 353280K, 0% used [0x00000000d6000000,0x00000000d6000000,0x00000000eb900000)
  from space 512K, 6% used [0x00000000f0e80000,0x00000000f0e88000,0x00000000f0f00000)
  to   space 512K, 0% used [0x00000000f0f00000,0x00000000f0f00000,0x00000000f0f80000)
 ParOldGen       total 86016K, used 20689K [0x0000000082000000, 0x0000000087400000, 0x00000000d6000000)
  object space 86016K, 24% used [0x0000000082000000,0x0000000083434780,0x0000000087400000)
 Metaspace       used 11359K, capacity 12015K, committed 12160K, reserved 1060864K
  class space    used 1216K, capacity 1380K, committed 1408K, reserved 1048576K
}
Event: 40.108 GC heap before
{Heap before GC invocations=82 (full 0):
 PSYoungGen      total 353792K, used 353312K [0x00000000d6000000, 0x00000000f0f80000, 0x0000000100000000)
  eden space 353280K, 100% used [0x00000000d6000000,0x00000000eb900000,0x00000000eb900000)
  from space 512K, 6% used [0x00000000f0e80000,0x00000000f0e88000,0x00000000f0f00000)
  to   space 512K, 0% used [0x00000000f0f00000,0x00000000f0f00000,0x00000000f0f80000)
 ParOldGen       total 86016K, used 20689K [0x0000000082000000, 0x0000000087400000, 0x00000000d6000000)
  object space 86016K, 24% used [0x0000000082000000,0x0000000083434780,0x0000000087400000)
 Metaspace       used 11359K, capacity 12015K, committed 12160K, reserved 1060864K
  class space    used 1216K, capacity 1380K, committed 1408K, reserved 1048576K
Event: 40.109 GC heap after
Heap after GC invocations=82 (full 0):
 PSYoungGen      total 337920K, used 160K [0x00000000d6000000, 0x00000000f0f80000, 0x0000000100000000)
  eden space 337408K, 0% used [0x00000000d6000000,0x00000000d6000000,0x00000000ea980000)
  from space 512K, 31% used [0x00000000f0f00000,0x00000000f0f28000,0x00000000f0f80000)
  to   space 512K, 0% used [0x00000000f0e80000,0x00000000f0e80000,0x00000000f0f00000)
 ParOldGen       total 86016K, used 20689K [0x0000000082000000, 0x0000000087400000, 0x00000000d6000000)
  object space 86016K, 24% used [0x0000000082000000,0x0000000083434780,0x0000000087400000)
 Metaspace       used 11359K, capacity 12015K, committed 12160K, reserved 1060864K
  class space    used 1216K, capacity 1380K, committed 1408K, reserved 1048576K
}
Event: 40.194 GC heap before
{Heap before GC invocations=83 (full 0):
 PSYoungGen      total 337920K, used 337568K [0x00000000d6000000, 0x00000000f0f80000, 0x0000000100000000)
  eden space 337408K, 100% used [0x00000000d6000000,0x00000000ea980000,0x00000000ea980000)
  from space 512K, 31% used [0x00000000f0f00000,0x00000000f0f28000,0x00000000f0f80000)
  to   space 512K, 0% used [0x00000000f0e80000,0x00000000f0e80000,0x00000000f0f00000)
 ParOldGen       total 86016K, used 20689K [0x0000000082000000, 0x0000000087400000, 0x00000000d6000000)
  object space 86016K, 24% used [0x0000000082000000,0x0000000083434780,0x0000000087400000)
 Metaspace       used 11359K, capacity 12015K, committed 12160K, reserved 1060864K
  class space    used 1216K, capacity 1380K, committed 1408K, reserved 1048576K
Event: 40.194 GC heap after
Heap after GC invocations=83 (full 0):
 PSYoungGen      total 322560K, used 32K [0x00000000d6000000, 0x00000000f0f80000, 0x0000000100000000)
  eden space 322048K, 0% used [0x00000000d6000000,0x00000000d6000000,0x00000000e9a80000)
  from space 512K, 6% used [0x00000000f0e80000,0x00000000f0e88000,0x00000000f0f00000)
  to   space 512K, 0% used [0x00000000f0f00000,0x00000000f0f00000,0x00000000f0f80000)
 ParOldGen       total 86016K, used 20689K [0x0000000082000000, 0x0000000087400000, 0x00000000d6000000)
  object space 86016K, 24% used [0x0000000082000000,0x0000000083434780,0x0000000087400000)
 Metaspace       used 11359K, capacity 12015K, committed 12160K, reserved 1060864K
  class space    used 1216K, capacity 1380K, committed 1408K, reserved 1048576K
}

