# JRE version: Java(TM) SE Runtime Environment (8.0_65-b17) (build 1.8.0_65-b17)
# Java VM: Java HotSpot(TM) 64-Bit Server VM (25.65-b01 mixed mode windows-amd64 compressed oops)
Heap:
 PSYoungGen      total 305664K, used 244023K [0x00000000d6580000, 0x00000000f8180000, 0x0000000100000000)
  eden space 305152K, 79% used [0x00000000d6580000,0x00000000e53c5e68,0x00000000e8f80000)
  from space 512K, 6% used [0x00000000f8080000,0x00000000f8088000,0x00000000f8100000)
  to   space 512K, 0% used [0x00000000f8100000,0x00000000f8100000,0x00000000f8180000)
 ParOldGen       total 86016K, used 13477K [0x0000000083000000, 0x0000000088400000, 0x00000000d6580000)
  object space 86016K, 15% used [0x0000000083000000,0x0000000083d29798,0x0000000088400000)
 Metaspace       used 10805K, capacity 11499K, committed 11520K, reserved 1058816K
  class space    used 1119K, capacity 1272K, committed 1280K, reserved 1048576K
GC Heap History (10 events):
Event: 457.653 GC heap before
{Heap before GC invocations=195 (full 0):
 PSYoungGen      total 243712K, used 243328K [0x00000000d6580000, 0x00000000f8180000, 0x0000000100000000)
  eden space 243200K, 100% used [0x00000000d6580000,0x00000000e5300000,0x00000000e5300000)
  from space 512K, 25% used [0x00000000f8100000,0x00000000f8120000,0x00000000f8180000)
  to   space 512K, 0% used [0x00000000f8080000,0x00000000f8080000,0x00000000f8100000)
 ParOldGen       total 86016K, used 13365K [0x0000000083000000, 0x0000000088400000, 0x00000000d6580000)
  object space 86016K, 15% used [0x0000000083000000,0x0000000083d0d798,0x0000000088400000)
 Metaspace       used 10805K, capacity 11499K, committed 11520K, reserved 1058816K
  class space    used 1119K, capacity 1272K, committed 1280K, reserved 1048576K
Event: 457.654 GC heap after
Heap after GC invocations=195 (full 0):
 PSYoungGen      total 292352K, used 32K [0x00000000d6580000, 0x00000000f8180000, 0x0000000100000000)
  eden space 291840K, 0% used [0x00000000d6580000,0x00000000d6580000,0x00000000e8280000)
  from space 512K, 6% used [0x00000000f8080000,0x00000000f8088000,0x00000000f8100000)
  to   space 512K, 0% used [0x00000000f8100000,0x00000000f8100000,0x00000000f8180000)
 ParOldGen       total 86016K, used 13469K [0x0000000083000000, 0x0000000088400000, 0x00000000d6580000)
  object space 86016K, 15% used [0x0000000083000000,0x0000000083d27798,0x0000000088400000)
 Metaspace       used 10805K, capacity 11499K, committed 11520K, reserved 1058816K
  class space    used 1119K, capacity 1272K, committed 1280K, reserved 1048576K
}
Event: 457.714 GC heap before
{Heap before GC invocations=196 (full 0):
 PSYoungGen      total 292352K, used 291872K [0x00000000d6580000, 0x00000000f8180000, 0x0000000100000000)
  eden space 291840K, 100% used [0x00000000d6580000,0x00000000e8280000,0x00000000e8280000)
  from space 512K, 6% used [0x00000000f8080000,0x00000000f8088000,0x00000000f8100000)
  to   space 512K, 0% used [0x00000000f8100000,0x00000000f8100000,0x00000000f8180000)
 ParOldGen       total 86016K, used 13469K [0x0000000083000000, 0x0000000088400000, 0x00000000d6580000)
  object space 86016K, 15% used [0x0000000083000000,0x0000000083d27798,0x0000000088400000)
 Metaspace       used 10805K, capacity 11499K, committed 11520K, reserved 1058816K
  class space    used 1119K, capacity 1272K, committed 1280K, reserved 1048576K
Event: 457.715 GC heap after
Heap after GC invocations=196 (full 0):
 PSYoungGen      total 350720K, used 32K [0x00000000d6580000, 0x00000000f8180000, 0x0000000100000000)
  eden space 350208K, 0% used [0x00000000d6580000,0x00000000d6580000,0x00000000ebb80000)
  from space 512K, 6% used [0x00000000f8100000,0x00000000f8108000,0x00000000f8180000)
  to   space 512K, 0% used [0x00000000f8080000,0x00000000f8080000,0x00000000f8100000)
 ParOldGen       total 86016K, used 13469K [0x0000000083000000, 0x0000000088400000, 0x00000000d6580000)
  object space 86016K, 15% used [0x0000000083000000,0x0000000083d27798,0x0000000088400000)
 Metaspace       used 10805K, capacity 11499K, committed 11520K, reserved 1058816K
  class space    used 1119K, capacity 1272K, committed 1280K, reserved 1048576K
}
Event: 457.786 GC heap before
{Heap before GC invocations=197 (full 0):
 PSYoungGen      total 350720K, used 350240K [0x00000000d6580000, 0x00000000f8180000, 0x0000000100000000)
  eden space 350208K, 100% used [0x00000000d6580000,0x00000000ebb80000,0x00000000ebb80000)
  from space 512K, 6% used [0x00000000f8100000,0x00000000f8108000,0x00000000f8180000)
  to   space 512K, 0% used [0x00000000f8080000,0x00000000f8080000,0x00000000f8100000)
 ParOldGen       total 86016K, used 13469K [0x0000000083000000, 0x0000000088400000, 0x00000000d6580000)
  object space 86016K, 15% used [0x0000000083000000,0x0000000083d27798,0x0000000088400000)
 Metaspace       used 10805K, capacity 11499K, committed 11520K, reserved 1058816K
  class space    used 1119K, capacity 1272K, committed 1280K, reserved 1048576K
Event: 457.787 GC heap after
Heap after GC invocations=197 (full 0):
 PSYoungGen      total 334848K, used 32K [0x00000000d6580000, 0x00000000f8180000, 0x0000000100000000)
  eden space 334336K, 0% used [0x00000000d6580000,0x00000000d6580000,0x00000000eac00000)
  from space 512K, 6% used [0x00000000f8080000,0x00000000f8088000,0x00000000f8100000)
  to   space 512K, 0% used [0x00000000f8100000,0x00000000f8100000,0x00000000f8180000)
 ParOldGen       total 86016K, used 13477K [0x0000000083000000, 0x0000000088400000, 0x00000000d6580000)
  object space 86016K, 15% used [0x0000000083000000,0x0000000083d29798,0x0000000088400000)
 Metaspace       used 10805K, capacity 11499K, committed 11520K, reserved 1058816K
  class space    used 1119K, capacity 1272K, committed 1280K, reserved 1048576K
}
Event: 457.852 GC heap before
{Heap before GC invocations=198 (full 0):
 PSYoungGen      total 334848K, used 334368K [0x00000000d6580000, 0x00000000f8180000, 0x0000000100000000)
  eden space 334336K, 100% used [0x00000000d6580000,0x00000000eac00000,0x00000000eac00000)
  from space 512K, 6% used [0x00000000f8080000,0x00000000f8088000,0x00000000f8100000)
  to   space 512K, 0% used [0x00000000f8100000,0x00000000f8100000,0x00000000f8180000)
 ParOldGen       total 86016K, used 13477K [0x0000000083000000, 0x0000000088400000, 0x00000000d6580000)
  object space 86016K, 15% used [0x0000000083000000,0x0000000083d29798,0x0000000088400000)
 Metaspace       used 10805K, capacity 11499K, committed 11520K, reserved 1058816K
  class space    used 1119K, capacity 1272K, committed 1280K, reserved 1048576K
Event: 457.853 GC heap after
Heap after GC invocations=198 (full 0):
 PSYoungGen      total 320000K, used 32K [0x00000000d6580000, 0x00000000f8180000, 0x0000000100000000)
  eden space 319488K, 0% used [0x00000000d6580000,0x00000000d6580000,0x00000000e9d80000)
  from space 512K, 6% used [0x00000000f8100000,0x00000000f8108000,0x00000000f8180000)
  to   space 512K, 0% used [0x00000000f8080000,0x00000000f8080000,0x00000000f8100000)
 ParOldGen       total 86016K, used 13477K [0x0000000083000000, 0x0000000088400000, 0x00000000d6580000)
  object space 86016K, 15% used [0x0000000083000000,0x0000000083d29798,0x0000000088400000)
 Metaspace       used 10805K, capacity 11499K, committed 11520K, reserved 1058816K
  class space    used 1119K, capacity 1272K, committed 1280K, reserved 1048576K
}
Event: 457.914 GC heap before
{Heap before GC invocations=199 (full 0):
 PSYoungGen      total 320000K, used 319520K [0x00000000d6580000, 0x00000000f8180000, 0x0000000100000000)
  eden space 319488K, 100% used [0x00000000d6580000,0x00000000e9d80000,0x00000000e9d80000)
  from space 512K, 6% used [0x00000000f8100000,0x00000000f8108000,0x00000000f8180000)
  to   space 512K, 0% used [0x00000000f8080000,0x00000000f8080000,0x00000000f8100000)
 ParOldGen       total 86016K, used 13477K [0x0000000083000000, 0x0000000088400000, 0x00000000d6580000)
  object space 86016K, 15% used [0x0000000083000000,0x0000000083d29798,0x0000000088400000)
 Metaspace       used 10805K, capacity 11499K, committed 11520K, reserved 1058816K
  class space    used 1119K, capacity 1272K, committed 1280K, reserved 1048576K
Event: 457.914 GC heap after
Heap after GC invocations=199 (full 0):
 PSYoungGen      total 305664K, used 32K [0x00000000d6580000, 0x00000000f8180000, 0x0000000100000000)
  eden space 305152K, 0% used [0x00000000d6580000,0x00000000d6580000,0x00000000e8f80000)
  from space 512K, 6% used [0x00000000f8080000,0x00000000f8088000,0x00000000f8100000)
  to   space 512K, 0% used [0x00000000f8100000,0x00000000f8100000,0x00000000f8180000)
 ParOldGen       total 86016K, used 13477K [0x0000000083000000, 0x0000000088400000, 0x00000000d6580000)
  object space 86016K, 15% used [0x0000000083000000,0x0000000083d29798,0x0000000088400000)
 Metaspace       used 10805K, capacity 11499K, committed 11520K, reserved 1058816K
  class space    used 1119K, capacity 1272K, committed 1280K, reserved 1048576K
}

