# JRE version: Java(TM) SE Runtime Environment (8.0_65-b17) (build 1.8.0_65-b17)
# Java VM: Java HotSpot(TM) 64-Bit Server VM (25.65-b01 mixed mode windows-amd64 compressed oops)
Heap:
 PSYoungGen      total 141312K, used 78880K [0x00000000d6580000, 0x00000000f2480000, 0x0000000100000000)
  eden space 140800K, 56% used [0x00000000d6580000,0x00000000db280050,0x00000000def00000)
  from space 512K, 6% used [0x00000000f2380000,0x00000000f2388000,0x00000000f2400000)
  to   space 512K, 0% used [0x00000000f2400000,0x00000000f2400000,0x00000000f2480000)
 ParOldGen       total 86016K, used 18261K [0x0000000083000000, 0x0000000088400000, 0x00000000d6580000)
  object space 86016K, 21% used [0x0000000083000000,0x00000000841d5408,0x0000000088400000)
 Metaspace       used 11248K, capacity 12031K, committed 12160K, reserved 1060864K
  class space    used 1189K, capacity 1340K, committed 1408K, reserved 1048576K
GC Heap History (10 events):
Event: 427.504 GC heap before
{Heap before GC invocations=169 (full 0):
 PSYoungGen      total 137216K, used 136736K [0x00000000d6580000, 0x00000000f2480000, 0x0000000100000000)
  eden space 136704K, 100% used [0x00000000d6580000,0x00000000deb00000,0x00000000deb00000)
  from space 512K, 6% used [0x00000000f2400000,0x00000000f2408000,0x00000000f2480000)
  to   space 512K, 0% used [0x00000000f2380000,0x00000000f2380000,0x00000000f2400000)
 ParOldGen       total 86016K, used 18253K [0x0000000083000000, 0x0000000088400000, 0x00000000d6580000)
  object space 86016K, 21% used [0x0000000083000000,0x00000000841d3408,0x0000000088400000)
 Metaspace       used 11248K, capacity 12031K, committed 12160K, reserved 1060864K
  class space    used 1189K, capacity 1340K, committed 1408K, reserved 1048576K
Event: 427.504 GC heap after
Heap after GC invocations=169 (full 0):
 PSYoungGen      total 132096K, used 32K [0x00000000d6580000, 0x00000000f2480000, 0x0000000100000000)
  eden space 131584K, 0% used [0x00000000d6580000,0x00000000d6580000,0x00000000de600000)
  from space 512K, 6% used [0x00000000f2380000,0x00000000f2388000,0x00000000f2400000)
  to   space 512K, 0% used [0x00000000f2400000,0x00000000f2400000,0x00000000f2480000)
 ParOldGen       total 86016K, used 18253K [0x0000000083000000, 0x0000000088400000, 0x00000000d6580000)
  object space 86016K, 21% used [0x0000000083000000,0x00000000841d3408,0x0000000088400000)
 Metaspace       used 11248K, capacity 12031K, committed 12160K, reserved 1060864K
  class space    used 1189K, capacity 1340K, committed 1408K, reserved 1048576K
}
Event: 427.549 GC heap before
{Heap before GC invocations=170 (full 0):
 PSYoungGen      total 132096K, used 131616K [0x00000000d6580000, 0x00000000f2480000, 0x0000000100000000)
  eden space 131584K, 100% used [0x00000000d6580000,0x00000000de600000,0x00000000de600000)
  from space 512K, 6% used [0x00000000f2380000,0x00000000f2388000,0x00000000f2400000)
  to   space 512K, 0% used [0x00000000f2400000,0x00000000f2400000,0x00000000f2480000)
 ParOldGen       total 86016K, used 18253K [0x0000000083000000, 0x0000000088400000, 0x00000000d6580000)
  object space 86016K, 21% used [0x0000000083000000,0x00000000841d3408,0x0000000088400000)
 Metaspace       used 11248K, capacity 12031K, committed 12160K, reserved 1060864K
  class space    used 1189K, capacity 1340K, committed 1408K, reserved 1048576K
Event: 427.550 GC heap after
Heap after GC invocations=170 (full 0):
 PSYoungGen      total 126976K, used 32K [0x00000000d6580000, 0x00000000f2480000, 0x0000000100000000)
  eden space 126464K, 0% used [0x00000000d6580000,0x00000000d6580000,0x00000000de100000)
  from space 512K, 6% used [0x00000000f2400000,0x00000000f2408000,0x00000000f2480000)
  to   space 512K, 0% used [0x00000000f2380000,0x00000000f2380000,0x00000000f2400000)
 ParOldGen       total 86016K, used 18261K [0x0000000083000000, 0x0000000088400000, 0x00000000d6580000)
  object space 86016K, 21% used [0x0000000083000000,0x00000000841d5408,0x0000000088400000)
 Metaspace       used 11248K, capacity 12031K, committed 12160K, reserved 1060864K
  class space    used 1189K, capacity 1340K, committed 1408K, reserved 1048576K
}
Event: 427.595 GC heap before
{Heap before GC invocations=171 (full 0):
 PSYoungGen      total 126976K, used 126496K [0x00000000d6580000, 0x00000000f2480000, 0x0000000100000000)
  eden space 126464K, 100% used [0x00000000d6580000,0x00000000de100000,0x00000000de100000)
  from space 512K, 6% used [0x00000000f2400000,0x00000000f2408000,0x00000000f2480000)
  to   space 512K, 0% used [0x00000000f2380000,0x00000000f2380000,0x00000000f2400000)
 ParOldGen       total 86016K, used 18261K [0x0000000083000000, 0x0000000088400000, 0x00000000d6580000)
  object space 86016K, 21% used [0x0000000083000000,0x00000000841d5408,0x0000000088400000)
 Metaspace       used 11248K, capacity 12031K, committed 12160K, reserved 1060864K
  class space    used 1189K, capacity 1340K, committed 1408K, reserved 1048576K
Event: 427.596 GC heap after
Heap after GC invocations=171 (full 0):
 PSYoungGen      total 122368K, used 32K [0x00000000d6580000, 0x00000000f2480000, 0x0000000100000000)
  eden space 121856K, 0% used [0x00000000d6580000,0x00000000d6580000,0x00000000ddc80000)
  from space 512K, 6% used [0x00000000f2380000,0x00000000f2388000,0x00000000f2400000)
  to   space 512K, 0% used [0x00000000f2400000,0x00000000f2400000,0x00000000f2480000)
 ParOldGen       total 86016K, used 18261K [0x0000000083000000, 0x0000000088400000, 0x00000000d6580000)
  object space 86016K, 21% used [0x0000000083000000,0x00000000841d5408,0x0000000088400000)
 Metaspace       used 11248K, capacity 12031K, committed 12160K, reserved 1060864K
  class space    used 1189K, capacity 1340K, committed 1408K, reserved 1048576K
}
Event: 427.639 GC heap before
{Heap before GC invocations=172 (full 0):
 PSYoungGen      total 122368K, used 121888K [0x00000000d6580000, 0x00000000f2480000, 0x0000000100000000)
  eden space 121856K, 100% used [0x00000000d6580000,0x00000000ddc80000,0x00000000ddc80000)
  from space 512K, 6% used [0x00000000f2380000,0x00000000f2388000,0x00000000f2400000)
  to   space 512K, 0% used [0x00000000f2400000,0x00000000f2400000,0x00000000f2480000)
 ParOldGen       total 86016K, used 18261K [0x0000000083000000, 0x0000000088400000, 0x00000000d6580000)
  object space 86016K, 21% used [0x0000000083000000,0x00000000841d5408,0x0000000088400000)
 Metaspace       used 11248K, capacity 12031K, committed 12160K, reserved 1060864K
  class space    used 1189K, capacity 1340K, committed 1408K, reserved 1048576K
Event: 427.640 GC heap after
Heap after GC invocations=172 (full 0):
 PSYoungGen      total 117760K, used 32K [0x00000000d6580000, 0x00000000f2480000, 0x0000000100000000)
  eden space 117248K, 0% used [0x00000000d6580000,0x00000000d6580000,0x00000000dd800000)
  from space 512K, 6% used [0x00000000f2400000,0x00000000f2408000,0x00000000f2480000)
  to   space 512K, 0% used [0x00000000f2380000,0x00000000f2380000,0x00000000f2400000)
 ParOldGen       total 86016K, used 18261K [0x0000000083000000, 0x0000000088400000, 0x00000000d6580000)
  object space 86016K, 21% used [0x0000000083000000,0x00000000841d5408,0x0000000088400000)
 Metaspace       used 11248K, capacity 12031K, committed 12160K, reserved 1060864K
  class space    used 1189K, capacity 1340K, committed 1408K, reserved 1048576K
}
Event: 427.682 GC heap before
{Heap before GC invocations=173 (full 0):
 PSYoungGen      total 117760K, used 117280K [0x00000000d6580000, 0x00000000f2480000, 0x0000000100000000)
  eden space 117248K, 100% used [0x00000000d6580000,0x00000000dd800000,0x00000000dd800000)
  from space 512K, 6% used [0x00000000f2400000,0x00000000f2408000,0x00000000f2480000)
  to   space 512K, 0% used [0x00000000f2380000,0x00000000f2380000,0x00000000f2400000)
 ParOldGen       total 86016K, used 18261K [0x0000000083000000, 0x0000000088400000, 0x00000000d6580000)
  object space 86016K, 21% used [0x0000000083000000,0x00000000841d5408,0x0000000088400000)
 Metaspace       used 11248K, capacity 12031K, committed 12160K, reserved 1060864K
  class space    used 1189K, capacity 1340K, committed 1408K, reserved 1048576K
Event: 427.682 GC heap after
Heap after GC invocations=173 (full 0):
 PSYoungGen      total 141312K, used 32K [0x00000000d6580000, 0x00000000f2480000, 0x0000000100000000)
  eden space 140800K, 0% used [0x00000000d6580000,0x00000000d6580000,0x00000000def00000)
  from space 512K, 6% used [0x00000000f2380000,0x00000000f2388000,0x00000000f2400000)
  to   space 512K, 0% used [0x00000000f2400000,0x00000000f2400000,0x00000000f2480000)
 ParOldGen       total 86016K, used 18261K [0x0000000083000000, 0x0000000088400000, 0x00000000d6580000)
  object space 86016K, 21% used [0x0000000083000000,0x00000000841d5408,0x0000000088400000)
 Metaspace       used 11248K, capacity 12031K, committed 12160K, reserved 1060864K
  class space    used 1189K, capacity 1340K, committed 1408K, reserved 1048576K
}

