# JRE version: Java(TM) SE Runtime Environment (8.0_51-b16) (build 1.8.0_51-b16)
# Java VM: Java HotSpot(TM) 64-Bit Server VM (25.51-b03 mixed mode windows-amd64 compressed oops)
Heap:
 PSYoungGen      total 147456K, used 78746K [0x00000000d6000000, 0x00000000f2a00000, 0x0000000100000000)
  eden space 145408K, 53% used [0x00000000d6000000,0x00000000daca6be0,0x00000000dee00000)
  from space 2048K, 12% used [0x00000000f2600000,0x00000000f2640000,0x00000000f2800000)
  to   space 1536K, 0% used [0x00000000f2880000,0x00000000f2880000,0x00000000f2a00000)
 ParOldGen       total 86016K, used 14144K [0x0000000082000000, 0x0000000087400000, 0x00000000d6000000)
  object space 86016K, 16% used [0x0000000082000000,0x0000000082dd0038,0x0000000087400000)
 Metaspace       used 10736K, capacity 11423K, committed 11520K, reserved 1058816K
  class space    used 1115K, capacity 1246K, committed 1280K, reserved 1048576K
GC Heap History (10 events):
Event: 9.922 GC heap before
{Heap before GC invocations=41 (full 0):
 PSYoungGen      total 140800K, used 140480K [0x00000000d6000000, 0x00000000f2d00000, 0x0000000100000000)
  eden space 140288K, 100% used [0x00000000d6000000,0x00000000de900000,0x00000000de900000)
  from space 512K, 37% used [0x00000000f2c80000,0x00000000f2cb0000,0x00000000f2d00000)
  to   space 2560K, 0% used [0x00000000f2800000,0x00000000f2800000,0x00000000f2a80000)
 ParOldGen       total 86016K, used 14016K [0x0000000082000000, 0x0000000087400000, 0x00000000d6000000)
  object space 86016K, 16% used [0x0000000082000000,0x0000000082db0038,0x0000000087400000)
 Metaspace       used 10549K, capacity 11149K, committed 11264K, reserved 1058816K
  class space    used 1093K, capacity 1231K, committed 1280K, reserved 1048576K
Event: 9.923 GC heap after
Heap after GC invocations=41 (full 0):
 PSYoungGen      total 174080K, used 96K [0x00000000d6000000, 0x00000000f2d00000, 0x0000000100000000)
  eden space 171520K, 0% used [0x00000000d6000000,0x00000000d6000000,0x00000000e0780000)
  from space 2560K, 3% used [0x00000000f2800000,0x00000000f2818000,0x00000000f2a80000)
  to   space 2048K, 0% used [0x00000000f2b00000,0x00000000f2b00000,0x00000000f2d00000)
 ParOldGen       total 86016K, used 14016K [0x0000000082000000, 0x0000000087400000, 0x00000000d6000000)
  object space 86016K, 16% used [0x0000000082000000,0x0000000082db0038,0x0000000087400000)
 Metaspace       used 10549K, capacity 11149K, committed 11264K, reserved 1058816K
  class space    used 1093K, capacity 1231K, committed 1280K, reserved 1048576K
}
Event: 11.880 GC heap before
{Heap before GC invocations=42 (full 0):
 PSYoungGen      total 174080K, used 171616K [0x00000000d6000000, 0x00000000f2d00000, 0x0000000100000000)
  eden space 171520K, 100% used [0x00000000d6000000,0x00000000e0780000,0x00000000e0780000)
  from space 2560K, 3% used [0x00000000f2800000,0x00000000f2818000,0x00000000f2a80000)
  to   space 2048K, 0% used [0x00000000f2b00000,0x00000000f2b00000,0x00000000f2d00000)
 ParOldGen       total 86016K, used 14016K [0x0000000082000000, 0x0000000087400000, 0x00000000d6000000)
  object space 86016K, 16% used [0x0000000082000000,0x0000000082db0038,0x0000000087400000)
 Metaspace       used 10698K, capacity 11271K, committed 11520K, reserved 1058816K
  class space    used 1114K, capacity 1244K, committed 1280K, reserved 1048576K
Event: 11.881 GC heap after
Heap after GC invocations=42 (full 0):
 PSYoungGen      total 164864K, used 288K [0x00000000d6000000, 0x00000000f2b80000, 0x0000000100000000)
  eden space 164352K, 0% used [0x00000000d6000000,0x00000000d6000000,0x00000000e0080000)
  from space 512K, 56% used [0x00000000f2b00000,0x00000000f2b48000,0x00000000f2b80000)
  to   space 2048K, 0% used [0x00000000f2780000,0x00000000f2780000,0x00000000f2980000)
 ParOldGen       total 86016K, used 14024K [0x0000000082000000, 0x0000000087400000, 0x00000000d6000000)
  object space 86016K, 16% used [0x0000000082000000,0x0000000082db2038,0x0000000087400000)
 Metaspace       used 10698K, capacity 11271K, committed 11520K, reserved 1058816K
  class space    used 1114K, capacity 1244K, committed 1280K, reserved 1048576K
}
Event: 15.014 GC heap before
{Heap before GC invocations=43 (full 0):
 PSYoungGen      total 164864K, used 164640K [0x00000000d6000000, 0x00000000f2b80000, 0x0000000100000000)
  eden space 164352K, 100% used [0x00000000d6000000,0x00000000e0080000,0x00000000e0080000)
  from space 512K, 56% used [0x00000000f2b00000,0x00000000f2b48000,0x00000000f2b80000)
  to   space 2048K, 0% used [0x00000000f2780000,0x00000000f2780000,0x00000000f2980000)
 ParOldGen       total 86016K, used 14024K [0x0000000082000000, 0x0000000087400000, 0x00000000d6000000)
  object space 86016K, 16% used [0x0000000082000000,0x0000000082db2038,0x0000000087400000)
 Metaspace       used 10721K, capacity 11295K, committed 11520K, reserved 1058816K
  class space    used 1115K, capacity 1246K, committed 1280K, reserved 1048576K
Event: 15.015 GC heap after
Heap after GC invocations=43 (full 0):
 PSYoungGen      total 159744K, used 192K [0x00000000d6000000, 0x00000000f2b80000, 0x0000000100000000)
  eden space 157696K, 0% used [0x00000000d6000000,0x00000000d6000000,0x00000000dfa00000)
  from space 2048K, 9% used [0x00000000f2780000,0x00000000f27b0000,0x00000000f2980000)
  to   space 2048K, 0% used [0x00000000f2980000,0x00000000f2980000,0x00000000f2b80000)
 ParOldGen       total 86016K, used 14080K [0x0000000082000000, 0x0000000087400000, 0x00000000d6000000)
  object space 86016K, 16% used [0x0000000082000000,0x0000000082dc0038,0x0000000087400000)
 Metaspace       used 10721K, capacity 11295K, committed 11520K, reserved 1058816K
  class space    used 1115K, capacity 1246K, committed 1280K, reserved 1048576K
}
Event: 18.201 GC heap before
{Heap before GC invocations=44 (full 0):
 PSYoungGen      total 159744K, used 157888K [0x00000000d6000000, 0x00000000f2b80000, 0x0000000100000000)
  eden space 157696K, 100% used [0x00000000d6000000,0x00000000dfa00000,0x00000000dfa00000)
  from space 2048K, 9% used [0x00000000f2780000,0x00000000f27b0000,0x00000000f2980000)
  to   space 2048K, 0% used [0x00000000f2980000,0x00000000f2980000,0x00000000f2b80000)
 ParOldGen       total 86016K, used 14080K [0x0000000082000000, 0x0000000087400000, 0x00000000d6000000)
  object space 86016K, 16% used [0x0000000082000000,0x0000000082dc0038,0x0000000087400000)
 Metaspace       used 10726K, capacity 11359K, committed 11520K, reserved 1058816K
  class space    used 1115K, capacity 1246K, committed 1280K, reserved 1048576K
Event: 18.202 GC heap after
Heap after GC invocations=44 (full 0):
 PSYoungGen      total 152064K, used 160K [0x00000000d6000000, 0x00000000f2a00000, 0x0000000100000000)
  eden space 151552K, 0% used [0x00000000d6000000,0x00000000d6000000,0x00000000df400000)
  from space 512K, 31% used [0x00000000f2980000,0x00000000f29a8000,0x00000000f2a00000)
  to   space 2048K, 0% used [0x00000000f2600000,0x00000000f2600000,0x00000000f2800000)
 ParOldGen       total 86016K, used 14136K [0x0000000082000000, 0x0000000087400000, 0x00000000d6000000)
  object space 86016K, 16% used [0x0000000082000000,0x0000000082dce038,0x0000000087400000)
 Metaspace       used 10726K, capacity 11359K, committed 11520K, reserved 1058816K
  class space    used 1115K, capacity 1246K, committed 1280K, reserved 1048576K
}
Event: 21.488 GC heap before
{Heap before GC invocations=45 (full 0):
 PSYoungGen      total 152064K, used 151712K [0x00000000d6000000, 0x00000000f2a00000, 0x0000000100000000)
  eden space 151552K, 100% used [0x00000000d6000000,0x00000000df400000,0x00000000df400000)
  from space 512K, 31% used [0x00000000f2980000,0x00000000f29a8000,0x00000000f2a00000)
  to   space 2048K, 0% used [0x00000000f2600000,0x00000000f2600000,0x00000000f2800000)
 ParOldGen       total 86016K, used 14136K [0x0000000082000000, 0x0000000087400000, 0x00000000d6000000)
  object space 86016K, 16% used [0x0000000082000000,0x0000000082dce038,0x0000000087400000)
 Metaspace       used 10736K, capacity 11423K, committed 11520K, reserved 1058816K
  class space    used 1115K, capacity 1246K, committed 1280K, reserved 1048576K
Event: 21.489 GC heap after
Heap after GC invocations=45 (full 0):
 PSYoungGen      total 147456K, used 256K [0x00000000d6000000, 0x00000000f2a00000, 0x0000000100000000)
  eden space 145408K, 0% used [0x00000000d6000000,0x00000000d6000000,0x00000000dee00000)
  from space 2048K, 12% used [0x00000000f2600000,0x00000000f2640000,0x00000000f2800000)
  to   space 1536K, 0% used [0x00000000f2880000,0x00000000f2880000,0x00000000f2a00000)
 ParOldGen       total 86016K, used 14144K [0x0000000082000000, 0x0000000087400000, 0x00000000d6000000)
  object space 86016K, 16% used [0x0000000082000000,0x0000000082dd0038,0x0000000087400000)
 Metaspace       used 10736K, capacity 11423K, committed 11520K, reserved 1058816K
  class space    used 1115K, capacity 1246K, committed 1280K, reserved 1048576K
}

