# JRE version: Java(TM) SE Runtime Environment (8.0_51-b16) (build 1.8.0_51-b16)
# Java VM: Java HotSpot(TM) 64-Bit Server VM (25.51-b03 mixed mode windows-amd64 compressed oops)
Heap:
 PSYoungGen      total 340480K, used 339999K [0x00000000d6000000, 0x00000000fb780000, 0x0000000100000000)
  eden space 339968K, 99% used [0x00000000d6000000,0x00000000eabfff90,0x00000000eac00000)
  from space 512K, 6% used [0x00000000fb700000,0x00000000fb708000,0x00000000fb780000)
  to   space 1536K, 0% used [0x00000000fb480000,0x00000000fb480000,0x00000000fb600000)
 ParOldGen       total 86016K, used 11672K [0x0000000082000000, 0x0000000087400000, 0x00000000d6000000)
  object space 86016K, 13% used [0x0000000082000000,0x0000000082b66378,0x0000000087400000)
 Metaspace       used 10418K, capacity 10965K, committed 11264K, reserved 1058816K
  class space    used 1088K, capacity 1225K, committed 1280K, reserved 1048576K
GC Heap History (10 events):
Event: 6.513 GC heap before
{Heap before GC invocations=44 (full 0):
 PSYoungGen      total 335872K, used 333856K [0x00000000d6000000, 0x00000000fbb00000, 0x0000000100000000)
  eden space 333824K, 100% used [0x00000000d6000000,0x00000000ea600000,0x00000000ea600000)
  from space 2048K, 1% used [0x00000000fb700000,0x00000000fb708000,0x00000000fb900000)
  to   space 2048K, 0% used [0x00000000fb900000,0x00000000fb900000,0x00000000fbb00000)
 ParOldGen       total 86016K, used 11656K [0x0000000082000000, 0x0000000087400000, 0x00000000d6000000)
  object space 86016K, 13% used [0x0000000082000000,0x0000000082b62378,0x0000000087400000)
 Metaspace       used 10387K, capacity 10913K, committed 11008K, reserved 1058816K
  class space    used 1082K, capacity 1213K, committed 1280K, reserved 1048576K
Event: 6.514 GC heap after
Heap after GC invocations=44 (full 0):
 PSYoungGen      total 319488K, used 160K [0x00000000d6000000, 0x00000000fb980000, 0x0000000100000000)
  eden space 318976K, 0% used [0x00000000d6000000,0x00000000d6000000,0x00000000e9780000)
  from space 512K, 31% used [0x00000000fb900000,0x00000000fb928000,0x00000000fb980000)
  to   space 1536K, 0% used [0x00000000fb680000,0x00000000fb680000,0x00000000fb800000)
 ParOldGen       total 86016K, used 11656K [0x0000000082000000, 0x0000000087400000, 0x00000000d6000000)
  object space 86016K, 13% used [0x0000000082000000,0x0000000082b62378,0x0000000087400000)
 Metaspace       used 10387K, capacity 10913K, committed 11008K, reserved 1058816K
  class space    used 1082K, capacity 1213K, committed 1280K, reserved 1048576K
}
Event: 6.577 GC heap before
{Heap before GC invocations=45 (full 0):
 PSYoungGen      total 319488K, used 319136K [0x00000000d6000000, 0x00000000fb980000, 0x0000000100000000)
  eden space 318976K, 100% used [0x00000000d6000000,0x00000000e9780000,0x00000000e9780000)
  from space 512K, 31% used [0x00000000fb900000,0x00000000fb928000,0x00000000fb980000)
  to   space 1536K, 0% used [0x00000000fb680000,0x00000000fb680000,0x00000000fb800000)
 ParOldGen       total 86016K, used 11656K [0x0000000082000000, 0x0000000087400000, 0x00000000d6000000)
  object space 86016K, 13% used [0x0000000082000000,0x0000000082b62378,0x0000000087400000)
 Metaspace       used 10387K, capacity 10913K, committed 11008K, reserved 1058816K
  class space    used 1082K, capacity 1213K, committed 1280K, reserved 1048576K
Event: 6.577 GC heap after
Heap after GC invocations=45 (full 0):
 PSYoungGen      total 306176K, used 160K [0x00000000d6000000, 0x00000000fb980000, 0x0000000100000000)
  eden space 304640K, 0% used [0x00000000d6000000,0x00000000d6000000,0x00000000e8980000)
  from space 1536K, 10% used [0x00000000fb680000,0x00000000fb6a8000,0x00000000fb800000)
  to   space 1536K, 0% used [0x00000000fb800000,0x00000000fb800000,0x00000000fb980000)
 ParOldGen       total 86016K, used 11664K [0x0000000082000000, 0x0000000087400000, 0x00000000d6000000)
  object space 86016K, 13% used [0x0000000082000000,0x0000000082b64378,0x0000000087400000)
 Metaspace       used 10387K, capacity 10913K, committed 11008K, reserved 1058816K
  class space    used 1082K, capacity 1213K, committed 1280K, reserved 1048576K
}
Event: 6.637 GC heap before
{Heap before GC invocations=46 (full 0):
 PSYoungGen      total 306176K, used 304800K [0x00000000d6000000, 0x00000000fb980000, 0x0000000100000000)
  eden space 304640K, 100% used [0x00000000d6000000,0x00000000e8980000,0x00000000e8980000)
  from space 1536K, 10% used [0x00000000fb680000,0x00000000fb6a8000,0x00000000fb800000)
  to   space 1536K, 0% used [0x00000000fb800000,0x00000000fb800000,0x00000000fb980000)
 ParOldGen       total 86016K, used 11664K [0x0000000082000000, 0x0000000087400000, 0x00000000d6000000)
  object space 86016K, 13% used [0x0000000082000000,0x0000000082b64378,0x0000000087400000)
 Metaspace       used 10387K, capacity 10913K, committed 11008K, reserved 1058816K
  class space    used 1082K, capacity 1213K, committed 1280K, reserved 1048576K
Event: 6.638 GC heap after
Heap after GC invocations=46 (full 0):
 PSYoungGen      total 291840K, used 64K [0x00000000d6000000, 0x00000000fb880000, 0x0000000100000000)
  eden space 291328K, 0% used [0x00000000d6000000,0x00000000d6000000,0x00000000e7c80000)
  from space 512K, 12% used [0x00000000fb800000,0x00000000fb810000,0x00000000fb880000)
  to   space 1536K, 0% used [0x00000000fb580000,0x00000000fb580000,0x00000000fb700000)
 ParOldGen       total 86016K, used 11664K [0x0000000082000000, 0x0000000087400000, 0x00000000d6000000)
  object space 86016K, 13% used [0x0000000082000000,0x0000000082b64378,0x0000000087400000)
 Metaspace       used 10387K, capacity 10913K, committed 11008K, reserved 1058816K
  class space    used 1082K, capacity 1213K, committed 1280K, reserved 1048576K
}
Event: 6.696 GC heap before
{Heap before GC invocations=47 (full 0):
 PSYoungGen      total 291840K, used 291392K [0x00000000d6000000, 0x00000000fb880000, 0x0000000100000000)
  eden space 291328K, 100% used [0x00000000d6000000,0x00000000e7c80000,0x00000000e7c80000)
  from space 512K, 12% used [0x00000000fb800000,0x00000000fb810000,0x00000000fb880000)
  to   space 1536K, 0% used [0x00000000fb580000,0x00000000fb580000,0x00000000fb700000)
 ParOldGen       total 86016K, used 11664K [0x0000000082000000, 0x0000000087400000, 0x00000000d6000000)
  object space 86016K, 13% used [0x0000000082000000,0x0000000082b64378,0x0000000087400000)
 Metaspace       used 10387K, capacity 10913K, committed 11008K, reserved 1058816K
  class space    used 1082K, capacity 1213K, committed 1280K, reserved 1048576K
Event: 6.696 GC heap after
Heap after GC invocations=47 (full 0):
 PSYoungGen      total 280064K, used 128K [0x00000000d6000000, 0x00000000fb880000, 0x0000000100000000)
  eden space 278528K, 0% used [0x00000000d6000000,0x00000000d6000000,0x00000000e7000000)
  from space 1536K, 8% used [0x00000000fb580000,0x00000000fb5a0000,0x00000000fb700000)
  to   space 1536K, 0% used [0x00000000fb700000,0x00000000fb700000,0x00000000fb880000)
 ParOldGen       total 86016K, used 11672K [0x0000000082000000, 0x0000000087400000, 0x00000000d6000000)
  object space 86016K, 13% used [0x0000000082000000,0x0000000082b66378,0x0000000087400000)
 Metaspace       used 10387K, capacity 10913K, committed 11008K, reserved 1058816K
  class space    used 1082K, capacity 1213K, committed 1280K, reserved 1048576K
}
Event: 6.752 GC heap before
{Heap before GC invocations=48 (full 0):
 PSYoungGen      total 280064K, used 278656K [0x00000000d6000000, 0x00000000fb880000, 0x0000000100000000)
  eden space 278528K, 100% used [0x00000000d6000000,0x00000000e7000000,0x00000000e7000000)
  from space 1536K, 8% used [0x00000000fb580000,0x00000000fb5a0000,0x00000000fb700000)
  to   space 1536K, 0% used [0x00000000fb700000,0x00000000fb700000,0x00000000fb880000)
 ParOldGen       total 86016K, used 11672K [0x0000000082000000, 0x0000000087400000, 0x00000000d6000000)
  object space 86016K, 13% used [0x0000000082000000,0x0000000082b66378,0x0000000087400000)
 Metaspace       used 10387K, capacity 10913K, committed 11008K, reserved 1058816K
  class space    used 1082K, capacity 1213K, committed 1280K, reserved 1048576K
Event: 6.752 GC heap after
Heap after GC invocations=48 (full 0):
 PSYoungGen      total 340480K, used 32K [0x00000000d6000000, 0x00000000fb780000, 0x0000000100000000)
  eden space 339968K, 0% used [0x00000000d6000000,0x00000000d6000000,0x00000000eac00000)
  from space 512K, 6% used [0x00000000fb700000,0x00000000fb708000,0x00000000fb780000)
  to   space 1536K, 0% used [0x00000000fb480000,0x00000000fb480000,0x00000000fb600000)
 ParOldGen       total 86016K, used 11672K [0x0000000082000000, 0x0000000087400000, 0x00000000d6000000)
  object space 86016K, 13% used [0x0000000082000000,0x0000000082b66378,0x0000000087400000)
 Metaspace       used 10387K, capacity 10913K, committed 11008K, reserved 1058816K
  class space    used 1082K, capacity 1213K, committed 1280K, reserved 1048576K
}

