# JRE version: Java(TM) SE Runtime Environment (8.0_51-b16) (build 1.8.0_51-b16)
# Java VM: Java HotSpot(TM) 64-Bit Server VM (25.51-b03 mixed mode windows-amd64 compressed oops)
Heap:
 PSYoungGen      total 186880K, used 115830K [0x00000000d6000000, 0x00000000fb100000, 0x0000000100000000)
  eden space 186368K, 61% used [0x00000000d6000000,0x00000000dd0d5b50,0x00000000e1600000)
  from space 512K, 56% used [0x00000000fb000000,0x00000000fb048000,0x00000000fb080000)
  to   space 512K, 0% used [0x00000000fb080000,0x00000000fb080000,0x00000000fb100000)
 ParOldGen       total 86016K, used 12774K [0x0000000082000000, 0x0000000087400000, 0x00000000d6000000)
  object space 86016K, 14% used [0x0000000082000000,0x0000000082c79948,0x0000000087400000)
 Metaspace       used 11653K, capacity 12393K, committed 12416K, reserved 1060864K
  class space    used 1244K, capacity 1397K, committed 1408K, reserved 1048576K
GC Heap History (10 events):
Event: 15.819 GC heap before
{Heap before GC invocations=87 (full 0):
 PSYoungGen      total 231424K, used 231040K [0x00000000d6000000, 0x00000000fb100000, 0x0000000100000000)
  eden space 230912K, 100% used [0x00000000d6000000,0x00000000e4180000,0x00000000e4180000)
  from space 512K, 25% used [0x00000000fb080000,0x00000000fb0a0000,0x00000000fb100000)
  to   space 512K, 0% used [0x00000000fb000000,0x00000000fb000000,0x00000000fb080000)
 ParOldGen       total 86016K, used 12694K [0x0000000082000000, 0x0000000087400000, 0x00000000d6000000)
  object space 86016K, 14% used [0x0000000082000000,0x0000000082c65948,0x0000000087400000)
 Metaspace       used 11368K, capacity 12023K, committed 12160K, reserved 1060864K
  class space    used 1216K, capacity 1380K, committed 1408K, reserved 1048576K
Event: 15.820 GC heap after
Heap after GC invocations=87 (full 0):
 PSYoungGen      total 221696K, used 32K [0x00000000d6000000, 0x00000000fb100000, 0x0000000100000000)
  eden space 221184K, 0% used [0x00000000d6000000,0x00000000d6000000,0x00000000e3800000)
  from space 512K, 6% used [0x00000000fb000000,0x00000000fb008000,0x00000000fb080000)
  to   space 512K, 0% used [0x00000000fb080000,0x00000000fb080000,0x00000000fb100000)
 ParOldGen       total 86016K, used 12702K [0x0000000082000000, 0x0000000087400000, 0x00000000d6000000)
  object space 86016K, 14% used [0x0000000082000000,0x0000000082c67948,0x0000000087400000)
 Metaspace       used 11368K, capacity 12023K, committed 12160K, reserved 1060864K
  class space    used 1216K, capacity 1380K, committed 1408K, reserved 1048576K
}
Event: 34.641 GC heap before
{Heap before GC invocations=88 (full 0):
 PSYoungGen      total 221696K, used 221216K [0x00000000d6000000, 0x00000000fb100000, 0x0000000100000000)
  eden space 221184K, 100% used [0x00000000d6000000,0x00000000e3800000,0x00000000e3800000)
  from space 512K, 6% used [0x00000000fb000000,0x00000000fb008000,0x00000000fb080000)
  to   space 512K, 0% used [0x00000000fb080000,0x00000000fb080000,0x00000000fb100000)
 ParOldGen       total 86016K, used 12702K [0x0000000082000000, 0x0000000087400000, 0x00000000d6000000)
  object space 86016K, 14% used [0x0000000082000000,0x0000000082c67948,0x0000000087400000)
 Metaspace       used 11575K, capacity 12313K, committed 12416K, reserved 1060864K
  class space    used 1237K, capacity 1395K, committed 1408K, reserved 1048576K
Event: 34.642 GC heap after
Heap after GC invocations=88 (full 0):
 PSYoungGen      total 212480K, used 224K [0x00000000d6000000, 0x00000000fb100000, 0x0000000100000000)
  eden space 211968K, 0% used [0x00000000d6000000,0x00000000d6000000,0x00000000e2f00000)
  from space 512K, 43% used [0x00000000fb080000,0x00000000fb0b8000,0x00000000fb100000)
  to   space 512K, 0% used [0x00000000fb000000,0x00000000fb000000,0x00000000fb080000)
 ParOldGen       total 86016K, used 12710K [0x0000000082000000, 0x0000000087400000, 0x00000000d6000000)
  object space 86016K, 14% used [0x0000000082000000,0x0000000082c69948,0x0000000087400000)
 Metaspace       used 11575K, capacity 12313K, committed 12416K, reserved 1060864K
  class space    used 1237K, capacity 1395K, committed 1408K, reserved 1048576K
}
Event: 38.068 GC heap before
{Heap before GC invocations=89 (full 0):
 PSYoungGen      total 212480K, used 212192K [0x00000000d6000000, 0x00000000fb100000, 0x0000000100000000)
  eden space 211968K, 100% used [0x00000000d6000000,0x00000000e2f00000,0x00000000e2f00000)
  from space 512K, 43% used [0x00000000fb080000,0x00000000fb0b8000,0x00000000fb100000)
  to   space 512K, 0% used [0x00000000fb000000,0x00000000fb000000,0x00000000fb080000)
 ParOldGen       total 86016K, used 12710K [0x0000000082000000, 0x0000000087400000, 0x00000000d6000000)
  object space 86016K, 14% used [0x0000000082000000,0x0000000082c69948,0x0000000087400000)
 Metaspace       used 11575K, capacity 12313K, committed 12416K, reserved 1060864K
  class space    used 1237K, capacity 1395K, committed 1408K, reserved 1048576K
Event: 38.069 GC heap after
Heap after GC invocations=89 (full 0):
 PSYoungGen      total 203776K, used 224K [0x00000000d6000000, 0x00000000fb100000, 0x0000000100000000)
  eden space 203264K, 0% used [0x00000000d6000000,0x00000000d6000000,0x00000000e2680000)
  from space 512K, 43% used [0x00000000fb000000,0x00000000fb038000,0x00000000fb080000)
  to   space 512K, 0% used [0x00000000fb080000,0x00000000fb080000,0x00000000fb100000)
 ParOldGen       total 86016K, used 12766K [0x0000000082000000, 0x0000000087400000, 0x00000000d6000000)
  object space 86016K, 14% used [0x0000000082000000,0x0000000082c77948,0x0000000087400000)
 Metaspace       used 11575K, capacity 12313K, committed 12416K, reserved 1060864K
  class space    used 1237K, capacity 1395K, committed 1408K, reserved 1048576K
}
Event: 41.101 GC heap before
{Heap before GC invocations=90 (full 0):
 PSYoungGen      total 203776K, used 203488K [0x00000000d6000000, 0x00000000fb100000, 0x0000000100000000)
  eden space 203264K, 100% used [0x00000000d6000000,0x00000000e2680000,0x00000000e2680000)
  from space 512K, 43% used [0x00000000fb000000,0x00000000fb038000,0x00000000fb080000)
  to   space 512K, 0% used [0x00000000fb080000,0x00000000fb080000,0x00000000fb100000)
 ParOldGen       total 86016K, used 12766K [0x0000000082000000, 0x0000000087400000, 0x00000000d6000000)
  object space 86016K, 14% used [0x0000000082000000,0x0000000082c77948,0x0000000087400000)
 Metaspace       used 11576K, capacity 12317K, committed 12416K, reserved 1060864K
  class space    used 1237K, capacity 1395K, committed 1408K, reserved 1048576K
Event: 41.102 GC heap after
Heap after GC invocations=90 (full 0):
 PSYoungGen      total 195072K, used 128K [0x00000000d6000000, 0x00000000fb100000, 0x0000000100000000)
  eden space 194560K, 0% used [0x00000000d6000000,0x00000000d6000000,0x00000000e1e00000)
  from space 512K, 25% used [0x00000000fb080000,0x00000000fb0a0000,0x00000000fb100000)
  to   space 512K, 0% used [0x00000000fb000000,0x00000000fb000000,0x00000000fb080000)
 ParOldGen       total 86016K, used 12774K [0x0000000082000000, 0x0000000087400000, 0x00000000d6000000)
  object space 86016K, 14% used [0x0000000082000000,0x0000000082c79948,0x0000000087400000)
 Metaspace       used 11576K, capacity 12317K, committed 12416K, reserved 1060864K
  class space    used 1237K, capacity 1395K, committed 1408K, reserved 1048576K
}
Event: 112.467 GC heap before
{Heap before GC invocations=91 (full 0):
 PSYoungGen      total 195072K, used 194688K [0x00000000d6000000, 0x00000000fb100000, 0x0000000100000000)
  eden space 194560K, 100% used [0x00000000d6000000,0x00000000e1e00000,0x00000000e1e00000)
  from space 512K, 25% used [0x00000000fb080000,0x00000000fb0a0000,0x00000000fb100000)
  to   space 512K, 0% used [0x00000000fb000000,0x00000000fb000000,0x00000000fb080000)
 ParOldGen       total 86016K, used 12774K [0x0000000082000000, 0x0000000087400000, 0x00000000d6000000)
  object space 86016K, 14% used [0x0000000082000000,0x0000000082c79948,0x0000000087400000)
 Metaspace       used 11653K, capacity 12393K, committed 12416K, reserved 1060864K
  class space    used 1244K, capacity 1397K, committed 1408K, reserved 1048576K
Event: 112.468 GC heap after
Heap after GC invocations=91 (full 0):
 PSYoungGen      total 186880K, used 288K [0x00000000d6000000, 0x00000000fb100000, 0x0000000100000000)
  eden space 186368K, 0% used [0x00000000d6000000,0x00000000d6000000,0x00000000e1600000)
  from space 512K, 56% used [0x00000000fb000000,0x00000000fb048000,0x00000000fb080000)
  to   space 512K, 0% used [0x00000000fb080000,0x00000000fb080000,0x00000000fb100000)
 ParOldGen       total 86016K, used 12774K [0x0000000082000000, 0x0000000087400000, 0x00000000d6000000)
  object space 86016K, 14% used [0x0000000082000000,0x0000000082c79948,0x0000000087400000)
 Metaspace       used 11653K, capacity 12393K, committed 12416K, reserved 1060864K
  class space    used 1244K, capacity 1397K, committed 1408K, reserved 1048576K
}

