# JRE version: Java(TM) SE Runtime Environment (8.0_65-b17) (build 1.8.0_65-b17)
# Java VM: Java HotSpot(TM) 64-Bit Server VM (25.65-b01 mixed mode windows-amd64 compressed oops)
Heap:
 PSYoungGen      total 67072K, used 9910K [0x00000000eb800000, 0x00000000efe00000, 0x0000000100000000)
  eden space 63488K, 12% used [0x00000000eb800000,0x00000000ebf8da48,0x00000000ef600000)
  from space 3584K, 60% used [0x00000000efa80000,0x00000000efca0020,0x00000000efe00000)
  to   space 4096K, 0% used [0x00000000ef600000,0x00000000ef600000,0x00000000efa00000)
 ParOldGen       total 42496K, used 14036K [0x00000000c2800000, 0x00000000c5180000, 0x00000000eb800000)
  object space 42496K, 33% used [0x00000000c2800000,0x00000000c35b5278,0x00000000c5180000)
 Metaspace       used 10775K, capacity 11337K, committed 11648K, reserved 1058816K
  class space    used 1162K, capacity 1299K, committed 1408K, reserved 1048576K
GC Heap History (10 events):
Event: 1.976 GC heap before
{Heap before GC invocations=2 (full 0):
 PSYoungGen      total 18432K, used 18416K [0x00000000eb800000, 0x00000000ecc80000, 0x0000000100000000)
  eden space 15872K, 100% used [0x00000000eb800000,0x00000000ec780000,0x00000000ec780000)
  from space 2560K, 99% used [0x00000000ec780000,0x00000000ec9fc020,0x00000000eca00000)
  to   space 2560K, 0% used [0x00000000eca00000,0x00000000eca00000,0x00000000ecc80000)
 ParOldGen       total 42496K, used 1708K [0x00000000c2800000, 0x00000000c5180000, 0x00000000eb800000)
  object space 42496K, 4% used [0x00000000c2800000,0x00000000c29ab248,0x00000000c5180000)
 Metaspace       used 9423K, capacity 9689K, committed 9856K, reserved 1058816K
  class space    used 996K, capacity 1075K, committed 1152K, reserved 1048576K
Event: 1.980 GC heap after
Heap after GC invocations=2 (full 0):
 PSYoungGen      total 18432K, used 1872K [0x00000000eb800000, 0x00000000edc00000, 0x0000000100000000)
  eden space 15872K, 0% used [0x00000000eb800000,0x00000000eb800000,0x00000000ec780000)
  from space 2560K, 73% used [0x00000000eca00000,0x00000000ecbd4010,0x00000000ecc80000)
  to   space 2560K, 0% used [0x00000000ec780000,0x00000000ec780000,0x00000000eca00000)
 ParOldGen       total 42496K, used 1716K [0x00000000c2800000, 0x00000000c5180000, 0x00000000eb800000)
  object space 42496K, 4% used [0x00000000c2800000,0x00000000c29ad248,0x00000000c5180000)
 Metaspace       used 9423K, capacity 9689K, committed 9856K, reserved 1058816K
  class space    used 996K, capacity 1075K, committed 1152K, reserved 1048576K
}
Event: 2.348 GC heap before
{Heap before GC invocations=3 (full 0):
 PSYoungGen      total 18432K, used 14485K [0x00000000eb800000, 0x00000000edc00000, 0x0000000100000000)
  eden space 15872K, 79% used [0x00000000eb800000,0x00000000ec451658,0x00000000ec780000)
  from space 2560K, 73% used [0x00000000eca00000,0x00000000ecbd4010,0x00000000ecc80000)
  to   space 2560K, 0% used [0x00000000ec780000,0x00000000ec780000,0x00000000eca00000)
 ParOldGen       total 42496K, used 1716K [0x00000000c2800000, 0x00000000c5180000, 0x00000000eb800000)
  object space 42496K, 4% used [0x00000000c2800000,0x00000000c29ad248,0x00000000c5180000)
 Metaspace       used 10274K, capacity 10635K, committed 10752K, reserved 1058816K
  class space    used 1086K, capacity 1206K, committed 1280K, reserved 1048576K
Event: 2.355 GC heap after
Heap after GC invocations=3 (full 0):
 PSYoungGen      total 18432K, used 1968K [0x00000000eb800000, 0x00000000edc00000, 0x0000000100000000)
  eden space 15872K, 0% used [0x00000000eb800000,0x00000000eb800000,0x00000000ec780000)
  from space 2560K, 76% used [0x00000000ec780000,0x00000000ec96c010,0x00000000eca00000)
  to   space 2560K, 0% used [0x00000000ed980000,0x00000000ed980000,0x00000000edc00000)
 ParOldGen       total 42496K, used 5820K [0x00000000c2800000, 0x00000000c5180000, 0x00000000eb800000)
  object space 42496K, 13% used [0x00000000c2800000,0x00000000c2daf258,0x00000000c5180000)
 Metaspace       used 10274K, capacity 10635K, committed 10752K, reserved 1058816K
  class space    used 1086K, capacity 1206K, committed 1280K, reserved 1048576K
}
Event: 2.400 GC heap before
{Heap before GC invocations=4 (full 0):
 PSYoungGen      total 18432K, used 17840K [0x00000000eb800000, 0x00000000edc00000, 0x0000000100000000)
  eden space 15872K, 100% used [0x00000000eb800000,0x00000000ec780000,0x00000000ec780000)
  from space 2560K, 76% used [0x00000000ec780000,0x00000000ec96c010,0x00000000eca00000)
  to   space 2560K, 0% used [0x00000000ed980000,0x00000000ed980000,0x00000000edc00000)
 ParOldGen       total 42496K, used 5820K [0x00000000c2800000, 0x00000000c5180000, 0x00000000eb800000)
  object space 42496K, 13% used [0x00000000c2800000,0x00000000c2daf258,0x00000000c5180000)
 Metaspace       used 10277K, capacity 10635K, committed 10752K, reserved 1058816K
  class space    used 1086K, capacity 1206K, committed 1280K, reserved 1048576K
Event: 2.407 GC heap after
Heap after GC invocations=4 (full 0):
 PSYoungGen      total 34304K, used 1920K [0x00000000eb800000, 0x00000000edc00000, 0x0000000100000000)
  eden space 31744K, 0% used [0x00000000eb800000,0x00000000eb800000,0x00000000ed700000)
  from space 2560K, 75% used [0x00000000ed980000,0x00000000edb60020,0x00000000edc00000)
  to   space 2560K, 0% used [0x00000000ed700000,0x00000000ed700000,0x00000000ed980000)
 ParOldGen       total 42496K, used 9924K [0x00000000c2800000, 0x00000000c5180000, 0x00000000eb800000)
  object space 42496K, 23% used [0x00000000c2800000,0x00000000c31b1268,0x00000000c5180000)
 Metaspace       used 10277K, capacity 10635K, committed 10752K, reserved 1058816K
  class space    used 1086K, capacity 1206K, committed 1280K, reserved 1048576K
}
Event: 2.551 GC heap before
{Heap before GC invocations=5 (full 0):
 PSYoungGen      total 34304K, used 33664K [0x00000000eb800000, 0x00000000edc00000, 0x0000000100000000)
  eden space 31744K, 100% used [0x00000000eb800000,0x00000000ed700000,0x00000000ed700000)
  from space 2560K, 75% used [0x00000000ed980000,0x00000000edb60020,0x00000000edc00000)
  to   space 2560K, 0% used [0x00000000ed700000,0x00000000ed700000,0x00000000ed980000)
 ParOldGen       total 42496K, used 9924K [0x00000000c2800000, 0x00000000c5180000, 0x00000000eb800000)
  object space 42496K, 23% used [0x00000000c2800000,0x00000000c31b1268,0x00000000c5180000)
 Metaspace       used 10277K, capacity 10635K, committed 10752K, reserved 1058816K
  class space    used 1086K, capacity 1206K, committed 1280K, reserved 1048576K
Event: 2.558 GC heap after
Heap after GC invocations=5 (full 0):
 PSYoungGen      total 34304K, used 1920K [0x00000000eb800000, 0x00000000eff00000, 0x0000000100000000)
  eden space 31744K, 0% used [0x00000000eb800000,0x00000000eb800000,0x00000000ed700000)
  from space 2560K, 75% used [0x00000000ed700000,0x00000000ed8e0020,0x00000000ed980000)
  to   space 4608K, 0% used [0x00000000efa80000,0x00000000efa80000,0x00000000eff00000)
 ParOldGen       total 42496K, used 14028K [0x00000000c2800000, 0x00000000c5180000, 0x00000000eb800000)
  object space 42496K, 33% used [0x00000000c2800000,0x00000000c35b3278,0x00000000c5180000)
 Metaspace       used 10277K, capacity 10635K, committed 10752K, reserved 1058816K
  class space    used 1086K, capacity 1206K, committed 1280K, reserved 1048576K
}
Event: 2.629 GC heap before
{Heap before GC invocations=6 (full 0):
 PSYoungGen      total 34304K, used 33664K [0x00000000eb800000, 0x00000000eff00000, 0x0000000100000000)
  eden space 31744K, 100% used [0x00000000eb800000,0x00000000ed700000,0x00000000ed700000)
  from space 2560K, 75% used [0x00000000ed700000,0x00000000ed8e0020,0x00000000ed980000)
  to   space 4608K, 0% used [0x00000000efa80000,0x00000000efa80000,0x00000000eff00000)
 ParOldGen       total 42496K, used 14028K [0x00000000c2800000, 0x00000000c5180000, 0x00000000eb800000)
  object space 42496K, 33% used [0x00000000c2800000,0x00000000c35b3278,0x00000000c5180000)
 Metaspace       used 10337K, capacity 10691K, committed 11008K, reserved 1058816K
  class space    used 1098K, capacity 1218K, committed 1280K, reserved 1048576K
Event: 2.634 GC heap after
Heap after GC invocations=6 (full 0):
 PSYoungGen      total 67072K, used 2176K [0x00000000eb800000, 0x00000000efe00000, 0x0000000100000000)
  eden space 63488K, 0% used [0x00000000eb800000,0x00000000eb800000,0x00000000ef600000)
  from space 3584K, 60% used [0x00000000efa80000,0x00000000efca0020,0x00000000efe00000)
  to   space 4096K, 0% used [0x00000000ef600000,0x00000000ef600000,0x00000000efa00000)
 ParOldGen       total 42496K, used 14036K [0x00000000c2800000, 0x00000000c5180000, 0x00000000eb800000)
  object space 42496K, 33% used [0x00000000c2800000,0x00000000c35b5278,0x00000000c5180000)
 Metaspace       used 10337K, capacity 10691K, committed 11008K, reserved 1058816K
  class space    used 1098K, capacity 1218K, committed 1280K, reserved 1048576K
}

