# JRE version: Java(TM) SE Runtime Environment (8.0_65-b17) (build 1.8.0_65-b17)
# Java VM: Java HotSpot(TM) 64-Bit Server VM (25.65-b01 mixed mode windows-amd64 compressed oops)
Heap:
 PSYoungGen      total 86528K, used 36153K [0x00000000d6580000, 0x00000000f3280000, 0x0000000100000000)
  eden space 86016K, 41% used [0x00000000d6580000,0x00000000d88c6418,0x00000000db980000)
  from space 512K, 6% used [0x00000000f3180000,0x00000000f3188000,0x00000000f3200000)
  to   space 512K, 0% used [0x00000000f3200000,0x00000000f3200000,0x00000000f3280000)
 ParOldGen       total 86016K, used 13682K [0x0000000083000000, 0x0000000088400000, 0x00000000d6580000)
  object space 86016K, 15% used [0x0000000083000000,0x0000000083d5c900,0x0000000088400000)
 Metaspace       used 10798K, capacity 11509K, committed 11648K, reserved 1058816K
  class space    used 1126K, capacity 1287K, committed 1408K, reserved 1048576K
GC Heap History (10 events):
Event: 59.283 GC heap before
{Heap before GC invocations=127 (full 0):
 PSYoungGen      total 102912K, used 102432K [0x00000000d6580000, 0x00000000f3280000, 0x0000000100000000)
  eden space 102400K, 100% used [0x00000000d6580000,0x00000000dc980000,0x00000000dc980000)
  from space 512K, 6% used [0x00000000f3200000,0x00000000f3208000,0x00000000f3280000)
  to   space 512K, 0% used [0x00000000f3180000,0x00000000f3180000,0x00000000f3200000)
 ParOldGen       total 86016K, used 13626K [0x0000000083000000, 0x0000000088400000, 0x00000000d6580000)
  object space 86016K, 15% used [0x0000000083000000,0x0000000083d4e900,0x0000000088400000)
 Metaspace       used 10795K, capacity 11509K, committed 11648K, reserved 1058816K
  class space    used 1126K, capacity 1287K, committed 1408K, reserved 1048576K
Event: 59.283 GC heap after
Heap after GC invocations=127 (full 0):
 PSYoungGen      total 99328K, used 32K [0x00000000d6580000, 0x00000000f3280000, 0x0000000100000000)
  eden space 98816K, 0% used [0x00000000d6580000,0x00000000d6580000,0x00000000dc600000)
  from space 512K, 6% used [0x00000000f3180000,0x00000000f3188000,0x00000000f3200000)
  to   space 512K, 0% used [0x00000000f3200000,0x00000000f3200000,0x00000000f3280000)
 ParOldGen       total 86016K, used 13634K [0x0000000083000000, 0x0000000088400000, 0x00000000d6580000)
  object space 86016K, 15% used [0x0000000083000000,0x0000000083d50900,0x0000000088400000)
 Metaspace       used 10795K, capacity 11509K, committed 11648K, reserved 1058816K
  class space    used 1126K, capacity 1287K, committed 1408K, reserved 1048576K
}
Event: 60.517 GC heap before
{Heap before GC invocations=128 (full 0):
 PSYoungGen      total 99328K, used 98848K [0x00000000d6580000, 0x00000000f3280000, 0x0000000100000000)
  eden space 98816K, 100% used [0x00000000d6580000,0x00000000dc600000,0x00000000dc600000)
  from space 512K, 6% used [0x00000000f3180000,0x00000000f3188000,0x00000000f3200000)
  to   space 512K, 0% used [0x00000000f3200000,0x00000000f3200000,0x00000000f3280000)
 ParOldGen       total 86016K, used 13634K [0x0000000083000000, 0x0000000088400000, 0x00000000d6580000)
  object space 86016K, 15% used [0x0000000083000000,0x0000000083d50900,0x0000000088400000)
 Metaspace       used 10796K, capacity 11509K, committed 11648K, reserved 1058816K
  class space    used 1126K, capacity 1287K, committed 1408K, reserved 1048576K
Event: 60.518 GC heap after
Heap after GC invocations=128 (full 0):
 PSYoungGen      total 95744K, used 32K [0x00000000d6580000, 0x00000000f3280000, 0x0000000100000000)
  eden space 95232K, 0% used [0x00000000d6580000,0x00000000d6580000,0x00000000dc280000)
  from space 512K, 6% used [0x00000000f3200000,0x00000000f3208000,0x00000000f3280000)
  to   space 512K, 0% used [0x00000000f3180000,0x00000000f3180000,0x00000000f3200000)
 ParOldGen       total 86016K, used 13642K [0x0000000083000000, 0x0000000088400000, 0x00000000d6580000)
  object space 86016K, 15% used [0x0000000083000000,0x0000000083d52900,0x0000000088400000)
 Metaspace       used 10796K, capacity 11509K, committed 11648K, reserved 1058816K
  class space    used 1126K, capacity 1287K, committed 1408K, reserved 1048576K
}
Event: 62.745 GC heap before
{Heap before GC invocations=129 (full 0):
 PSYoungGen      total 95744K, used 95264K [0x00000000d6580000, 0x00000000f3280000, 0x0000000100000000)
  eden space 95232K, 100% used [0x00000000d6580000,0x00000000dc280000,0x00000000dc280000)
  from space 512K, 6% used [0x00000000f3200000,0x00000000f3208000,0x00000000f3280000)
  to   space 512K, 0% used [0x00000000f3180000,0x00000000f3180000,0x00000000f3200000)
 ParOldGen       total 86016K, used 13642K [0x0000000083000000, 0x0000000088400000, 0x00000000d6580000)
  object space 86016K, 15% used [0x0000000083000000,0x0000000083d52900,0x0000000088400000)
 Metaspace       used 10798K, capacity 11509K, committed 11648K, reserved 1058816K
  class space    used 1126K, capacity 1287K, committed 1408K, reserved 1048576K
Event: 62.745 GC heap after
Heap after GC invocations=129 (full 0):
 PSYoungGen      total 92672K, used 128K [0x00000000d6580000, 0x00000000f3280000, 0x0000000100000000)
  eden space 92160K, 0% used [0x00000000d6580000,0x00000000d6580000,0x00000000dbf80000)
  from space 512K, 25% used [0x00000000f3180000,0x00000000f31a0000,0x00000000f3200000)
  to   space 512K, 0% used [0x00000000f3200000,0x00000000f3200000,0x00000000f3280000)
 ParOldGen       total 86016K, used 13658K [0x0000000083000000, 0x0000000088400000, 0x00000000d6580000)
  object space 86016K, 15% used [0x0000000083000000,0x0000000083d56900,0x0000000088400000)
 Metaspace       used 10798K, capacity 11509K, committed 11648K, reserved 1058816K
  class space    used 1126K, capacity 1287K, committed 1408K, reserved 1048576K
}
Event: 62.780 GC heap before
{Heap before GC invocations=130 (full 0):
 PSYoungGen      total 92672K, used 92288K [0x00000000d6580000, 0x00000000f3280000, 0x0000000100000000)
  eden space 92160K, 100% used [0x00000000d6580000,0x00000000dbf80000,0x00000000dbf80000)
  from space 512K, 25% used [0x00000000f3180000,0x00000000f31a0000,0x00000000f3200000)
  to   space 512K, 0% used [0x00000000f3200000,0x00000000f3200000,0x00000000f3280000)
 ParOldGen       total 86016K, used 13658K [0x0000000083000000, 0x0000000088400000, 0x00000000d6580000)
  object space 86016K, 15% used [0x0000000083000000,0x0000000083d56900,0x0000000088400000)
 Metaspace       used 10798K, capacity 11509K, committed 11648K, reserved 1058816K
  class space    used 1126K, capacity 1287K, committed 1408K, reserved 1048576K
Event: 62.780 GC heap after
Heap after GC invocations=130 (full 0):
 PSYoungGen      total 89600K, used 32K [0x00000000d6580000, 0x00000000f3280000, 0x0000000100000000)
  eden space 89088K, 0% used [0x00000000d6580000,0x00000000d6580000,0x00000000dbc80000)
  from space 512K, 6% used [0x00000000f3200000,0x00000000f3208000,0x00000000f3280000)
  to   space 512K, 0% used [0x00000000f3180000,0x00000000f3180000,0x00000000f3200000)
 ParOldGen       total 86016K, used 13682K [0x0000000083000000, 0x0000000088400000, 0x00000000d6580000)
  object space 86016K, 15% used [0x0000000083000000,0x0000000083d5c900,0x0000000088400000)
 Metaspace       used 10798K, capacity 11509K, committed 11648K, reserved 1058816K
  class space    used 1126K, capacity 1287K, committed 1408K, reserved 1048576K
}
Event: 62.812 GC heap before
{Heap before GC invocations=131 (full 0):
 PSYoungGen      total 89600K, used 89120K [0x00000000d6580000, 0x00000000f3280000, 0x0000000100000000)
  eden space 89088K, 100% used [0x00000000d6580000,0x00000000dbc80000,0x00000000dbc80000)
  from space 512K, 6% used [0x00000000f3200000,0x00000000f3208000,0x00000000f3280000)
  to   space 512K, 0% used [0x00000000f3180000,0x00000000f3180000,0x00000000f3200000)
 ParOldGen       total 86016K, used 13682K [0x0000000083000000, 0x0000000088400000, 0x00000000d6580000)
  object space 86016K, 15% used [0x0000000083000000,0x0000000083d5c900,0x0000000088400000)
 Metaspace       used 10798K, capacity 11509K, committed 11648K, reserved 1058816K
  class space    used 1126K, capacity 1287K, committed 1408K, reserved 1048576K
Event: 62.812 GC heap after
Heap after GC invocations=131 (full 0):
 PSYoungGen      total 86528K, used 32K [0x00000000d6580000, 0x00000000f3280000, 0x0000000100000000)
  eden space 86016K, 0% used [0x00000000d6580000,0x00000000d6580000,0x00000000db980000)
  from space 512K, 6% used [0x00000000f3180000,0x00000000f3188000,0x00000000f3200000)
  to   space 512K, 0% used [0x00000000f3200000,0x00000000f3200000,0x00000000f3280000)
 ParOldGen       total 86016K, used 13682K [0x0000000083000000, 0x0000000088400000, 0x00000000d6580000)
  object space 86016K, 15% used [0x0000000083000000,0x0000000083d5c900,0x0000000088400000)
 Metaspace       used 10798K, capacity 11509K, committed 11648K, reserved 1058816K
  class space    used 1126K, capacity 1287K, committed 1408K, reserved 1048576K
}

