# JRE version: Java(TM) SE Runtime Environment (8.0_65-b17) (build 1.8.0_65-b17)
# Java VM: Java HotSpot(TM) 64-Bit Server VM (25.65-b01 mixed mode windows-amd64 compressed oops)
Heap:
 PSYoungGen      total 521728K, used 473583K [0x00000000d6580000, 0x00000000fff00000, 0x0000000100000000)
  eden space 514048K, 92% used [0x00000000d6580000,0x00000000f33ebf08,0x00000000f5b80000)
  from space 7680K, 0% used [0x00000000f6280000,0x00000000f6290000,0x00000000f6a00000)
  to   space 7168K, 0% used [0x00000000f5b80000,0x00000000f5b80000,0x00000000f6280000)
 ParOldGen       total 86016K, used 14591K [0x0000000083000000, 0x0000000088400000, 0x00000000d6580000)
  object space 86016K, 16% used [0x0000000083000000,0x0000000083e3ff88,0x0000000088400000)
 Metaspace       used 10592K, capacity 11191K, committed 11264K, reserved 1058816K
  class space    used 1113K, capacity 1246K, committed 1280K, reserved 1048576K
GC Heap History (10 events):
Event: 6.017 GC heap before
{Heap before GC invocations=20 (full 0):
 PSYoungGen      total 431616K, used 421920K [0x00000000d6580000, 0x00000000f6800000, 0x0000000100000000)
  eden space 421888K, 100% used [0x00000000d6580000,0x00000000f0180000,0x00000000f0180000)
  from space 9728K, 0% used [0x00000000f5500000,0x00000000f5508000,0x00000000f5e80000)
  to   space 9216K, 0% used [0x00000000f5f00000,0x00000000f5f00000,0x00000000f6800000)
 ParOldGen       total 86016K, used 14591K [0x0000000083000000, 0x0000000088400000, 0x00000000d6580000)
  object space 86016K, 16% used [0x0000000083000000,0x0000000083e3ff88,0x0000000088400000)
 Metaspace       used 10412K, capacity 10995K, committed 11264K, reserved 1058816K
  class space    used 1092K, capacity 1232K, committed 1280K, reserved 1048576K
Event: 6.018 GC heap after
Heap after GC invocations=20 (full 0):
 PSYoungGen      total 402944K, used 64K [0x00000000d6580000, 0x00000000f5f80000, 0x0000000100000000)
  eden space 402432K, 0% used [0x00000000d6580000,0x00000000d6580000,0x00000000eee80000)
  from space 512K, 12% used [0x00000000f5f00000,0x00000000f5f10000,0x00000000f5f80000)
  to   space 8704K, 0% used [0x00000000f4e80000,0x00000000f4e80000,0x00000000f5700000)
 ParOldGen       total 86016K, used 14591K [0x0000000083000000, 0x0000000088400000, 0x00000000d6580000)
  object space 86016K, 16% used [0x0000000083000000,0x0000000083e3ff88,0x0000000088400000)
 Metaspace       used 10412K, capacity 10995K, committed 11264K, reserved 1058816K
  class space    used 1092K, capacity 1232K, committed 1280K, reserved 1048576K
}
Event: 6.146 GC heap before
{Heap before GC invocations=21 (full 0):
 PSYoungGen      total 402944K, used 402496K [0x00000000d6580000, 0x00000000f5f80000, 0x0000000100000000)
  eden space 402432K, 100% used [0x00000000d6580000,0x00000000eee80000,0x00000000eee80000)
  from space 512K, 12% used [0x00000000f5f00000,0x00000000f5f10000,0x00000000f5f80000)
  to   space 8704K, 0% used [0x00000000f4e80000,0x00000000f4e80000,0x00000000f5700000)
 ParOldGen       total 86016K, used 14591K [0x0000000083000000, 0x0000000088400000, 0x00000000d6580000)
  object space 86016K, 16% used [0x0000000083000000,0x0000000083e3ff88,0x0000000088400000)
 Metaspace       used 10412K, capacity 10995K, committed 11264K, reserved 1058816K
  class space    used 1092K, capacity 1232K, committed 1280K, reserved 1048576K
Event: 6.146 GC heap after
Heap after GC invocations=21 (full 0):
 PSYoungGen      total 392704K, used 32K [0x00000000d6580000, 0x00000000f5f80000, 0x0000000100000000)
  eden space 384000K, 0% used [0x00000000d6580000,0x00000000d6580000,0x00000000edc80000)
  from space 8704K, 0% used [0x00000000f4e80000,0x00000000f4e88000,0x00000000f5700000)
  to   space 8192K, 0% used [0x00000000f5780000,0x00000000f5780000,0x00000000f5f80000)
 ParOldGen       total 86016K, used 14591K [0x0000000083000000, 0x0000000088400000, 0x00000000d6580000)
  object space 86016K, 16% used [0x0000000083000000,0x0000000083e3ff88,0x0000000088400000)
 Metaspace       used 10412K, capacity 10995K, committed 11264K, reserved 1058816K
  class space    used 1092K, capacity 1232K, committed 1280K, reserved 1048576K
}
Event: 6.270 GC heap before
{Heap before GC invocations=22 (full 0):
 PSYoungGen      total 392704K, used 384032K [0x00000000d6580000, 0x00000000f5f80000, 0x0000000100000000)
  eden space 384000K, 100% used [0x00000000d6580000,0x00000000edc80000,0x00000000edc80000)
  from space 8704K, 0% used [0x00000000f4e80000,0x00000000f4e88000,0x00000000f5700000)
  to   space 8192K, 0% used [0x00000000f5780000,0x00000000f5780000,0x00000000f5f80000)
 ParOldGen       total 86016K, used 14591K [0x0000000083000000, 0x0000000088400000, 0x00000000d6580000)
  object space 86016K, 16% used [0x0000000083000000,0x0000000083e3ff88,0x0000000088400000)
 Metaspace       used 10415K, capacity 10995K, committed 11264K, reserved 1058816K
  class space    used 1092K, capacity 1232K, committed 1280K, reserved 1048576K
Event: 6.271 GC heap after
Heap after GC invocations=22 (full 0):
 PSYoungGen      total 367104K, used 32K [0x00000000d6580000, 0x00000000f5800000, 0x0000000100000000)
  eden space 366592K, 0% used [0x00000000d6580000,0x00000000d6580000,0x00000000ecb80000)
  from space 512K, 6% used [0x00000000f5780000,0x00000000f5788000,0x00000000f5800000)
  to   space 7680K, 0% used [0x00000000f4900000,0x00000000f4900000,0x00000000f5080000)
 ParOldGen       total 86016K, used 14591K [0x0000000083000000, 0x0000000088400000, 0x00000000d6580000)
  object space 86016K, 16% used [0x0000000083000000,0x0000000083e3ff88,0x0000000088400000)
 Metaspace       used 10415K, capacity 10995K, committed 11264K, reserved 1058816K
  class space    used 1092K, capacity 1232K, committed 1280K, reserved 1048576K
}
Event: 6.473 GC heap before
{Heap before GC invocations=23 (full 0):
 PSYoungGen      total 367104K, used 366624K [0x00000000d6580000, 0x00000000f5800000, 0x0000000100000000)
  eden space 366592K, 100% used [0x00000000d6580000,0x00000000ecb80000,0x00000000ecb80000)
  from space 512K, 6% used [0x00000000f5780000,0x00000000f5788000,0x00000000f5800000)
  to   space 7680K, 0% used [0x00000000f4900000,0x00000000f4900000,0x00000000f5080000)
 ParOldGen       total 86016K, used 14591K [0x0000000083000000, 0x0000000088400000, 0x00000000d6580000)
  object space 86016K, 16% used [0x0000000083000000,0x0000000083e3ff88,0x0000000088400000)
 Metaspace       used 10415K, capacity 10995K, committed 11264K, reserved 1058816K
  class space    used 1092K, capacity 1232K, committed 1280K, reserved 1048576K
Event: 6.481 GC heap after
Heap after GC invocations=23 (full 0):
 PSYoungGen      total 502784K, used 32K [0x00000000d6580000, 0x00000000f6a00000, 0x0000000100000000)
  eden space 495104K, 0% used [0x00000000d6580000,0x00000000d6580000,0x00000000f4900000)
  from space 7680K, 0% used [0x00000000f4900000,0x00000000f4908000,0x00000000f5080000)
  to   space 7680K, 0% used [0x00000000f6280000,0x00000000f6280000,0x00000000f6a00000)
 ParOldGen       total 86016K, used 14591K [0x0000000083000000, 0x0000000088400000, 0x00000000d6580000)
  object space 86016K, 16% used [0x0000000083000000,0x0000000083e3ff88,0x0000000088400000)
 Metaspace       used 10415K, capacity 10995K, committed 11264K, reserved 1058816K
  class space    used 1092K, capacity 1232K, committed 1280K, reserved 1048576K
}
Event: 6.695 GC heap before
{Heap before GC invocations=24 (full 0):
 PSYoungGen      total 502784K, used 495136K [0x00000000d6580000, 0x00000000f6a00000, 0x0000000100000000)
  eden space 495104K, 100% used [0x00000000d6580000,0x00000000f4900000,0x00000000f4900000)
  from space 7680K, 0% used [0x00000000f4900000,0x00000000f4908000,0x00000000f5080000)
  to   space 7680K, 0% used [0x00000000f6280000,0x00000000f6280000,0x00000000f6a00000)
 ParOldGen       total 86016K, used 14591K [0x0000000083000000, 0x0000000088400000, 0x00000000d6580000)
  object space 86016K, 16% used [0x0000000083000000,0x0000000083e3ff88,0x0000000088400000)
 Metaspace       used 10415K, capacity 10995K, committed 11264K, reserved 1058816K
  class space    used 1092K, capacity 1232K, committed 1280K, reserved 1048576K
Event: 6.695 GC heap after
Heap after GC invocations=24 (full 0):
 PSYoungGen      total 521728K, used 64K [0x00000000d6580000, 0x00000000fff00000, 0x0000000100000000)
  eden space 514048K, 0% used [0x00000000d6580000,0x00000000d6580000,0x00000000f5b80000)
  from space 7680K, 0% used [0x00000000f6280000,0x00000000f6290000,0x00000000f6a00000)
  to   space 7168K, 0% used [0x00000000f5b80000,0x00000000f5b80000,0x00000000f6280000)
 ParOldGen       total 86016K, used 14591K [0x0000000083000000, 0x0000000088400000, 0x00000000d6580000)
  object space 86016K, 16% used [0x0000000083000000,0x0000000083e3ff88,0x0000000088400000)
 Metaspace       used 10415K, capacity 10995K, committed 11264K, reserved 1058816K
  class space    used 1092K, capacity 1232K, committed 1280K, reserved 1048576K
}

