# JRE version: Java(TM) SE Runtime Environment (8.0_73-b02) (build 1.8.0_73-b02)
# Java VM: Java HotSpot(TM) 64-Bit Server VM (25.73-b02 mixed mode windows-amd64 compressed oops)
Heap:
 PSYoungGen      total 285184K, used 199302K [0x00000000ebb00000, 0x00000000fdf80000, 0x0000000100000000)
  eden space 284672K, 70% used [0x00000000ebb00000,0x00000000f7d99a18,0x00000000fd100000)
  from space 512K, 6% used [0x00000000fde80000,0x00000000fde88000,0x00000000fdf00000)
  to   space 512K, 0% used [0x00000000fdf00000,0x00000000fdf00000,0x00000000fdf80000)
 ParOldGen       total 42496K, used 14084K [0x00000000c3000000, 0x00000000c5980000, 0x00000000ebb00000)
  object space 42496K, 33% used [0x00000000c3000000,0x00000000c3dc1008,0x00000000c5980000)
 Metaspace       used 10307K, capacity 10895K, committed 11008K, reserved 1058816K
  class space    used 1090K, capacity 1230K, committed 1280K, reserved 1048576K
GC Heap History (10 events):
Event: 20.582 GC heap before
{Heap before GC invocations=57 (full 0):
 PSYoungGen      total 229888K, used 229407K [0x00000000ebb00000, 0x00000000fdf80000, 0x0000000100000000)
  eden space 229376K, 99% used [0x00000000ebb00000,0x00000000f9affff0,0x00000000f9b00000)
  from space 512K, 6% used [0x00000000fdf00000,0x00000000fdf08000,0x00000000fdf80000)
  to   space 512K, 0% used [0x00000000fde80000,0x00000000fde80000,0x00000000fdf00000)
 ParOldGen       total 42496K, used 14084K [0x00000000c3000000, 0x00000000c5980000, 0x00000000ebb00000)
  object space 42496K, 33% used [0x00000000c3000000,0x00000000c3dc1008,0x00000000c5980000)
 Metaspace       used 10301K, capacity 10887K, committed 11008K, reserved 1058816K
  class space    used 1089K, capacity 1228K, committed 1280K, reserved 1048576K
Event: 20.583 GC heap after
Heap after GC invocations=57 (full 0):
 PSYoungGen      total 219648K, used 64K [0x00000000ebb00000, 0x00000000fdf80000, 0x0000000100000000)
  eden space 219136K, 0% used [0x00000000ebb00000,0x00000000ebb00000,0x00000000f9100000)
  from space 512K, 12% used [0x00000000fde80000,0x00000000fde90000,0x00000000fdf00000)
  to   space 512K, 0% used [0x00000000fdf00000,0x00000000fdf00000,0x00000000fdf80000)
 ParOldGen       total 42496K, used 14084K [0x00000000c3000000, 0x00000000c5980000, 0x00000000ebb00000)
  object space 42496K, 33% used [0x00000000c3000000,0x00000000c3dc1008,0x00000000c5980000)
 Metaspace       used 10301K, capacity 10887K, committed 11008K, reserved 1058816K
  class space    used 1089K, capacity 1228K, committed 1280K, reserved 1048576K
}
Event: 20.630 GC heap before
{Heap before GC invocations=58 (full 0):
 PSYoungGen      total 219648K, used 219200K [0x00000000ebb00000, 0x00000000fdf80000, 0x0000000100000000)
  eden space 219136K, 100% used [0x00000000ebb00000,0x00000000f9100000,0x00000000f9100000)
  from space 512K, 12% used [0x00000000fde80000,0x00000000fde90000,0x00000000fdf00000)
  to   space 512K, 0% used [0x00000000fdf00000,0x00000000fdf00000,0x00000000fdf80000)
 ParOldGen       total 42496K, used 14084K [0x00000000c3000000, 0x00000000c5980000, 0x00000000ebb00000)
  object space 42496K, 33% used [0x00000000c3000000,0x00000000c3dc1008,0x00000000c5980000)
 Metaspace       used 10301K, capacity 10887K, committed 11008K, reserved 1058816K
  class space    used 1089K, capacity 1228K, committed 1280K, reserved 1048576K
Event: 20.631 GC heap after
Heap after GC invocations=58 (full 0):
 PSYoungGen      total 209920K, used 32K [0x00000000ebb00000, 0x00000000fdf80000, 0x0000000100000000)
  eden space 209408K, 0% used [0x00000000ebb00000,0x00000000ebb00000,0x00000000f8780000)
  from space 512K, 6% used [0x00000000fdf00000,0x00000000fdf08000,0x00000000fdf80000)
  to   space 512K, 0% used [0x00000000fde80000,0x00000000fde80000,0x00000000fdf00000)
 ParOldGen       total 42496K, used 14084K [0x00000000c3000000, 0x00000000c5980000, 0x00000000ebb00000)
  object space 42496K, 33% used [0x00000000c3000000,0x00000000c3dc1008,0x00000000c5980000)
 Metaspace       used 10301K, capacity 10887K, committed 11008K, reserved 1058816K
  class space    used 1089K, capacity 1228K, committed 1280K, reserved 1048576K
}
Event: 20.676 GC heap before
{Heap before GC invocations=59 (full 0):
 PSYoungGen      total 209920K, used 209439K [0x00000000ebb00000, 0x00000000fdf80000, 0x0000000100000000)
  eden space 209408K, 99% used [0x00000000ebb00000,0x00000000f877fff8,0x00000000f8780000)
  from space 512K, 6% used [0x00000000fdf00000,0x00000000fdf08000,0x00000000fdf80000)
  to   space 512K, 0% used [0x00000000fde80000,0x00000000fde80000,0x00000000fdf00000)
 ParOldGen       total 42496K, used 14084K [0x00000000c3000000, 0x00000000c5980000, 0x00000000ebb00000)
  object space 42496K, 33% used [0x00000000c3000000,0x00000000c3dc1008,0x00000000c5980000)
 Metaspace       used 10301K, capacity 10887K, committed 11008K, reserved 1058816K
  class space    used 1089K, capacity 1228K, committed 1280K, reserved 1048576K
Event: 20.677 GC heap after
Heap after GC invocations=59 (full 0):
 PSYoungGen      total 251904K, used 32K [0x00000000ebb00000, 0x00000000fdf80000, 0x0000000100000000)
  eden space 251392K, 0% used [0x00000000ebb00000,0x00000000ebb00000,0x00000000fb080000)
  from space 512K, 6% used [0x00000000fde80000,0x00000000fde88000,0x00000000fdf00000)
  to   space 512K, 0% used [0x00000000fdf00000,0x00000000fdf00000,0x00000000fdf80000)
 ParOldGen       total 42496K, used 14084K [0x00000000c3000000, 0x00000000c5980000, 0x00000000ebb00000)
  object space 42496K, 33% used [0x00000000c3000000,0x00000000c3dc1008,0x00000000c5980000)
 Metaspace       used 10301K, capacity 10887K, committed 11008K, reserved 1058816K
  class space    used 1089K, capacity 1228K, committed 1280K, reserved 1048576K
}
Event: 20.734 GC heap before
{Heap before GC invocations=60 (full 0):
 PSYoungGen      total 251904K, used 251424K [0x00000000ebb00000, 0x00000000fdf80000, 0x0000000100000000)
  eden space 251392K, 100% used [0x00000000ebb00000,0x00000000fb080000,0x00000000fb080000)
  from space 512K, 6% used [0x00000000fde80000,0x00000000fde88000,0x00000000fdf00000)
  to   space 512K, 0% used [0x00000000fdf00000,0x00000000fdf00000,0x00000000fdf80000)
 ParOldGen       total 42496K, used 14084K [0x00000000c3000000, 0x00000000c5980000, 0x00000000ebb00000)
  object space 42496K, 33% used [0x00000000c3000000,0x00000000c3dc1008,0x00000000c5980000)
 Metaspace       used 10301K, capacity 10887K, committed 11008K, reserved 1058816K
  class space    used 1089K, capacity 1228K, committed 1280K, reserved 1048576K
Event: 20.734 GC heap after
Heap after GC invocations=60 (full 0):
 PSYoungGen      total 299008K, used 32K [0x00000000ebb00000, 0x00000000fe300000, 0x0000000100000000)
  eden space 298496K, 0% used [0x00000000ebb00000,0x00000000ebb00000,0x00000000fde80000)
  from space 512K, 6% used [0x00000000fdf00000,0x00000000fdf08000,0x00000000fdf80000)
  to   space 512K, 0% used [0x00000000fde80000,0x00000000fde80000,0x00000000fdf00000)
 ParOldGen       total 42496K, used 14084K [0x00000000c3000000, 0x00000000c5980000, 0x00000000ebb00000)
  object space 42496K, 33% used [0x00000000c3000000,0x00000000c3dc1008,0x00000000c5980000)
 Metaspace       used 10301K, capacity 10887K, committed 11008K, reserved 1058816K
  class space    used 1089K, capacity 1228K, committed 1280K, reserved 1048576K
}
Event: 20.800 GC heap before
{Heap before GC invocations=61 (full 0):
 PSYoungGen      total 299008K, used 298528K [0x00000000ebb00000, 0x00000000fe300000, 0x0000000100000000)
  eden space 298496K, 100% used [0x00000000ebb00000,0x00000000fde80000,0x00000000fde80000)
  from space 512K, 6% used [0x00000000fdf00000,0x00000000fdf08000,0x00000000fdf80000)
  to   space 512K, 0% used [0x00000000fde80000,0x00000000fde80000,0x00000000fdf00000)
 ParOldGen       total 42496K, used 14084K [0x00000000c3000000, 0x00000000c5980000, 0x00000000ebb00000)
  object space 42496K, 33% used [0x00000000c3000000,0x00000000c3dc1008,0x00000000c5980000)
 Metaspace       used 10301K, capacity 10887K, committed 11008K, reserved 1058816K
  class space    used 1089K, capacity 1228K, committed 1280K, reserved 1048576K
Event: 20.800 GC heap after
Heap after GC invocations=61 (full 0):
 PSYoungGen      total 285184K, used 32K [0x00000000ebb00000, 0x00000000fdf80000, 0x0000000100000000)
  eden space 284672K, 0% used [0x00000000ebb00000,0x00000000ebb00000,0x00000000fd100000)
  from space 512K, 6% used [0x00000000fde80000,0x00000000fde88000,0x00000000fdf00000)
  to   space 512K, 0% used [0x00000000fdf00000,0x00000000fdf00000,0x00000000fdf80000)
 ParOldGen       total 42496K, used 14084K [0x00000000c3000000, 0x00000000c5980000, 0x00000000ebb00000)
  object space 42496K, 33% used [0x00000000c3000000,0x00000000c3dc1008,0x00000000c5980000)
 Metaspace       used 10301K, capacity 10887K, committed 11008K, reserved 1058816K
  class space    used 1089K, capacity 1228K, committed 1280K, reserved 1048576K
}

