# JRE version: Java(TM) SE Runtime Environment (8.0_65-b17) (build 1.8.0_65-b17)
# Java VM: Java HotSpot(TM) 64-Bit Server VM (25.65-b01 mixed mode windows-amd64 compressed oops)
Heap:
 PSYoungGen      total 580608K, used 568556K [0x00000000d6580000, 0x00000000f9e00000, 0x0000000100000000)
  eden space 579072K, 98% used [0x00000000d6580000,0x00000000f90b31b8,0x00000000f9b00000)
  from space 1536K, 2% used [0x00000000f9c80000,0x00000000f9c88000,0x00000000f9e00000)
  to   space 1536K, 0% used [0x00000000f9b00000,0x00000000f9b00000,0x00000000f9c80000)
 ParOldGen       total 86016K, used 13197K [0x0000000083000000, 0x0000000088400000, 0x00000000d6580000)
  object space 86016K, 15% used [0x0000000083000000,0x0000000083ce37b8,0x0000000088400000)
 Metaspace       used 10672K, capacity 11291K, committed 11520K, reserved 1058816K
  class space    used 1114K, capacity 1246K, committed 1280K, reserved 1048576K
GC Heap History (10 events):
Event: 6.820 GC heap before
{Heap before GC invocations=42 (full 0):
 PSYoungGen      total 287744K, used 285760K [0x00000000d6580000, 0x00000000f3a00000, 0x0000000100000000)
  eden space 285696K, 100% used [0x00000000d6580000,0x00000000e7c80000,0x00000000e7c80000)
  from space 2048K, 3% used [0x00000000f3600000,0x00000000f3610000,0x00000000f3800000)
  to   space 2048K, 0% used [0x00000000f3800000,0x00000000f3800000,0x00000000f3a00000)
 ParOldGen       total 86016K, used 13197K [0x0000000083000000, 0x0000000088400000, 0x00000000d6580000)
  object space 86016K, 15% used [0x0000000083000000,0x0000000083ce37b8,0x0000000088400000)
 Metaspace       used 10427K, capacity 10991K, committed 11264K, reserved 1058816K
  class space    used 1093K, capacity 1232K, committed 1280K, reserved 1048576K
Event: 6.821 GC heap after
Heap after GC invocations=42 (full 0):
 PSYoungGen      total 349184K, used 32K [0x00000000d6580000, 0x00000000f3880000, 0x0000000100000000)
  eden space 348672K, 0% used [0x00000000d6580000,0x00000000d6580000,0x00000000eba00000)
  from space 512K, 6% used [0x00000000f3800000,0x00000000f3808000,0x00000000f3880000)
  to   space 2048K, 0% used [0x00000000f3480000,0x00000000f3480000,0x00000000f3680000)
 ParOldGen       total 86016K, used 13197K [0x0000000083000000, 0x0000000088400000, 0x00000000d6580000)
  object space 86016K, 15% used [0x0000000083000000,0x0000000083ce37b8,0x0000000088400000)
 Metaspace       used 10427K, capacity 10991K, committed 11264K, reserved 1058816K
  class space    used 1093K, capacity 1232K, committed 1280K, reserved 1048576K
}
Event: 6.994 GC heap before
{Heap before GC invocations=43 (full 0):
 PSYoungGen      total 349184K, used 348704K [0x00000000d6580000, 0x00000000f3880000, 0x0000000100000000)
  eden space 348672K, 100% used [0x00000000d6580000,0x00000000eba00000,0x00000000eba00000)
  from space 512K, 6% used [0x00000000f3800000,0x00000000f3808000,0x00000000f3880000)
  to   space 2048K, 0% used [0x00000000f3480000,0x00000000f3480000,0x00000000f3680000)
 ParOldGen       total 86016K, used 13197K [0x0000000083000000, 0x0000000088400000, 0x00000000d6580000)
  object space 86016K, 15% used [0x0000000083000000,0x0000000083ce37b8,0x0000000088400000)
 Metaspace       used 10427K, capacity 10991K, committed 11264K, reserved 1058816K
  class space    used 1093K, capacity 1232K, committed 1280K, reserved 1048576K
Event: 6.995 GC heap after
Heap after GC invocations=43 (full 0):
 PSYoungGen      total 427520K, used 32K [0x00000000d6580000, 0x00000000f3880000, 0x0000000100000000)
  eden space 425472K, 0% used [0x00000000d6580000,0x00000000d6580000,0x00000000f0500000)
  from space 2048K, 1% used [0x00000000f3480000,0x00000000f3488000,0x00000000f3680000)
  to   space 2048K, 0% used [0x00000000f3680000,0x00000000f3680000,0x00000000f3880000)
 ParOldGen       total 86016K, used 13197K [0x0000000083000000, 0x0000000088400000, 0x00000000d6580000)
  object space 86016K, 15% used [0x0000000083000000,0x0000000083ce37b8,0x0000000088400000)
 Metaspace       used 10427K, capacity 10991K, committed 11264K, reserved 1058816K
  class space    used 1093K, capacity 1232K, committed 1280K, reserved 1048576K
}
Event: 7.155 GC heap before
{Heap before GC invocations=44 (full 0):
 PSYoungGen      total 427520K, used 425504K [0x00000000d6580000, 0x00000000f3880000, 0x0000000100000000)
  eden space 425472K, 100% used [0x00000000d6580000,0x00000000f0500000,0x00000000f0500000)
  from space 2048K, 1% used [0x00000000f3480000,0x00000000f3488000,0x00000000f3680000)
  to   space 2048K, 0% used [0x00000000f3680000,0x00000000f3680000,0x00000000f3880000)
 ParOldGen       total 86016K, used 13197K [0x0000000083000000, 0x0000000088400000, 0x00000000d6580000)
  object space 86016K, 15% used [0x0000000083000000,0x0000000083ce37b8,0x0000000088400000)
 Metaspace       used 10427K, capacity 10991K, committed 11264K, reserved 1058816K
  class space    used 1093K, capacity 1232K, committed 1280K, reserved 1048576K
Event: 7.156 GC heap after
Heap after GC invocations=44 (full 0):
 PSYoungGen      total 476672K, used 32K [0x00000000d6580000, 0x00000000f6380000, 0x0000000100000000)
  eden space 474624K, 0% used [0x00000000d6580000,0x00000000d6580000,0x00000000f3500000)
  from space 2048K, 1% used [0x00000000f3680000,0x00000000f3688000,0x00000000f3880000)
  to   space 1536K, 0% used [0x00000000f3500000,0x00000000f3500000,0x00000000f3680000)
 ParOldGen       total 86016K, used 13197K [0x0000000083000000, 0x0000000088400000, 0x00000000d6580000)
  object space 86016K, 15% used [0x0000000083000000,0x0000000083ce37b8,0x0000000088400000)
 Metaspace       used 10427K, capacity 10991K, committed 11264K, reserved 1058816K
  class space    used 1093K, capacity 1232K, committed 1280K, reserved 1048576K
}
Event: 7.286 GC heap before
{Heap before GC invocations=45 (full 0):
 PSYoungGen      total 476672K, used 474656K [0x00000000d6580000, 0x00000000f6380000, 0x0000000100000000)
  eden space 474624K, 100% used [0x00000000d6580000,0x00000000f3500000,0x00000000f3500000)
  from space 2048K, 1% used [0x00000000f3680000,0x00000000f3688000,0x00000000f3880000)
  to   space 1536K, 0% used [0x00000000f3500000,0x00000000f3500000,0x00000000f3680000)
 ParOldGen       total 86016K, used 13197K [0x0000000083000000, 0x0000000088400000, 0x00000000d6580000)
  object space 86016K, 15% used [0x0000000083000000,0x0000000083ce37b8,0x0000000088400000)
 Metaspace       used 10427K, capacity 10991K, committed 11264K, reserved 1058816K
  class space    used 1093K, capacity 1232K, committed 1280K, reserved 1048576K
Event: 7.286 GC heap after
Heap after GC invocations=45 (full 0):
 PSYoungGen      total 476160K, used 32K [0x00000000d6580000, 0x00000000f9e00000, 0x0000000100000000)
  eden space 474624K, 0% used [0x00000000d6580000,0x00000000d6580000,0x00000000f3500000)
  from space 1536K, 2% used [0x00000000f3500000,0x00000000f3508000,0x00000000f3680000)
  to   space 1536K, 0% used [0x00000000f9c80000,0x00000000f9c80000,0x00000000f9e00000)
 ParOldGen       total 86016K, used 13197K [0x0000000083000000, 0x0000000088400000, 0x00000000d6580000)
  object space 86016K, 15% used [0x0000000083000000,0x0000000083ce37b8,0x0000000088400000)
 Metaspace       used 10427K, capacity 10991K, committed 11264K, reserved 1058816K
  class space    used 1093K, capacity 1232K, committed 1280K, reserved 1048576K
}
Event: 7.406 GC heap before
{Heap before GC invocations=46 (full 0):
 PSYoungGen      total 476160K, used 474656K [0x00000000d6580000, 0x00000000f9e00000, 0x0000000100000000)
  eden space 474624K, 100% used [0x00000000d6580000,0x00000000f3500000,0x00000000f3500000)
  from space 1536K, 2% used [0x00000000f3500000,0x00000000f3508000,0x00000000f3680000)
  to   space 1536K, 0% used [0x00000000f9c80000,0x00000000f9c80000,0x00000000f9e00000)
 ParOldGen       total 86016K, used 13197K [0x0000000083000000, 0x0000000088400000, 0x00000000d6580000)
  object space 86016K, 15% used [0x0000000083000000,0x0000000083ce37b8,0x0000000088400000)
 Metaspace       used 10427K, capacity 10991K, committed 11264K, reserved 1058816K
  class space    used 1093K, capacity 1232K, committed 1280K, reserved 1048576K
Event: 7.406 GC heap after
Heap after GC invocations=46 (full 0):
 PSYoungGen      total 580608K, used 32K [0x00000000d6580000, 0x00000000f9e00000, 0x0000000100000000)
  eden space 579072K, 0% used [0x00000000d6580000,0x00000000d6580000,0x00000000f9b00000)
  from space 1536K, 2% used [0x00000000f9c80000,0x00000000f9c88000,0x00000000f9e00000)
  to   space 1536K, 0% used [0x00000000f9b00000,0x00000000f9b00000,0x00000000f9c80000)
 ParOldGen       total 86016K, used 13197K [0x0000000083000000, 0x0000000088400000, 0x00000000d6580000)
  object space 86016K, 15% used [0x0000000083000000,0x0000000083ce37b8,0x0000000088400000)
 Metaspace       used 10427K, capacity 10991K, committed 11264K, reserved 1058816K
  class space    used 1093K, capacity 1232K, committed 1280K, reserved 1048576K
}

