# JRE version: Java(TM) SE Runtime Environment (8.0_65-b17) (build 1.8.0_65-b17)
# Java VM: Java HotSpot(TM) 64-Bit Server VM (25.65-b01 mixed mode windows-amd64 compressed oops)
Heap:
 PSYoungGen      total 207872K, used 165466K [0x00000000d6580000, 0x00000000fd300000, 0x0000000100000000)
  eden space 206848K, 79% used [0x00000000d6580000,0x00000000e070eaf8,0x00000000e2f80000)
  from space 1024K, 3% used [0x00000000fd100000,0x00000000fd108000,0x00000000fd200000)
  to   space 1024K, 0% used [0x00000000fd200000,0x00000000fd200000,0x00000000fd300000)
 ParOldGen       total 86016K, used 13183K [0x0000000083000000, 0x0000000088400000, 0x00000000d6580000)
  object space 86016K, 15% used [0x0000000083000000,0x0000000083cdff18,0x0000000088400000)
 Metaspace       used 10616K, capacity 11285K, committed 11520K, reserved 1058816K
  class space    used 1105K, capacity 1245K, committed 1280K, reserved 1048576K
GC Heap History (10 events):
Event: 8.334 GC heap before
{Heap before GC invocations=49 (full 0):
 PSYoungGen      total 258560K, used 258080K [0x00000000d6580000, 0x00000000fd400000, 0x0000000100000000)
  eden space 258048K, 100% used [0x00000000d6580000,0x00000000e6180000,0x00000000e6180000)
  from space 512K, 6% used [0x00000000fd380000,0x00000000fd388000,0x00000000fd400000)
  to   space 1536K, 0% used [0x00000000fd100000,0x00000000fd100000,0x00000000fd280000)
 ParOldGen       total 86016K, used 13135K [0x0000000083000000, 0x0000000088400000, 0x00000000d6580000)
  object space 86016K, 15% used [0x0000000083000000,0x0000000083cd3f18,0x0000000088400000)
 Metaspace       used 10442K, capacity 10995K, committed 11264K, reserved 1058816K
  class space    used 1093K, capacity 1232K, committed 1280K, reserved 1048576K
Event: 8.335 GC heap after
Heap after GC invocations=49 (full 0):
 PSYoungGen      total 248320K, used 32K [0x00000000d6580000, 0x00000000fd400000, 0x0000000100000000)
  eden space 246784K, 0% used [0x00000000d6580000,0x00000000d6580000,0x00000000e5680000)
  from space 1536K, 2% used [0x00000000fd100000,0x00000000fd108000,0x00000000fd280000)
  to   space 1024K, 0% used [0x00000000fd300000,0x00000000fd300000,0x00000000fd400000)
 ParOldGen       total 86016K, used 13135K [0x0000000083000000, 0x0000000088400000, 0x00000000d6580000)
  object space 86016K, 15% used [0x0000000083000000,0x0000000083cd3f18,0x0000000088400000)
 Metaspace       used 10442K, capacity 10995K, committed 11264K, reserved 1058816K
  class space    used 1093K, capacity 1232K, committed 1280K, reserved 1048576K
}
Event: 8.386 GC heap before
{Heap before GC invocations=50 (full 0):
 PSYoungGen      total 248320K, used 246816K [0x00000000d6580000, 0x00000000fd400000, 0x0000000100000000)
  eden space 246784K, 100% used [0x00000000d6580000,0x00000000e5680000,0x00000000e5680000)
  from space 1536K, 2% used [0x00000000fd100000,0x00000000fd108000,0x00000000fd280000)
  to   space 1024K, 0% used [0x00000000fd300000,0x00000000fd300000,0x00000000fd400000)
 ParOldGen       total 86016K, used 13135K [0x0000000083000000, 0x0000000088400000, 0x00000000d6580000)
  object space 86016K, 15% used [0x0000000083000000,0x0000000083cd3f18,0x0000000088400000)
 Metaspace       used 10442K, capacity 10995K, committed 11264K, reserved 1058816K
  class space    used 1093K, capacity 1232K, committed 1280K, reserved 1048576K
Event: 8.387 GC heap after
Heap after GC invocations=50 (full 0):
 PSYoungGen      total 236544K, used 32K [0x00000000d6580000, 0x00000000fd380000, 0x0000000100000000)
  eden space 236032K, 0% used [0x00000000d6580000,0x00000000d6580000,0x00000000e4c00000)
  from space 512K, 6% used [0x00000000fd300000,0x00000000fd308000,0x00000000fd380000)
  to   space 1024K, 0% used [0x00000000fd180000,0x00000000fd180000,0x00000000fd280000)
 ParOldGen       total 86016K, used 13135K [0x0000000083000000, 0x0000000088400000, 0x00000000d6580000)
  object space 86016K, 15% used [0x0000000083000000,0x0000000083cd3f18,0x0000000088400000)
 Metaspace       used 10442K, capacity 10995K, committed 11264K, reserved 1058816K
  class space    used 1093K, capacity 1232K, committed 1280K, reserved 1048576K
}
Event: 13.353 GC heap before
{Heap before GC invocations=51 (full 0):
 PSYoungGen      total 236544K, used 236064K [0x00000000d6580000, 0x00000000fd380000, 0x0000000100000000)
  eden space 236032K, 100% used [0x00000000d6580000,0x00000000e4c00000,0x00000000e4c00000)
  from space 512K, 6% used [0x00000000fd300000,0x00000000fd308000,0x00000000fd380000)
  to   space 1024K, 0% used [0x00000000fd180000,0x00000000fd180000,0x00000000fd280000)
 ParOldGen       total 86016K, used 13135K [0x0000000083000000, 0x0000000088400000, 0x00000000d6580000)
  object space 86016K, 15% used [0x0000000083000000,0x0000000083cd3f18,0x0000000088400000)
 Metaspace       used 10612K, capacity 11285K, committed 11520K, reserved 1058816K
  class space    used 1105K, capacity 1245K, committed 1280K, reserved 1048576K
Event: 13.354 GC heap after
Heap after GC invocations=51 (full 0):
 PSYoungGen      total 226816K, used 96K [0x00000000d6580000, 0x00000000fd380000, 0x0000000100000000)
  eden space 225792K, 0% used [0x00000000d6580000,0x00000000d6580000,0x00000000e4200000)
  from space 1024K, 9% used [0x00000000fd180000,0x00000000fd198000,0x00000000fd280000)
  to   space 1024K, 0% used [0x00000000fd280000,0x00000000fd280000,0x00000000fd380000)
 ParOldGen       total 86016K, used 13143K [0x0000000083000000, 0x0000000088400000, 0x00000000d6580000)
  object space 86016K, 15% used [0x0000000083000000,0x0000000083cd5f18,0x0000000088400000)
 Metaspace       used 10612K, capacity 11285K, committed 11520K, reserved 1058816K
  class space    used 1105K, capacity 1245K, committed 1280K, reserved 1048576K
}
Event: 13.405 GC heap before
{Heap before GC invocations=52 (full 0):
 PSYoungGen      total 226816K, used 225888K [0x00000000d6580000, 0x00000000fd380000, 0x0000000100000000)
  eden space 225792K, 100% used [0x00000000d6580000,0x00000000e4200000,0x00000000e4200000)
  from space 1024K, 9% used [0x00000000fd180000,0x00000000fd198000,0x00000000fd280000)
  to   space 1024K, 0% used [0x00000000fd280000,0x00000000fd280000,0x00000000fd380000)
 ParOldGen       total 86016K, used 13143K [0x0000000083000000, 0x0000000088400000, 0x00000000d6580000)
  object space 86016K, 15% used [0x0000000083000000,0x0000000083cd5f18,0x0000000088400000)
 Metaspace       used 10616K, capacity 11285K, committed 11520K, reserved 1058816K
  class space    used 1105K, capacity 1245K, committed 1280K, reserved 1048576K
Event: 13.406 GC heap after
Heap after GC invocations=52 (full 0):
 PSYoungGen      total 216576K, used 32K [0x00000000d6580000, 0x00000000fd300000, 0x0000000100000000)
  eden space 216064K, 0% used [0x00000000d6580000,0x00000000d6580000,0x00000000e3880000)
  from space 512K, 6% used [0x00000000fd280000,0x00000000fd288000,0x00000000fd300000)
  to   space 1024K, 0% used [0x00000000fd100000,0x00000000fd100000,0x00000000fd200000)
 ParOldGen       total 86016K, used 13183K [0x0000000083000000, 0x0000000088400000, 0x00000000d6580000)
  object space 86016K, 15% used [0x0000000083000000,0x0000000083cdff18,0x0000000088400000)
 Metaspace       used 10616K, capacity 11285K, committed 11520K, reserved 1058816K
  class space    used 1105K, capacity 1245K, committed 1280K, reserved 1048576K
}
Event: 13.453 GC heap before
{Heap before GC invocations=53 (full 0):
 PSYoungGen      total 216576K, used 216096K [0x00000000d6580000, 0x00000000fd300000, 0x0000000100000000)
  eden space 216064K, 100% used [0x00000000d6580000,0x00000000e3880000,0x00000000e3880000)
  from space 512K, 6% used [0x00000000fd280000,0x00000000fd288000,0x00000000fd300000)
  to   space 1024K, 0% used [0x00000000fd100000,0x00000000fd100000,0x00000000fd200000)
 ParOldGen       total 86016K, used 13183K [0x0000000083000000, 0x0000000088400000, 0x00000000d6580000)
  object space 86016K, 15% used [0x0000000083000000,0x0000000083cdff18,0x0000000088400000)
 Metaspace       used 10616K, capacity 11285K, committed 11520K, reserved 1058816K
  class space    used 1105K, capacity 1245K, committed 1280K, reserved 1048576K
Event: 13.453 GC heap after
Heap after GC invocations=53 (full 0):
 PSYoungGen      total 207872K, used 32K [0x00000000d6580000, 0x00000000fd300000, 0x0000000100000000)
  eden space 206848K, 0% used [0x00000000d6580000,0x00000000d6580000,0x00000000e2f80000)
  from space 1024K, 3% used [0x00000000fd100000,0x00000000fd108000,0x00000000fd200000)
  to   space 1024K, 0% used [0x00000000fd200000,0x00000000fd200000,0x00000000fd300000)
 ParOldGen       total 86016K, used 13183K [0x0000000083000000, 0x0000000088400000, 0x00000000d6580000)
  object space 86016K, 15% used [0x0000000083000000,0x0000000083cdff18,0x0000000088400000)
 Metaspace       used 10616K, capacity 11285K, committed 11520K, reserved 1058816K
  class space    used 1105K, capacity 1245K, committed 1280K, reserved 1048576K
}

