# JRE version: Java(TM) SE Runtime Environment (8.0_51-b16) (build 1.8.0_51-b16)
# Java VM: Java HotSpot(TM) 64-Bit Server VM (25.51-b03 mixed mode windows-amd64 compressed oops)
Heap:
 PSYoungGen      total 58880K, used 17867K [0x00000000d6000000, 0x00000000fd080000, 0x0000000100000000)
  eden space 57856K, 29% used [0x00000000d6000000,0x00000000d70f2cb8,0x00000000d9880000)
  from space 1024K, 50% used [0x00000000fce80000,0x00000000fcf00000,0x00000000fcf80000)
  to   space 1024K, 0% used [0x00000000fcf80000,0x00000000fcf80000,0x00000000fd080000)
 ParOldGen       total 86016K, used 25580K [0x0000000082000000, 0x0000000087400000, 0x00000000d6000000)
  object space 86016K, 29% used [0x0000000082000000,0x00000000838fb278,0x0000000087400000)
 Metaspace       used 12038K, capacity 12933K, committed 13056K, reserved 1060864K
  class space    used 1282K, capacity 1455K, committed 1536K, reserved 1048576K
GC Heap History (10 events):
Event: 305.484 GC heap before
{Heap before GC invocations=89 (full 0):
 PSYoungGen      total 67584K, used 67328K [0x00000000d6000000, 0x00000000fd180000, 0x0000000100000000)
  eden space 67072K, 100% used [0x00000000d6000000,0x00000000da180000,0x00000000da180000)
  from space 512K, 50% used [0x00000000fd100000,0x00000000fd140000,0x00000000fd180000)
  to   space 1024K, 0% used [0x00000000fcf80000,0x00000000fcf80000,0x00000000fd080000)
 ParOldGen       total 86016K, used 25364K [0x0000000082000000, 0x0000000087400000, 0x00000000d6000000)
  object space 86016K, 29% used [0x0000000082000000,0x00000000838c5278,0x0000000087400000)
 Metaspace       used 12036K, capacity 12933K, committed 13056K, reserved 1060864K
  class space    used 1282K, capacity 1455K, committed 1536K, reserved 1048576K
Event: 305.486 GC heap after
Heap after GC invocations=89 (full 0):
 PSYoungGen      total 66048K, used 256K [0x00000000d6000000, 0x00000000fd180000, 0x0000000100000000)
  eden space 65024K, 0% used [0x00000000d6000000,0x00000000d6000000,0x00000000d9f80000)
  from space 1024K, 25% used [0x00000000fcf80000,0x00000000fcfc0000,0x00000000fd080000)
  to   space 1024K, 0% used [0x00000000fd080000,0x00000000fd080000,0x00000000fd180000)
 ParOldGen       total 86016K, used 25428K [0x0000000082000000, 0x0000000087400000, 0x00000000d6000000)
  object space 86016K, 29% used [0x0000000082000000,0x00000000838d5278,0x0000000087400000)
 Metaspace       used 12036K, capacity 12933K, committed 13056K, reserved 1060864K
  class space    used 1282K, capacity 1455K, committed 1536K, reserved 1048576K
}
Event: 305.730 GC heap before
{Heap before GC invocations=90 (full 0):
 PSYoungGen      total 66048K, used 65280K [0x00000000d6000000, 0x00000000fd180000, 0x0000000100000000)
  eden space 65024K, 100% used [0x00000000d6000000,0x00000000d9f80000,0x00000000d9f80000)
  from space 1024K, 25% used [0x00000000fcf80000,0x00000000fcfc0000,0x00000000fd080000)
  to   space 1024K, 0% used [0x00000000fd080000,0x00000000fd080000,0x00000000fd180000)
 ParOldGen       total 86016K, used 25428K [0x0000000082000000, 0x0000000087400000, 0x00000000d6000000)
  object space 86016K, 29% used [0x0000000082000000,0x00000000838d5278,0x0000000087400000)
 Metaspace       used 12036K, capacity 12933K, committed 13056K, reserved 1060864K
  class space    used 1282K, capacity 1455K, committed 1536K, reserved 1048576K
Event: 305.730 GC heap after
Heap after GC invocations=90 (full 0):
 PSYoungGen      total 63488K, used 224K [0x00000000d6000000, 0x00000000fd100000, 0x0000000100000000)
  eden space 62976K, 0% used [0x00000000d6000000,0x00000000d6000000,0x00000000d9d80000)
  from space 512K, 43% used [0x00000000fd080000,0x00000000fd0b8000,0x00000000fd100000)
  to   space 1024K, 0% used [0x00000000fcf00000,0x00000000fcf00000,0x00000000fd000000)
 ParOldGen       total 86016K, used 25492K [0x0000000082000000, 0x0000000087400000, 0x00000000d6000000)
  object space 86016K, 29% used [0x0000000082000000,0x00000000838e5278,0x0000000087400000)
 Metaspace       used 12036K, capacity 12933K, committed 13056K, reserved 1060864K
  class space    used 1282K, capacity 1455K, committed 1536K, reserved 1048576K
}
Event: 312.598 GC heap before
{Heap before GC invocations=91 (full 0):
 PSYoungGen      total 63488K, used 63200K [0x00000000d6000000, 0x00000000fd100000, 0x0000000100000000)
  eden space 62976K, 100% used [0x00000000d6000000,0x00000000d9d80000,0x00000000d9d80000)
  from space 512K, 43% used [0x00000000fd080000,0x00000000fd0b8000,0x00000000fd100000)
  to   space 1024K, 0% used [0x00000000fcf00000,0x00000000fcf00000,0x00000000fd000000)
 ParOldGen       total 86016K, used 25492K [0x0000000082000000, 0x0000000087400000, 0x00000000d6000000)
  object space 86016K, 29% used [0x0000000082000000,0x00000000838e5278,0x0000000087400000)
 Metaspace       used 12036K, capacity 12933K, committed 13056K, reserved 1060864K
  class space    used 1282K, capacity 1455K, committed 1536K, reserved 1048576K
Event: 312.601 GC heap after
Heap after GC invocations=91 (full 0):
 PSYoungGen      total 61952K, used 784K [0x00000000d6000000, 0x00000000fd100000, 0x0000000100000000)
  eden space 60928K, 0% used [0x00000000d6000000,0x00000000d6000000,0x00000000d9b80000)
  from space 1024K, 76% used [0x00000000fcf00000,0x00000000fcfc4010,0x00000000fd000000)
  to   space 1024K, 0% used [0x00000000fd000000,0x00000000fd000000,0x00000000fd100000)
 ParOldGen       total 86016K, used 25516K [0x0000000082000000, 0x0000000087400000, 0x00000000d6000000)
  object space 86016K, 29% used [0x0000000082000000,0x00000000838eb278,0x0000000087400000)
 Metaspace       used 12036K, capacity 12933K, committed 13056K, reserved 1060864K
  class space    used 1282K, capacity 1455K, committed 1536K, reserved 1048576K
}
Event: 316.823 GC heap before
{Heap before GC invocations=92 (full 0):
 PSYoungGen      total 61952K, used 61712K [0x00000000d6000000, 0x00000000fd100000, 0x0000000100000000)
  eden space 60928K, 100% used [0x00000000d6000000,0x00000000d9b80000,0x00000000d9b80000)
  from space 1024K, 76% used [0x00000000fcf00000,0x00000000fcfc4010,0x00000000fd000000)
  to   space 1024K, 0% used [0x00000000fd000000,0x00000000fd000000,0x00000000fd100000)
 ParOldGen       total 86016K, used 25516K [0x0000000082000000, 0x0000000087400000, 0x00000000d6000000)
  object space 86016K, 29% used [0x0000000082000000,0x00000000838eb278,0x0000000087400000)
 Metaspace       used 12038K, capacity 12933K, committed 13056K, reserved 1060864K
  class space    used 1282K, capacity 1455K, committed 1536K, reserved 1048576K
Event: 316.824 GC heap after
Heap after GC invocations=92 (full 0):
 PSYoungGen      total 59904K, used 512K [0x00000000d6000000, 0x00000000fd080000, 0x0000000100000000)
  eden space 59392K, 0% used [0x00000000d6000000,0x00000000d6000000,0x00000000d9a00000)
  from space 512K, 100% used [0x00000000fd000000,0x00000000fd080000,0x00000000fd080000)
  to   space 1024K, 0% used [0x00000000fce80000,0x00000000fce80000,0x00000000fcf80000)
 ParOldGen       total 86016K, used 25540K [0x0000000082000000, 0x0000000087400000, 0x00000000d6000000)
  object space 86016K, 29% used [0x0000000082000000,0x00000000838f1278,0x0000000087400000)
 Metaspace       used 12038K, capacity 12933K, committed 13056K, reserved 1060864K
  class space    used 1282K, capacity 1455K, committed 1536K, reserved 1048576K
}
Event: 320.191 GC heap before
{Heap before GC invocations=93 (full 0):
 PSYoungGen      total 59904K, used 59904K [0x00000000d6000000, 0x00000000fd080000, 0x0000000100000000)
  eden space 59392K, 100% used [0x00000000d6000000,0x00000000d9a00000,0x00000000d9a00000)
  from space 512K, 100% used [0x00000000fd000000,0x00000000fd080000,0x00000000fd080000)
  to   space 1024K, 0% used [0x00000000fce80000,0x00000000fce80000,0x00000000fcf80000)
 ParOldGen       total 86016K, used 25540K [0x0000000082000000, 0x0000000087400000, 0x00000000d6000000)
  object space 86016K, 29% used [0x0000000082000000,0x00000000838f1278,0x0000000087400000)
 Metaspace       used 12038K, capacity 12933K, committed 13056K, reserved 1060864K
  class space    used 1282K, capacity 1455K, committed 1536K, reserved 1048576K
Event: 320.192 GC heap after
Heap after GC invocations=93 (full 0):
 PSYoungGen      total 58880K, used 512K [0x00000000d6000000, 0x00000000fd080000, 0x0000000100000000)
  eden space 57856K, 0% used [0x00000000d6000000,0x00000000d6000000,0x00000000d9880000)
  from space 1024K, 50% used [0x00000000fce80000,0x00000000fcf00000,0x00000000fcf80000)
  to   space 1024K, 0% used [0x00000000fcf80000,0x00000000fcf80000,0x00000000fd080000)
 ParOldGen       total 86016K, used 25580K [0x0000000082000000, 0x0000000087400000, 0x00000000d6000000)
  object space 86016K, 29% used [0x0000000082000000,0x00000000838fb278,0x0000000087400000)
 Metaspace       used 12038K, capacity 12933K, committed 13056K, reserved 1060864K
  class space    used 1282K, capacity 1455K, committed 1536K, reserved 1048576K
}

