# JRE version: Java(TM) SE Runtime Environment (8.0_65-b17) (build 1.8.0_65-b17)
# Java VM: Java HotSpot(TM) 64-Bit Server VM (25.65-b01 mixed mode windows-amd64 compressed oops)
Heap:
 PSYoungGen      total 136704K, used 35301K [0x00000000d6580000, 0x00000000e7600000, 0x0000000100000000)
  eden space 135680K, 25% used [0x00000000d6580000,0x00000000d87f1460,0x00000000dea00000)
  from space 1024K, 3% used [0x00000000e7400000,0x00000000e7408000,0x00000000e7500000)
  to   space 1024K, 0% used [0x00000000e7500000,0x00000000e7500000,0x00000000e7600000)
 ParOldGen       total 86016K, used 13356K [0x0000000083000000, 0x0000000088400000, 0x00000000d6580000)
  object space 86016K, 15% used [0x0000000083000000,0x0000000083d0b028,0x0000000088400000)
 Metaspace       used 10674K, capacity 11291K, committed 11520K, reserved 1058816K
  class space    used 1114K, capacity 1246K, committed 1280K, reserved 1048576K
GC Heap History (10 events):
Event: 15.956 GC heap before
{Heap before GC invocations=47 (full 0):
 PSYoungGen      total 166400K, used 165952K [0x00000000d6580000, 0x00000000e7780000, 0x0000000100000000)
  eden space 165888K, 100% used [0x00000000d6580000,0x00000000e0780000,0x00000000e0780000)
  from space 512K, 12% used [0x00000000e7700000,0x00000000e7710000,0x00000000e7780000)
  to   space 1536K, 0% used [0x00000000e7480000,0x00000000e7480000,0x00000000e7600000)
 ParOldGen       total 86016K, used 13300K [0x0000000083000000, 0x0000000088400000, 0x00000000d6580000)
  object space 86016K, 15% used [0x0000000083000000,0x0000000083cfd028,0x0000000088400000)
 Metaspace       used 10674K, capacity 11291K, committed 11520K, reserved 1058816K
  class space    used 1114K, capacity 1246K, committed 1280K, reserved 1048576K
Event: 15.957 GC heap after
Heap after GC invocations=47 (full 0):
 PSYoungGen      total 160768K, used 96K [0x00000000d6580000, 0x00000000e7780000, 0x0000000100000000)
  eden space 159232K, 0% used [0x00000000d6580000,0x00000000d6580000,0x00000000e0100000)
  from space 1536K, 6% used [0x00000000e7480000,0x00000000e7498000,0x00000000e7600000)
  to   space 1536K, 0% used [0x00000000e7600000,0x00000000e7600000,0x00000000e7780000)
 ParOldGen       total 86016K, used 13308K [0x0000000083000000, 0x0000000088400000, 0x00000000d6580000)
  object space 86016K, 15% used [0x0000000083000000,0x0000000083cff028,0x0000000088400000)
 Metaspace       used 10674K, capacity 11291K, committed 11520K, reserved 1058816K
  class space    used 1114K, capacity 1246K, committed 1280K, reserved 1048576K
}
Event: 16.776 GC heap before
{Heap before GC invocations=48 (full 0):
 PSYoungGen      total 160768K, used 159328K [0x00000000d6580000, 0x00000000e7780000, 0x0000000100000000)
  eden space 159232K, 100% used [0x00000000d6580000,0x00000000e0100000,0x00000000e0100000)
  from space 1536K, 6% used [0x00000000e7480000,0x00000000e7498000,0x00000000e7600000)
  to   space 1536K, 0% used [0x00000000e7600000,0x00000000e7600000,0x00000000e7780000)
 ParOldGen       total 86016K, used 13308K [0x0000000083000000, 0x0000000088400000, 0x00000000d6580000)
  object space 86016K, 15% used [0x0000000083000000,0x0000000083cff028,0x0000000088400000)
 Metaspace       used 10674K, capacity 11291K, committed 11520K, reserved 1058816K
  class space    used 1114K, capacity 1246K, committed 1280K, reserved 1048576K
Event: 16.777 GC heap after
Heap after GC invocations=48 (full 0):
 PSYoungGen      total 153600K, used 64K [0x00000000d6580000, 0x00000000e7680000, 0x0000000100000000)
  eden space 153088K, 0% used [0x00000000d6580000,0x00000000d6580000,0x00000000dfb00000)
  from space 512K, 12% used [0x00000000e7600000,0x00000000e7610000,0x00000000e7680000)
  to   space 1536K, 0% used [0x00000000e7380000,0x00000000e7380000,0x00000000e7500000)
 ParOldGen       total 86016K, used 13340K [0x0000000083000000, 0x0000000088400000, 0x00000000d6580000)
  object space 86016K, 15% used [0x0000000083000000,0x0000000083d07028,0x0000000088400000)
 Metaspace       used 10674K, capacity 11291K, committed 11520K, reserved 1058816K
  class space    used 1114K, capacity 1246K, committed 1280K, reserved 1048576K
}
Event: 17.311 GC heap before
{Heap before GC invocations=49 (full 0):
 PSYoungGen      total 153600K, used 153152K [0x00000000d6580000, 0x00000000e7680000, 0x0000000100000000)
  eden space 153088K, 100% used [0x00000000d6580000,0x00000000dfb00000,0x00000000dfb00000)
  from space 512K, 12% used [0x00000000e7600000,0x00000000e7610000,0x00000000e7680000)
  to   space 1536K, 0% used [0x00000000e7380000,0x00000000e7380000,0x00000000e7500000)
 ParOldGen       total 86016K, used 13340K [0x0000000083000000, 0x0000000088400000, 0x00000000d6580000)
  object space 86016K, 15% used [0x0000000083000000,0x0000000083d07028,0x0000000088400000)
 Metaspace       used 10674K, capacity 11291K, committed 11520K, reserved 1058816K
  class space    used 1114K, capacity 1246K, committed 1280K, reserved 1048576K
Event: 17.311 GC heap after
Heap after GC invocations=49 (full 0):
 PSYoungGen      total 148480K, used 32K [0x00000000d6580000, 0x00000000e7680000, 0x0000000100000000)
  eden space 146944K, 0% used [0x00000000d6580000,0x00000000d6580000,0x00000000df500000)
  from space 1536K, 2% used [0x00000000e7380000,0x00000000e7388000,0x00000000e7500000)
  to   space 1024K, 0% used [0x00000000e7580000,0x00000000e7580000,0x00000000e7680000)
 ParOldGen       total 86016K, used 13348K [0x0000000083000000, 0x0000000088400000, 0x00000000d6580000)
  object space 86016K, 15% used [0x0000000083000000,0x0000000083d09028,0x0000000088400000)
 Metaspace       used 10674K, capacity 11291K, committed 11520K, reserved 1058816K
  class space    used 1114K, capacity 1246K, committed 1280K, reserved 1048576K
}
Event: 17.923 GC heap before
{Heap before GC invocations=50 (full 0):
 PSYoungGen      total 148480K, used 146976K [0x00000000d6580000, 0x00000000e7680000, 0x0000000100000000)
  eden space 146944K, 100% used [0x00000000d6580000,0x00000000df500000,0x00000000df500000)
  from space 1536K, 2% used [0x00000000e7380000,0x00000000e7388000,0x00000000e7500000)
  to   space 1024K, 0% used [0x00000000e7580000,0x00000000e7580000,0x00000000e7680000)
 ParOldGen       total 86016K, used 13348K [0x0000000083000000, 0x0000000088400000, 0x00000000d6580000)
  object space 86016K, 15% used [0x0000000083000000,0x0000000083d09028,0x0000000088400000)
 Metaspace       used 10674K, capacity 11291K, committed 11520K, reserved 1058816K
  class space    used 1114K, capacity 1246K, committed 1280K, reserved 1048576K
Event: 17.924 GC heap after
Heap after GC invocations=50 (full 0):
 PSYoungGen      total 141824K, used 32K [0x00000000d6580000, 0x00000000e7600000, 0x0000000100000000)
  eden space 141312K, 0% used [0x00000000d6580000,0x00000000d6580000,0x00000000def80000)
  from space 512K, 6% used [0x00000000e7580000,0x00000000e7588000,0x00000000e7600000)
  to   space 1024K, 0% used [0x00000000e7400000,0x00000000e7400000,0x00000000e7500000)
 ParOldGen       total 86016K, used 13348K [0x0000000083000000, 0x0000000088400000, 0x00000000d6580000)
  object space 86016K, 15% used [0x0000000083000000,0x0000000083d09028,0x0000000088400000)
 Metaspace       used 10674K, capacity 11291K, committed 11520K, reserved 1058816K
  class space    used 1114K, capacity 1246K, committed 1280K, reserved 1048576K
}
Event: 17.973 GC heap before
{Heap before GC invocations=51 (full 0):
 PSYoungGen      total 141824K, used 141344K [0x00000000d6580000, 0x00000000e7600000, 0x0000000100000000)
  eden space 141312K, 100% used [0x00000000d6580000,0x00000000def80000,0x00000000def80000)
  from space 512K, 6% used [0x00000000e7580000,0x00000000e7588000,0x00000000e7600000)
  to   space 1024K, 0% used [0x00000000e7400000,0x00000000e7400000,0x00000000e7500000)
 ParOldGen       total 86016K, used 13348K [0x0000000083000000, 0x0000000088400000, 0x00000000d6580000)
  object space 86016K, 15% used [0x0000000083000000,0x0000000083d09028,0x0000000088400000)
 Metaspace       used 10674K, capacity 11291K, committed 11520K, reserved 1058816K
  class space    used 1114K, capacity 1246K, committed 1280K, reserved 1048576K
Event: 17.973 GC heap after
Heap after GC invocations=51 (full 0):
 PSYoungGen      total 136704K, used 32K [0x00000000d6580000, 0x00000000e7600000, 0x0000000100000000)
  eden space 135680K, 0% used [0x00000000d6580000,0x00000000d6580000,0x00000000dea00000)
  from space 1024K, 3% used [0x00000000e7400000,0x00000000e7408000,0x00000000e7500000)
  to   space 1024K, 0% used [0x00000000e7500000,0x00000000e7500000,0x00000000e7600000)
 ParOldGen       total 86016K, used 13356K [0x0000000083000000, 0x0000000088400000, 0x00000000d6580000)
  object space 86016K, 15% used [0x0000000083000000,0x0000000083d0b028,0x0000000088400000)
 Metaspace       used 10674K, capacity 11291K, committed 11520K, reserved 1058816K
  class space    used 1114K, capacity 1246K, committed 1280K, reserved 1048576K
}

