# JRE version: Java(TM) SE Runtime Environment (8.0_51-b16) (build 1.8.0_51-b16)
# Java VM: Java HotSpot(TM) 64-Bit Server VM (25.51-b03 mixed mode windows-amd64 compressed oops)
Heap:
 PSYoungGen      total 146944K, used 64525K [0x00000000d6000000, 0x00000000f8100000, 0x0000000100000000)
  eden space 146432K, 43% used [0x00000000d6000000,0x00000000d9eeb7c8,0x00000000def00000)
  from space 512K, 18% used [0x00000000f8080000,0x00000000f8098000,0x00000000f8100000)
  to   space 512K, 0% used [0x00000000f8000000,0x00000000f8000000,0x00000000f8080000)
 ParOldGen       total 86016K, used 28179K [0x0000000082000000, 0x0000000087400000, 0x00000000d6000000)
  object space 86016K, 32% used [0x0000000082000000,0x0000000083b84ea0,0x0000000087400000)
 Metaspace       used 10980K, capacity 11701K, committed 11904K, reserved 1060864K
  class space    used 1137K, capacity 1305K, committed 1408K, reserved 1048576K
GC Heap History (10 events):
Event: 950.639 GC heap before
{Heap before GC invocations=1022 (full 0):
 PSYoungGen      total 142848K, used 142368K [0x00000000d6000000, 0x00000000f8100000, 0x0000000100000000)
  eden space 142336K, 100% used [0x00000000d6000000,0x00000000deb00000,0x00000000deb00000)
  from space 512K, 6% used [0x00000000f8000000,0x00000000f8008000,0x00000000f8080000)
  to   space 512K, 0% used [0x00000000f8080000,0x00000000f8080000,0x00000000f8100000)
 ParOldGen       total 86016K, used 28043K [0x0000000082000000, 0x0000000087400000, 0x00000000d6000000)
  object space 86016K, 32% used [0x0000000082000000,0x0000000083b62ea0,0x0000000087400000)
 Metaspace       used 10980K, capacity 11701K, committed 11904K, reserved 1060864K
  class space    used 1137K, capacity 1305K, committed 1408K, reserved 1048576K
Event: 950.639 GC heap after
Heap after GC invocations=1022 (full 0):
 PSYoungGen      total 137216K, used 160K [0x00000000d6000000, 0x00000000f8100000, 0x0000000100000000)
  eden space 136704K, 0% used [0x00000000d6000000,0x00000000d6000000,0x00000000de580000)
  from space 512K, 31% used [0x00000000f8080000,0x00000000f80a8000,0x00000000f8100000)
  to   space 512K, 0% used [0x00000000f8000000,0x00000000f8000000,0x00000000f8080000)
 ParOldGen       total 86016K, used 28043K [0x0000000082000000, 0x0000000087400000, 0x00000000d6000000)
  object space 86016K, 32% used [0x0000000082000000,0x0000000083b62ea0,0x0000000087400000)
 Metaspace       used 10980K, capacity 11701K, committed 11904K, reserved 1060864K
  class space    used 1137K, capacity 1305K, committed 1408K, reserved 1048576K
}
Event: 953.787 GC heap before
{Heap before GC invocations=1023 (full 0):
 PSYoungGen      total 137216K, used 136864K [0x00000000d6000000, 0x00000000f8100000, 0x0000000100000000)
  eden space 136704K, 100% used [0x00000000d6000000,0x00000000de580000,0x00000000de580000)
  from space 512K, 31% used [0x00000000f8080000,0x00000000f80a8000,0x00000000f8100000)
  to   space 512K, 0% used [0x00000000f8000000,0x00000000f8000000,0x00000000f8080000)
 ParOldGen       total 86016K, used 28043K [0x0000000082000000, 0x0000000087400000, 0x00000000d6000000)
  object space 86016K, 32% used [0x0000000082000000,0x0000000083b62ea0,0x0000000087400000)
 Metaspace       used 10980K, capacity 11701K, committed 11904K, reserved 1060864K
  class space    used 1137K, capacity 1305K, committed 1408K, reserved 1048576K
Event: 953.788 GC heap after
Heap after GC invocations=1023 (full 0):
 PSYoungGen      total 132096K, used 192K [0x00000000d6000000, 0x00000000f8100000, 0x0000000100000000)
  eden space 131584K, 0% used [0x00000000d6000000,0x00000000d6000000,0x00000000de080000)
  from space 512K, 37% used [0x00000000f8000000,0x00000000f8030000,0x00000000f8080000)
  to   space 512K, 0% used [0x00000000f8080000,0x00000000f8080000,0x00000000f8100000)
 ParOldGen       total 86016K, used 28075K [0x0000000082000000, 0x0000000087400000, 0x00000000d6000000)
  object space 86016K, 32% used [0x0000000082000000,0x0000000083b6aea0,0x0000000087400000)
 Metaspace       used 10980K, capacity 11701K, committed 11904K, reserved 1060864K
  class space    used 1137K, capacity 1305K, committed 1408K, reserved 1048576K
}
Event: 953.819 GC heap before
{Heap before GC invocations=1024 (full 0):
 PSYoungGen      total 132096K, used 131776K [0x00000000d6000000, 0x00000000f8100000, 0x0000000100000000)
  eden space 131584K, 100% used [0x00000000d6000000,0x00000000de080000,0x00000000de080000)
  from space 512K, 37% used [0x00000000f8000000,0x00000000f8030000,0x00000000f8080000)
  to   space 512K, 0% used [0x00000000f8080000,0x00000000f8080000,0x00000000f8100000)
 ParOldGen       total 86016K, used 28075K [0x0000000082000000, 0x0000000087400000, 0x00000000d6000000)
  object space 86016K, 32% used [0x0000000082000000,0x0000000083b6aea0,0x0000000087400000)
 Metaspace       used 10980K, capacity 11701K, committed 11904K, reserved 1060864K
  class space    used 1137K, capacity 1305K, committed 1408K, reserved 1048576K
Event: 953.820 GC heap after
Heap after GC invocations=1024 (full 0):
 PSYoungGen      total 126976K, used 96K [0x00000000d6000000, 0x00000000f8100000, 0x0000000100000000)
  eden space 126464K, 0% used [0x00000000d6000000,0x00000000d6000000,0x00000000ddb80000)
  from space 512K, 18% used [0x00000000f8080000,0x00000000f8098000,0x00000000f8100000)
  to   space 512K, 0% used [0x00000000f8000000,0x00000000f8000000,0x00000000f8080000)
 ParOldGen       total 86016K, used 28131K [0x0000000082000000, 0x0000000087400000, 0x00000000d6000000)
  object space 86016K, 32% used [0x0000000082000000,0x0000000083b78ea0,0x0000000087400000)
 Metaspace       used 10980K, capacity 11701K, committed 11904K, reserved 1060864K
  class space    used 1137K, capacity 1305K, committed 1408K, reserved 1048576K
}
Event: 955.025 GC heap before
{Heap before GC invocations=1025 (full 0):
 PSYoungGen      total 126976K, used 126560K [0x00000000d6000000, 0x00000000f8100000, 0x0000000100000000)
  eden space 126464K, 100% used [0x00000000d6000000,0x00000000ddb80000,0x00000000ddb80000)
  from space 512K, 18% used [0x00000000f8080000,0x00000000f8098000,0x00000000f8100000)
  to   space 512K, 0% used [0x00000000f8000000,0x00000000f8000000,0x00000000f8080000)
 ParOldGen       total 86016K, used 28131K [0x0000000082000000, 0x0000000087400000, 0x00000000d6000000)
  object space 86016K, 32% used [0x0000000082000000,0x0000000083b78ea0,0x0000000087400000)
 Metaspace       used 10980K, capacity 11701K, committed 11904K, reserved 1060864K
  class space    used 1137K, capacity 1305K, committed 1408K, reserved 1048576K
Event: 955.026 GC heap after
Heap after GC invocations=1025 (full 0):
 PSYoungGen      total 122368K, used 192K [0x00000000d6000000, 0x00000000f8100000, 0x0000000100000000)
  eden space 121856K, 0% used [0x00000000d6000000,0x00000000d6000000,0x00000000dd700000)
  from space 512K, 37% used [0x00000000f8000000,0x00000000f8030000,0x00000000f8080000)
  to   space 512K, 0% used [0x00000000f8080000,0x00000000f8080000,0x00000000f8100000)
 ParOldGen       total 86016K, used 28131K [0x0000000082000000, 0x0000000087400000, 0x00000000d6000000)
  object space 86016K, 32% used [0x0000000082000000,0x0000000083b78ea0,0x0000000087400000)
 Metaspace       used 10980K, capacity 11701K, committed 11904K, reserved 1060864K
  class space    used 1137K, capacity 1305K, committed 1408K, reserved 1048576K
}
Event: 955.055 GC heap before
{Heap before GC invocations=1026 (full 0):
 PSYoungGen      total 122368K, used 122048K [0x00000000d6000000, 0x00000000f8100000, 0x0000000100000000)
  eden space 121856K, 100% used [0x00000000d6000000,0x00000000dd700000,0x00000000dd700000)
  from space 512K, 37% used [0x00000000f8000000,0x00000000f8030000,0x00000000f8080000)
  to   space 512K, 0% used [0x00000000f8080000,0x00000000f8080000,0x00000000f8100000)
 ParOldGen       total 86016K, used 28131K [0x0000000082000000, 0x0000000087400000, 0x00000000d6000000)
  object space 86016K, 32% used [0x0000000082000000,0x0000000083b78ea0,0x0000000087400000)
 Metaspace       used 10980K, capacity 11701K, committed 11904K, reserved 1060864K
  class space    used 1137K, capacity 1305K, committed 1408K, reserved 1048576K
Event: 955.056 GC heap after
Heap after GC invocations=1026 (full 0):
 PSYoungGen      total 146944K, used 96K [0x00000000d6000000, 0x00000000f8100000, 0x0000000100000000)
  eden space 146432K, 0% used [0x00000000d6000000,0x00000000d6000000,0x00000000def00000)
  from space 512K, 18% used [0x00000000f8080000,0x00000000f8098000,0x00000000f8100000)
  to   space 512K, 0% used [0x00000000f8000000,0x00000000f8000000,0x00000000f8080000)
 ParOldGen       total 86016K, used 28179K [0x0000000082000000, 0x0000000087400000, 0x00000000d6000000)
  object space 86016K, 32% used [0x0000000082000000,0x0000000083b84ea0,0x0000000087400000)
 Metaspace       used 10980K, capacity 11701K, committed 11904K, reserved 1060864K
  class space    used 1137K, capacity 1305K, committed 1408K, reserved 1048576K
}

