# JRE version: Java(TM) SE Runtime Environment (8.0_51-b16) (build 1.8.0_51-b16)
# Java VM: Java HotSpot(TM) 64-Bit Server VM (25.51-b03 mixed mode windows-amd64 compressed oops)
Heap:
 PSYoungGen      total 70656K, used 35232K [0x00000000d6000000, 0x00000000f2780000, 0x0000000100000000)
  eden space 70144K, 50% used [0x00000000d6000000,0x00000000d82400a8,0x00000000da480000)
  from space 512K, 31% used [0x00000000f2700000,0x00000000f2728000,0x00000000f2780000)
  to   space 512K, 0% used [0x00000000f2680000,0x00000000f2680000,0x00000000f2700000)
 ParOldGen       total 86016K, used 14114K [0x0000000082000000, 0x0000000087400000, 0x00000000d6000000)
  object space 86016K, 16% used [0x0000000082000000,0x0000000082dc8868,0x0000000087400000)
 Metaspace       used 10758K, capacity 11443K, committed 11520K, reserved 1058816K
  class space    used 1117K, capacity 1248K, committed 1280K, reserved 1048576K
GC Heap History (10 events):
Event: 46.615 GC heap before
{Heap before GC invocations=86 (full 0):
 PSYoungGen      total 82944K, used 82592K [0x00000000d6000000, 0x00000000f2780000, 0x0000000100000000)
  eden space 82432K, 100% used [0x00000000d6000000,0x00000000db080000,0x00000000db080000)
  from space 512K, 31% used [0x00000000f2680000,0x00000000f26a8000,0x00000000f2700000)
  to   space 512K, 0% used [0x00000000f2700000,0x00000000f2700000,0x00000000f2780000)
 ParOldGen       total 86016K, used 14058K [0x0000000082000000, 0x0000000087400000, 0x00000000d6000000)
  object space 86016K, 16% used [0x0000000082000000,0x0000000082dba868,0x0000000087400000)
 Metaspace       used 10758K, capacity 11443K, committed 11520K, reserved 1058816K
  class space    used 1117K, capacity 1248K, committed 1280K, reserved 1048576K
Event: 46.615 GC heap after
Heap after GC invocations=86 (full 0):
 PSYoungGen      total 80384K, used 160K [0x00000000d6000000, 0x00000000f2780000, 0x0000000100000000)
  eden space 79872K, 0% used [0x00000000d6000000,0x00000000d6000000,0x00000000dae00000)
  from space 512K, 31% used [0x00000000f2700000,0x00000000f2728000,0x00000000f2780000)
  to   space 512K, 0% used [0x00000000f2680000,0x00000000f2680000,0x00000000f2700000)
 ParOldGen       total 86016K, used 14058K [0x0000000082000000, 0x0000000087400000, 0x00000000d6000000)
  object space 86016K, 16% used [0x0000000082000000,0x0000000082dba868,0x0000000087400000)
 Metaspace       used 10758K, capacity 11443K, committed 11520K, reserved 1058816K
  class space    used 1117K, capacity 1248K, committed 1280K, reserved 1048576K
}
Event: 46.938 GC heap before
{Heap before GC invocations=87 (full 0):
 PSYoungGen      total 80384K, used 80032K [0x00000000d6000000, 0x00000000f2780000, 0x0000000100000000)
  eden space 79872K, 100% used [0x00000000d6000000,0x00000000dae00000,0x00000000dae00000)
  from space 512K, 31% used [0x00000000f2700000,0x00000000f2728000,0x00000000f2780000)
  to   space 512K, 0% used [0x00000000f2680000,0x00000000f2680000,0x00000000f2700000)
 ParOldGen       total 86016K, used 14058K [0x0000000082000000, 0x0000000087400000, 0x00000000d6000000)
  object space 86016K, 16% used [0x0000000082000000,0x0000000082dba868,0x0000000087400000)
 Metaspace       used 10758K, capacity 11443K, committed 11520K, reserved 1058816K
  class space    used 1117K, capacity 1248K, committed 1280K, reserved 1048576K
Event: 46.939 GC heap after
Heap after GC invocations=87 (full 0):
 PSYoungGen      total 77824K, used 128K [0x00000000d6000000, 0x00000000f2780000, 0x0000000100000000)
  eden space 77312K, 0% used [0x00000000d6000000,0x00000000d6000000,0x00000000dab80000)
  from space 512K, 25% used [0x00000000f2680000,0x00000000f26a0000,0x00000000f2700000)
  to   space 512K, 0% used [0x00000000f2700000,0x00000000f2700000,0x00000000f2780000)
 ParOldGen       total 86016K, used 14074K [0x0000000082000000, 0x0000000087400000, 0x00000000d6000000)
  object space 86016K, 16% used [0x0000000082000000,0x0000000082dbe868,0x0000000087400000)
 Metaspace       used 10758K, capacity 11443K, committed 11520K, reserved 1058816K
  class space    used 1117K, capacity 1248K, committed 1280K, reserved 1048576K
}
Event: 47.231 GC heap before
{Heap before GC invocations=88 (full 0):
 PSYoungGen      total 77824K, used 77440K [0x00000000d6000000, 0x00000000f2780000, 0x0000000100000000)
  eden space 77312K, 100% used [0x00000000d6000000,0x00000000dab80000,0x00000000dab80000)
  from space 512K, 25% used [0x00000000f2680000,0x00000000f26a0000,0x00000000f2700000)
  to   space 512K, 0% used [0x00000000f2700000,0x00000000f2700000,0x00000000f2780000)
 ParOldGen       total 86016K, used 14074K [0x0000000082000000, 0x0000000087400000, 0x00000000d6000000)
  object space 86016K, 16% used [0x0000000082000000,0x0000000082dbe868,0x0000000087400000)
 Metaspace       used 10758K, capacity 11443K, committed 11520K, reserved 1058816K
  class space    used 1117K, capacity 1248K, committed 1280K, reserved 1048576K
Event: 47.231 GC heap after
Heap after GC invocations=88 (full 0):
 PSYoungGen      total 75264K, used 160K [0x00000000d6000000, 0x00000000f2780000, 0x0000000100000000)
  eden space 74752K, 0% used [0x00000000d6000000,0x00000000d6000000,0x00000000da900000)
  from space 512K, 31% used [0x00000000f2700000,0x00000000f2728000,0x00000000f2780000)
  to   space 512K, 0% used [0x00000000f2680000,0x00000000f2680000,0x00000000f2700000)
 ParOldGen       total 86016K, used 14074K [0x0000000082000000, 0x0000000087400000, 0x00000000d6000000)
  object space 86016K, 16% used [0x0000000082000000,0x0000000082dbe868,0x0000000087400000)
 Metaspace       used 10758K, capacity 11443K, committed 11520K, reserved 1058816K
  class space    used 1117K, capacity 1248K, committed 1280K, reserved 1048576K
}
Event: 47.252 GC heap before
{Heap before GC invocations=89 (full 0):
 PSYoungGen      total 75264K, used 74912K [0x00000000d6000000, 0x00000000f2780000, 0x0000000100000000)
  eden space 74752K, 100% used [0x00000000d6000000,0x00000000da900000,0x00000000da900000)
  from space 512K, 31% used [0x00000000f2700000,0x00000000f2728000,0x00000000f2780000)
  to   space 512K, 0% used [0x00000000f2680000,0x00000000f2680000,0x00000000f2700000)
 ParOldGen       total 86016K, used 14074K [0x0000000082000000, 0x0000000087400000, 0x00000000d6000000)
  object space 86016K, 16% used [0x0000000082000000,0x0000000082dbe868,0x0000000087400000)
 Metaspace       used 10758K, capacity 11443K, committed 11520K, reserved 1058816K
  class space    used 1117K, capacity 1248K, committed 1280K, reserved 1048576K
Event: 47.253 GC heap after
Heap after GC invocations=89 (full 0):
 PSYoungGen      total 72704K, used 32K [0x00000000d6000000, 0x00000000f2780000, 0x0000000100000000)
  eden space 72192K, 0% used [0x00000000d6000000,0x00000000d6000000,0x00000000da680000)
  from space 512K, 6% used [0x00000000f2680000,0x00000000f2688000,0x00000000f2700000)
  to   space 512K, 0% used [0x00000000f2700000,0x00000000f2700000,0x00000000f2780000)
 ParOldGen       total 86016K, used 14114K [0x0000000082000000, 0x0000000087400000, 0x00000000d6000000)
  object space 86016K, 16% used [0x0000000082000000,0x0000000082dc8868,0x0000000087400000)
 Metaspace       used 10758K, capacity 11443K, committed 11520K, reserved 1058816K
  class space    used 1117K, capacity 1248K, committed 1280K, reserved 1048576K
}
Event: 48.521 GC heap before
{Heap before GC invocations=90 (full 0):
 PSYoungGen      total 72704K, used 72224K [0x00000000d6000000, 0x00000000f2780000, 0x0000000100000000)
  eden space 72192K, 100% used [0x00000000d6000000,0x00000000da680000,0x00000000da680000)
  from space 512K, 6% used [0x00000000f2680000,0x00000000f2688000,0x00000000f2700000)
  to   space 512K, 0% used [0x00000000f2700000,0x00000000f2700000,0x00000000f2780000)
 ParOldGen       total 86016K, used 14114K [0x0000000082000000, 0x0000000087400000, 0x00000000d6000000)
  object space 86016K, 16% used [0x0000000082000000,0x0000000082dc8868,0x0000000087400000)
 Metaspace       used 10758K, capacity 11443K, committed 11520K, reserved 1058816K
  class space    used 1117K, capacity 1248K, committed 1280K, reserved 1048576K
Event: 48.522 GC heap after
Heap after GC invocations=90 (full 0):
 PSYoungGen      total 70656K, used 160K [0x00000000d6000000, 0x00000000f2780000, 0x0000000100000000)
  eden space 70144K, 0% used [0x00000000d6000000,0x00000000d6000000,0x00000000da480000)
  from space 512K, 31% used [0x00000000f2700000,0x00000000f2728000,0x00000000f2780000)
  to   space 512K, 0% used [0x00000000f2680000,0x00000000f2680000,0x00000000f2700000)
 ParOldGen       total 86016K, used 14114K [0x0000000082000000, 0x0000000087400000, 0x00000000d6000000)
  object space 86016K, 16% used [0x0000000082000000,0x0000000082dc8868,0x0000000087400000)
 Metaspace       used 10758K, capacity 11443K, committed 11520K, reserved 1058816K
  class space    used 1117K, capacity 1248K, committed 1280K, reserved 1048576K
}

