# JRE version: Java(TM) SE Runtime Environment (8.0_51-b16) (build 1.8.0_51-b16)
# Java VM: Java HotSpot(TM) 64-Bit Server VM (25.51-b03 mixed mode windows-amd64 compressed oops)
Heap:
 PSYoungGen      total 201216K, used 108503K [0x00000000d6000000, 0x00000000fa300000, 0x0000000100000000)
  eden space 200704K, 53% used [0x00000000d6000000,0x00000000dc9cdc60,0x00000000e2400000)
  from space 512K, 31% used [0x00000000fa280000,0x00000000fa2a8000,0x00000000fa300000)
  to   space 2560K, 0% used [0x00000000f9e00000,0x00000000f9e00000,0x00000000fa080000)
 ParOldGen       total 86016K, used 13387K [0x0000000082000000, 0x0000000087400000, 0x00000000d6000000)
  object space 86016K, 15% used [0x0000000082000000,0x0000000082d12e00,0x0000000087400000)
 Metaspace       used 10721K, capacity 11291K, committed 11520K, reserved 1058816K
  class space    used 1116K, capacity 1248K, committed 1280K, reserved 1048576K
GC Heap History (10 events):
Event: 5.734 GC heap before
{Heap before GC invocations=34 (full 0):
 PSYoungGen      total 253440K, used 249376K [0x00000000d6000000, 0x00000000fab00000, 0x0000000100000000)
  eden space 249344K, 100% used [0x00000000d6000000,0x00000000e5380000,0x00000000e5380000)
  from space 4096K, 0% used [0x00000000fa300000,0x00000000fa308000,0x00000000fa700000)
  to   space 3584K, 0% used [0x00000000fa780000,0x00000000fa780000,0x00000000fab00000)
 ParOldGen       total 86016K, used 13147K [0x0000000082000000, 0x0000000087400000, 0x00000000d6000000)
  object space 86016K, 15% used [0x0000000082000000,0x0000000082cd6e00,0x0000000087400000)
 Metaspace       used 10245K, capacity 10683K, committed 11008K, reserved 1058816K
  class space    used 1065K, capacity 1190K, committed 1280K, reserved 1048576K
Event: 5.735 GC heap after
Heap after GC invocations=34 (full 0):
 PSYoungGen      total 239104K, used 128K [0x00000000d6000000, 0x00000000fa800000, 0x0000000100000000)
  eden space 238592K, 0% used [0x00000000d6000000,0x00000000d6000000,0x00000000e4900000)
  from space 512K, 25% used [0x00000000fa780000,0x00000000fa7a0000,0x00000000fa800000)
  to   space 3584K, 0% used [0x00000000fa100000,0x00000000fa100000,0x00000000fa480000)
 ParOldGen       total 86016K, used 13155K [0x0000000082000000, 0x0000000087400000, 0x00000000d6000000)
  object space 86016K, 15% used [0x0000000082000000,0x0000000082cd8e00,0x0000000087400000)
 Metaspace       used 10245K, capacity 10683K, committed 11008K, reserved 1058816K
  class space    used 1065K, capacity 1190K, committed 1280K, reserved 1048576K
}
Event: 8.009 GC heap before
{Heap before GC invocations=35 (full 0):
 PSYoungGen      total 239104K, used 238720K [0x00000000d6000000, 0x00000000fa800000, 0x0000000100000000)
  eden space 238592K, 100% used [0x00000000d6000000,0x00000000e4900000,0x00000000e4900000)
  from space 512K, 25% used [0x00000000fa780000,0x00000000fa7a0000,0x00000000fa800000)
  to   space 3584K, 0% used [0x00000000fa100000,0x00000000fa100000,0x00000000fa480000)
 ParOldGen       total 86016K, used 13155K [0x0000000082000000, 0x0000000087400000, 0x00000000d6000000)
  object space 86016K, 15% used [0x0000000082000000,0x0000000082cd8e00,0x0000000087400000)
 Metaspace       used 10671K, capacity 11251K, committed 11520K, reserved 1058816K
  class space    used 1114K, capacity 1246K, committed 1280K, reserved 1048576K
Event: 8.010 GC heap after
Heap after GC invocations=35 (full 0):
 PSYoungGen      total 231936K, used 316K [0x00000000d6000000, 0x00000000fa800000, 0x0000000100000000)
  eden space 228352K, 0% used [0x00000000d6000000,0x00000000d6000000,0x00000000e3f00000)
  from space 3584K, 8% used [0x00000000fa100000,0x00000000fa14f098,0x00000000fa480000)
  to   space 3072K, 0% used [0x00000000fa500000,0x00000000fa500000,0x00000000fa800000)
 ParOldGen       total 86016K, used 13163K [0x0000000082000000, 0x0000000087400000, 0x00000000d6000000)
  object space 86016K, 15% used [0x0000000082000000,0x0000000082cdae00,0x0000000087400000)
 Metaspace       used 10671K, capacity 11251K, committed 11520K, reserved 1058816K
  class space    used 1114K, capacity 1246K, committed 1280K, reserved 1048576K
}
Event: 9.713 GC heap before
{Heap before GC invocations=36 (full 0):
 PSYoungGen      total 231936K, used 228668K [0x00000000d6000000, 0x00000000fa800000, 0x0000000100000000)
  eden space 228352K, 100% used [0x00000000d6000000,0x00000000e3f00000,0x00000000e3f00000)
  from space 3584K, 8% used [0x00000000fa100000,0x00000000fa14f098,0x00000000fa480000)
  to   space 3072K, 0% used [0x00000000fa500000,0x00000000fa500000,0x00000000fa800000)
 ParOldGen       total 86016K, used 13163K [0x0000000082000000, 0x0000000087400000, 0x00000000d6000000)
  object space 86016K, 15% used [0x0000000082000000,0x0000000082cdae00,0x0000000087400000)
 Metaspace       used 10715K, capacity 11279K, committed 11520K, reserved 1058816K
  class space    used 1116K, capacity 1248K, committed 1280K, reserved 1048576K
Event: 9.714 GC heap after
Heap after GC invocations=36 (full 0):
 PSYoungGen      total 219136K, used 256K [0x00000000d6000000, 0x00000000fa580000, 0x0000000100000000)
  eden space 218624K, 0% used [0x00000000d6000000,0x00000000d6000000,0x00000000e3580000)
  from space 512K, 50% used [0x00000000fa500000,0x00000000fa540000,0x00000000fa580000)
  to   space 3072K, 0% used [0x00000000f9f80000,0x00000000f9f80000,0x00000000fa280000)
 ParOldGen       total 86016K, used 13307K [0x0000000082000000, 0x0000000087400000, 0x00000000d6000000)
  object space 86016K, 15% used [0x0000000082000000,0x0000000082cfee00,0x0000000087400000)
 Metaspace       used 10715K, capacity 11279K, committed 11520K, reserved 1058816K
  class space    used 1116K, capacity 1248K, committed 1280K, reserved 1048576K
}
Event: 10.692 GC heap before
{Heap before GC invocations=37 (full 0):
 PSYoungGen      total 219136K, used 218880K [0x00000000d6000000, 0x00000000fa580000, 0x0000000100000000)
  eden space 218624K, 100% used [0x00000000d6000000,0x00000000e3580000,0x00000000e3580000)
  from space 512K, 50% used [0x00000000fa500000,0x00000000fa540000,0x00000000fa580000)
  to   space 3072K, 0% used [0x00000000f9f80000,0x00000000f9f80000,0x00000000fa280000)
 ParOldGen       total 86016K, used 13307K [0x0000000082000000, 0x0000000087400000, 0x00000000d6000000)
  object space 86016K, 15% used [0x0000000082000000,0x0000000082cfee00,0x0000000087400000)
 Metaspace       used 10721K, capacity 11291K, committed 11520K, reserved 1058816K
  class space    used 1116K, capacity 1248K, committed 1280K, reserved 1048576K
Event: 10.693 GC heap after
Heap after GC invocations=37 (full 0):
 PSYoungGen      total 212480K, used 160K [0x00000000d6000000, 0x00000000fa580000, 0x0000000100000000)
  eden space 209408K, 0% used [0x00000000d6000000,0x00000000d6000000,0x00000000e2c80000)
  from space 3072K, 5% used [0x00000000f9f80000,0x00000000f9fa8000,0x00000000fa280000)
  to   space 3072K, 0% used [0x00000000fa280000,0x00000000fa280000,0x00000000fa580000)
 ParOldGen       total 86016K, used 13363K [0x0000000082000000, 0x0000000087400000, 0x00000000d6000000)
  object space 86016K, 15% used [0x0000000082000000,0x0000000082d0ce00,0x0000000087400000)
 Metaspace       used 10721K, capacity 11291K, committed 11520K, reserved 1058816K
  class space    used 1116K, capacity 1248K, committed 1280K, reserved 1048576K
}
Event: 11.002 GC heap before
{Heap before GC invocations=38 (full 0):
 PSYoungGen      total 212480K, used 209568K [0x00000000d6000000, 0x00000000fa580000, 0x0000000100000000)
  eden space 209408K, 100% used [0x00000000d6000000,0x00000000e2c80000,0x00000000e2c80000)
  from space 3072K, 5% used [0x00000000f9f80000,0x00000000f9fa8000,0x00000000fa280000)
  to   space 3072K, 0% used [0x00000000fa280000,0x00000000fa280000,0x00000000fa580000)
 ParOldGen       total 86016K, used 13363K [0x0000000082000000, 0x0000000087400000, 0x00000000d6000000)
  object space 86016K, 15% used [0x0000000082000000,0x0000000082d0ce00,0x0000000087400000)
 Metaspace       used 10721K, capacity 11291K, committed 11520K, reserved 1058816K
  class space    used 1116K, capacity 1248K, committed 1280K, reserved 1048576K
Event: 11.003 GC heap after
Heap after GC invocations=38 (full 0):
 PSYoungGen      total 201216K, used 160K [0x00000000d6000000, 0x00000000fa300000, 0x0000000100000000)
  eden space 200704K, 0% used [0x00000000d6000000,0x00000000d6000000,0x00000000e2400000)
  from space 512K, 31% used [0x00000000fa280000,0x00000000fa2a8000,0x00000000fa300000)
  to   space 2560K, 0% used [0x00000000f9e00000,0x00000000f9e00000,0x00000000fa080000)
 ParOldGen       total 86016K, used 13387K [0x0000000082000000, 0x0000000087400000, 0x00000000d6000000)
  object space 86016K, 15% used [0x0000000082000000,0x0000000082d12e00,0x0000000087400000)
 Metaspace       used 10721K, capacity 11291K, committed 11520K, reserved 1058816K
  class space    used 1116K, capacity 1248K, committed 1280K, reserved 1048576K
}

