# JRE version: Java(TM) SE Runtime Environment (8.0_65-b17) (build 1.8.0_65-b17)
# Java VM: Java HotSpot(TM) 64-Bit Server VM (25.65-b01 mixed mode windows-amd64 compressed oops)
Heap:
 PSYoungGen      total 678400K, used 508518K [0x00000000d6580000, 0x00000000fff00000, 0x0000000100000000)
  eden space 676352K, 75% used [0x00000000d6580000,0x00000000f55f19b0,0x00000000ffa00000)
  from space 2048K, 7% used [0x00000000ffd00000,0x00000000ffd28000,0x00000000fff00000)
  to   space 2560K, 0% used [0x00000000ffa00000,0x00000000ffa00000,0x00000000ffc80000)
 ParOldGen       total 86016K, used 13409K [0x0000000083000000, 0x0000000088400000, 0x00000000d6580000)
  object space 86016K, 15% used [0x0000000083000000,0x0000000083d18440,0x0000000088400000)
 Metaspace       used 10717K, capacity 11397K, committed 11520K, reserved 1058816K
  class space    used 1121K, capacity 1255K, committed 1280K, reserved 1048576K
GC Heap History (10 events):
Event: 8.695 GC heap before
{Heap before GC invocations=34 (full 0):
 PSYoungGen      total 382976K, used 378912K [0x00000000d6580000, 0x00000000faa80000, 0x0000000100000000)
  eden space 378880K, 100% used [0x00000000d6580000,0x00000000ed780000,0x00000000ed780000)
  from space 4096K, 0% used [0x00000000fa280000,0x00000000fa288000,0x00000000fa680000)
  to   space 3584K, 0% used [0x00000000fa700000,0x00000000fa700000,0x00000000faa80000)
 ParOldGen       total 86016K, used 13353K [0x0000000083000000, 0x0000000088400000, 0x00000000d6580000)
  object space 86016K, 15% used [0x0000000083000000,0x0000000083d0a440,0x0000000088400000)
 Metaspace       used 10458K, capacity 11063K, committed 11264K, reserved 1058816K
  class space    used 1092K, capacity 1232K, committed 1280K, reserved 1048576K
Event: 8.696 GC heap after
Heap after GC invocations=34 (full 0):
 PSYoungGen      total 474112K, used 32K [0x00000000d6580000, 0x00000000fa780000, 0x0000000100000000)
  eden space 473600K, 0% used [0x00000000d6580000,0x00000000d6580000,0x00000000f3400000)
  from space 512K, 6% used [0x00000000fa700000,0x00000000fa708000,0x00000000fa780000)
  to   space 3584K, 0% used [0x00000000fa080000,0x00000000fa080000,0x00000000fa400000)
 ParOldGen       total 86016K, used 13353K [0x0000000083000000, 0x0000000088400000, 0x00000000d6580000)
  object space 86016K, 15% used [0x0000000083000000,0x0000000083d0a440,0x0000000088400000)
 Metaspace       used 10458K, capacity 11063K, committed 11264K, reserved 1058816K
  class space    used 1092K, capacity 1232K, committed 1280K, reserved 1048576K
}
Event: 8.901 GC heap before
{Heap before GC invocations=35 (full 0):
 PSYoungGen      total 474112K, used 473632K [0x00000000d6580000, 0x00000000fa780000, 0x0000000100000000)
  eden space 473600K, 100% used [0x00000000d6580000,0x00000000f3400000,0x00000000f3400000)
  from space 512K, 6% used [0x00000000fa700000,0x00000000fa708000,0x00000000fa780000)
  to   space 3584K, 0% used [0x00000000fa080000,0x00000000fa080000,0x00000000fa400000)
 ParOldGen       total 86016K, used 13353K [0x0000000083000000, 0x0000000088400000, 0x00000000d6580000)
  object space 86016K, 15% used [0x0000000083000000,0x0000000083d0a440,0x0000000088400000)
 Metaspace       used 10458K, capacity 11063K, committed 11264K, reserved 1058816K
  class space    used 1092K, capacity 1232K, committed 1280K, reserved 1048576K
Event: 8.902 GC heap after
Heap after GC invocations=35 (full 0):
 PSYoungGen      total 588288K, used 96K [0x00000000d6580000, 0x00000000fae00000, 0x0000000100000000)
  eden space 584704K, 0% used [0x00000000d6580000,0x00000000d6580000,0x00000000fa080000)
  from space 3584K, 2% used [0x00000000fa080000,0x00000000fa098000,0x00000000fa400000)
  to   space 3072K, 0% used [0x00000000fab00000,0x00000000fab00000,0x00000000fae00000)
 ParOldGen       total 86016K, used 13353K [0x0000000083000000, 0x0000000088400000, 0x00000000d6580000)
  object space 86016K, 15% used [0x0000000083000000,0x0000000083d0a440,0x0000000088400000)
 Metaspace       used 10458K, capacity 11063K, committed 11264K, reserved 1058816K
  class space    used 1092K, capacity 1232K, committed 1280K, reserved 1048576K
}
Event: 9.152 GC heap before
{Heap before GC invocations=36 (full 0):
 PSYoungGen      total 588288K, used 584800K [0x00000000d6580000, 0x00000000fae00000, 0x0000000100000000)
  eden space 584704K, 100% used [0x00000000d6580000,0x00000000fa080000,0x00000000fa080000)
  from space 3584K, 2% used [0x00000000fa080000,0x00000000fa098000,0x00000000fa400000)
  to   space 3072K, 0% used [0x00000000fab00000,0x00000000fab00000,0x00000000fae00000)
 ParOldGen       total 86016K, used 13353K [0x0000000083000000, 0x0000000088400000, 0x00000000d6580000)
  object space 86016K, 15% used [0x0000000083000000,0x0000000083d0a440,0x0000000088400000)
 Metaspace       used 10458K, capacity 11063K, committed 11264K, reserved 1058816K
  class space    used 1092K, capacity 1232K, committed 1280K, reserved 1048576K
Event: 9.162 GC heap after
Heap after GC invocations=36 (full 0):
 PSYoungGen      total 595456K, used 64K [0x00000000d6580000, 0x00000000fff80000, 0x0000000100000000)
  eden space 592384K, 0% used [0x00000000d6580000,0x00000000d6580000,0x00000000fa800000)
  from space 3072K, 2% used [0x00000000fab00000,0x00000000fab10000,0x00000000fae00000)
  to   space 3072K, 0% used [0x00000000fa800000,0x00000000fa800000,0x00000000fab00000)
 ParOldGen       total 86016K, used 13353K [0x0000000083000000, 0x0000000088400000, 0x00000000d6580000)
  object space 86016K, 15% used [0x0000000083000000,0x0000000083d0a440,0x0000000088400000)
 Metaspace       used 10458K, capacity 11063K, committed 11264K, reserved 1058816K
  class space    used 1092K, capacity 1232K, committed 1280K, reserved 1048576K
}
Event: 18.892 GC heap before
{Heap before GC invocations=37 (full 0):
 PSYoungGen      total 595456K, used 592448K [0x00000000d6580000, 0x00000000fff80000, 0x0000000100000000)
  eden space 592384K, 100% used [0x00000000d6580000,0x00000000fa800000,0x00000000fa800000)
  from space 3072K, 2% used [0x00000000fab00000,0x00000000fab10000,0x00000000fae00000)
  to   space 3072K, 0% used [0x00000000fa800000,0x00000000fa800000,0x00000000fab00000)
 ParOldGen       total 86016K, used 13353K [0x0000000083000000, 0x0000000088400000, 0x00000000d6580000)
  object space 86016K, 15% used [0x0000000083000000,0x0000000083d0a440,0x0000000088400000)
 Metaspace       used 10616K, capacity 11285K, committed 11520K, reserved 1058816K
  class space    used 1104K, capacity 1245K, committed 1280K, reserved 1048576K
Event: 18.893 GC heap after
Heap after GC invocations=37 (full 0):
 PSYoungGen      total 595456K, used 160K [0x00000000d6580000, 0x0000000100000000, 0x0000000100000000)
  eden space 592384K, 0% used [0x00000000d6580000,0x00000000d6580000,0x00000000fa800000)
  from space 3072K, 5% used [0x00000000fa800000,0x00000000fa828000,0x00000000fab00000)
  to   space 3072K, 0% used [0x00000000ffd00000,0x00000000ffd00000,0x0000000100000000)
 ParOldGen       total 86016K, used 13361K [0x0000000083000000, 0x0000000088400000, 0x00000000d6580000)
  object space 86016K, 15% used [0x0000000083000000,0x0000000083d0c440,0x0000000088400000)
 Metaspace       used 10616K, capacity 11285K, committed 11520K, reserved 1058816K
  class space    used 1104K, capacity 1245K, committed 1280K, reserved 1048576K
}
Event: 30.461 GC heap before
{Heap before GC invocations=38 (full 0):
 PSYoungGen      total 595456K, used 592544K [0x00000000d6580000, 0x0000000100000000, 0x0000000100000000)
  eden space 592384K, 100% used [0x00000000d6580000,0x00000000fa800000,0x00000000fa800000)
  from space 3072K, 5% used [0x00000000fa800000,0x00000000fa828000,0x00000000fab00000)
  to   space 3072K, 0% used [0x00000000ffd00000,0x00000000ffd00000,0x0000000100000000)
 ParOldGen       total 86016K, used 13361K [0x0000000083000000, 0x0000000088400000, 0x00000000d6580000)
  object space 86016K, 15% used [0x0000000083000000,0x0000000083d0c440,0x0000000088400000)
 Metaspace       used 10717K, capacity 11397K, committed 11520K, reserved 1058816K
  class space    used 1121K, capacity 1255K, committed 1280K, reserved 1048576K
Event: 30.462 GC heap after
Heap after GC invocations=38 (full 0):
 PSYoungGen      total 678400K, used 160K [0x00000000d6580000, 0x00000000fff00000, 0x0000000100000000)
  eden space 676352K, 0% used [0x00000000d6580000,0x00000000d6580000,0x00000000ffa00000)
  from space 2048K, 7% used [0x00000000ffd00000,0x00000000ffd28000,0x00000000fff00000)
  to   space 2560K, 0% used [0x00000000ffa00000,0x00000000ffa00000,0x00000000ffc80000)
 ParOldGen       total 86016K, used 13409K [0x0000000083000000, 0x0000000088400000, 0x00000000d6580000)
  object space 86016K, 15% used [0x0000000083000000,0x0000000083d18440,0x0000000088400000)
 Metaspace       used 10717K, capacity 11397K, committed 11520K, reserved 1058816K
  class space    used 1121K, capacity 1255K, committed 1280K, reserved 1048576K
}

