# JRE version: Java(TM) SE Runtime Environment (8.0_65-b17) (build 1.8.0_65-b17)
# Java VM: Java HotSpot(TM) 64-Bit Server VM (25.65-b01 mixed mode windows-amd64 compressed oops)
Heap:
 PSYoungGen      total 130048K, used 80296K [0x00000000d6580000, 0x00000000fab80000, 0x0000000100000000)
  eden space 129536K, 61% used [0x00000000d6580000,0x00000000db3e2340,0x00000000de400000)
  from space 512K, 6% used [0x00000000fab00000,0x00000000fab08000,0x00000000fab80000)
  to   space 2560K, 0% used [0x00000000fa680000,0x00000000fa680000,0x00000000fa900000)
 ParOldGen       total 86016K, used 10752K [0x0000000083000000, 0x0000000088400000, 0x00000000d6580000)
  object space 86016K, 12% used [0x0000000083000000,0x0000000083a803a0,0x0000000088400000)
 Metaspace       used 10784K, capacity 11441K, committed 11648K, reserved 1058816K
  class space    used 1127K, capacity 1289K, committed 1408K, reserved 1048576K
GC Heap History (10 events):
Event: 35.356 GC heap before
{Heap before GC invocations=34 (full 0):
 PSYoungGen      total 161792K, used 158240K [0x00000000d6580000, 0x00000000fb300000, 0x0000000100000000)
  eden space 158208K, 100% used [0x00000000d6580000,0x00000000e0000000,0x00000000e0000000)
  from space 3584K, 0% used [0x00000000fac00000,0x00000000fac08000,0x00000000faf80000)
  to   space 3584K, 0% used [0x00000000faf80000,0x00000000faf80000,0x00000000fb300000)
 ParOldGen       total 86016K, used 10656K [0x0000000083000000, 0x0000000088400000, 0x00000000d6580000)
  object space 86016K, 12% used [0x0000000083000000,0x0000000083a683a0,0x0000000088400000)
 Metaspace       used 10781K, capacity 11437K, committed 11648K, reserved 1058816K
  class space    used 1126K, capacity 1287K, committed 1408K, reserved 1048576K
Event: 35.365 GC heap after
Heap after GC invocations=34 (full 0):
 PSYoungGen      total 152576K, used 96K [0x00000000d6580000, 0x00000000fb000000, 0x0000000100000000)
  eden space 152064K, 0% used [0x00000000d6580000,0x00000000d6580000,0x00000000dfa00000)
  from space 512K, 18% used [0x00000000faf80000,0x00000000faf98000,0x00000000fb000000)
  to   space 3072K, 0% used [0x00000000faa00000,0x00000000faa00000,0x00000000fad00000)
 ParOldGen       total 86016K, used 10664K [0x0000000083000000, 0x0000000088400000, 0x00000000d6580000)
  object space 86016K, 12% used [0x0000000083000000,0x0000000083a6a3a0,0x0000000088400000)
 Metaspace       used 10781K, capacity 11437K, committed 11648K, reserved 1058816K
  class space    used 1126K, capacity 1287K, committed 1408K, reserved 1048576K
}
Event: 39.113 GC heap before
{Heap before GC invocations=35 (full 0):
 PSYoungGen      total 152576K, used 152160K [0x00000000d6580000, 0x00000000fb000000, 0x0000000100000000)
  eden space 152064K, 100% used [0x00000000d6580000,0x00000000dfa00000,0x00000000dfa00000)
  from space 512K, 18% used [0x00000000faf80000,0x00000000faf98000,0x00000000fb000000)
  to   space 3072K, 0% used [0x00000000faa00000,0x00000000faa00000,0x00000000fad00000)
 ParOldGen       total 86016K, used 10664K [0x0000000083000000, 0x0000000088400000, 0x00000000d6580000)
  object space 86016K, 12% used [0x0000000083000000,0x0000000083a6a3a0,0x0000000088400000)
 Metaspace       used 10784K, capacity 11441K, committed 11648K, reserved 1058816K
  class space    used 1127K, capacity 1289K, committed 1408K, reserved 1048576K
Event: 39.114 GC heap after
Heap after GC invocations=35 (full 0):
 PSYoungGen      total 148992K, used 64K [0x00000000d6580000, 0x00000000fb000000, 0x0000000100000000)
  eden space 145920K, 0% used [0x00000000d6580000,0x00000000d6580000,0x00000000df400000)
  from space 3072K, 2% used [0x00000000faa00000,0x00000000faa10000,0x00000000fad00000)
  to   space 3072K, 0% used [0x00000000fad00000,0x00000000fad00000,0x00000000fb000000)
 ParOldGen       total 86016K, used 10736K [0x0000000083000000, 0x0000000088400000, 0x00000000d6580000)
  object space 86016K, 12% used [0x0000000083000000,0x0000000083a7c3a0,0x0000000088400000)
 Metaspace       used 10784K, capacity 11441K, committed 11648K, reserved 1058816K
  class space    used 1127K, capacity 1289K, committed 1408K, reserved 1048576K
}
Event: 39.169 GC heap before
{Heap before GC invocations=36 (full 0):
 PSYoungGen      total 148992K, used 145984K [0x00000000d6580000, 0x00000000fb000000, 0x0000000100000000)
  eden space 145920K, 100% used [0x00000000d6580000,0x00000000df400000,0x00000000df400000)
  from space 3072K, 2% used [0x00000000faa00000,0x00000000faa10000,0x00000000fad00000)
  to   space 3072K, 0% used [0x00000000fad00000,0x00000000fad00000,0x00000000fb000000)
 ParOldGen       total 86016K, used 10736K [0x0000000083000000, 0x0000000088400000, 0x00000000d6580000)
  object space 86016K, 12% used [0x0000000083000000,0x0000000083a7c3a0,0x0000000088400000)
 Metaspace       used 10784K, capacity 11441K, committed 11648K, reserved 1058816K
  class space    used 1127K, capacity 1289K, committed 1408K, reserved 1048576K
Event: 39.169 GC heap after
Heap after GC invocations=36 (full 0):
 PSYoungGen      total 140800K, used 32K [0x00000000d6580000, 0x00000000fad80000, 0x0000000100000000)
  eden space 140288K, 0% used [0x00000000d6580000,0x00000000d6580000,0x00000000dee80000)
  from space 512K, 6% used [0x00000000fad00000,0x00000000fad08000,0x00000000fad80000)
  to   space 3072K, 0% used [0x00000000fa780000,0x00000000fa780000,0x00000000faa80000)
 ParOldGen       total 86016K, used 10752K [0x0000000083000000, 0x0000000088400000, 0x00000000d6580000)
  object space 86016K, 12% used [0x0000000083000000,0x0000000083a803a0,0x0000000088400000)
 Metaspace       used 10784K, capacity 11441K, committed 11648K, reserved 1058816K
  class space    used 1127K, capacity 1289K, committed 1408K, reserved 1048576K
}
Event: 39.221 GC heap before
{Heap before GC invocations=37 (full 0):
 PSYoungGen      total 140800K, used 140320K [0x00000000d6580000, 0x00000000fad80000, 0x0000000100000000)
  eden space 140288K, 100% used [0x00000000d6580000,0x00000000dee80000,0x00000000dee80000)
  from space 512K, 6% used [0x00000000fad00000,0x00000000fad08000,0x00000000fad80000)
  to   space 3072K, 0% used [0x00000000fa780000,0x00000000fa780000,0x00000000faa80000)
 ParOldGen       total 86016K, used 10752K [0x0000000083000000, 0x0000000088400000, 0x00000000d6580000)
  object space 86016K, 12% used [0x0000000083000000,0x0000000083a803a0,0x0000000088400000)
 Metaspace       used 10784K, capacity 11441K, committed 11648K, reserved 1058816K
  class space    used 1127K, capacity 1289K, committed 1408K, reserved 1048576K
Event: 39.222 GC heap after
Heap after GC invocations=37 (full 0):
 PSYoungGen      total 137728K, used 32K [0x00000000d6580000, 0x00000000fad80000, 0x0000000100000000)
  eden space 134656K, 0% used [0x00000000d6580000,0x00000000d6580000,0x00000000de900000)
  from space 3072K, 1% used [0x00000000fa780000,0x00000000fa788000,0x00000000faa80000)
  to   space 2560K, 0% used [0x00000000fab00000,0x00000000fab00000,0x00000000fad80000)
 ParOldGen       total 86016K, used 10752K [0x0000000083000000, 0x0000000088400000, 0x00000000d6580000)
  object space 86016K, 12% used [0x0000000083000000,0x0000000083a803a0,0x0000000088400000)
 Metaspace       used 10784K, capacity 11441K, committed 11648K, reserved 1058816K
  class space    used 1127K, capacity 1289K, committed 1408K, reserved 1048576K
}
Event: 39.272 GC heap before
{Heap before GC invocations=38 (full 0):
 PSYoungGen      total 137728K, used 134688K [0x00000000d6580000, 0x00000000fad80000, 0x0000000100000000)
  eden space 134656K, 100% used [0x00000000d6580000,0x00000000de900000,0x00000000de900000)
  from space 3072K, 1% used [0x00000000fa780000,0x00000000fa788000,0x00000000faa80000)
  to   space 2560K, 0% used [0x00000000fab00000,0x00000000fab00000,0x00000000fad80000)
 ParOldGen       total 86016K, used 10752K [0x0000000083000000, 0x0000000088400000, 0x00000000d6580000)
  object space 86016K, 12% used [0x0000000083000000,0x0000000083a803a0,0x0000000088400000)
 Metaspace       used 10784K, capacity 11441K, committed 11648K, reserved 1058816K
  class space    used 1127K, capacity 1289K, committed 1408K, reserved 1048576K
Event: 39.273 GC heap after
Heap after GC invocations=38 (full 0):
 PSYoungGen      total 130048K, used 32K [0x00000000d6580000, 0x00000000fab80000, 0x0000000100000000)
  eden space 129536K, 0% used [0x00000000d6580000,0x00000000d6580000,0x00000000de400000)
  from space 512K, 6% used [0x00000000fab00000,0x00000000fab08000,0x00000000fab80000)
  to   space 2560K, 0% used [0x00000000fa680000,0x00000000fa680000,0x00000000fa900000)
 ParOldGen       total 86016K, used 10752K [0x0000000083000000, 0x0000000088400000, 0x00000000d6580000)
  object space 86016K, 12% used [0x0000000083000000,0x0000000083a803a0,0x0000000088400000)
 Metaspace       used 10784K, capacity 11441K, committed 11648K, reserved 1058816K
  class space    used 1127K, capacity 1289K, committed 1408K, reserved 1048576K
}

