# JRE version: Java(TM) SE Runtime Environment (8.0_65-b17) (build 1.8.0_65-b17)
# Java VM: Java HotSpot(TM) 64-Bit Server VM (25.65-b01 mixed mode windows-amd64 compressed oops)
Heap:
 PSYoungGen      total 230400K, used 22740K [0x00000000d6580000, 0x00000000fc880000, 0x0000000100000000)
  eden space 226816K, 9% used [0x00000000d6580000,0x00000000d7ba5288,0x00000000e4300000)
  from space 3584K, 1% used [0x00000000fc180000,0x00000000fc190000,0x00000000fc500000)
  to   space 3584K, 0% used [0x00000000fc500000,0x00000000fc500000,0x00000000fc880000)
 ParOldGen       total 86016K, used 14550K [0x0000000083000000, 0x0000000088400000, 0x00000000d6580000)
  object space 86016K, 16% used [0x0000000083000000,0x0000000083e35a70,0x0000000088400000)
 Metaspace       used 10692K, capacity 11311K, committed 11520K, reserved 1058816K
  class space    used 1116K, capacity 1248K, committed 1280K, reserved 1048576K
GC Heap History (10 events):
Event: 7.135 GC heap before
{Heap before GC invocations=31 (full 0):
 PSYoungGen      total 283648K, used 283200K [0x00000000d6580000, 0x00000000fcf80000, 0x0000000100000000)
  eden space 283136K, 100% used [0x00000000d6580000,0x00000000e7a00000,0x00000000e7a00000)
  from space 512K, 12% used [0x00000000fcf00000,0x00000000fcf10000,0x00000000fcf80000)
  to   space 4608K, 0% used [0x00000000fc680000,0x00000000fc680000,0x00000000fcb00000)
 ParOldGen       total 86016K, used 14494K [0x0000000083000000, 0x0000000088400000, 0x00000000d6580000)
  object space 86016K, 16% used [0x0000000083000000,0x0000000083e27a70,0x0000000088400000)
 Metaspace       used 10439K, capacity 10995K, committed 11264K, reserved 1058816K
  class space    used 1094K, capacity 1232K, committed 1280K, reserved 1048576K
Event: 7.136 GC heap after
Heap after GC invocations=31 (full 0):
 PSYoungGen      total 275456K, used 32K [0x00000000d6580000, 0x00000000fcf80000, 0x0000000100000000)
  eden space 270848K, 0% used [0x00000000d6580000,0x00000000d6580000,0x00000000e6e00000)
  from space 4608K, 0% used [0x00000000fc680000,0x00000000fc688000,0x00000000fcb00000)
  to   space 4608K, 0% used [0x00000000fcb00000,0x00000000fcb00000,0x00000000fcf80000)
 ParOldGen       total 86016K, used 14494K [0x0000000083000000, 0x0000000088400000, 0x00000000d6580000)
  object space 86016K, 16% used [0x0000000083000000,0x0000000083e27a70,0x0000000088400000)
 Metaspace       used 10439K, capacity 10995K, committed 11264K, reserved 1058816K
  class space    used 1094K, capacity 1232K, committed 1280K, reserved 1048576K
}
Event: 10.097 GC heap before
{Heap before GC invocations=32 (full 0):
 PSYoungGen      total 275456K, used 270880K [0x00000000d6580000, 0x00000000fcf80000, 0x0000000100000000)
  eden space 270848K, 100% used [0x00000000d6580000,0x00000000e6e00000,0x00000000e6e00000)
  from space 4608K, 0% used [0x00000000fc680000,0x00000000fc688000,0x00000000fcb00000)
  to   space 4608K, 0% used [0x00000000fcb00000,0x00000000fcb00000,0x00000000fcf80000)
 ParOldGen       total 86016K, used 14494K [0x0000000083000000, 0x0000000088400000, 0x00000000d6580000)
  object space 86016K, 16% used [0x0000000083000000,0x0000000083e27a70,0x0000000088400000)
 Metaspace       used 10651K, capacity 11287K, committed 11520K, reserved 1058816K
  class space    used 1116K, capacity 1248K, committed 1280K, reserved 1048576K
Event: 10.098 GC heap after
Heap after GC invocations=32 (full 0):
 PSYoungGen      total 259584K, used 96K [0x00000000d6580000, 0x00000000fcb80000, 0x0000000100000000)
  eden space 259072K, 0% used [0x00000000d6580000,0x00000000d6580000,0x00000000e6280000)
  from space 512K, 18% used [0x00000000fcb00000,0x00000000fcb18000,0x00000000fcb80000)
  to   space 4096K, 0% used [0x00000000fc380000,0x00000000fc380000,0x00000000fc780000)
 ParOldGen       total 86016K, used 14502K [0x0000000083000000, 0x0000000088400000, 0x00000000d6580000)
  object space 86016K, 16% used [0x0000000083000000,0x0000000083e29a70,0x0000000088400000)
 Metaspace       used 10651K, capacity 11287K, committed 11520K, reserved 1058816K
  class space    used 1116K, capacity 1248K, committed 1280K, reserved 1048576K
}
Event: 15.350 GC heap before
{Heap before GC invocations=33 (full 0):
 PSYoungGen      total 259584K, used 259168K [0x00000000d6580000, 0x00000000fcb80000, 0x0000000100000000)
  eden space 259072K, 100% used [0x00000000d6580000,0x00000000e6280000,0x00000000e6280000)
  from space 512K, 18% used [0x00000000fcb00000,0x00000000fcb18000,0x00000000fcb80000)
  to   space 4096K, 0% used [0x00000000fc380000,0x00000000fc380000,0x00000000fc780000)
 ParOldGen       total 86016K, used 14502K [0x0000000083000000, 0x0000000088400000, 0x00000000d6580000)
  object space 86016K, 16% used [0x0000000083000000,0x0000000083e29a70,0x0000000088400000)
 Metaspace       used 10681K, capacity 11303K, committed 11520K, reserved 1058816K
  class space    used 1116K, capacity 1248K, committed 1280K, reserved 1048576K
Event: 15.350 GC heap after
Heap after GC invocations=33 (full 0):
 PSYoungGen      total 251904K, used 64K [0x00000000d6580000, 0x00000000fcb80000, 0x0000000100000000)
  eden space 247808K, 0% used [0x00000000d6580000,0x00000000d6580000,0x00000000e5780000)
  from space 4096K, 1% used [0x00000000fc380000,0x00000000fc390000,0x00000000fc780000)
  to   space 3584K, 0% used [0x00000000fc800000,0x00000000fc800000,0x00000000fcb80000)
 ParOldGen       total 86016K, used 14542K [0x0000000083000000, 0x0000000088400000, 0x00000000d6580000)
  object space 86016K, 16% used [0x0000000083000000,0x0000000083e33a70,0x0000000088400000)
 Metaspace       used 10681K, capacity 11303K, committed 11520K, reserved 1058816K
  class space    used 1116K, capacity 1248K, committed 1280K, reserved 1048576K
}
Event: 17.651 GC heap before
{Heap before GC invocations=34 (full 0):
 PSYoungGen      total 251904K, used 247872K [0x00000000d6580000, 0x00000000fcb80000, 0x0000000100000000)
  eden space 247808K, 100% used [0x00000000d6580000,0x00000000e5780000,0x00000000e5780000)
  from space 4096K, 1% used [0x00000000fc380000,0x00000000fc390000,0x00000000fc780000)
  to   space 3584K, 0% used [0x00000000fc800000,0x00000000fc800000,0x00000000fcb80000)
 ParOldGen       total 86016K, used 14542K [0x0000000083000000, 0x0000000088400000, 0x00000000d6580000)
  object space 86016K, 16% used [0x0000000083000000,0x0000000083e33a70,0x0000000088400000)
 Metaspace       used 10688K, capacity 11307K, committed 11520K, reserved 1058816K
  class space    used 1116K, capacity 1248K, committed 1280K, reserved 1048576K
Event: 17.652 GC heap after
Heap after GC invocations=34 (full 0):
 PSYoungGen      total 237568K, used 32K [0x00000000d6580000, 0x00000000fc880000, 0x0000000100000000)
  eden space 237056K, 0% used [0x00000000d6580000,0x00000000d6580000,0x00000000e4d00000)
  from space 512K, 6% used [0x00000000fc800000,0x00000000fc808000,0x00000000fc880000)
  to   space 3584K, 0% used [0x00000000fc180000,0x00000000fc180000,0x00000000fc500000)
 ParOldGen       total 86016K, used 14550K [0x0000000083000000, 0x0000000088400000, 0x00000000d6580000)
  object space 86016K, 16% used [0x0000000083000000,0x0000000083e35a70,0x0000000088400000)
 Metaspace       used 10688K, capacity 11307K, committed 11520K, reserved 1058816K
  class space    used 1116K, capacity 1248K, committed 1280K, reserved 1048576K
}
Event: 19.500 GC heap before
{Heap before GC invocations=35 (full 0):
 PSYoungGen      total 237568K, used 237088K [0x00000000d6580000, 0x00000000fc880000, 0x0000000100000000)
  eden space 237056K, 100% used [0x00000000d6580000,0x00000000e4d00000,0x00000000e4d00000)
  from space 512K, 6% used [0x00000000fc800000,0x00000000fc808000,0x00000000fc880000)
  to   space 3584K, 0% used [0x00000000fc180000,0x00000000fc180000,0x00000000fc500000)
 ParOldGen       total 86016K, used 14550K [0x0000000083000000, 0x0000000088400000, 0x00000000d6580000)
  object space 86016K, 16% used [0x0000000083000000,0x0000000083e35a70,0x0000000088400000)
 Metaspace       used 10692K, capacity 11311K, committed 11520K, reserved 1058816K
  class space    used 1116K, capacity 1248K, committed 1280K, reserved 1048576K
Event: 19.501 GC heap after
Heap after GC invocations=35 (full 0):
 PSYoungGen      total 230400K, used 64K [0x00000000d6580000, 0x00000000fc880000, 0x0000000100000000)
  eden space 226816K, 0% used [0x00000000d6580000,0x00000000d6580000,0x00000000e4300000)
  from space 3584K, 1% used [0x00000000fc180000,0x00000000fc190000,0x00000000fc500000)
  to   space 3584K, 0% used [0x00000000fc500000,0x00000000fc500000,0x00000000fc880000)
 ParOldGen       total 86016K, used 14550K [0x0000000083000000, 0x0000000088400000, 0x00000000d6580000)
  object space 86016K, 16% used [0x0000000083000000,0x0000000083e35a70,0x0000000088400000)
 Metaspace       used 10692K, capacity 11311K, committed 11520K, reserved 1058816K
  class space    used 1116K, capacity 1248K, committed 1280K, reserved 1048576K
}

