# JRE version: Java(TM) SE Runtime Environment (8.0_65-b17) (build 1.8.0_65-b17)
# Java VM: Java HotSpot(TM) 64-Bit Server VM (25.65-b01 mixed mode windows-amd64 compressed oops)
Heap:
 PSYoungGen      total 314880K, used 245238K [0x00000000d6580000, 0x00000000fda80000, 0x0000000100000000)
  eden space 314368K, 77% used [0x00000000d6580000,0x00000000e54f5be0,0x00000000e9880000)
  from space 512K, 6% used [0x00000000fda00000,0x00000000fda08000,0x00000000fda80000)
  to   space 1536K, 0% used [0x00000000fd780000,0x00000000fd780000,0x00000000fd900000)
 ParOldGen       total 86016K, used 5260K [0x0000000083000000, 0x0000000088400000, 0x00000000d6580000)
  object space 86016K, 6% used [0x0000000083000000,0x0000000083523148,0x0000000088400000)
 Metaspace       used 10507K, capacity 11087K, committed 11264K, reserved 1058816K
  class space    used 1092K, capacity 1230K, committed 1280K, reserved 1048576K
GC Heap History (10 events):
Event: 16.107 GC heap before
{Heap before GC invocations=36 (full 0):
 PSYoungGen      total 303104K, used 300576K [0x00000000d6580000, 0x00000000fde80000, 0x0000000100000000)
  eden space 300544K, 100% used [0x00000000d6580000,0x00000000e8b00000,0x00000000e8b00000)
  from space 2560K, 1% used [0x00000000fd980000,0x00000000fd988000,0x00000000fdc00000)
  to   space 2048K, 0% used [0x00000000fdc80000,0x00000000fdc80000,0x00000000fde80000)
 ParOldGen       total 86016K, used 5260K [0x0000000083000000, 0x0000000088400000, 0x00000000d6580000)
  object space 86016K, 6% used [0x0000000083000000,0x0000000083523148,0x0000000088400000)
 Metaspace       used 10482K, capacity 11079K, committed 11264K, reserved 1058816K
  class space    used 1091K, capacity 1228K, committed 1280K, reserved 1048576K
Event: 16.107 GC heap after
Heap after GC invocations=36 (full 0):
 PSYoungGen      total 287744K, used 32K [0x00000000d6580000, 0x00000000fdd00000, 0x0000000100000000)
  eden space 287232K, 0% used [0x00000000d6580000,0x00000000d6580000,0x00000000e7e00000)
  from space 512K, 6% used [0x00000000fdc80000,0x00000000fdc88000,0x00000000fdd00000)
  to   space 2048K, 0% used [0x00000000fd900000,0x00000000fd900000,0x00000000fdb00000)
 ParOldGen       total 86016K, used 5260K [0x0000000083000000, 0x0000000088400000, 0x00000000d6580000)
  object space 86016K, 6% used [0x0000000083000000,0x0000000083523148,0x0000000088400000)
 Metaspace       used 10482K, capacity 11079K, committed 11264K, reserved 1058816K
  class space    used 1091K, capacity 1228K, committed 1280K, reserved 1048576K
}
Event: 16.159 GC heap before
{Heap before GC invocations=37 (full 0):
 PSYoungGen      total 287744K, used 287264K [0x00000000d6580000, 0x00000000fdd00000, 0x0000000100000000)
  eden space 287232K, 100% used [0x00000000d6580000,0x00000000e7e00000,0x00000000e7e00000)
  from space 512K, 6% used [0x00000000fdc80000,0x00000000fdc88000,0x00000000fdd00000)
  to   space 2048K, 0% used [0x00000000fd900000,0x00000000fd900000,0x00000000fdb00000)
 ParOldGen       total 86016K, used 5260K [0x0000000083000000, 0x0000000088400000, 0x00000000d6580000)
  object space 86016K, 6% used [0x0000000083000000,0x0000000083523148,0x0000000088400000)
 Metaspace       used 10482K, capacity 11079K, committed 11264K, reserved 1058816K
  class space    used 1091K, capacity 1228K, committed 1280K, reserved 1048576K
Event: 16.159 GC heap after
Heap after GC invocations=37 (full 0):
 PSYoungGen      total 276480K, used 32K [0x00000000d6580000, 0x00000000fdd00000, 0x0000000100000000)
  eden space 274432K, 0% used [0x00000000d6580000,0x00000000d6580000,0x00000000e7180000)
  from space 2048K, 1% used [0x00000000fd900000,0x00000000fd908000,0x00000000fdb00000)
  to   space 2048K, 0% used [0x00000000fdb00000,0x00000000fdb00000,0x00000000fdd00000)
 ParOldGen       total 86016K, used 5260K [0x0000000083000000, 0x0000000088400000, 0x00000000d6580000)
  object space 86016K, 6% used [0x0000000083000000,0x0000000083523148,0x0000000088400000)
 Metaspace       used 10482K, capacity 11079K, committed 11264K, reserved 1058816K
  class space    used 1091K, capacity 1228K, committed 1280K, reserved 1048576K
}
Event: 16.207 GC heap before
{Heap before GC invocations=38 (full 0):
 PSYoungGen      total 276480K, used 274464K [0x00000000d6580000, 0x00000000fdd00000, 0x0000000100000000)
  eden space 274432K, 100% used [0x00000000d6580000,0x00000000e7180000,0x00000000e7180000)
  from space 2048K, 1% used [0x00000000fd900000,0x00000000fd908000,0x00000000fdb00000)
  to   space 2048K, 0% used [0x00000000fdb00000,0x00000000fdb00000,0x00000000fdd00000)
 ParOldGen       total 86016K, used 5260K [0x0000000083000000, 0x0000000088400000, 0x00000000d6580000)
  object space 86016K, 6% used [0x0000000083000000,0x0000000083523148,0x0000000088400000)
 Metaspace       used 10482K, capacity 11079K, committed 11264K, reserved 1058816K
  class space    used 1091K, capacity 1228K, committed 1280K, reserved 1048576K
Event: 16.208 GC heap after
Heap after GC invocations=38 (full 0):
 PSYoungGen      total 263168K, used 32K [0x00000000d6580000, 0x00000000fdb80000, 0x0000000100000000)
  eden space 262656K, 0% used [0x00000000d6580000,0x00000000d6580000,0x00000000e6600000)
  from space 512K, 6% used [0x00000000fdb00000,0x00000000fdb08000,0x00000000fdb80000)
  to   space 2048K, 0% used [0x00000000fd780000,0x00000000fd780000,0x00000000fd980000)
 ParOldGen       total 86016K, used 5260K [0x0000000083000000, 0x0000000088400000, 0x00000000d6580000)
  object space 86016K, 6% used [0x0000000083000000,0x0000000083523148,0x0000000088400000)
 Metaspace       used 10482K, capacity 11079K, committed 11264K, reserved 1058816K
  class space    used 1091K, capacity 1228K, committed 1280K, reserved 1048576K
}
Event: 16.255 GC heap before
{Heap before GC invocations=39 (full 0):
 PSYoungGen      total 263168K, used 262688K [0x00000000d6580000, 0x00000000fdb80000, 0x0000000100000000)
  eden space 262656K, 100% used [0x00000000d6580000,0x00000000e6600000,0x00000000e6600000)
  from space 512K, 6% used [0x00000000fdb00000,0x00000000fdb08000,0x00000000fdb80000)
  to   space 2048K, 0% used [0x00000000fd780000,0x00000000fd780000,0x00000000fd980000)
 ParOldGen       total 86016K, used 5260K [0x0000000083000000, 0x0000000088400000, 0x00000000d6580000)
  object space 86016K, 6% used [0x0000000083000000,0x0000000083523148,0x0000000088400000)
 Metaspace       used 10482K, capacity 11079K, committed 11264K, reserved 1058816K
  class space    used 1091K, capacity 1228K, committed 1280K, reserved 1048576K
Event: 16.256 GC heap after
Heap after GC invocations=39 (full 0):
 PSYoungGen      total 253440K, used 32K [0x00000000d6580000, 0x00000000fdb80000, 0x0000000100000000)
  eden space 251392K, 0% used [0x00000000d6580000,0x00000000d6580000,0x00000000e5b00000)
  from space 2048K, 1% used [0x00000000fd780000,0x00000000fd788000,0x00000000fd980000)
  to   space 1536K, 0% used [0x00000000fda00000,0x00000000fda00000,0x00000000fdb80000)
 ParOldGen       total 86016K, used 5260K [0x0000000083000000, 0x0000000088400000, 0x00000000d6580000)
  object space 86016K, 6% used [0x0000000083000000,0x0000000083523148,0x0000000088400000)
 Metaspace       used 10482K, capacity 11079K, committed 11264K, reserved 1058816K
  class space    used 1091K, capacity 1228K, committed 1280K, reserved 1048576K
}
Event: 16.300 GC heap before
{Heap before GC invocations=40 (full 0):
 PSYoungGen      total 253440K, used 251424K [0x00000000d6580000, 0x00000000fdb80000, 0x0000000100000000)
  eden space 251392K, 100% used [0x00000000d6580000,0x00000000e5b00000,0x00000000e5b00000)
  from space 2048K, 1% used [0x00000000fd780000,0x00000000fd788000,0x00000000fd980000)
  to   space 1536K, 0% used [0x00000000fda00000,0x00000000fda00000,0x00000000fdb80000)
 ParOldGen       total 86016K, used 5260K [0x0000000083000000, 0x0000000088400000, 0x00000000d6580000)
  object space 86016K, 6% used [0x0000000083000000,0x0000000083523148,0x0000000088400000)
 Metaspace       used 10482K, capacity 11079K, committed 11264K, reserved 1058816K
  class space    used 1091K, capacity 1228K, committed 1280K, reserved 1048576K
Event: 16.323 GC heap after
Heap after GC invocations=40 (full 0):
 PSYoungGen      total 314880K, used 32K [0x00000000d6580000, 0x00000000fda80000, 0x0000000100000000)
  eden space 314368K, 0% used [0x00000000d6580000,0x00000000d6580000,0x00000000e9880000)
  from space 512K, 6% used [0x00000000fda00000,0x00000000fda08000,0x00000000fda80000)
  to   space 1536K, 0% used [0x00000000fd780000,0x00000000fd780000,0x00000000fd900000)
 ParOldGen       total 86016K, used 5260K [0x0000000083000000, 0x0000000088400000, 0x00000000d6580000)
  object space 86016K, 6% used [0x0000000083000000,0x0000000083523148,0x0000000088400000)
 Metaspace       used 10482K, capacity 11079K, committed 11264K, reserved 1058816K
  class space    used 1091K, capacity 1228K, committed 1280K, reserved 1048576K
}

