# JRE version: Java(TM) SE Runtime Environment (8.0_77-b03) (build 1.8.0_77-b03)
# Java VM: Java HotSpot(TM) 64-Bit Server VM (25.77-b03 mixed mode windows-amd64 compressed oops)
Heap:
 PSYoungGen      total 258560K, used 30997K [0x00000000d6580000, 0x00000000fcd80000, 0x0000000100000000)
  eden space 258048K, 12% used [0x00000000d6580000,0x00000000d83bd778,0x00000000e6180000)
  from space 512K, 6% used [0x00000000fcd00000,0x00000000fcd08000,0x00000000fcd80000)
  to   space 1536K, 0% used [0x00000000fca80000,0x00000000fca80000,0x00000000fcc00000)
 ParOldGen       total 86016K, used 5050K [0x0000000083000000, 0x0000000088400000, 0x00000000d6580000)
  object space 86016K, 5% used [0x0000000083000000,0x00000000834ee8f0,0x0000000088400000)
 Metaspace       used 10309K, capacity 10891K, committed 11008K, reserved 1058816K
  class space    used 1092K, capacity 1230K, committed 1280K, reserved 1048576K
GC Heap History (10 events):
Event: 11.178 GC heap before
{Heap before GC invocations=40 (full 0):
 PSYoungGen      total 325120K, used 323104K [0x00000000d6580000, 0x00000000fd100000, 0x0000000100000000)
  eden space 323072K, 100% used [0x00000000d6580000,0x00000000ea100000,0x00000000ea100000)
  from space 2048K, 1% used [0x00000000fcd00000,0x00000000fcd08000,0x00000000fcf00000)
  to   space 2048K, 0% used [0x00000000fcf00000,0x00000000fcf00000,0x00000000fd100000)
 ParOldGen       total 86016K, used 5050K [0x0000000083000000, 0x0000000088400000, 0x00000000d6580000)
  object space 86016K, 5% used [0x0000000083000000,0x00000000834ee8f0,0x0000000088400000)
 Metaspace       used 10303K, capacity 10883K, committed 11008K, reserved 1058816K
  class space    used 1091K, capacity 1228K, committed 1280K, reserved 1048576K
Event: 11.179 GC heap after
Heap after GC invocations=40 (full 0):
 PSYoungGen      total 309248K, used 32K [0x00000000d6580000, 0x00000000fcf80000, 0x0000000100000000)
  eden space 308736K, 0% used [0x00000000d6580000,0x00000000d6580000,0x00000000e9300000)
  from space 512K, 6% used [0x00000000fcf00000,0x00000000fcf08000,0x00000000fcf80000)
  to   space 1536K, 0% used [0x00000000fcc80000,0x00000000fcc80000,0x00000000fce00000)
 ParOldGen       total 86016K, used 5050K [0x0000000083000000, 0x0000000088400000, 0x00000000d6580000)
  object space 86016K, 5% used [0x0000000083000000,0x00000000834ee8f0,0x0000000088400000)
 Metaspace       used 10303K, capacity 10883K, committed 11008K, reserved 1058816K
  class space    used 1091K, capacity 1228K, committed 1280K, reserved 1048576K
}
Event: 11.242 GC heap before
{Heap before GC invocations=41 (full 0):
 PSYoungGen      total 309248K, used 308768K [0x00000000d6580000, 0x00000000fcf80000, 0x0000000100000000)
  eden space 308736K, 100% used [0x00000000d6580000,0x00000000e9300000,0x00000000e9300000)
  from space 512K, 6% used [0x00000000fcf00000,0x00000000fcf08000,0x00000000fcf80000)
  to   space 1536K, 0% used [0x00000000fcc80000,0x00000000fcc80000,0x00000000fce00000)
 ParOldGen       total 86016K, used 5050K [0x0000000083000000, 0x0000000088400000, 0x00000000d6580000)
  object space 86016K, 5% used [0x0000000083000000,0x00000000834ee8f0,0x0000000088400000)
 Metaspace       used 10303K, capacity 10883K, committed 11008K, reserved 1058816K
  class space    used 1091K, capacity 1228K, committed 1280K, reserved 1048576K
Event: 11.243 GC heap after
Heap after GC invocations=41 (full 0):
 PSYoungGen      total 296448K, used 64K [0x00000000d6580000, 0x00000000fcf80000, 0x0000000100000000)
  eden space 294912K, 0% used [0x00000000d6580000,0x00000000d6580000,0x00000000e8580000)
  from space 1536K, 4% used [0x00000000fcc80000,0x00000000fcc90000,0x00000000fce00000)
  to   space 1536K, 0% used [0x00000000fce00000,0x00000000fce00000,0x00000000fcf80000)
 ParOldGen       total 86016K, used 5050K [0x0000000083000000, 0x0000000088400000, 0x00000000d6580000)
  object space 86016K, 5% used [0x0000000083000000,0x00000000834ee8f0,0x0000000088400000)
 Metaspace       used 10303K, capacity 10883K, committed 11008K, reserved 1058816K
  class space    used 1091K, capacity 1228K, committed 1280K, reserved 1048576K
}
Event: 11.295 GC heap before
{Heap before GC invocations=42 (full 0):
 PSYoungGen      total 296448K, used 294976K [0x00000000d6580000, 0x00000000fcf80000, 0x0000000100000000)
  eden space 294912K, 100% used [0x00000000d6580000,0x00000000e8580000,0x00000000e8580000)
  from space 1536K, 4% used [0x00000000fcc80000,0x00000000fcc90000,0x00000000fce00000)
  to   space 1536K, 0% used [0x00000000fce00000,0x00000000fce00000,0x00000000fcf80000)
 ParOldGen       total 86016K, used 5050K [0x0000000083000000, 0x0000000088400000, 0x00000000d6580000)
  object space 86016K, 5% used [0x0000000083000000,0x00000000834ee8f0,0x0000000088400000)
 Metaspace       used 10303K, capacity 10883K, committed 11008K, reserved 1058816K
  class space    used 1091K, capacity 1228K, committed 1280K, reserved 1048576K
Event: 11.296 GC heap after
Heap after GC invocations=42 (full 0):
 PSYoungGen      total 282624K, used 32K [0x00000000d6580000, 0x00000000fce80000, 0x0000000100000000)
  eden space 282112K, 0% used [0x00000000d6580000,0x00000000d6580000,0x00000000e7900000)
  from space 512K, 6% used [0x00000000fce00000,0x00000000fce08000,0x00000000fce80000)
  to   space 1536K, 0% used [0x00000000fcb80000,0x00000000fcb80000,0x00000000fcd00000)
 ParOldGen       total 86016K, used 5050K [0x0000000083000000, 0x0000000088400000, 0x00000000d6580000)
  object space 86016K, 5% used [0x0000000083000000,0x00000000834ee8f0,0x0000000088400000)
 Metaspace       used 10303K, capacity 10883K, committed 11008K, reserved 1058816K
  class space    used 1091K, capacity 1228K, committed 1280K, reserved 1048576K
}
Event: 11.349 GC heap before
{Heap before GC invocations=43 (full 0):
 PSYoungGen      total 282624K, used 282144K [0x00000000d6580000, 0x00000000fce80000, 0x0000000100000000)
  eden space 282112K, 100% used [0x00000000d6580000,0x00000000e7900000,0x00000000e7900000)
  from space 512K, 6% used [0x00000000fce00000,0x00000000fce08000,0x00000000fce80000)
  to   space 1536K, 0% used [0x00000000fcb80000,0x00000000fcb80000,0x00000000fcd00000)
 ParOldGen       total 86016K, used 5050K [0x0000000083000000, 0x0000000088400000, 0x00000000d6580000)
  object space 86016K, 5% used [0x0000000083000000,0x00000000834ee8f0,0x0000000088400000)
 Metaspace       used 10303K, capacity 10883K, committed 11008K, reserved 1058816K
  class space    used 1091K, capacity 1228K, committed 1280K, reserved 1048576K
Event: 11.349 GC heap after
Heap after GC invocations=43 (full 0):
 PSYoungGen      total 271360K, used 32K [0x00000000d6580000, 0x00000000fce80000, 0x0000000100000000)
  eden space 269824K, 0% used [0x00000000d6580000,0x00000000d6580000,0x00000000e6d00000)
  from space 1536K, 2% used [0x00000000fcb80000,0x00000000fcb88000,0x00000000fcd00000)
  to   space 1536K, 0% used [0x00000000fcd00000,0x00000000fcd00000,0x00000000fce80000)
 ParOldGen       total 86016K, used 5050K [0x0000000083000000, 0x0000000088400000, 0x00000000d6580000)
  object space 86016K, 5% used [0x0000000083000000,0x00000000834ee8f0,0x0000000088400000)
 Metaspace       used 10303K, capacity 10883K, committed 11008K, reserved 1058816K
  class space    used 1091K, capacity 1228K, committed 1280K, reserved 1048576K
}
Event: 11.397 GC heap before
{Heap before GC invocations=44 (full 0):
 PSYoungGen      total 271360K, used 269856K [0x00000000d6580000, 0x00000000fce80000, 0x0000000100000000)
  eden space 269824K, 100% used [0x00000000d6580000,0x00000000e6d00000,0x00000000e6d00000)
  from space 1536K, 2% used [0x00000000fcb80000,0x00000000fcb88000,0x00000000fcd00000)
  to   space 1536K, 0% used [0x00000000fcd00000,0x00000000fcd00000,0x00000000fce80000)
 ParOldGen       total 86016K, used 5050K [0x0000000083000000, 0x0000000088400000, 0x00000000d6580000)
  object space 86016K, 5% used [0x0000000083000000,0x00000000834ee8f0,0x0000000088400000)
 Metaspace       used 10303K, capacity 10883K, committed 11008K, reserved 1058816K
  class space    used 1091K, capacity 1228K, committed 1280K, reserved 1048576K
Event: 11.398 GC heap after
Heap after GC invocations=44 (full 0):
 PSYoungGen      total 258560K, used 32K [0x00000000d6580000, 0x00000000fcd80000, 0x0000000100000000)
  eden space 258048K, 0% used [0x00000000d6580000,0x00000000d6580000,0x00000000e6180000)
  from space 512K, 6% used [0x00000000fcd00000,0x00000000fcd08000,0x00000000fcd80000)
  to   space 1536K, 0% used [0x00000000fca80000,0x00000000fca80000,0x00000000fcc00000)
 ParOldGen       total 86016K, used 5050K [0x0000000083000000, 0x0000000088400000, 0x00000000d6580000)
  object space 86016K, 5% used [0x0000000083000000,0x00000000834ee8f0,0x0000000088400000)
 Metaspace       used 10303K, capacity 10883K, committed 11008K, reserved 1058816K
  class space    used 1091K, capacity 1228K, committed 1280K, reserved 1048576K
}

