# JRE version: Java(TM) SE Runtime Environment (8.0_65-b17) (build 1.8.0_65-b17)
# Java VM: Java HotSpot(TM) 64-Bit Server VM (25.65-b01 mixed mode windows-amd64 compressed oops)
Heap:
 PSYoungGen      total 569344K, used 396276K [0x00000000d6580000, 0x00000000ff300000, 0x0000000100000000)
  eden space 568832K, 69% used [0x00000000d6580000,0x00000000ee8651d0,0x00000000f9100000)
  from space 512K, 18% used [0x00000000ff280000,0x00000000ff298000,0x00000000ff300000)
  to   space 6144K, 0% used [0x00000000fe700000,0x00000000fe700000,0x00000000fed00000)
 ParOldGen       total 86016K, used 12960K [0x0000000083000000, 0x0000000088400000, 0x00000000d6580000)
  object space 86016K, 15% used [0x0000000083000000,0x0000000083ca82a8,0x0000000088400000)
 Metaspace       used 10768K, capacity 11353K, committed 11520K, reserved 1058816K
  class space    used 1117K, capacity 1271K, committed 1280K, reserved 1048576K
GC Heap History (10 events):
Event: 78.554 GC heap before
{Heap before GC invocations=22 (full 0):
 PSYoungGen      total 671744K, used 663136K [0x00000000d6580000, 0x00000000ffe80000, 0x0000000100000000)
  eden space 663040K, 100% used [0x00000000d6580000,0x00000000fed00000,0x00000000fed00000)
  from space 8704K, 1% used [0x00000000fed00000,0x00000000fed18000,0x00000000ff580000)
  to   space 8192K, 0% used [0x00000000ff680000,0x00000000ff680000,0x00000000ffe80000)
 ParOldGen       total 86016K, used 12912K [0x0000000083000000, 0x0000000088400000, 0x00000000d6580000)
  object space 86016K, 15% used [0x0000000083000000,0x0000000083c9c2a8,0x0000000088400000)
 Metaspace       used 10748K, capacity 11345K, committed 11520K, reserved 1058816K
  class space    used 1117K, capacity 1271K, committed 1280K, reserved 1048576K
Event: 78.554 GC heap after
Heap after GC invocations=22 (full 0):
 PSYoungGen      total 632320K, used 64K [0x00000000d6580000, 0x00000000ff700000, 0x0000000100000000)
  eden space 631808K, 0% used [0x00000000d6580000,0x00000000d6580000,0x00000000fce80000)
  from space 512K, 12% used [0x00000000ff680000,0x00000000ff690000,0x00000000ff700000)
  to   space 7680K, 0% used [0x00000000fe800000,0x00000000fe800000,0x00000000fef80000)
 ParOldGen       total 86016K, used 12952K [0x0000000083000000, 0x0000000088400000, 0x00000000d6580000)
  object space 86016K, 15% used [0x0000000083000000,0x0000000083ca62a8,0x0000000088400000)
 Metaspace       used 10748K, capacity 11345K, committed 11520K, reserved 1058816K
  class space    used 1117K, capacity 1271K, committed 1280K, reserved 1048576K
}
Event: 78.755 GC heap before
{Heap before GC invocations=23 (full 0):
 PSYoungGen      total 632320K, used 631872K [0x00000000d6580000, 0x00000000ff700000, 0x0000000100000000)
  eden space 631808K, 100% used [0x00000000d6580000,0x00000000fce80000,0x00000000fce80000)
  from space 512K, 12% used [0x00000000ff680000,0x00000000ff690000,0x00000000ff700000)
  to   space 7680K, 0% used [0x00000000fe800000,0x00000000fe800000,0x00000000fef80000)
 ParOldGen       total 86016K, used 12952K [0x0000000083000000, 0x0000000088400000, 0x00000000d6580000)
  object space 86016K, 15% used [0x0000000083000000,0x0000000083ca62a8,0x0000000088400000)
 Metaspace       used 10766K, capacity 11353K, committed 11520K, reserved 1058816K
  class space    used 1117K, capacity 1271K, committed 1280K, reserved 1048576K
Event: 78.760 GC heap after
Heap after GC invocations=23 (full 0):
 PSYoungGen      total 665600K, used 32K [0x00000000d6580000, 0x0000000100000000, 0x0000000100000000)
  eden space 657920K, 0% used [0x00000000d6580000,0x00000000d6580000,0x00000000fe800000)
  from space 7680K, 0% used [0x00000000fe800000,0x00000000fe808000,0x00000000fef80000)
  to   space 7680K, 0% used [0x00000000ff880000,0x00000000ff880000,0x0000000100000000)
 ParOldGen       total 86016K, used 12960K [0x0000000083000000, 0x0000000088400000, 0x00000000d6580000)
  object space 86016K, 15% used [0x0000000083000000,0x0000000083ca82a8,0x0000000088400000)
 Metaspace       used 10766K, capacity 11353K, committed 11520K, reserved 1058816K
  class space    used 1117K, capacity 1271K, committed 1280K, reserved 1048576K
}
Event: 91.664 GC heap before
{Heap before GC invocations=24 (full 0):
 PSYoungGen      total 665600K, used 657952K [0x00000000d6580000, 0x0000000100000000, 0x0000000100000000)
  eden space 657920K, 100% used [0x00000000d6580000,0x00000000fe800000,0x00000000fe800000)
  from space 7680K, 0% used [0x00000000fe800000,0x00000000fe808000,0x00000000fef80000)
  to   space 7680K, 0% used [0x00000000ff880000,0x00000000ff880000,0x0000000100000000)
 ParOldGen       total 86016K, used 12960K [0x0000000083000000, 0x0000000088400000, 0x00000000d6580000)
  object space 86016K, 15% used [0x0000000083000000,0x0000000083ca82a8,0x0000000088400000)
 Metaspace       used 10766K, capacity 11353K, committed 11520K, reserved 1058816K
  class space    used 1117K, capacity 1271K, committed 1280K, reserved 1048576K
Event: 91.665 GC heap after
Heap after GC invocations=24 (full 0):
 PSYoungGen      total 627200K, used 32K [0x00000000d6580000, 0x00000000ff900000, 0x0000000100000000)
  eden space 626688K, 0% used [0x00000000d6580000,0x00000000d6580000,0x00000000fc980000)
  from space 512K, 6% used [0x00000000ff880000,0x00000000ff888000,0x00000000ff900000)
  to   space 7168K, 0% used [0x00000000feb00000,0x00000000feb00000,0x00000000ff200000)
 ParOldGen       total 86016K, used 12960K [0x0000000083000000, 0x0000000088400000, 0x00000000d6580000)
  object space 86016K, 15% used [0x0000000083000000,0x0000000083ca82a8,0x0000000088400000)
 Metaspace       used 10766K, capacity 11353K, committed 11520K, reserved 1058816K
  class space    used 1117K, capacity 1271K, committed 1280K, reserved 1048576K
}
Event: 100.332 GC heap before
{Heap before GC invocations=25 (full 0):
 PSYoungGen      total 627200K, used 626720K [0x00000000d6580000, 0x00000000ff900000, 0x0000000100000000)
  eden space 626688K, 100% used [0x00000000d6580000,0x00000000fc980000,0x00000000fc980000)
  from space 512K, 6% used [0x00000000ff880000,0x00000000ff888000,0x00000000ff900000)
  to   space 7168K, 0% used [0x00000000feb00000,0x00000000feb00000,0x00000000ff200000)
 ParOldGen       total 86016K, used 12960K [0x0000000083000000, 0x0000000088400000, 0x00000000d6580000)
  object space 86016K, 15% used [0x0000000083000000,0x0000000083ca82a8,0x0000000088400000)
 Metaspace       used 10766K, capacity 11353K, committed 11520K, reserved 1058816K
  class space    used 1117K, capacity 1271K, committed 1280K, reserved 1048576K
Event: 100.332 GC heap after
Heap after GC invocations=25 (full 0):
 PSYoungGen      total 604160K, used 64K [0x00000000d6580000, 0x00000000ff900000, 0x0000000100000000)
  eden space 596992K, 0% used [0x00000000d6580000,0x00000000d6580000,0x00000000fac80000)
  from space 7168K, 0% used [0x00000000feb00000,0x00000000feb10000,0x00000000ff200000)
  to   space 6656K, 0% used [0x00000000ff280000,0x00000000ff280000,0x00000000ff900000)
 ParOldGen       total 86016K, used 12960K [0x0000000083000000, 0x0000000088400000, 0x00000000d6580000)
  object space 86016K, 15% used [0x0000000083000000,0x0000000083ca82a8,0x0000000088400000)
 Metaspace       used 10766K, capacity 11353K, committed 11520K, reserved 1058816K
  class space    used 1117K, capacity 1271K, committed 1280K, reserved 1048576K
}
Event: 108.852 GC heap before
{Heap before GC invocations=26 (full 0):
 PSYoungGen      total 604160K, used 597056K [0x00000000d6580000, 0x00000000ff900000, 0x0000000100000000)
  eden space 596992K, 100% used [0x00000000d6580000,0x00000000fac80000,0x00000000fac80000)
  from space 7168K, 0% used [0x00000000feb00000,0x00000000feb10000,0x00000000ff200000)
  to   space 6656K, 0% used [0x00000000ff280000,0x00000000ff280000,0x00000000ff900000)
 ParOldGen       total 86016K, used 12960K [0x0000000083000000, 0x0000000088400000, 0x00000000d6580000)
  object space 86016K, 15% used [0x0000000083000000,0x0000000083ca82a8,0x0000000088400000)
 Metaspace       used 10766K, capacity 11353K, committed 11520K, reserved 1058816K
  class space    used 1117K, capacity 1271K, committed 1280K, reserved 1048576K
Event: 108.853 GC heap after
Heap after GC invocations=26 (full 0):
 PSYoungGen      total 569344K, used 96K [0x00000000d6580000, 0x00000000ff300000, 0x0000000100000000)
  eden space 568832K, 0% used [0x00000000d6580000,0x00000000d6580000,0x00000000f9100000)
  from space 512K, 18% used [0x00000000ff280000,0x00000000ff298000,0x00000000ff300000)
  to   space 6144K, 0% used [0x00000000fe700000,0x00000000fe700000,0x00000000fed00000)
 ParOldGen       total 86016K, used 12960K [0x0000000083000000, 0x0000000088400000, 0x00000000d6580000)
  object space 86016K, 15% used [0x0000000083000000,0x0000000083ca82a8,0x0000000088400000)
 Metaspace       used 10766K, capacity 11353K, committed 11520K, reserved 1058816K
  class space    used 1117K, capacity 1271K, committed 1280K, reserved 1048576K
}

