# JRE version: Java(TM) SE Runtime Environment (8.0_51-b16) (build 1.8.0_51-b16)
# Java VM: Java HotSpot(TM) 64-Bit Server VM (25.51-b03 mixed mode windows-amd64 compressed oops)
Heap:
 PSYoungGen      total 207360K, used 175956K [0x00000000d6000000, 0x00000000f3180000, 0x0000000100000000)
  eden space 204288K, 86% used [0x00000000d6000000,0x00000000e0bcd0e8,0x00000000e2780000)
  from space 3072K, 1% used [0x00000000f2b80000,0x00000000f2b88000,0x00000000f2e80000)
  to   space 3072K, 0% used [0x00000000f2e80000,0x00000000f2e80000,0x00000000f3180000)
 ParOldGen       total 86016K, used 14229K [0x0000000082000000, 0x0000000087400000, 0x00000000d6000000)
  object space 86016K, 16% used [0x0000000082000000,0x0000000082de56e0,0x0000000087400000)
 Metaspace       used 10729K, capacity 11343K, committed 11520K, reserved 1058816K
  class space    used 1114K, capacity 1244K, committed 1280K, reserved 1048576K
GC Heap History (10 events):
Event: 13.139 GC heap before
{Heap before GC invocations=33 (full 0):
 PSYoungGen      total 147456K, used 147104K [0x00000000d6000000, 0x00000000f3800000, 0x0000000100000000)
  eden space 146944K, 100% used [0x00000000d6000000,0x00000000def80000,0x00000000def80000)
  from space 512K, 31% used [0x00000000f3780000,0x00000000f37a8000,0x00000000f3800000)
  to   space 4096K, 0% used [0x00000000f3000000,0x00000000f3000000,0x00000000f3400000)
 ParOldGen       total 86016K, used 14221K [0x0000000082000000, 0x0000000087400000, 0x00000000d6000000)
  object space 86016K, 16% used [0x0000000082000000,0x0000000082de36e0,0x0000000087400000)
 Metaspace       used 10548K, capacity 11145K, committed 11264K, reserved 1058816K
  class space    used 1093K, capacity 1231K, committed 1280K, reserved 1048576K
Event: 13.140 GC heap after
Heap after GC invocations=33 (full 0):
 PSYoungGen      total 145408K, used 192K [0x00000000d6000000, 0x00000000f3800000, 0x0000000100000000)
  eden space 141312K, 0% used [0x00000000d6000000,0x00000000d6000000,0x00000000dea00000)
  from space 4096K, 4% used [0x00000000f3000000,0x00000000f3030000,0x00000000f3400000)
  to   space 4096K, 0% used [0x00000000f3400000,0x00000000f3400000,0x00000000f3800000)
 ParOldGen       total 86016K, used 14229K [0x0000000082000000, 0x0000000087400000, 0x00000000d6000000)
  object space 86016K, 16% used [0x0000000082000000,0x0000000082de56e0,0x0000000087400000)
 Metaspace       used 10548K, capacity 11145K, committed 11264K, reserved 1058816K
  class space    used 1093K, capacity 1231K, committed 1280K, reserved 1048576K
}
Event: 13.183 GC heap before
{Heap before GC invocations=34 (full 0):
 PSYoungGen      total 145408K, used 141504K [0x00000000d6000000, 0x00000000f3800000, 0x0000000100000000)
  eden space 141312K, 100% used [0x00000000d6000000,0x00000000dea00000,0x00000000dea00000)
  from space 4096K, 4% used [0x00000000f3000000,0x00000000f3030000,0x00000000f3400000)
  to   space 4096K, 0% used [0x00000000f3400000,0x00000000f3400000,0x00000000f3800000)
 ParOldGen       total 86016K, used 14229K [0x0000000082000000, 0x0000000087400000, 0x00000000d6000000)
  object space 86016K, 16% used [0x0000000082000000,0x0000000082de56e0,0x0000000087400000)
 Metaspace       used 10548K, capacity 11145K, committed 11264K, reserved 1058816K
  class space    used 1093K, capacity 1231K, committed 1280K, reserved 1048576K
Event: 13.184 GC heap after
Heap after GC invocations=34 (full 0):
 PSYoungGen      total 136192K, used 32K [0x00000000d6000000, 0x00000000f3480000, 0x0000000100000000)
  eden space 135680K, 0% used [0x00000000d6000000,0x00000000d6000000,0x00000000de480000)
  from space 512K, 6% used [0x00000000f3400000,0x00000000f3408000,0x00000000f3480000)
  to   space 3584K, 0% used [0x00000000f2d80000,0x00000000f2d80000,0x00000000f3100000)
 ParOldGen       total 86016K, used 14229K [0x0000000082000000, 0x0000000087400000, 0x00000000d6000000)
  object space 86016K, 16% used [0x0000000082000000,0x0000000082de56e0,0x0000000087400000)
 Metaspace       used 10548K, capacity 11145K, committed 11264K, reserved 1058816K
  class space    used 1093K, capacity 1231K, committed 1280K, reserved 1048576K
}
Event: 13.226 GC heap before
{Heap before GC invocations=35 (full 0):
 PSYoungGen      total 136192K, used 135712K [0x00000000d6000000, 0x00000000f3480000, 0x0000000100000000)
  eden space 135680K, 100% used [0x00000000d6000000,0x00000000de480000,0x00000000de480000)
  from space 512K, 6% used [0x00000000f3400000,0x00000000f3408000,0x00000000f3480000)
  to   space 3584K, 0% used [0x00000000f2d80000,0x00000000f2d80000,0x00000000f3100000)
 ParOldGen       total 86016K, used 14229K [0x0000000082000000, 0x0000000087400000, 0x00000000d6000000)
  object space 86016K, 16% used [0x0000000082000000,0x0000000082de56e0,0x0000000087400000)
 Metaspace       used 10548K, capacity 11145K, committed 11264K, reserved 1058816K
  class space    used 1093K, capacity 1231K, committed 1280K, reserved 1048576K
Event: 13.227 GC heap after
Heap after GC invocations=35 (full 0):
 PSYoungGen      total 134144K, used 160K [0x00000000d6000000, 0x00000000f3480000, 0x0000000100000000)
  eden space 130560K, 0% used [0x00000000d6000000,0x00000000d6000000,0x00000000ddf80000)
  from space 3584K, 4% used [0x00000000f2d80000,0x00000000f2da8000,0x00000000f3100000)
  to   space 3584K, 0% used [0x00000000f3100000,0x00000000f3100000,0x00000000f3480000)
 ParOldGen       total 86016K, used 14229K [0x0000000082000000, 0x0000000087400000, 0x00000000d6000000)
  object space 86016K, 16% used [0x0000000082000000,0x0000000082de56e0,0x0000000087400000)
 Metaspace       used 10548K, capacity 11145K, committed 11264K, reserved 1058816K
  class space    used 1093K, capacity 1231K, committed 1280K, reserved 1048576K
}
Event: 13.269 GC heap before
{Heap before GC invocations=36 (full 0):
 PSYoungGen      total 134144K, used 130720K [0x00000000d6000000, 0x00000000f3480000, 0x0000000100000000)
  eden space 130560K, 100% used [0x00000000d6000000,0x00000000ddf80000,0x00000000ddf80000)
  from space 3584K, 4% used [0x00000000f2d80000,0x00000000f2da8000,0x00000000f3100000)
  to   space 3584K, 0% used [0x00000000f3100000,0x00000000f3100000,0x00000000f3480000)
 ParOldGen       total 86016K, used 14229K [0x0000000082000000, 0x0000000087400000, 0x00000000d6000000)
  object space 86016K, 16% used [0x0000000082000000,0x0000000082de56e0,0x0000000087400000)
 Metaspace       used 10548K, capacity 11145K, committed 11264K, reserved 1058816K
  class space    used 1093K, capacity 1231K, committed 1280K, reserved 1048576K
Event: 13.270 GC heap after
Heap after GC invocations=36 (full 0):
 PSYoungGen      total 163840K, used 96K [0x00000000d6000000, 0x00000000f3180000, 0x0000000100000000)
  eden space 163328K, 0% used [0x00000000d6000000,0x00000000d6000000,0x00000000dff80000)
  from space 512K, 18% used [0x00000000f3100000,0x00000000f3118000,0x00000000f3180000)
  to   space 3072K, 0% used [0x00000000f2b80000,0x00000000f2b80000,0x00000000f2e80000)
 ParOldGen       total 86016K, used 14229K [0x0000000082000000, 0x0000000087400000, 0x00000000d6000000)
  object space 86016K, 16% used [0x0000000082000000,0x0000000082de56e0,0x0000000087400000)
 Metaspace       used 10548K, capacity 11145K, committed 11264K, reserved 1058816K
  class space    used 1093K, capacity 1231K, committed 1280K, reserved 1048576K
}
Event: 13.321 GC heap before
{Heap before GC invocations=37 (full 0):
 PSYoungGen      total 163840K, used 163424K [0x00000000d6000000, 0x00000000f3180000, 0x0000000100000000)
  eden space 163328K, 100% used [0x00000000d6000000,0x00000000dff80000,0x00000000dff80000)
  from space 512K, 18% used [0x00000000f3100000,0x00000000f3118000,0x00000000f3180000)
  to   space 3072K, 0% used [0x00000000f2b80000,0x00000000f2b80000,0x00000000f2e80000)
 ParOldGen       total 86016K, used 14229K [0x0000000082000000, 0x0000000087400000, 0x00000000d6000000)
  object space 86016K, 16% used [0x0000000082000000,0x0000000082de56e0,0x0000000087400000)
 Metaspace       used 10548K, capacity 11145K, committed 11264K, reserved 1058816K
  class space    used 1093K, capacity 1231K, committed 1280K, reserved 1048576K
Event: 13.322 GC heap after
Heap after GC invocations=37 (full 0):
 PSYoungGen      total 207360K, used 32K [0x00000000d6000000, 0x00000000f3180000, 0x0000000100000000)
  eden space 204288K, 0% used [0x00000000d6000000,0x00000000d6000000,0x00000000e2780000)
  from space 3072K, 1% used [0x00000000f2b80000,0x00000000f2b88000,0x00000000f2e80000)
  to   space 3072K, 0% used [0x00000000f2e80000,0x00000000f2e80000,0x00000000f3180000)
 ParOldGen       total 86016K, used 14229K [0x0000000082000000, 0x0000000087400000, 0x00000000d6000000)
  object space 86016K, 16% used [0x0000000082000000,0x0000000082de56e0,0x0000000087400000)
 Metaspace       used 10548K, capacity 11145K, committed 11264K, reserved 1058816K
  class space    used 1093K, capacity 1231K, committed 1280K, reserved 1048576K
}

