# JRE version: Java(TM) SE Runtime Environment (8.0_65-b17) (build 1.8.0_65-b17)
# Java VM: Java HotSpot(TM) 64-Bit Server VM (25.65-b01 mixed mode windows-amd64 compressed oops)
Heap:
 PSYoungGen      total 117248K, used 46521K [0x00000000d6580000, 0x00000000f5800000, 0x0000000100000000)
  eden space 116224K, 40% used [0x00000000d6580000,0x00000000d92e66c8,0x00000000dd700000)
  from space 1024K, 3% used [0x00000000f5600000,0x00000000f5608000,0x00000000f5700000)
  to   space 1024K, 0% used [0x00000000f5700000,0x00000000f5700000,0x00000000f5800000)
 ParOldGen       total 86016K, used 13176K [0x0000000083000000, 0x0000000088400000, 0x00000000d6580000)
  object space 86016K, 15% used [0x0000000083000000,0x0000000083cde100,0x0000000088400000)
 Metaspace       used 10817K, capacity 11533K, committed 11648K, reserved 1058816K
  class space    used 1130K, capacity 1293K, committed 1408K, reserved 1048576K
GC Heap History (10 events):
Event: 62.749 GC heap before
{Heap before GC invocations=49 (full 0):
 PSYoungGen      total 141824K, used 141344K [0x00000000d6580000, 0x00000000f5900000, 0x0000000100000000)
  eden space 141312K, 100% used [0x00000000d6580000,0x00000000def80000,0x00000000def80000)
  from space 512K, 6% used [0x00000000f5880000,0x00000000f5888000,0x00000000f5900000)
  to   space 1536K, 0% used [0x00000000f5600000,0x00000000f5600000,0x00000000f5780000)
 ParOldGen       total 86016K, used 13160K [0x0000000083000000, 0x0000000088400000, 0x00000000d6580000)
  object space 86016K, 15% used [0x0000000083000000,0x0000000083cda100,0x0000000088400000)
 Metaspace       used 10817K, capacity 11533K, committed 11648K, reserved 1058816K
  class space    used 1130K, capacity 1293K, committed 1408K, reserved 1048576K
Event: 62.750 GC heap after
Heap after GC invocations=49 (full 0):
 PSYoungGen      total 137216K, used 64K [0x00000000d6580000, 0x00000000f5900000, 0x0000000100000000)
  eden space 135680K, 0% used [0x00000000d6580000,0x00000000d6580000,0x00000000dea00000)
  from space 1536K, 4% used [0x00000000f5600000,0x00000000f5610000,0x00000000f5780000)
  to   space 1024K, 0% used [0x00000000f5800000,0x00000000f5800000,0x00000000f5900000)
 ParOldGen       total 86016K, used 13160K [0x0000000083000000, 0x0000000088400000, 0x00000000d6580000)
  object space 86016K, 15% used [0x0000000083000000,0x0000000083cda100,0x0000000088400000)
 Metaspace       used 10817K, capacity 11533K, committed 11648K, reserved 1058816K
  class space    used 1130K, capacity 1293K, committed 1408K, reserved 1048576K
}
Event: 65.592 GC heap before
{Heap before GC invocations=50 (full 0):
 PSYoungGen      total 137216K, used 135744K [0x00000000d6580000, 0x00000000f5900000, 0x0000000100000000)
  eden space 135680K, 100% used [0x00000000d6580000,0x00000000dea00000,0x00000000dea00000)
  from space 1536K, 4% used [0x00000000f5600000,0x00000000f5610000,0x00000000f5780000)
  to   space 1024K, 0% used [0x00000000f5800000,0x00000000f5800000,0x00000000f5900000)
 ParOldGen       total 86016K, used 13160K [0x0000000083000000, 0x0000000088400000, 0x00000000d6580000)
  object space 86016K, 15% used [0x0000000083000000,0x0000000083cda100,0x0000000088400000)
 Metaspace       used 10817K, capacity 11533K, committed 11648K, reserved 1058816K
  class space    used 1130K, capacity 1293K, committed 1408K, reserved 1048576K
Event: 65.592 GC heap after
Heap after GC invocations=50 (full 0):
 PSYoungGen      total 131072K, used 32K [0x00000000d6580000, 0x00000000f5880000, 0x0000000100000000)
  eden space 130560K, 0% used [0x00000000d6580000,0x00000000d6580000,0x00000000de500000)
  from space 512K, 6% used [0x00000000f5800000,0x00000000f5808000,0x00000000f5880000)
  to   space 1024K, 0% used [0x00000000f5680000,0x00000000f5680000,0x00000000f5780000)
 ParOldGen       total 86016K, used 13168K [0x0000000083000000, 0x0000000088400000, 0x00000000d6580000)
  object space 86016K, 15% used [0x0000000083000000,0x0000000083cdc100,0x0000000088400000)
 Metaspace       used 10817K, capacity 11533K, committed 11648K, reserved 1058816K
  class space    used 1130K, capacity 1293K, committed 1408K, reserved 1048576K
}
Event: 65.641 GC heap before
{Heap before GC invocations=51 (full 0):
 PSYoungGen      total 131072K, used 130592K [0x00000000d6580000, 0x00000000f5880000, 0x0000000100000000)
  eden space 130560K, 100% used [0x00000000d6580000,0x00000000de500000,0x00000000de500000)
  from space 512K, 6% used [0x00000000f5800000,0x00000000f5808000,0x00000000f5880000)
  to   space 1024K, 0% used [0x00000000f5680000,0x00000000f5680000,0x00000000f5780000)
 ParOldGen       total 86016K, used 13168K [0x0000000083000000, 0x0000000088400000, 0x00000000d6580000)
  object space 86016K, 15% used [0x0000000083000000,0x0000000083cdc100,0x0000000088400000)
 Metaspace       used 10817K, capacity 11533K, committed 11648K, reserved 1058816K
  class space    used 1130K, capacity 1293K, committed 1408K, reserved 1048576K
Event: 65.642 GC heap after
Heap after GC invocations=51 (full 0):
 PSYoungGen      total 126464K, used 32K [0x00000000d6580000, 0x00000000f5880000, 0x0000000100000000)
  eden space 125440K, 0% used [0x00000000d6580000,0x00000000d6580000,0x00000000de000000)
  from space 1024K, 3% used [0x00000000f5680000,0x00000000f5688000,0x00000000f5780000)
  to   space 1024K, 0% used [0x00000000f5780000,0x00000000f5780000,0x00000000f5880000)
 ParOldGen       total 86016K, used 13176K [0x0000000083000000, 0x0000000088400000, 0x00000000d6580000)
  object space 86016K, 15% used [0x0000000083000000,0x0000000083cde100,0x0000000088400000)
 Metaspace       used 10817K, capacity 11533K, committed 11648K, reserved 1058816K
  class space    used 1130K, capacity 1293K, committed 1408K, reserved 1048576K
}
Event: 65.689 GC heap before
{Heap before GC invocations=52 (full 0):
 PSYoungGen      total 126464K, used 125472K [0x00000000d6580000, 0x00000000f5880000, 0x0000000100000000)
  eden space 125440K, 100% used [0x00000000d6580000,0x00000000de000000,0x00000000de000000)
  from space 1024K, 3% used [0x00000000f5680000,0x00000000f5688000,0x00000000f5780000)
  to   space 1024K, 0% used [0x00000000f5780000,0x00000000f5780000,0x00000000f5880000)
 ParOldGen       total 86016K, used 13176K [0x0000000083000000, 0x0000000088400000, 0x00000000d6580000)
  object space 86016K, 15% used [0x0000000083000000,0x0000000083cde100,0x0000000088400000)
 Metaspace       used 10817K, capacity 11533K, committed 11648K, reserved 1058816K
  class space    used 1130K, capacity 1293K, committed 1408K, reserved 1048576K
Event: 65.689 GC heap after
Heap after GC invocations=52 (full 0):
 PSYoungGen      total 121344K, used 32K [0x00000000d6580000, 0x00000000f5800000, 0x0000000100000000)
  eden space 120832K, 0% used [0x00000000d6580000,0x00000000d6580000,0x00000000ddb80000)
  from space 512K, 6% used [0x00000000f5780000,0x00000000f5788000,0x00000000f5800000)
  to   space 1024K, 0% used [0x00000000f5600000,0x00000000f5600000,0x00000000f5700000)
 ParOldGen       total 86016K, used 13176K [0x0000000083000000, 0x0000000088400000, 0x00000000d6580000)
  object space 86016K, 15% used [0x0000000083000000,0x0000000083cde100,0x0000000088400000)
 Metaspace       used 10817K, capacity 11533K, committed 11648K, reserved 1058816K
  class space    used 1130K, capacity 1293K, committed 1408K, reserved 1048576K
}
Event: 65.735 GC heap before
{Heap before GC invocations=53 (full 0):
 PSYoungGen      total 121344K, used 120864K [0x00000000d6580000, 0x00000000f5800000, 0x0000000100000000)
  eden space 120832K, 100% used [0x00000000d6580000,0x00000000ddb80000,0x00000000ddb80000)
  from space 512K, 6% used [0x00000000f5780000,0x00000000f5788000,0x00000000f5800000)
  to   space 1024K, 0% used [0x00000000f5600000,0x00000000f5600000,0x00000000f5700000)
 ParOldGen       total 86016K, used 13176K [0x0000000083000000, 0x0000000088400000, 0x00000000d6580000)
  object space 86016K, 15% used [0x0000000083000000,0x0000000083cde100,0x0000000088400000)
 Metaspace       used 10817K, capacity 11533K, committed 11648K, reserved 1058816K
  class space    used 1130K, capacity 1293K, committed 1408K, reserved 1048576K
Event: 65.735 GC heap after
Heap after GC invocations=53 (full 0):
 PSYoungGen      total 117248K, used 32K [0x00000000d6580000, 0x00000000f5800000, 0x0000000100000000)
  eden space 116224K, 0% used [0x00000000d6580000,0x00000000d6580000,0x00000000dd700000)
  from space 1024K, 3% used [0x00000000f5600000,0x00000000f5608000,0x00000000f5700000)
  to   space 1024K, 0% used [0x00000000f5700000,0x00000000f5700000,0x00000000f5800000)
 ParOldGen       total 86016K, used 13176K [0x0000000083000000, 0x0000000088400000, 0x00000000d6580000)
  object space 86016K, 15% used [0x0000000083000000,0x0000000083cde100,0x0000000088400000)
 Metaspace       used 10817K, capacity 11533K, committed 11648K, reserved 1058816K
  class space    used 1130K, capacity 1293K, committed 1408K, reserved 1048576K
}

