# JRE version: Java(TM) SE Runtime Environment (8.0_51-b16) (build 1.8.0_51-b16)
# Java VM: Java HotSpot(TM) 64-Bit Server VM (25.51-b03 mixed mode windows-amd64 compressed oops)
Heap:
 PSYoungGen      total 247296K, used 187674K [0x00000000d6000000, 0x00000000f2580000, 0x0000000100000000)
  eden space 246784K, 75% used [0x00000000d6000000,0x00000000e171e838,0x00000000e5100000)
  from space 512K, 31% used [0x00000000f2500000,0x00000000f2528000,0x00000000f2580000)
  to   space 1024K, 0% used [0x00000000f2380000,0x00000000f2380000,0x00000000f2480000)
 ParOldGen       total 86016K, used 13501K [0x0000000082000000, 0x0000000087400000, 0x00000000d6000000)
  object space 86016K, 15% used [0x0000000082000000,0x0000000082d2f4e0,0x0000000087400000)
 Metaspace       used 10725K, capacity 11359K, committed 11520K, reserved 1058816K
  class space    used 1116K, capacity 1248K, committed 1280K, reserved 1048576K
GC Heap History (10 events):
Event: 5.862 GC heap before
{Heap before GC invocations=52 (full 0):
 PSYoungGen      total 309760K, used 308768K [0x00000000d6000000, 0x00000000f2700000, 0x0000000100000000)
  eden space 308736K, 100% used [0x00000000d6000000,0x00000000e8d80000,0x00000000e8d80000)
  from space 1024K, 3% used [0x00000000f2500000,0x00000000f2508000,0x00000000f2600000)
  to   space 1024K, 0% used [0x00000000f2600000,0x00000000f2600000,0x00000000f2700000)
 ParOldGen       total 86016K, used 13277K [0x0000000082000000, 0x0000000087400000, 0x00000000d6000000)
  object space 86016K, 15% used [0x0000000082000000,0x0000000082cf74e0,0x0000000087400000)
 Metaspace       used 10238K, capacity 10691K, committed 11008K, reserved 1058816K
  class space    used 1065K, capacity 1190K, committed 1280K, reserved 1048576K
Event: 5.863 GC heap after
Heap after GC invocations=52 (full 0):
 PSYoungGen      total 295424K, used 160K [0x00000000d6000000, 0x00000000f2680000, 0x0000000100000000)
  eden space 294912K, 0% used [0x00000000d6000000,0x00000000d6000000,0x00000000e8000000)
  from space 512K, 31% used [0x00000000f2600000,0x00000000f2628000,0x00000000f2680000)
  to   space 1024K, 0% used [0x00000000f2480000,0x00000000f2480000,0x00000000f2580000)
 ParOldGen       total 86016K, used 13277K [0x0000000082000000, 0x0000000087400000, 0x00000000d6000000)
  object space 86016K, 15% used [0x0000000082000000,0x0000000082cf74e0,0x0000000087400000)
 Metaspace       used 10238K, capacity 10691K, committed 11008K, reserved 1058816K
  class space    used 1065K, capacity 1190K, committed 1280K, reserved 1048576K
}
Event: 7.133 GC heap before
{Heap before GC invocations=53 (full 0):
 PSYoungGen      total 295424K, used 295072K [0x00000000d6000000, 0x00000000f2680000, 0x0000000100000000)
  eden space 294912K, 100% used [0x00000000d6000000,0x00000000e8000000,0x00000000e8000000)
  from space 512K, 31% used [0x00000000f2600000,0x00000000f2628000,0x00000000f2680000)
  to   space 1024K, 0% used [0x00000000f2480000,0x00000000f2480000,0x00000000f2580000)
 ParOldGen       total 86016K, used 13277K [0x0000000082000000, 0x0000000087400000, 0x00000000d6000000)
  object space 86016K, 15% used [0x0000000082000000,0x0000000082cf74e0,0x0000000087400000)
 Metaspace       used 10662K, capacity 11251K, committed 11520K, reserved 1058816K
  class space    used 1114K, capacity 1246K, committed 1280K, reserved 1048576K
Event: 7.134 GC heap after
Heap after GC invocations=53 (full 0):
 PSYoungGen      total 283136K, used 348K [0x00000000d6000000, 0x00000000f2680000, 0x0000000100000000)
  eden space 282112K, 0% used [0x00000000d6000000,0x00000000d6000000,0x00000000e7380000)
  from space 1024K, 33% used [0x00000000f2480000,0x00000000f24d7098,0x00000000f2580000)
  to   space 1024K, 0% used [0x00000000f2580000,0x00000000f2580000,0x00000000f2680000)
 ParOldGen       total 86016K, used 13285K [0x0000000082000000, 0x0000000087400000, 0x00000000d6000000)
  object space 86016K, 15% used [0x0000000082000000,0x0000000082cf94e0,0x0000000087400000)
 Metaspace       used 10662K, capacity 11251K, committed 11520K, reserved 1058816K
  class space    used 1114K, capacity 1246K, committed 1280K, reserved 1048576K
}
Event: 10.516 GC heap before
{Heap before GC invocations=54 (full 0):
 PSYoungGen      total 283136K, used 282460K [0x00000000d6000000, 0x00000000f2680000, 0x0000000100000000)
  eden space 282112K, 100% used [0x00000000d6000000,0x00000000e7380000,0x00000000e7380000)
  from space 1024K, 33% used [0x00000000f2480000,0x00000000f24d7098,0x00000000f2580000)
  to   space 1024K, 0% used [0x00000000f2580000,0x00000000f2580000,0x00000000f2680000)
 ParOldGen       total 86016K, used 13285K [0x0000000082000000, 0x0000000087400000, 0x00000000d6000000)
  object space 86016K, 15% used [0x0000000082000000,0x0000000082cf94e0,0x0000000087400000)
 Metaspace       used 10718K, capacity 11295K, committed 11520K, reserved 1058816K
  class space    used 1116K, capacity 1248K, committed 1280K, reserved 1048576K
Event: 10.517 GC heap after
Heap after GC invocations=54 (full 0):
 PSYoungGen      total 270336K, used 224K [0x00000000d6000000, 0x00000000f2600000, 0x0000000100000000)
  eden space 269824K, 0% used [0x00000000d6000000,0x00000000d6000000,0x00000000e6780000)
  from space 512K, 43% used [0x00000000f2580000,0x00000000f25b8000,0x00000000f2600000)
  to   space 1024K, 0% used [0x00000000f2400000,0x00000000f2400000,0x00000000f2500000)
 ParOldGen       total 86016K, used 13445K [0x0000000082000000, 0x0000000087400000, 0x00000000d6000000)
  object space 86016K, 15% used [0x0000000082000000,0x0000000082d214e0,0x0000000087400000)
 Metaspace       used 10718K, capacity 11295K, committed 11520K, reserved 1058816K
  class space    used 1116K, capacity 1248K, committed 1280K, reserved 1048576K
}
Event: 11.993 GC heap before
{Heap before GC invocations=55 (full 0):
 PSYoungGen      total 270336K, used 270048K [0x00000000d6000000, 0x00000000f2600000, 0x0000000100000000)
  eden space 269824K, 100% used [0x00000000d6000000,0x00000000e6780000,0x00000000e6780000)
  from space 512K, 43% used [0x00000000f2580000,0x00000000f25b8000,0x00000000f2600000)
  to   space 1024K, 0% used [0x00000000f2400000,0x00000000f2400000,0x00000000f2500000)
 ParOldGen       total 86016K, used 13445K [0x0000000082000000, 0x0000000087400000, 0x00000000d6000000)
  object space 86016K, 15% used [0x0000000082000000,0x0000000082d214e0,0x0000000087400000)
 Metaspace       used 10723K, capacity 11359K, committed 11520K, reserved 1058816K
  class space    used 1116K, capacity 1248K, committed 1280K, reserved 1048576K
Event: 11.994 GC heap after
Heap after GC invocations=55 (full 0):
 PSYoungGen      total 259072K, used 192K [0x00000000d6000000, 0x00000000f2600000, 0x0000000100000000)
  eden space 258048K, 0% used [0x00000000d6000000,0x00000000d6000000,0x00000000e5c00000)
  from space 1024K, 18% used [0x00000000f2400000,0x00000000f2430000,0x00000000f2500000)
  to   space 1024K, 0% used [0x00000000f2500000,0x00000000f2500000,0x00000000f2600000)
 ParOldGen       total 86016K, used 13501K [0x0000000082000000, 0x0000000087400000, 0x00000000d6000000)
  object space 86016K, 15% used [0x0000000082000000,0x0000000082d2f4e0,0x0000000087400000)
 Metaspace       used 10723K, capacity 11359K, committed 11520K, reserved 1058816K
  class space    used 1116K, capacity 1248K, committed 1280K, reserved 1048576K
}
Event: 13.341 GC heap before
{Heap before GC invocations=56 (full 0):
 PSYoungGen      total 259072K, used 258240K [0x00000000d6000000, 0x00000000f2600000, 0x0000000100000000)
  eden space 258048K, 100% used [0x00000000d6000000,0x00000000e5c00000,0x00000000e5c00000)
  from space 1024K, 18% used [0x00000000f2400000,0x00000000f2430000,0x00000000f2500000)
  to   space 1024K, 0% used [0x00000000f2500000,0x00000000f2500000,0x00000000f2600000)
 ParOldGen       total 86016K, used 13501K [0x0000000082000000, 0x0000000087400000, 0x00000000d6000000)
  object space 86016K, 15% used [0x0000000082000000,0x0000000082d2f4e0,0x0000000087400000)
 Metaspace       used 10725K, capacity 11359K, committed 11520K, reserved 1058816K
  class space    used 1116K, capacity 1248K, committed 1280K, reserved 1048576K
Event: 13.341 GC heap after
Heap after GC invocations=56 (full 0):
 PSYoungGen      total 247296K, used 160K [0x00000000d6000000, 0x00000000f2580000, 0x0000000100000000)
  eden space 246784K, 0% used [0x00000000d6000000,0x00000000d6000000,0x00000000e5100000)
  from space 512K, 31% used [0x00000000f2500000,0x00000000f2528000,0x00000000f2580000)
  to   space 1024K, 0% used [0x00000000f2380000,0x00000000f2380000,0x00000000f2480000)
 ParOldGen       total 86016K, used 13501K [0x0000000082000000, 0x0000000087400000, 0x00000000d6000000)
  object space 86016K, 15% used [0x0000000082000000,0x0000000082d2f4e0,0x0000000087400000)
 Metaspace       used 10725K, capacity 11359K, committed 11520K, reserved 1058816K
  class space    used 1116K, capacity 1248K, committed 1280K, reserved 1048576K
}

