# JRE version: Java(TM) SE Runtime Environment (8.0_65-b17) (build 1.8.0_65-b17)
# Java VM: Java HotSpot(TM) 64-Bit Server VM (25.65-b01 mixed mode windows-amd64 compressed oops)
Heap:
 PSYoungGen      total 233984K, used 75046K [0x00000000d6580000, 0x00000000f3d80000, 0x0000000100000000)
  eden space 233472K, 32% used [0x00000000d6580000,0x00000000daeb9850,0x00000000e4980000)
  from space 512K, 12% used [0x00000000f3d00000,0x00000000f3d10000,0x00000000f3d80000)
  to   space 4096K, 0% used [0x00000000f3580000,0x00000000f3580000,0x00000000f3980000)
 ParOldGen       total 86016K, used 14703K [0x0000000083000000, 0x0000000088400000, 0x00000000d6580000)
  object space 86016K, 17% used [0x0000000083000000,0x0000000083e5be10,0x0000000088400000)
 Metaspace       used 10608K, capacity 11187K, committed 11264K, reserved 1058816K
  class space    used 1115K, capacity 1246K, committed 1280K, reserved 1048576K
GC Heap History (10 events):
Event: 6.733 GC heap before
{Heap before GC invocations=28 (full 0):
 PSYoungGen      total 297984K, used 291872K [0x00000000d6580000, 0x00000000f4b00000, 0x0000000100000000)
  eden space 291840K, 100% used [0x00000000d6580000,0x00000000e8280000,0x00000000e8280000)
  from space 6144K, 0% used [0x00000000f3f00000,0x00000000f3f08000,0x00000000f4500000)
  to   space 5632K, 0% used [0x00000000f4580000,0x00000000f4580000,0x00000000f4b00000)
 ParOldGen       total 86016K, used 14703K [0x0000000083000000, 0x0000000088400000, 0x00000000d6580000)
  object space 86016K, 17% used [0x0000000083000000,0x0000000083e5be10,0x0000000088400000)
 Metaspace       used 10432K, capacity 10987K, committed 11264K, reserved 1058816K
  class space    used 1094K, capacity 1232K, committed 1280K, reserved 1048576K
Event: 6.733 GC heap after
Heap after GC invocations=28 (full 0):
 PSYoungGen      total 279552K, used 32K [0x00000000d6580000, 0x00000000f4600000, 0x0000000100000000)
  eden space 279040K, 0% used [0x00000000d6580000,0x00000000d6580000,0x00000000e7600000)
  from space 512K, 6% used [0x00000000f4580000,0x00000000f4588000,0x00000000f4600000)
  to   space 5632K, 0% used [0x00000000f3b00000,0x00000000f3b00000,0x00000000f4080000)
 ParOldGen       total 86016K, used 14703K [0x0000000083000000, 0x0000000088400000, 0x00000000d6580000)
  object space 86016K, 17% used [0x0000000083000000,0x0000000083e5be10,0x0000000088400000)
 Metaspace       used 10432K, capacity 10987K, committed 11264K, reserved 1058816K
  class space    used 1094K, capacity 1232K, committed 1280K, reserved 1048576K
}
Event: 6.817 GC heap before
{Heap before GC invocations=29 (full 0):
 PSYoungGen      total 279552K, used 279072K [0x00000000d6580000, 0x00000000f4600000, 0x0000000100000000)
  eden space 279040K, 100% used [0x00000000d6580000,0x00000000e7600000,0x00000000e7600000)
  from space 512K, 6% used [0x00000000f4580000,0x00000000f4588000,0x00000000f4600000)
  to   space 5632K, 0% used [0x00000000f3b00000,0x00000000f3b00000,0x00000000f4080000)
 ParOldGen       total 86016K, used 14703K [0x0000000083000000, 0x0000000088400000, 0x00000000d6580000)
  object space 86016K, 17% used [0x0000000083000000,0x0000000083e5be10,0x0000000088400000)
 Metaspace       used 10432K, capacity 10987K, committed 11264K, reserved 1058816K
  class space    used 1094K, capacity 1232K, committed 1280K, reserved 1048576K
Event: 6.818 GC heap after
Heap after GC invocations=29 (full 0):
 PSYoungGen      total 272384K, used 64K [0x00000000d6580000, 0x00000000f4600000, 0x0000000100000000)
  eden space 266752K, 0% used [0x00000000d6580000,0x00000000d6580000,0x00000000e6a00000)
  from space 5632K, 1% used [0x00000000f3b00000,0x00000000f3b10000,0x00000000f4080000)
  to   space 5120K, 0% used [0x00000000f4100000,0x00000000f4100000,0x00000000f4600000)
 ParOldGen       total 86016K, used 14703K [0x0000000083000000, 0x0000000088400000, 0x00000000d6580000)
  object space 86016K, 17% used [0x0000000083000000,0x0000000083e5be10,0x0000000088400000)
 Metaspace       used 10432K, capacity 10987K, committed 11264K, reserved 1058816K
  class space    used 1094K, capacity 1232K, committed 1280K, reserved 1048576K
}
Event: 6.935 GC heap before
{Heap before GC invocations=30 (full 0):
 PSYoungGen      total 272384K, used 266816K [0x00000000d6580000, 0x00000000f4600000, 0x0000000100000000)
  eden space 266752K, 100% used [0x00000000d6580000,0x00000000e6a00000,0x00000000e6a00000)
  from space 5632K, 1% used [0x00000000f3b00000,0x00000000f3b10000,0x00000000f4080000)
  to   space 5120K, 0% used [0x00000000f4100000,0x00000000f4100000,0x00000000f4600000)
 ParOldGen       total 86016K, used 14703K [0x0000000083000000, 0x0000000088400000, 0x00000000d6580000)
  object space 86016K, 17% used [0x0000000083000000,0x0000000083e5be10,0x0000000088400000)
 Metaspace       used 10432K, capacity 10987K, committed 11264K, reserved 1058816K
  class space    used 1094K, capacity 1232K, committed 1280K, reserved 1048576K
Event: 6.937 GC heap after
Heap after GC invocations=30 (full 0):
 PSYoungGen      total 255488K, used 32K [0x00000000d6580000, 0x00000000f4180000, 0x0000000100000000)
  eden space 254976K, 0% used [0x00000000d6580000,0x00000000d6580000,0x00000000e5e80000)
  from space 512K, 6% used [0x00000000f4100000,0x00000000f4108000,0x00000000f4180000)
  to   space 4608K, 0% used [0x00000000f3880000,0x00000000f3880000,0x00000000f3d00000)
 ParOldGen       total 86016K, used 14703K [0x0000000083000000, 0x0000000088400000, 0x00000000d6580000)
  object space 86016K, 17% used [0x0000000083000000,0x0000000083e5be10,0x0000000088400000)
 Metaspace       used 10432K, capacity 10987K, committed 11264K, reserved 1058816K
  class space    used 1094K, capacity 1232K, committed 1280K, reserved 1048576K
}
Event: 7.024 GC heap before
{Heap before GC invocations=31 (full 0):
 PSYoungGen      total 255488K, used 255007K [0x00000000d6580000, 0x00000000f4180000, 0x0000000100000000)
  eden space 254976K, 99% used [0x00000000d6580000,0x00000000e5e7ffc8,0x00000000e5e80000)
  from space 512K, 6% used [0x00000000f4100000,0x00000000f4108000,0x00000000f4180000)
  to   space 4608K, 0% used [0x00000000f3880000,0x00000000f3880000,0x00000000f3d00000)
 ParOldGen       total 86016K, used 14703K [0x0000000083000000, 0x0000000088400000, 0x00000000d6580000)
  object space 86016K, 17% used [0x0000000083000000,0x0000000083e5be10,0x0000000088400000)
 Metaspace       used 10432K, capacity 10987K, committed 11264K, reserved 1058816K
  class space    used 1094K, capacity 1232K, committed 1280K, reserved 1048576K
Event: 7.025 GC heap after
Heap after GC invocations=31 (full 0):
 PSYoungGen      total 248320K, used 64K [0x00000000d6580000, 0x00000000f4180000, 0x0000000100000000)
  eden space 243712K, 0% used [0x00000000d6580000,0x00000000d6580000,0x00000000e5380000)
  from space 4608K, 1% used [0x00000000f3880000,0x00000000f3890000,0x00000000f3d00000)
  to   space 4608K, 0% used [0x00000000f3d00000,0x00000000f3d00000,0x00000000f4180000)
 ParOldGen       total 86016K, used 14703K [0x0000000083000000, 0x0000000088400000, 0x00000000d6580000)
  object space 86016K, 17% used [0x0000000083000000,0x0000000083e5be10,0x0000000088400000)
 Metaspace       used 10432K, capacity 10987K, committed 11264K, reserved 1058816K
  class space    used 1094K, capacity 1232K, committed 1280K, reserved 1048576K
}
Event: 7.098 GC heap before
{Heap before GC invocations=32 (full 0):
 PSYoungGen      total 248320K, used 243776K [0x00000000d6580000, 0x00000000f4180000, 0x0000000100000000)
  eden space 243712K, 100% used [0x00000000d6580000,0x00000000e5380000,0x00000000e5380000)
  from space 4608K, 1% used [0x00000000f3880000,0x00000000f3890000,0x00000000f3d00000)
  to   space 4608K, 0% used [0x00000000f3d00000,0x00000000f3d00000,0x00000000f4180000)
 ParOldGen       total 86016K, used 14703K [0x0000000083000000, 0x0000000088400000, 0x00000000d6580000)
  object space 86016K, 17% used [0x0000000083000000,0x0000000083e5be10,0x0000000088400000)
 Metaspace       used 10432K, capacity 10987K, committed 11264K, reserved 1058816K
  class space    used 1094K, capacity 1232K, committed 1280K, reserved 1048576K
Event: 7.099 GC heap after
Heap after GC invocations=32 (full 0):
 PSYoungGen      total 233984K, used 64K [0x00000000d6580000, 0x00000000f3d80000, 0x0000000100000000)
  eden space 233472K, 0% used [0x00000000d6580000,0x00000000d6580000,0x00000000e4980000)
  from space 512K, 12% used [0x00000000f3d00000,0x00000000f3d10000,0x00000000f3d80000)
  to   space 4096K, 0% used [0x00000000f3580000,0x00000000f3580000,0x00000000f3980000)
 ParOldGen       total 86016K, used 14703K [0x0000000083000000, 0x0000000088400000, 0x00000000d6580000)
  object space 86016K, 17% used [0x0000000083000000,0x0000000083e5be10,0x0000000088400000)
 Metaspace       used 10432K, capacity 10987K, committed 11264K, reserved 1058816K
  class space    used 1094K, capacity 1232K, committed 1280K, reserved 1048576K
}

