# JRE version: Java(TM) SE Runtime Environment (8.0_65-b17) (build 1.8.0_65-b17)
# Java VM: Java HotSpot(TM) 64-Bit Server VM (25.65-b01 mixed mode windows-amd64 compressed oops)
Heap:
 PSYoungGen      total 432640K, used 291092K [0x00000000d6580000, 0x00000000fe300000, 0x0000000100000000)
  eden space 432128K, 67% used [0x00000000d6580000,0x00000000e81b51e0,0x00000000f0b80000)
  from space 512K, 12% used [0x00000000fe280000,0x00000000fe290000,0x00000000fe300000)
  to   space 4608K, 0% used [0x00000000fda00000,0x00000000fda00000,0x00000000fde80000)
 ParOldGen       total 86016K, used 11411K [0x0000000083000000, 0x0000000088400000, 0x00000000d6580000)
  object space 86016K, 13% used [0x0000000083000000,0x0000000083b24e58,0x0000000088400000)
 Metaspace       used 11137K, capacity 11919K, committed 12160K, reserved 1060864K
  class space    used 1181K, capacity 1336K, committed 1408K, reserved 1048576K
GC Heap History (10 events):
Event: 109.113 GC heap before
{Heap before GC invocations=26 (full 0):
 PSYoungGen      total 555008K, used 548448K [0x00000000d6580000, 0x00000000ff180000, 0x0000000100000000)
  eden space 548352K, 100% used [0x00000000d6580000,0x00000000f7d00000,0x00000000f7d00000)
  from space 6656K, 1% used [0x00000000fe480000,0x00000000fe498000,0x00000000feb00000)
  to   space 6144K, 0% used [0x00000000feb80000,0x00000000feb80000,0x00000000ff180000)
 ParOldGen       total 86016K, used 11371K [0x0000000083000000, 0x0000000088400000, 0x00000000d6580000)
  object space 86016K, 13% used [0x0000000083000000,0x0000000083b1ae58,0x0000000088400000)
 Metaspace       used 11131K, capacity 11919K, committed 12160K, reserved 1060864K
  class space    used 1180K, capacity 1336K, committed 1408K, reserved 1048576K
Event: 109.114 GC heap after
Heap after GC invocations=26 (full 0):
 PSYoungGen      total 523264K, used 32K [0x00000000d6580000, 0x00000000fec00000, 0x0000000100000000)
  eden space 522752K, 0% used [0x00000000d6580000,0x00000000d6580000,0x00000000f6400000)
  from space 512K, 6% used [0x00000000feb80000,0x00000000feb88000,0x00000000fec00000)
  to   space 5632K, 0% used [0x00000000fe100000,0x00000000fe100000,0x00000000fe680000)
 ParOldGen       total 86016K, used 11395K [0x0000000083000000, 0x0000000088400000, 0x00000000d6580000)
  object space 86016K, 13% used [0x0000000083000000,0x0000000083b20e58,0x0000000088400000)
 Metaspace       used 11131K, capacity 11919K, committed 12160K, reserved 1060864K
  class space    used 1180K, capacity 1336K, committed 1408K, reserved 1048576K
}
Event: 115.175 GC heap before
{Heap before GC invocations=27 (full 0):
 PSYoungGen      total 523264K, used 522784K [0x00000000d6580000, 0x00000000fec00000, 0x0000000100000000)
  eden space 522752K, 100% used [0x00000000d6580000,0x00000000f6400000,0x00000000f6400000)
  from space 512K, 6% used [0x00000000feb80000,0x00000000feb88000,0x00000000fec00000)
  to   space 5632K, 0% used [0x00000000fe100000,0x00000000fe100000,0x00000000fe680000)
 ParOldGen       total 86016K, used 11395K [0x0000000083000000, 0x0000000088400000, 0x00000000d6580000)
  object space 86016K, 13% used [0x0000000083000000,0x0000000083b20e58,0x0000000088400000)
 Metaspace       used 11131K, capacity 11919K, committed 12160K, reserved 1060864K
  class space    used 1180K, capacity 1336K, committed 1408K, reserved 1048576K
Event: 115.175 GC heap after
Heap after GC invocations=27 (full 0):
 PSYoungGen      total 503808K, used 32K [0x00000000d6580000, 0x00000000fec00000, 0x0000000100000000)
  eden space 498176K, 0% used [0x00000000d6580000,0x00000000d6580000,0x00000000f4c00000)
  from space 5632K, 0% used [0x00000000fe100000,0x00000000fe108000,0x00000000fe680000)
  to   space 5632K, 0% used [0x00000000fe680000,0x00000000fe680000,0x00000000fec00000)
 ParOldGen       total 86016K, used 11403K [0x0000000083000000, 0x0000000088400000, 0x00000000d6580000)
  object space 86016K, 13% used [0x0000000083000000,0x0000000083b22e58,0x0000000088400000)
 Metaspace       used 11131K, capacity 11919K, committed 12160K, reserved 1060864K
  class space    used 1180K, capacity 1336K, committed 1408K, reserved 1048576K
}
Event: 115.359 GC heap before
{Heap before GC invocations=28 (full 0):
 PSYoungGen      total 503808K, used 498208K [0x00000000d6580000, 0x00000000fec00000, 0x0000000100000000)
  eden space 498176K, 100% used [0x00000000d6580000,0x00000000f4c00000,0x00000000f4c00000)
  from space 5632K, 0% used [0x00000000fe100000,0x00000000fe108000,0x00000000fe680000)
  to   space 5632K, 0% used [0x00000000fe680000,0x00000000fe680000,0x00000000fec00000)
 ParOldGen       total 86016K, used 11403K [0x0000000083000000, 0x0000000088400000, 0x00000000d6580000)
  object space 86016K, 13% used [0x0000000083000000,0x0000000083b22e58,0x0000000088400000)
 Metaspace       used 11131K, capacity 11919K, committed 12160K, reserved 1060864K
  class space    used 1180K, capacity 1336K, committed 1408K, reserved 1048576K
Event: 115.359 GC heap after
Heap after GC invocations=28 (full 0):
 PSYoungGen      total 475648K, used 32K [0x00000000d6580000, 0x00000000fe700000, 0x0000000100000000)
  eden space 475136K, 0% used [0x00000000d6580000,0x00000000d6580000,0x00000000f3580000)
  from space 512K, 6% used [0x00000000fe680000,0x00000000fe688000,0x00000000fe700000)
  to   space 5120K, 0% used [0x00000000fdd00000,0x00000000fdd00000,0x00000000fe200000)
 ParOldGen       total 86016K, used 11411K [0x0000000083000000, 0x0000000088400000, 0x00000000d6580000)
  object space 86016K, 13% used [0x0000000083000000,0x0000000083b24e58,0x0000000088400000)
 Metaspace       used 11131K, capacity 11919K, committed 12160K, reserved 1060864K
  class space    used 1180K, capacity 1336K, committed 1408K, reserved 1048576K
}
Event: 115.532 GC heap before
{Heap before GC invocations=29 (full 0):
 PSYoungGen      total 475648K, used 475168K [0x00000000d6580000, 0x00000000fe700000, 0x0000000100000000)
  eden space 475136K, 100% used [0x00000000d6580000,0x00000000f3580000,0x00000000f3580000)
  from space 512K, 6% used [0x00000000fe680000,0x00000000fe688000,0x00000000fe700000)
  to   space 5120K, 0% used [0x00000000fdd00000,0x00000000fdd00000,0x00000000fe200000)
 ParOldGen       total 86016K, used 11411K [0x0000000083000000, 0x0000000088400000, 0x00000000d6580000)
  object space 86016K, 13% used [0x0000000083000000,0x0000000083b24e58,0x0000000088400000)
 Metaspace       used 11131K, capacity 11919K, committed 12160K, reserved 1060864K
  class space    used 1180K, capacity 1336K, committed 1408K, reserved 1048576K
Event: 115.533 GC heap after
Heap after GC invocations=29 (full 0):
 PSYoungGen      total 458240K, used 32K [0x00000000d6580000, 0x00000000fe700000, 0x0000000100000000)
  eden space 453120K, 0% used [0x00000000d6580000,0x00000000d6580000,0x00000000f2000000)
  from space 5120K, 0% used [0x00000000fdd00000,0x00000000fdd08000,0x00000000fe200000)
  to   space 4608K, 0% used [0x00000000fe280000,0x00000000fe280000,0x00000000fe700000)
 ParOldGen       total 86016K, used 11411K [0x0000000083000000, 0x0000000088400000, 0x00000000d6580000)
  object space 86016K, 13% used [0x0000000083000000,0x0000000083b24e58,0x0000000088400000)
 Metaspace       used 11131K, capacity 11919K, committed 12160K, reserved 1060864K
  class space    used 1180K, capacity 1336K, committed 1408K, reserved 1048576K
}
Event: 128.973 GC heap before
{Heap before GC invocations=30 (full 0):
 PSYoungGen      total 458240K, used 453152K [0x00000000d6580000, 0x00000000fe700000, 0x0000000100000000)
  eden space 453120K, 100% used [0x00000000d6580000,0x00000000f2000000,0x00000000f2000000)
  from space 5120K, 0% used [0x00000000fdd00000,0x00000000fdd08000,0x00000000fe200000)
  to   space 4608K, 0% used [0x00000000fe280000,0x00000000fe280000,0x00000000fe700000)
 ParOldGen       total 86016K, used 11411K [0x0000000083000000, 0x0000000088400000, 0x00000000d6580000)
  object space 86016K, 13% used [0x0000000083000000,0x0000000083b24e58,0x0000000088400000)
 Metaspace       used 11137K, capacity 11919K, committed 12160K, reserved 1060864K
  class space    used 1181K, capacity 1336K, committed 1408K, reserved 1048576K
Event: 128.973 GC heap after
Heap after GC invocations=30 (full 0):
 PSYoungGen      total 432640K, used 64K [0x00000000d6580000, 0x00000000fe300000, 0x0000000100000000)
  eden space 432128K, 0% used [0x00000000d6580000,0x00000000d6580000,0x00000000f0b80000)
  from space 512K, 12% used [0x00000000fe280000,0x00000000fe290000,0x00000000fe300000)
  to   space 4608K, 0% used [0x00000000fda00000,0x00000000fda00000,0x00000000fde80000)
 ParOldGen       total 86016K, used 11411K [0x0000000083000000, 0x0000000088400000, 0x00000000d6580000)
  object space 86016K, 13% used [0x0000000083000000,0x0000000083b24e58,0x0000000088400000)
 Metaspace       used 11137K, capacity 11919K, committed 12160K, reserved 1060864K
  class space    used 1181K, capacity 1336K, committed 1408K, reserved 1048576K
}

